
=== START 2026-03-08 03:11:47 ===
CMD: /home/codespace/.python/current/bin/python3 /workspaces/Kalshi_alg/V1.py --ticker KXAAAGASM-26MAR31-4.00 --yes-budget-cents 1000 --no-budget-cents 100
03:11:48 INFO START | environment=PROD ticker=KXAAAGASM-26MAR31-4.00 yes_budget_cents=1000 no_budget_cents=100 price_structure=linear_cent fractional_trading=False dry_run=False websocket=wss://api.elections.kalshi.com/trade-api/ws/v2
03:11:48 INFO STARTUP_POSITION | contracts=0.00
03:11:48 INFO WS_CONNECTED_AND_SUBSCRIBED
03:11:48 INFO CREATE_OK | side=yes price_dollars=0.5100 remaining_contracts=19.00 order_id=6dbd32ef-24fc-4ac0-ad2b-dae7850404b7
03:11:48 INFO CREATE_OK | side=no price_dollars=0.4500 remaining_contracts=2.00 order_id=fc139d0e-3a0d-42a3-9c9a-23ff4f7e701c
03:11:48 INFO AMEND_OK | side=yes price_dollars=0.5000 total_fillable_contracts=19.00 order_id=6dbd32ef-24fc-4ac0-ad2b-dae7850404b7
03:11:48 INFO REQUOTE_ERROR | error=POST /trade-api/v2/portfolio/orders/fc139d0e-3a0d-42a3-9c9a-23ff4f7e701c/amend failed 429: {"error":{"code":"too_many_requests","message":"too many requests"}}
Traceback (most recent call last):
  File "/workspaces/Kalshi_alg/V1.py", line 1675, in requote_worker
    await self.ensure_side_quote("no", desired_no_units)
  File "/workspaces/Kalshi_alg/V1.py", line 1468, in ensure_side_quote
    response = await asyncio.to_thread(
               ^^^^^^^^^^^^^^^^^^^^^^^^
  File "/home/codespace/.python/current/lib/python3.12/asyncio/threads.py", line 25, in to_thread
    return await loop.run_in_executor(None, func_call)
           ^^^^^^^^^^^^^^^^^^^^^^^^^^^^^^^^^^^^^^^^^^^
  File "/home/codespace/.python/current/lib/python3.12/concurrent/futures/thread.py", line 58, in run
    result = self.fn(*self.args, **self.kwargs)
             ^^^^^^^^^^^^^^^^^^^^^^^^^^^^^^^^^^
  File "/workspaces/Kalshi_alg/V1.py", line 820, in amend_order
    return self.rest_post(f"{self.api_prefix}/portfolio/orders/{order_id}/amend", body)
           ^^^^^^^^^^^^^^^^^^^^^^^^^^^^^^^^^^^^^^^^^^^^^^^^^^^^^^^^^^^^^^^^^^^^^^^^^^^^
  File "/workspaces/Kalshi_alg/V1.py", line 675, in rest_post
    raise RuntimeError(f"POST {path} failed {response.status_code}: {response.text[:500]}")
RuntimeError: POST /trade-api/v2/portfolio/orders/fc139d0e-3a0d-42a3-9c9a-23ff4f7e701c/amend failed 429: {"error":{"code":"too_many_requests","message":"too many requests"}}
03:11:48 INFO REQUOTE_ERROR | error=POST /trade-api/v2/portfolio/orders/fc139d0e-3a0d-42a3-9c9a-23ff4f7e701c/amend failed 429: {"error":{"code":"too_many_requests","message":"too many requests"}}
Traceback (most recent call last):
  File "/workspaces/Kalshi_alg/V1.py", line 1675, in requote_worker
    await self.ensure_side_quote("no", desired_no_units)
  File "/workspaces/Kalshi_alg/V1.py", line 1468, in ensure_side_quote
    response = await asyncio.to_thread(
               ^^^^^^^^^^^^^^^^^^^^^^^^
  File "/home/codespace/.python/current/lib/python3.12/asyncio/threads.py", line 25, in to_thread
    return await loop.run_in_executor(None, func_call)
           ^^^^^^^^^^^^^^^^^^^^^^^^^^^^^^^^^^^^^^^^^^^
  File "/home/codespace/.python/current/lib/python3.12/concurrent/futures/thread.py", line 58, in run
    result = self.fn(*self.args, **self.kwargs)
             ^^^^^^^^^^^^^^^^^^^^^^^^^^^^^^^^^^
  File "/workspaces/Kalshi_alg/V1.py", line 820, in amend_order
    return self.rest_post(f"{self.api_prefix}/portfolio/orders/{order_id}/amend", body)
           ^^^^^^^^^^^^^^^^^^^^^^^^^^^^^^^^^^^^^^^^^^^^^^^^^^^^^^^^^^^^^^^^^^^^^^^^^^^^
  File "/workspaces/Kalshi_alg/V1.py", line 675, in rest_post
    raise RuntimeError(f"POST {path} failed {response.status_code}: {response.text[:500]}")
RuntimeError: POST /trade-api/v2/portfolio/orders/fc139d0e-3a0d-42a3-9c9a-23ff4f7e701c/amend failed 429: {"error":{"code":"too_many_requests","message":"too many requests"}}
03:12:03 INFO QUEUE_POSITION | side=yes order_id=6dbd32ef-24fc-4ac0-ad2b-dae7850404b7 ahead_contracts=100.00
03:12:03 INFO QUEUE_POSITION | side=no order_id=fc139d0e-3a0d-42a3-9c9a-23ff4f7e701c ahead_contracts=5652.00
Traceback (most recent call last):
  File "/workspaces/Kalshi_alg/V1.py", line 1870, in <module>
    main()
  File "/workspaces/Kalshi_alg/V1.py", line 1866, in main
    asyncio.run(bot.run())
  File "/home/codespace/.python/current/lib/python3.12/asyncio/runners.py", line 194, in run
    return runner.run(main)
           ^^^^^^^^^^^^^^^^
  File "/home/codespace/.python/current/lib/python3.12/asyncio/runners.py", line 118, in run
    return self._loop.run_until_complete(task)
           ^^^^^^^^^^^^^^^^^^^^^^^^^^^^^^^^^^^
  File "/home/codespace/.python/current/lib/python3.12/asyncio/base_events.py", line 671, in run_until_complete
    self.run_forever()
  File "/home/codespace/.python/current/lib/python3.12/asyncio/base_events.py", line 638, in run_forever
    self._run_once()
  File "/home/codespace/.python/current/lib/python3.12/asyncio/base_events.py", line 1933, in _run_once
    event_list = self._selector.select(timeout)
                 ^^^^^^^^^^^^^^^^^^^^^^^^^^^^^^
  File "/home/codespace/.python/current/lib/python3.12/selectors.py", line 468, in select
    fd_event_list = self._selector.poll(timeout, max_ev)
                    ^^^^^^^^^^^^^^^^^^^^^^^^^^^^^^^^^^^^
  File "/home/codespace/.python/current/lib/python3.12/asyncio/runners.py", line 157, in _on_sigint
    raise KeyboardInterrupt()
KeyboardInterrupt
