
=== START 2026-03-08 06:26:20 ===
CMD: /home/codespace/.python/current/bin/python3 /workspaces/Kalshi_alg/V1.py --ticker KXBTCD-26MAR0817-T66999.99 --yes-budget-cents 1000 --no-budget-cents 1000
06:26:22 INFO START | environment=PROD ticker=KXBTCD-26MAR0817-T66999.99 yes_budget_cents=1000 no_budget_cents=1000 price_structure=linear_cent fractional_trading=False dry_run=False websocket=wss://api.elections.kalshi.com/trade-api/ws/v2
06:26:22 INFO STARTUP_POSITION | contracts=0.00
06:26:23 INFO WS_CONNECTED_AND_SUBSCRIBED
06:26:23 INFO CREATE_OK | side=yes price_dollars=0.5400 remaining_contracts=18.00 order_id=b5445b6f-74eb-4997-9a36-90a7e22e126a
06:26:23 INFO CREATE_OK | side=no price_dollars=0.4100 remaining_contracts=24.00 order_id=dd5547e6-07e2-4e10-8c1a-c28f8c18608a
06:26:23 INFO REQUOTE_ERROR | error=POST /trade-api/v2/portfolio/orders/b5445b6f-74eb-4997-9a36-90a7e22e126a/amend failed 429: {"error":{"code":"too_many_requests","message":"too many requests"}}
Traceback (most recent call last):
  File "/workspaces/Kalshi_alg/V1.py", line 1674, in requote_worker
    await self.ensure_side_quote("yes", desired_yes_units)
  File "/workspaces/Kalshi_alg/V1.py", line 1468, in ensure_side_quote
    response = await asyncio.to_thread(
               ^^^^^^^^^^^^^^^^^^^^^^^^
  File "/home/codespace/.python/current/lib/python3.12/asyncio/threads.py", line 25, in to_thread
    return await loop.run_in_executor(None, func_call)
           ^^^^^^^^^^^^^^^^^^^^^^^^^^^^^^^^^^^^^^^^^^^
  File "/home/codespace/.python/current/lib/python3.12/concurrent/futures/thread.py", line 58, in run
    result = self.fn(*self.args, **self.kwargs)
             ^^^^^^^^^^^^^^^^^^^^^^^^^^^^^^^^^^
  File "/workspaces/Kalshi_alg/V1.py", line 820, in amend_order
    return self.rest_post(f"{self.api_prefix}/portfolio/orders/{order_id}/amend", body)
           ^^^^^^^^^^^^^^^^^^^^^^^^^^^^^^^^^^^^^^^^^^^^^^^^^^^^^^^^^^^^^^^^^^^^^^^^^^^^
  File "/workspaces/Kalshi_alg/V1.py", line 675, in rest_post
    raise RuntimeError(f"POST {path} failed {response.status_code}: {response.text[:500]}")
RuntimeError: POST /trade-api/v2/portfolio/orders/b5445b6f-74eb-4997-9a36-90a7e22e126a/amend failed 429: {"error":{"code":"too_many_requests","message":"too many requests"}}
06:26:23 INFO REQUOTE_ERROR | error=POST /trade-api/v2/portfolio/orders/b5445b6f-74eb-4997-9a36-90a7e22e126a/amend failed 429: {"error":{"code":"too_many_requests","message":"too many requests"}}
Traceback (most recent call last):
  File "/workspaces/Kalshi_alg/V1.py", line 1674, in requote_worker
    await self.ensure_side_quote("yes", desired_yes_units)
  File "/workspaces/Kalshi_alg/V1.py", line 1468, in ensure_side_quote
    response = await asyncio.to_thread(
               ^^^^^^^^^^^^^^^^^^^^^^^^
  File "/home/codespace/.python/current/lib/python3.12/asyncio/threads.py", line 25, in to_thread
    return await loop.run_in_executor(None, func_call)
           ^^^^^^^^^^^^^^^^^^^^^^^^^^^^^^^^^^^^^^^^^^^
  File "/home/codespace/.python/current/lib/python3.12/concurrent/futures/thread.py", line 58, in run
    result = self.fn(*self.args, **self.kwargs)
             ^^^^^^^^^^^^^^^^^^^^^^^^^^^^^^^^^^
  File "/workspaces/Kalshi_alg/V1.py", line 820, in amend_order
    return self.rest_post(f"{self.api_prefix}/portfolio/orders/{order_id}/amend", body)
           ^^^^^^^^^^^^^^^^^^^^^^^^^^^^^^^^^^^^^^^^^^^^^^^^^^^^^^^^^^^^^^^^^^^^^^^^^^^^
  File "/workspaces/Kalshi_alg/V1.py", line 675, in rest_post
    raise RuntimeError(f"POST {path} failed {response.status_code}: {response.text[:500]}")
RuntimeError: POST /trade-api/v2/portfolio/orders/b5445b6f-74eb-4997-9a36-90a7e22e126a/amend failed 429: {"error":{"code":"too_many_requests","message":"too many requests"}}
06:26:38 INFO QUEUE_POSITION | side=yes order_id=b5445b6f-74eb-4997-9a36-90a7e22e126a ahead_contracts=592.00
06:26:38 INFO QUEUE_POSITION | side=no order_id=dd5547e6-07e2-4e10-8c1a-c28f8c18608a ahead_contracts=100.00
06:26:38 INFO AMEND_OK | side=yes price_dollars=0.5300 total_fillable_contracts=18.00 order_id=b5445b6f-74eb-4997-9a36-90a7e22e126a
06:26:38 INFO AMEND_OK | side=no price_dollars=0.4000 total_fillable_contracts=24.00 order_id=dd5547e6-07e2-4e10-8c1a-c28f8c18608a
06:26:53 INFO QUEUE_POSITION | side=yes order_id=b5445b6f-74eb-4997-9a36-90a7e22e126a ahead_contracts=438.00
06:26:53 INFO QUEUE_POSITION | side=no order_id=dd5547e6-07e2-4e10-8c1a-c28f8c18608a ahead_contracts=527.00
06:27:08 INFO QUEUE_POSITION | side=yes order_id=b5445b6f-74eb-4997-9a36-90a7e22e126a ahead_contracts=438.00
06:27:08 INFO QUEUE_POSITION | side=no order_id=dd5547e6-07e2-4e10-8c1a-c28f8c18608a ahead_contracts=527.00
06:27:23 INFO ORDER_NOT_RESTING | side=yes status=canceled order_id=b5445b6f-74eb-4997-9a36-90a7e22e126a
06:27:23 INFO ORDER_NOT_RESTING | side=no status=canceled order_id=dd5547e6-07e2-4e10-8c1a-c28f8c18608a
06:27:23 INFO CREATE_OK | side=yes price_dollars=0.5400 remaining_contracts=18.00 order_id=71ae4c6a-e1e2-4138-9b7b-5b5c2f29e185
06:27:23 INFO CREATE_OK | side=no price_dollars=0.4000 remaining_contracts=24.00 order_id=5c4ac40a-e0d0-4c13-862f-795be7e705a4
06:27:23 INFO AMEND_OK | side=yes price_dollars=0.5300 total_fillable_contracts=18.00 order_id=71ae4c6a-e1e2-4138-9b7b-5b5c2f29e185
06:27:23 INFO QUEUE_POSITION | side=yes order_id=71ae4c6a-e1e2-4138-9b7b-5b5c2f29e185 ahead_contracts=438.00
06:27:23 INFO QUEUE_POSITION | side=no order_id=5c4ac40a-e0d0-4c13-862f-795be7e705a4 ahead_contracts=527.00
06:27:38 INFO QUEUE_POSITION | side=yes order_id=71ae4c6a-e1e2-4138-9b7b-5b5c2f29e185 ahead_contracts=438.00
06:27:38 INFO QUEUE_POSITION | side=no order_id=5c4ac40a-e0d0-4c13-862f-795be7e705a4 ahead_contracts=527.00
06:27:53 INFO QUEUE_POSITION | side=yes order_id=71ae4c6a-e1e2-4138-9b7b-5b5c2f29e185 ahead_contracts=438.00
06:27:53 INFO QUEUE_POSITION | side=no order_id=5c4ac40a-e0d0-4c13-862f-795be7e705a4 ahead_contracts=527.00
06:28:08 INFO QUEUE_POSITION | side=yes order_id=71ae4c6a-e1e2-4138-9b7b-5b5c2f29e185 ahead_contracts=438.00
06:28:08 INFO QUEUE_POSITION | side=no order_id=5c4ac40a-e0d0-4c13-862f-795be7e705a4 ahead_contracts=527.00
06:28:19 INFO CANCEL_REQUESTED | side=yes reason=refresh_expiring_quote order_id=71ae4c6a-e1e2-4138-9b7b-5b5c2f29e185
06:28:19 INFO ORDER_NOT_RESTING | side=yes status=canceled order_id=71ae4c6a-e1e2-4138-9b7b-5b5c2f29e185
06:28:19 INFO CREATE_OK | side=yes price_dollars=0.5300 remaining_contracts=18.00 order_id=8f3be327-017e-45d6-9520-d4b62e440827
06:28:19 INFO CANCEL_REQUESTED | side=no reason=refresh_expiring_quote order_id=5c4ac40a-e0d0-4c13-862f-795be7e705a4
06:28:19 INFO ORDER_NOT_RESTING | side=no status=canceled order_id=5c4ac40a-e0d0-4c13-862f-795be7e705a4
06:28:19 INFO CREATE_OK | side=no price_dollars=0.4000 remaining_contracts=24.00 order_id=76c75949-90b5-4a16-ba73-dafa8ca8aeb4
06:28:20 INFO AMEND_OK | side=yes price_dollars=0.5200 total_fillable_contracts=19.00 order_id=8f3be327-017e-45d6-9520-d4b62e440827
06:28:20 INFO AMEND_OK | side=yes price_dollars=0.5300 total_fillable_contracts=18.00 order_id=8f3be327-017e-45d6-9520-d4b62e440827
06:28:23 INFO QUEUE_POSITION | side=yes order_id=8f3be327-017e-45d6-9520-d4b62e440827 ahead_contracts=438.00
06:28:23 INFO QUEUE_POSITION | side=no order_id=76c75949-90b5-4a16-ba73-dafa8ca8aeb4 ahead_contracts=27.00
06:28:38 INFO QUEUE_POSITION | side=yes order_id=8f3be327-017e-45d6-9520-d4b62e440827 ahead_contracts=438.00
06:28:38 INFO QUEUE_POSITION | side=no order_id=76c75949-90b5-4a16-ba73-dafa8ca8aeb4 ahead_contracts=27.00
06:28:53 INFO QUEUE_POSITION | side=yes order_id=8f3be327-017e-45d6-9520-d4b62e440827 ahead_contracts=438.00
06:28:53 INFO QUEUE_POSITION | side=no order_id=76c75949-90b5-4a16-ba73-dafa8ca8aeb4 ahead_contracts=27.00
06:29:08 INFO QUEUE_POSITION | side=yes order_id=8f3be327-017e-45d6-9520-d4b62e440827 ahead_contracts=38.00
06:29:08 INFO QUEUE_POSITION | side=no order_id=76c75949-90b5-4a16-ba73-dafa8ca8aeb4 ahead_contracts=27.00
06:29:10 INFO AMEND_OK | side=yes price_dollars=0.5200 total_fillable_contracts=19.00 order_id=8f3be327-017e-45d6-9520-d4b62e440827
06:29:14 INFO CANCEL_REQUESTED | side=yes reason=refresh_expiring_quote order_id=8f3be327-017e-45d6-9520-d4b62e440827
06:29:14 INFO ORDER_NOT_RESTING | side=yes status=canceled order_id=8f3be327-017e-45d6-9520-d4b62e440827
06:29:14 INFO CREATE_OK | side=yes price_dollars=0.5200 remaining_contracts=19.00 order_id=94393471-69bf-4fcf-b42a-e431fc81f0ed
06:29:14 INFO CANCEL_REQUESTED | side=no reason=refresh_expiring_quote order_id=76c75949-90b5-4a16-ba73-dafa8ca8aeb4
06:29:14 INFO ORDER_NOT_RESTING | side=no status=canceled order_id=76c75949-90b5-4a16-ba73-dafa8ca8aeb4
06:29:14 INFO CREATE_OK | side=no price_dollars=0.4000 remaining_contracts=24.00 order_id=6273c522-8118-4442-8b76-d1cd80049303
06:29:23 INFO QUEUE_POSITION | side=yes order_id=94393471-69bf-4fcf-b42a-e431fc81f0ed ahead_contracts=100.00
06:29:24 INFO QUEUE_POSITION | side=no order_id=6273c522-8118-4442-8b76-d1cd80049303 ahead_contracts=27.00
06:29:39 INFO QUEUE_POSITION | side=yes order_id=94393471-69bf-4fcf-b42a-e431fc81f0ed ahead_contracts=100.00
06:29:39 INFO QUEUE_POSITION | side=no order_id=6273c522-8118-4442-8b76-d1cd80049303 ahead_contracts=27.00
06:29:54 INFO QUEUE_POSITION | side=yes order_id=94393471-69bf-4fcf-b42a-e431fc81f0ed ahead_contracts=100.00
06:29:54 INFO QUEUE_POSITION | side=no order_id=6273c522-8118-4442-8b76-d1cd80049303 ahead_contracts=27.00
06:30:09 INFO QUEUE_POSITION | side=yes order_id=94393471-69bf-4fcf-b42a-e431fc81f0ed ahead_contracts=0.00
06:30:09 INFO QUEUE_POSITION | side=no order_id=6273c522-8118-4442-8b76-d1cd80049303 ahead_contracts=27.00
06:30:09 INFO CANCEL_REQUESTED | side=yes reason=refresh_expiring_quote order_id=94393471-69bf-4fcf-b42a-e431fc81f0ed
06:30:09 INFO ORDER_NOT_RESTING | side=yes status=canceled order_id=94393471-69bf-4fcf-b42a-e431fc81f0ed
06:30:09 INFO CREATE_OK | side=yes price_dollars=0.5200 remaining_contracts=19.00 order_id=a386ce4b-6859-4bbd-9816-c1f49938d922
06:30:09 INFO CANCEL_REQUESTED | side=no reason=refresh_expiring_quote order_id=6273c522-8118-4442-8b76-d1cd80049303
06:30:09 INFO ORDER_NOT_RESTING | side=no status=canceled order_id=6273c522-8118-4442-8b76-d1cd80049303
06:30:09 INFO CREATE_OK | side=no price_dollars=0.4000 remaining_contracts=24.00 order_id=299ae7b7-c958-4864-8b1f-9df73cdac763
06:30:24 INFO QUEUE_POSITION | side=yes order_id=a386ce4b-6859-4bbd-9816-c1f49938d922 ahead_contracts=0.00
06:30:24 INFO QUEUE_POSITION | side=no order_id=299ae7b7-c958-4864-8b1f-9df73cdac763 ahead_contracts=27.00
06:30:39 INFO QUEUE_POSITION | side=yes order_id=a386ce4b-6859-4bbd-9816-c1f49938d922 ahead_contracts=0.00
06:30:39 INFO QUEUE_POSITION | side=no order_id=299ae7b7-c958-4864-8b1f-9df73cdac763 ahead_contracts=27.00
06:30:54 INFO QUEUE_POSITION | side=yes order_id=a386ce4b-6859-4bbd-9816-c1f49938d922 ahead_contracts=0.00
06:30:54 INFO QUEUE_POSITION | side=no order_id=299ae7b7-c958-4864-8b1f-9df73cdac763 ahead_contracts=27.00
06:31:02 INFO AMEND_OK | side=yes price_dollars=0.5000 total_fillable_contracts=19.00 order_id=a386ce4b-6859-4bbd-9816-c1f49938d922
06:31:03 INFO AMEND_OK | side=yes price_dollars=0.5100 total_fillable_contracts=19.00 order_id=a386ce4b-6859-4bbd-9816-c1f49938d922
06:31:05 INFO CANCEL_REQUESTED | side=yes reason=refresh_expiring_quote order_id=a386ce4b-6859-4bbd-9816-c1f49938d922
06:31:05 INFO ORDER_NOT_RESTING | side=yes status=canceled order_id=a386ce4b-6859-4bbd-9816-c1f49938d922
06:31:05 INFO CREATE_OK | side=yes price_dollars=0.5100 remaining_contracts=19.00 order_id=a30245c5-d3fe-4cce-98bf-e73b9ce0b6a0
06:31:05 INFO CANCEL_REQUESTED | side=no reason=refresh_expiring_quote order_id=299ae7b7-c958-4864-8b1f-9df73cdac763
06:31:05 INFO ORDER_NOT_RESTING | side=no status=canceled order_id=299ae7b7-c958-4864-8b1f-9df73cdac763
06:31:05 INFO CREATE_OK | side=no price_dollars=0.4000 remaining_contracts=24.00 order_id=5c255b8f-a0e5-4964-81a8-002a2f65dffc
06:31:09 INFO QUEUE_POSITION | side=yes order_id=a30245c5-d3fe-4cce-98bf-e73b9ce0b6a0 ahead_contracts=900.00
06:31:09 INFO QUEUE_POSITION | side=no order_id=5c255b8f-a0e5-4964-81a8-002a2f65dffc ahead_contracts=27.00
06:31:24 INFO QUEUE_POSITION | side=yes order_id=a30245c5-d3fe-4cce-98bf-e73b9ce0b6a0 ahead_contracts=800.00
06:31:24 INFO QUEUE_POSITION | side=no order_id=5c255b8f-a0e5-4964-81a8-002a2f65dffc ahead_contracts=27.00
06:31:26 INFO AMEND_OK | side=yes price_dollars=0.5000 total_fillable_contracts=19.00 order_id=a30245c5-d3fe-4cce-98bf-e73b9ce0b6a0
06:31:26 INFO AMEND_OK | side=yes price_dollars=0.5100 total_fillable_contracts=19.00 order_id=a30245c5-d3fe-4cce-98bf-e73b9ce0b6a0
06:31:26 INFO AMEND_OK | side=no price_dollars=0.4100 total_fillable_contracts=24.00 order_id=5c255b8f-a0e5-4964-81a8-002a2f65dffc
06:31:26 INFO AMEND_OK | side=no price_dollars=0.4400 total_fillable_contracts=22.00 order_id=5c255b8f-a0e5-4964-81a8-002a2f65dffc
06:31:27 INFO AMEND_OK | side=yes price_dollars=0.5000 total_fillable_contracts=19.00 order_id=a30245c5-d3fe-4cce-98bf-e73b9ce0b6a0
06:31:27 INFO AMEND_OK | side=no price_dollars=0.4500 total_fillable_contracts=22.00 order_id=5c255b8f-a0e5-4964-81a8-002a2f65dffc
06:31:27 INFO AMEND_OK | side=no price_dollars=0.4600 total_fillable_contracts=21.00 order_id=5c255b8f-a0e5-4964-81a8-002a2f65dffc
06:31:28 INFO AMEND_OK | side=no price_dollars=0.4700 total_fillable_contracts=21.00 order_id=5c255b8f-a0e5-4964-81a8-002a2f65dffc
06:31:28 INFO AMEND_OK | side=no price_dollars=0.4600 total_fillable_contracts=21.00 order_id=5c255b8f-a0e5-4964-81a8-002a2f65dffc
06:31:29 INFO AMEND_OK | side=no price_dollars=0.4700 total_fillable_contracts=21.00 order_id=5c255b8f-a0e5-4964-81a8-002a2f65dffc
06:31:39 INFO QUEUE_POSITION | side=yes order_id=a30245c5-d3fe-4cce-98bf-e73b9ce0b6a0 ahead_contracts=300.00
06:31:39 INFO QUEUE_POSITION | side=no order_id=5c255b8f-a0e5-4964-81a8-002a2f65dffc ahead_contracts=100.00
06:31:54 INFO QUEUE_POSITION | side=yes order_id=a30245c5-d3fe-4cce-98bf-e73b9ce0b6a0 ahead_contracts=300.00
06:31:54 INFO QUEUE_POSITION | side=no order_id=5c255b8f-a0e5-4964-81a8-002a2f65dffc ahead_contracts=100.00
06:32:01 INFO CANCEL_REQUESTED | side=yes reason=refresh_expiring_quote order_id=a30245c5-d3fe-4cce-98bf-e73b9ce0b6a0
06:32:01 INFO ORDER_NOT_RESTING | side=yes status=canceled order_id=a30245c5-d3fe-4cce-98bf-e73b9ce0b6a0
06:32:01 INFO CREATE_OK | side=yes price_dollars=0.5000 remaining_contracts=19.00 order_id=9b4e1798-cacf-4088-be1f-7e5a5174d1a0
06:32:01 INFO CANCEL_REQUESTED | side=no reason=refresh_expiring_quote order_id=5c255b8f-a0e5-4964-81a8-002a2f65dffc
06:32:01 INFO ORDER_NOT_RESTING | side=no status=canceled order_id=5c255b8f-a0e5-4964-81a8-002a2f65dffc
06:32:01 INFO CREATE_OK | side=no price_dollars=0.4700 remaining_contracts=21.00 order_id=9fa21dc6-9ac4-4c6d-925e-815fc5066370
06:32:09 INFO QUEUE_POSITION | side=yes order_id=9b4e1798-cacf-4088-be1f-7e5a5174d1a0 ahead_contracts=385.00
06:32:09 INFO QUEUE_POSITION | side=no order_id=9fa21dc6-9ac4-4c6d-925e-815fc5066370 ahead_contracts=0.00
06:32:24 INFO QUEUE_POSITION | side=yes order_id=9b4e1798-cacf-4088-be1f-7e5a5174d1a0 ahead_contracts=385.00
06:32:24 INFO QUEUE_POSITION | side=no order_id=9fa21dc6-9ac4-4c6d-925e-815fc5066370 ahead_contracts=0.00
06:32:39 INFO QUEUE_POSITION | side=yes order_id=9b4e1798-cacf-4088-be1f-7e5a5174d1a0 ahead_contracts=385.00
06:32:39 INFO QUEUE_POSITION | side=no order_id=9fa21dc6-9ac4-4c6d-925e-815fc5066370 ahead_contracts=0.00
06:32:54 INFO QUEUE_POSITION | side=yes order_id=9b4e1798-cacf-4088-be1f-7e5a5174d1a0 ahead_contracts=385.00
06:32:54 INFO QUEUE_POSITION | side=no order_id=9fa21dc6-9ac4-4c6d-925e-815fc5066370 ahead_contracts=0.00
06:33:01 INFO ORDER_NOT_RESTING | side=yes status=canceled order_id=9b4e1798-cacf-4088-be1f-7e5a5174d1a0
06:33:01 INFO ORDER_NOT_RESTING | side=no status=canceled order_id=9fa21dc6-9ac4-4c6d-925e-815fc5066370
06:33:01 INFO CREATE_OK | side=yes price_dollars=0.5100 remaining_contracts=19.00 order_id=261063c0-ec48-445f-862f-e351e02e4bf9
06:33:01 INFO CREATE_OK | side=no price_dollars=0.4700 remaining_contracts=21.00 order_id=ed78043d-2c71-48a4-a252-01d42558b51c
06:33:01 INFO AMEND_OK | side=yes price_dollars=0.5000 total_fillable_contracts=19.00 order_id=261063c0-ec48-445f-862f-e351e02e4bf9
06:33:10 INFO QUEUE_POSITION | side=yes order_id=261063c0-ec48-445f-862f-e351e02e4bf9 ahead_contracts=885.00
06:33:10 INFO QUEUE_POSITION | side=no order_id=ed78043d-2c71-48a4-a252-01d42558b51c ahead_contracts=0.00
06:33:25 INFO QUEUE_POSITION | side=yes order_id=261063c0-ec48-445f-862f-e351e02e4bf9 ahead_contracts=885.00
06:33:25 INFO QUEUE_POSITION | side=no order_id=ed78043d-2c71-48a4-a252-01d42558b51c ahead_contracts=0.00
06:33:40 INFO QUEUE_POSITION | side=yes order_id=261063c0-ec48-445f-862f-e351e02e4bf9 ahead_contracts=885.00
06:33:40 INFO QUEUE_POSITION | side=no order_id=ed78043d-2c71-48a4-a252-01d42558b51c ahead_contracts=0.00
06:33:55 INFO QUEUE_POSITION | side=yes order_id=261063c0-ec48-445f-862f-e351e02e4bf9 ahead_contracts=885.00
06:33:55 INFO QUEUE_POSITION | side=no order_id=ed78043d-2c71-48a4-a252-01d42558b51c ahead_contracts=0.00
06:34:01 INFO ORDER_NOT_RESTING | side=yes status=canceled order_id=261063c0-ec48-445f-862f-e351e02e4bf9
06:34:01 INFO ORDER_NOT_RESTING | side=no status=canceled order_id=ed78043d-2c71-48a4-a252-01d42558b51c
06:34:01 INFO CREATE_OK | side=yes price_dollars=0.5000 remaining_contracts=19.00 order_id=ebced762-430f-40a8-83e9-0e4534b7135d
06:34:01 INFO CREATE_OK | side=no price_dollars=0.4800 remaining_contracts=20.00 order_id=242e097c-be74-425c-a465-ad0e86707c62
06:34:01 INFO AMEND_OK | side=no price_dollars=0.4700 total_fillable_contracts=21.00 order_id=242e097c-be74-425c-a465-ad0e86707c62
06:34:10 INFO QUEUE_POSITION | side=yes order_id=ebced762-430f-40a8-83e9-0e4534b7135d ahead_contracts=885.00
06:34:10 INFO QUEUE_POSITION | side=no order_id=242e097c-be74-425c-a465-ad0e86707c62 ahead_contracts=0.00
06:34:25 INFO QUEUE_POSITION | side=yes order_id=ebced762-430f-40a8-83e9-0e4534b7135d ahead_contracts=885.00
06:34:25 INFO QUEUE_POSITION | side=no order_id=242e097c-be74-425c-a465-ad0e86707c62 ahead_contracts=0.00
06:34:40 INFO QUEUE_POSITION | side=yes order_id=ebced762-430f-40a8-83e9-0e4534b7135d ahead_contracts=885.00
06:34:40 INFO QUEUE_POSITION | side=no order_id=242e097c-be74-425c-a465-ad0e86707c62 ahead_contracts=0.00
06:34:55 INFO QUEUE_POSITION | side=yes order_id=ebced762-430f-40a8-83e9-0e4534b7135d ahead_contracts=885.00
06:34:55 INFO QUEUE_POSITION | side=no order_id=242e097c-be74-425c-a465-ad0e86707c62 ahead_contracts=0.00
06:34:58 INFO CANCEL_REQUESTED | side=yes reason=refresh_expiring_quote order_id=ebced762-430f-40a8-83e9-0e4534b7135d
06:34:58 INFO ORDER_NOT_RESTING | side=yes status=canceled order_id=ebced762-430f-40a8-83e9-0e4534b7135d
06:34:58 INFO CREATE_OK | side=yes price_dollars=0.5000 remaining_contracts=19.00 order_id=3e6ba1e1-03c9-47f2-84a1-b810fe2e1c7e
06:34:58 INFO CANCEL_REQUESTED | side=no reason=refresh_expiring_quote order_id=242e097c-be74-425c-a465-ad0e86707c62
06:34:58 INFO ORDER_NOT_RESTING | side=no status=canceled order_id=242e097c-be74-425c-a465-ad0e86707c62
06:34:58 INFO CREATE_OK | side=no price_dollars=0.4700 remaining_contracts=21.00 order_id=51c70355-a5a7-497b-a5c8-4ca885ca235c
06:35:10 INFO QUEUE_POSITION | side=yes order_id=3e6ba1e1-03c9-47f2-84a1-b810fe2e1c7e ahead_contracts=300.00
06:35:10 INFO QUEUE_POSITION | side=no order_id=51c70355-a5a7-497b-a5c8-4ca885ca235c ahead_contracts=0.00
06:35:25 INFO QUEUE_POSITION | side=yes order_id=3e6ba1e1-03c9-47f2-84a1-b810fe2e1c7e ahead_contracts=300.00
06:35:25 INFO QUEUE_POSITION | side=no order_id=51c70355-a5a7-497b-a5c8-4ca885ca235c ahead_contracts=0.00
06:35:40 INFO QUEUE_POSITION | side=yes order_id=3e6ba1e1-03c9-47f2-84a1-b810fe2e1c7e ahead_contracts=300.00
06:35:40 INFO QUEUE_POSITION | side=no order_id=51c70355-a5a7-497b-a5c8-4ca885ca235c ahead_contracts=0.00
06:35:55 INFO QUEUE_POSITION | side=yes order_id=3e6ba1e1-03c9-47f2-84a1-b810fe2e1c7e ahead_contracts=300.00
06:35:55 INFO QUEUE_POSITION | side=no order_id=51c70355-a5a7-497b-a5c8-4ca885ca235c ahead_contracts=0.00
06:35:58 INFO ORDER_NOT_RESTING | side=yes status=canceled order_id=3e6ba1e1-03c9-47f2-84a1-b810fe2e1c7e
06:35:58 INFO ORDER_NOT_RESTING | side=no status=canceled order_id=51c70355-a5a7-497b-a5c8-4ca885ca235c
06:35:58 INFO CREATE_OK | side=yes price_dollars=0.5100 remaining_contracts=19.00 order_id=73c61d3c-c137-4995-8056-7b1749b0c743
06:35:58 INFO CREATE_OK | side=no price_dollars=0.4700 remaining_contracts=21.00 order_id=088d9e58-6d70-4733-9abb-1a0fe249d277
06:35:58 INFO AMEND_OK | side=yes price_dollars=0.5000 total_fillable_contracts=19.00 order_id=73c61d3c-c137-4995-8056-7b1749b0c743
06:36:10 INFO QUEUE_POSITION | side=yes order_id=73c61d3c-c137-4995-8056-7b1749b0c743 ahead_contracts=800.00
06:36:10 INFO QUEUE_POSITION | side=no order_id=088d9e58-6d70-4733-9abb-1a0fe249d277 ahead_contracts=0.00
06:36:16 INFO AMEND_OK | side=no price_dollars=0.4600 total_fillable_contracts=21.00 order_id=088d9e58-6d70-4733-9abb-1a0fe249d277
06:36:25 INFO QUEUE_POSITION | side=yes order_id=73c61d3c-c137-4995-8056-7b1749b0c743 ahead_contracts=800.00
06:36:26 INFO QUEUE_POSITION | side=no order_id=088d9e58-6d70-4733-9abb-1a0fe249d277 ahead_contracts=0.00
06:36:41 INFO QUEUE_POSITION | side=yes order_id=73c61d3c-c137-4995-8056-7b1749b0c743 ahead_contracts=800.00
06:36:41 INFO QUEUE_POSITION | side=no order_id=088d9e58-6d70-4733-9abb-1a0fe249d277 ahead_contracts=0.00
06:36:56 INFO QUEUE_POSITION | side=yes order_id=73c61d3c-c137-4995-8056-7b1749b0c743 ahead_contracts=800.00
06:36:56 INFO QUEUE_POSITION | side=no order_id=088d9e58-6d70-4733-9abb-1a0fe249d277 ahead_contracts=0.00
06:36:58 INFO ORDER_NOT_RESTING | side=no status=canceled order_id=088d9e58-6d70-4733-9abb-1a0fe249d277
06:36:58 INFO ORDER_NOT_RESTING | side=yes status=canceled order_id=73c61d3c-c137-4995-8056-7b1749b0c743
06:36:58 INFO CANCEL_SKIPPED_ORDER_MISSING | side=yes reason=refresh_expiring_quote order_id=73c61d3c-c137-4995-8056-7b1749b0c743
06:36:58 INFO CREATE_OK | side=yes price_dollars=0.5000 remaining_contracts=19.00 order_id=c2265b5d-6061-457e-a089-a9c3bfae9286
06:36:58 INFO CREATE_OK | side=no price_dollars=0.4700 remaining_contracts=21.00 order_id=8bdea64e-6683-4c6f-be4b-655e7d578580
06:37:04 INFO AMEND_OK | side=no price_dollars=0.4600 total_fillable_contracts=21.00 order_id=8bdea64e-6683-4c6f-be4b-655e7d578580
06:37:11 INFO QUEUE_POSITION | side=yes order_id=c2265b5d-6061-457e-a089-a9c3bfae9286 ahead_contracts=385.00
06:37:11 INFO QUEUE_POSITION | side=no order_id=8bdea64e-6683-4c6f-be4b-655e7d578580 ahead_contracts=0.00
06:37:26 INFO QUEUE_POSITION | side=yes order_id=c2265b5d-6061-457e-a089-a9c3bfae9286 ahead_contracts=385.00
06:37:26 INFO QUEUE_POSITION | side=no order_id=8bdea64e-6683-4c6f-be4b-655e7d578580 ahead_contracts=0.00
06:37:41 INFO QUEUE_POSITION | side=yes order_id=c2265b5d-6061-457e-a089-a9c3bfae9286 ahead_contracts=385.00
06:37:41 INFO QUEUE_POSITION | side=no order_id=8bdea64e-6683-4c6f-be4b-655e7d578580 ahead_contracts=0.00
06:37:56 INFO QUEUE_POSITION | side=yes order_id=c2265b5d-6061-457e-a089-a9c3bfae9286 ahead_contracts=300.00
06:37:56 INFO QUEUE_POSITION | side=no order_id=8bdea64e-6683-4c6f-be4b-655e7d578580 ahead_contracts=0.00
06:37:57 INFO CANCEL_REQUESTED | side=yes reason=refresh_expiring_quote order_id=c2265b5d-6061-457e-a089-a9c3bfae9286
06:37:57 INFO ORDER_NOT_RESTING | side=yes status=canceled order_id=c2265b5d-6061-457e-a089-a9c3bfae9286
06:37:57 INFO CREATE_OK | side=yes price_dollars=0.5000 remaining_contracts=19.00 order_id=d416522d-202f-4ff3-89b9-8322ac4ae22f
06:37:57 INFO CANCEL_REQUESTED | side=no reason=refresh_expiring_quote order_id=8bdea64e-6683-4c6f-be4b-655e7d578580
06:37:57 INFO ORDER_NOT_RESTING | side=no status=canceled order_id=8bdea64e-6683-4c6f-be4b-655e7d578580
06:37:57 INFO CREATE_OK | side=no price_dollars=0.4600 remaining_contracts=21.00 order_id=4159a89c-2d7c-4c75-a743-c4b188728de6
06:38:11 INFO QUEUE_POSITION | side=yes order_id=d416522d-202f-4ff3-89b9-8322ac4ae22f ahead_contracts=800.00
06:38:11 INFO QUEUE_POSITION | side=no order_id=4159a89c-2d7c-4c75-a743-c4b188728de6 ahead_contracts=0.00
06:38:26 INFO QUEUE_POSITION | side=yes order_id=d416522d-202f-4ff3-89b9-8322ac4ae22f ahead_contracts=800.00
06:38:26 INFO QUEUE_POSITION | side=no order_id=4159a89c-2d7c-4c75-a743-c4b188728de6 ahead_contracts=0.00
06:38:41 INFO QUEUE_POSITION | side=yes order_id=d416522d-202f-4ff3-89b9-8322ac4ae22f ahead_contracts=800.00
06:38:41 INFO QUEUE_POSITION | side=no order_id=4159a89c-2d7c-4c75-a743-c4b188728de6 ahead_contracts=0.00
06:38:52 INFO CANCEL_REQUESTED | side=yes reason=refresh_expiring_quote order_id=d416522d-202f-4ff3-89b9-8322ac4ae22f
06:38:52 INFO ORDER_NOT_RESTING | side=yes status=canceled order_id=d416522d-202f-4ff3-89b9-8322ac4ae22f
06:38:52 INFO CREATE_OK | side=yes price_dollars=0.5000 remaining_contracts=19.00 order_id=c83b56c4-bcf0-4104-a6ea-f36aa7b8cf99
06:38:52 INFO CANCEL_REQUESTED | side=no reason=refresh_expiring_quote order_id=4159a89c-2d7c-4c75-a743-c4b188728de6
06:38:52 INFO ORDER_NOT_RESTING | side=no status=canceled order_id=4159a89c-2d7c-4c75-a743-c4b188728de6
06:38:52 INFO CREATE_OK | side=no price_dollars=0.4600 remaining_contracts=21.00 order_id=c8c72511-1e66-45a9-b980-93e4cd5c46e0
06:38:56 INFO QUEUE_POSITION | side=yes order_id=c83b56c4-bcf0-4104-a6ea-f36aa7b8cf99 ahead_contracts=400.00
06:38:56 INFO QUEUE_POSITION | side=no order_id=c8c72511-1e66-45a9-b980-93e4cd5c46e0 ahead_contracts=0.00
06:39:06 INFO AMEND_OK | side=yes price_dollars=0.5100 total_fillable_contracts=19.00 order_id=c83b56c4-bcf0-4104-a6ea-f36aa7b8cf99
06:39:08 INFO AMEND_OK | side=yes price_dollars=0.5000 total_fillable_contracts=19.00 order_id=c83b56c4-bcf0-4104-a6ea-f36aa7b8cf99
06:39:11 INFO QUEUE_POSITION | side=yes order_id=c83b56c4-bcf0-4104-a6ea-f36aa7b8cf99 ahead_contracts=400.00
06:39:11 INFO QUEUE_POSITION | side=no order_id=c8c72511-1e66-45a9-b980-93e4cd5c46e0 ahead_contracts=0.00
06:39:14 INFO AMEND_OK | side=yes price_dollars=0.5100 total_fillable_contracts=19.00 order_id=c83b56c4-bcf0-4104-a6ea-f36aa7b8cf99
06:39:22 INFO AMEND_OK | side=no price_dollars=0.4500 total_fillable_contracts=22.00 order_id=c8c72511-1e66-45a9-b980-93e4cd5c46e0
06:39:26 INFO QUEUE_POSITION | side=yes order_id=c83b56c4-bcf0-4104-a6ea-f36aa7b8cf99 ahead_contracts=85.00
06:39:26 INFO QUEUE_POSITION | side=no order_id=c8c72511-1e66-45a9-b980-93e4cd5c46e0 ahead_contracts=0.00
06:39:41 INFO QUEUE_POSITION | side=yes order_id=c83b56c4-bcf0-4104-a6ea-f36aa7b8cf99 ahead_contracts=85.00
06:39:41 INFO QUEUE_POSITION | side=no order_id=c8c72511-1e66-45a9-b980-93e4cd5c46e0 ahead_contracts=0.00
06:39:52 INFO ORDER_NOT_RESTING | side=no status=canceled order_id=c8c72511-1e66-45a9-b980-93e4cd5c46e0
06:39:52 INFO ORDER_NOT_RESTING | side=yes status=canceled order_id=c83b56c4-bcf0-4104-a6ea-f36aa7b8cf99
06:39:52 INFO CREATE_OK | side=yes price_dollars=0.5200 remaining_contracts=19.00 order_id=aa84b1e2-d9da-46bd-a283-c1baa99e0338
06:39:52 INFO CREATE_OK | side=no price_dollars=0.4600 remaining_contracts=21.00 order_id=ec914ef3-c3a1-4a9a-97c4-c2b84292eb5b
06:39:52 INFO AMEND_OK | side=yes price_dollars=0.5100 total_fillable_contracts=19.00 order_id=aa84b1e2-d9da-46bd-a283-c1baa99e0338
06:39:56 INFO AMEND_OK | side=no price_dollars=0.4500 total_fillable_contracts=22.00 order_id=ec914ef3-c3a1-4a9a-97c4-c2b84292eb5b
06:39:56 INFO QUEUE_POSITION | side=yes order_id=aa84b1e2-d9da-46bd-a283-c1baa99e0338 ahead_contracts=585.00
06:39:56 INFO QUEUE_POSITION | side=no order_id=ec914ef3-c3a1-4a9a-97c4-c2b84292eb5b ahead_contracts=0.00
06:40:12 INFO QUEUE_POSITION | side=yes order_id=aa84b1e2-d9da-46bd-a283-c1baa99e0338 ahead_contracts=500.00
06:40:12 INFO QUEUE_POSITION | side=no order_id=ec914ef3-c3a1-4a9a-97c4-c2b84292eb5b ahead_contracts=0.00
06:40:13 INFO AMEND_OK | side=yes price_dollars=0.5200 total_fillable_contracts=19.00 order_id=aa84b1e2-d9da-46bd-a283-c1baa99e0338
06:40:27 INFO QUEUE_POSITION | side=yes order_id=aa84b1e2-d9da-46bd-a283-c1baa99e0338 ahead_contracts=385.00
06:40:27 INFO QUEUE_POSITION | side=no order_id=ec914ef3-c3a1-4a9a-97c4-c2b84292eb5b ahead_contracts=0.00
06:40:42 INFO QUEUE_POSITION | side=yes order_id=aa84b1e2-d9da-46bd-a283-c1baa99e0338 ahead_contracts=385.00
06:40:42 INFO QUEUE_POSITION | side=no order_id=ec914ef3-c3a1-4a9a-97c4-c2b84292eb5b ahead_contracts=0.00
06:40:47 INFO CANCEL_REQUESTED | side=yes reason=refresh_expiring_quote order_id=aa84b1e2-d9da-46bd-a283-c1baa99e0338
06:40:47 INFO ORDER_NOT_RESTING | side=yes status=canceled order_id=aa84b1e2-d9da-46bd-a283-c1baa99e0338
06:40:47 INFO CREATE_OK | side=yes price_dollars=0.5200 remaining_contracts=19.00 order_id=24ab1827-162c-448b-832f-4a4acaf99c73
06:40:47 INFO CANCEL_REQUESTED | side=no reason=refresh_expiring_quote order_id=ec914ef3-c3a1-4a9a-97c4-c2b84292eb5b
06:40:47 INFO ORDER_NOT_RESTING | side=no status=canceled order_id=ec914ef3-c3a1-4a9a-97c4-c2b84292eb5b
06:40:47 INFO CREATE_OK | side=no price_dollars=0.4500 remaining_contracts=22.00 order_id=86111d3d-a051-4147-bd31-ad780198933e
06:40:54 INFO AMEND_OK | side=no price_dollars=0.4400 total_fillable_contracts=22.00 order_id=86111d3d-a051-4147-bd31-ad780198933e
06:40:55 INFO AMEND_OK | side=yes price_dollars=0.5300 total_fillable_contracts=18.00 order_id=24ab1827-162c-448b-832f-4a4acaf99c73
06:40:57 INFO QUEUE_POSITION | side=yes order_id=24ab1827-162c-448b-832f-4a4acaf99c73 ahead_contracts=116.00
06:40:57 INFO QUEUE_POSITION | side=no order_id=86111d3d-a051-4147-bd31-ad780198933e ahead_contracts=0.00
06:41:12 INFO QUEUE_POSITION | side=yes order_id=24ab1827-162c-448b-832f-4a4acaf99c73 ahead_contracts=100.00
06:41:12 INFO QUEUE_POSITION | side=no order_id=86111d3d-a051-4147-bd31-ad780198933e ahead_contracts=0.00
06:41:27 INFO QUEUE_POSITION | side=yes order_id=24ab1827-162c-448b-832f-4a4acaf99c73 ahead_contracts=100.00
06:41:27 INFO QUEUE_POSITION | side=no order_id=86111d3d-a051-4147-bd31-ad780198933e ahead_contracts=0.00
06:41:42 INFO QUEUE_POSITION | side=yes order_id=24ab1827-162c-448b-832f-4a4acaf99c73 ahead_contracts=0.00
06:41:42 INFO QUEUE_POSITION | side=no order_id=86111d3d-a051-4147-bd31-ad780198933e ahead_contracts=0.00
06:41:47 INFO ORDER_NOT_RESTING | side=no status=canceled order_id=86111d3d-a051-4147-bd31-ad780198933e
06:41:47 INFO ORDER_NOT_RESTING | side=yes status=canceled order_id=24ab1827-162c-448b-832f-4a4acaf99c73
06:41:47 INFO CANCEL_SKIPPED_ORDER_MISSING | side=yes reason=refresh_expiring_quote order_id=24ab1827-162c-448b-832f-4a4acaf99c73
06:41:47 INFO CREATE_OK | side=yes price_dollars=0.5300 remaining_contracts=18.00 order_id=0812745b-a3ca-46fd-bad8-84b87caf831e
06:41:47 INFO CREATE_OK | side=no price_dollars=0.4500 remaining_contracts=22.00 order_id=b069efaf-83b1-4cf7-85cd-bb97a3b0088b
06:41:47 INFO AMEND_OK | side=no price_dollars=0.4400 total_fillable_contracts=22.00 order_id=b069efaf-83b1-4cf7-85cd-bb97a3b0088b
06:41:57 INFO QUEUE_POSITION | side=yes order_id=0812745b-a3ca-46fd-bad8-84b87caf831e ahead_contracts=0.00
06:41:57 INFO QUEUE_POSITION | side=no order_id=b069efaf-83b1-4cf7-85cd-bb97a3b0088b ahead_contracts=0.00
06:42:12 INFO QUEUE_POSITION | side=yes order_id=0812745b-a3ca-46fd-bad8-84b87caf831e ahead_contracts=0.00
06:42:12 INFO QUEUE_POSITION | side=no order_id=b069efaf-83b1-4cf7-85cd-bb97a3b0088b ahead_contracts=0.00
06:42:27 INFO QUEUE_POSITION | side=yes order_id=0812745b-a3ca-46fd-bad8-84b87caf831e ahead_contracts=0.00
06:42:27 INFO QUEUE_POSITION | side=no order_id=b069efaf-83b1-4cf7-85cd-bb97a3b0088b ahead_contracts=0.00
06:42:42 INFO QUEUE_POSITION | side=yes order_id=0812745b-a3ca-46fd-bad8-84b87caf831e ahead_contracts=0.00
06:42:42 INFO QUEUE_POSITION | side=no order_id=b069efaf-83b1-4cf7-85cd-bb97a3b0088b ahead_contracts=0.00
06:42:47 INFO ORDER_NOT_RESTING | side=no status=canceled order_id=b069efaf-83b1-4cf7-85cd-bb97a3b0088b
06:42:47 INFO ORDER_NOT_RESTING | side=yes status=canceled order_id=0812745b-a3ca-46fd-bad8-84b87caf831e
06:42:47 INFO CREATE_OK | side=yes price_dollars=0.5300 remaining_contracts=18.00 order_id=8eb744e0-6d14-49d5-a064-a3a3829521a4
06:42:47 INFO CREATE_OK | side=no price_dollars=0.4500 remaining_contracts=22.00 order_id=40a66e83-dbcc-4cc5-a1ee-9e413299ddad
06:42:47 INFO AMEND_OK | side=no price_dollars=0.4400 total_fillable_contracts=22.00 order_id=40a66e83-dbcc-4cc5-a1ee-9e413299ddad
06:42:47 INFO AMEND_OK | side=no price_dollars=0.4300 total_fillable_contracts=23.00 order_id=40a66e83-dbcc-4cc5-a1ee-9e413299ddad
06:42:55 INFO AMEND_OK | side=yes price_dollars=0.5100 total_fillable_contracts=19.00 order_id=8eb744e0-6d14-49d5-a064-a3a3829521a4
06:42:57 INFO QUEUE_POSITION | side=yes order_id=8eb744e0-6d14-49d5-a064-a3a3829521a4 ahead_contracts=500.00
06:42:57 INFO QUEUE_POSITION | side=no order_id=40a66e83-dbcc-4cc5-a1ee-9e413299ddad ahead_contracts=500.00
06:43:02 INFO AMEND_OK | side=yes price_dollars=0.5200 total_fillable_contracts=19.00 order_id=8eb744e0-6d14-49d5-a064-a3a3829521a4
06:43:05 INFO AMEND_OK | side=yes price_dollars=0.5100 total_fillable_contracts=19.00 order_id=8eb744e0-6d14-49d5-a064-a3a3829521a4
06:43:11 INFO AMEND_OK | side=yes price_dollars=0.5200 total_fillable_contracts=19.00 order_id=8eb744e0-6d14-49d5-a064-a3a3829521a4
06:43:12 INFO QUEUE_POSITION | side=yes order_id=8eb744e0-6d14-49d5-a064-a3a3829521a4 ahead_contracts=185.00
06:43:12 INFO QUEUE_POSITION | side=no order_id=40a66e83-dbcc-4cc5-a1ee-9e413299ddad ahead_contracts=500.00
06:43:13 INFO AMEND_OK | side=yes price_dollars=0.5100 total_fillable_contracts=19.00 order_id=8eb744e0-6d14-49d5-a064-a3a3829521a4
06:43:13 INFO AMEND_OK | side=yes price_dollars=0.5000 total_fillable_contracts=19.00 order_id=8eb744e0-6d14-49d5-a064-a3a3829521a4
06:43:18 INFO AMEND_OK | side=yes price_dollars=0.5100 total_fillable_contracts=19.00 order_id=8eb744e0-6d14-49d5-a064-a3a3829521a4
06:43:23 INFO AMEND_OK | side=yes price_dollars=0.5200 total_fillable_contracts=19.00 order_id=8eb744e0-6d14-49d5-a064-a3a3829521a4
06:43:27 INFO QUEUE_POSITION | side=yes order_id=8eb744e0-6d14-49d5-a064-a3a3829521a4 ahead_contracts=16.00
06:43:27 INFO QUEUE_POSITION | side=no order_id=40a66e83-dbcc-4cc5-a1ee-9e413299ddad ahead_contracts=500.00
06:43:42 INFO QUEUE_POSITION | side=yes order_id=8eb744e0-6d14-49d5-a064-a3a3829521a4 ahead_contracts=0.00
06:43:43 INFO QUEUE_POSITION | side=no order_id=40a66e83-dbcc-4cc5-a1ee-9e413299ddad ahead_contracts=500.00
06:43:46 INFO CANCEL_REQUESTED | side=yes reason=refresh_expiring_quote order_id=8eb744e0-6d14-49d5-a064-a3a3829521a4
06:43:46 INFO ORDER_NOT_RESTING | side=yes status=canceled order_id=8eb744e0-6d14-49d5-a064-a3a3829521a4
06:43:46 INFO CREATE_OK | side=yes price_dollars=0.5200 remaining_contracts=19.00 order_id=ae35e383-420c-4241-abce-2909dc5bfe22
06:43:46 INFO CANCEL_REQUESTED | side=no reason=refresh_expiring_quote order_id=40a66e83-dbcc-4cc5-a1ee-9e413299ddad
06:43:46 INFO ORDER_NOT_RESTING | side=no status=canceled order_id=40a66e83-dbcc-4cc5-a1ee-9e413299ddad
06:43:46 INFO CREATE_OK | side=no price_dollars=0.4300 remaining_contracts=23.00 order_id=1b4d7878-353c-4f85-92cf-cbee1c9e4628
06:43:58 INFO QUEUE_POSITION | side=yes order_id=ae35e383-420c-4241-abce-2909dc5bfe22 ahead_contracts=0.00
06:43:58 INFO QUEUE_POSITION | side=no order_id=1b4d7878-353c-4f85-92cf-cbee1c9e4628 ahead_contracts=585.00
06:44:13 INFO QUEUE_POSITION | side=yes order_id=ae35e383-420c-4241-abce-2909dc5bfe22 ahead_contracts=0.00
06:44:13 INFO QUEUE_POSITION | side=no order_id=1b4d7878-353c-4f85-92cf-cbee1c9e4628 ahead_contracts=585.00
06:44:23 INFO AMEND_OK | side=no price_dollars=0.4200 total_fillable_contracts=23.00 order_id=1b4d7878-353c-4f85-92cf-cbee1c9e4628
06:44:28 INFO QUEUE_POSITION | side=yes order_id=ae35e383-420c-4241-abce-2909dc5bfe22 ahead_contracts=0.00
06:44:28 INFO QUEUE_POSITION | side=no order_id=1b4d7878-353c-4f85-92cf-cbee1c9e4628 ahead_contracts=0.00
06:44:43 INFO QUEUE_POSITION | side=yes order_id=ae35e383-420c-4241-abce-2909dc5bfe22 ahead_contracts=0.00
06:44:43 INFO QUEUE_POSITION | side=no order_id=1b4d7878-353c-4f85-92cf-cbee1c9e4628 ahead_contracts=0.00
06:44:46 INFO ORDER_NOT_RESTING | side=yes status=canceled order_id=ae35e383-420c-4241-abce-2909dc5bfe22
06:44:46 INFO ORDER_NOT_RESTING | side=no status=canceled order_id=1b4d7878-353c-4f85-92cf-cbee1c9e4628
06:44:46 INFO CREATE_OK | side=yes price_dollars=0.5300 remaining_contracts=18.00 order_id=6fc1f8cb-4554-4f44-a6b4-bc00d29eabb3
06:44:46 INFO CREATE_OK | side=no price_dollars=0.4200 remaining_contracts=23.00 order_id=d21324df-2993-46ab-82f0-8989c60273e5
06:44:46 INFO AMEND_OK | side=yes price_dollars=0.5200 total_fillable_contracts=19.00 order_id=6fc1f8cb-4554-4f44-a6b4-bc00d29eabb3
06:44:58 INFO QUEUE_POSITION | side=yes order_id=6fc1f8cb-4554-4f44-a6b4-bc00d29eabb3 ahead_contracts=0.00
06:44:58 INFO QUEUE_POSITION | side=no order_id=d21324df-2993-46ab-82f0-8989c60273e5 ahead_contracts=300.00
06:45:13 INFO QUEUE_POSITION | side=yes order_id=6fc1f8cb-4554-4f44-a6b4-bc00d29eabb3 ahead_contracts=0.00
06:45:13 INFO QUEUE_POSITION | side=no order_id=d21324df-2993-46ab-82f0-8989c60273e5 ahead_contracts=300.00
06:45:28 INFO QUEUE_POSITION | side=yes order_id=6fc1f8cb-4554-4f44-a6b4-bc00d29eabb3 ahead_contracts=0.00
06:45:28 INFO QUEUE_POSITION | side=no order_id=d21324df-2993-46ab-82f0-8989c60273e5 ahead_contracts=300.00
06:45:43 INFO QUEUE_POSITION | side=yes order_id=6fc1f8cb-4554-4f44-a6b4-bc00d29eabb3 ahead_contracts=0.00
06:45:43 INFO QUEUE_POSITION | side=no order_id=d21324df-2993-46ab-82f0-8989c60273e5 ahead_contracts=300.00
06:45:46 INFO ORDER_NOT_RESTING | side=yes status=canceled order_id=6fc1f8cb-4554-4f44-a6b4-bc00d29eabb3
06:45:46 INFO ORDER_NOT_RESTING | side=no status=canceled order_id=d21324df-2993-46ab-82f0-8989c60273e5
06:45:46 INFO CREATE_OK | side=yes price_dollars=0.5300 remaining_contracts=18.00 order_id=b7faba2b-c933-4afe-8124-31eb34b9a04f
06:45:46 INFO CREATE_OK | side=no price_dollars=0.4300 remaining_contracts=23.00 order_id=85ffb383-5649-43be-96d7-a610973f2bf7
06:45:46 INFO AMEND_OK | side=yes price_dollars=0.5200 total_fillable_contracts=19.00 order_id=b7faba2b-c933-4afe-8124-31eb34b9a04f
06:45:46 INFO AMEND_OK | side=no price_dollars=0.4200 total_fillable_contracts=23.00 order_id=85ffb383-5649-43be-96d7-a610973f2bf7
06:45:58 INFO QUEUE_POSITION | side=yes order_id=b7faba2b-c933-4afe-8124-31eb34b9a04f ahead_contracts=500.00
06:45:58 INFO QUEUE_POSITION | side=no order_id=85ffb383-5649-43be-96d7-a610973f2bf7 ahead_contracts=400.00
06:46:09 INFO AMEND_OK | side=no price_dollars=0.4300 total_fillable_contracts=23.00 order_id=85ffb383-5649-43be-96d7-a610973f2bf7
06:46:13 INFO QUEUE_POSITION | side=yes order_id=b7faba2b-c933-4afe-8124-31eb34b9a04f ahead_contracts=500.00
06:46:13 INFO QUEUE_POSITION | side=no order_id=85ffb383-5649-43be-96d7-a610973f2bf7 ahead_contracts=500.00
06:46:27 INFO AMEND_OK | side=no price_dollars=0.4200 total_fillable_contracts=23.00 order_id=85ffb383-5649-43be-96d7-a610973f2bf7
06:46:28 INFO QUEUE_POSITION | side=yes order_id=b7faba2b-c933-4afe-8124-31eb34b9a04f ahead_contracts=500.00
06:46:28 INFO QUEUE_POSITION | side=no order_id=85ffb383-5649-43be-96d7-a610973f2bf7 ahead_contracts=300.00
06:46:43 INFO QUEUE_POSITION | side=yes order_id=b7faba2b-c933-4afe-8124-31eb34b9a04f ahead_contracts=500.00
06:46:43 INFO QUEUE_POSITION | side=no order_id=85ffb383-5649-43be-96d7-a610973f2bf7 ahead_contracts=300.00
06:46:46 INFO ORDER_NOT_RESTING | side=no status=canceled order_id=85ffb383-5649-43be-96d7-a610973f2bf7
06:46:46 INFO ORDER_NOT_RESTING | side=yes status=canceled order_id=b7faba2b-c933-4afe-8124-31eb34b9a04f
06:46:46 INFO CANCEL_SKIPPED_ORDER_MISSING | side=yes reason=refresh_expiring_quote order_id=b7faba2b-c933-4afe-8124-31eb34b9a04f
06:46:46 INFO CREATE_OK | side=yes price_dollars=0.5200 remaining_contracts=19.00 order_id=dc47e177-bd41-4a17-93fc-ddf9542f7663
06:46:46 INFO CREATE_OK | side=no price_dollars=0.4300 remaining_contracts=23.00 order_id=c6405fed-3605-4cab-a614-64e969d04e34
06:46:46 INFO AMEND_OK | side=no price_dollars=0.4200 total_fillable_contracts=23.00 order_id=c6405fed-3605-4cab-a614-64e969d04e34
06:46:52 INFO AMEND_OK | side=yes price_dollars=0.5300 total_fillable_contracts=18.00 order_id=dc47e177-bd41-4a17-93fc-ddf9542f7663
06:46:55 INFO AMEND_OK | side=yes price_dollars=0.5200 total_fillable_contracts=19.00 order_id=dc47e177-bd41-4a17-93fc-ddf9542f7663
06:46:58 INFO QUEUE_POSITION | side=yes order_id=dc47e177-bd41-4a17-93fc-ddf9542f7663 ahead_contracts=500.00
06:46:58 INFO QUEUE_POSITION | side=no order_id=c6405fed-3605-4cab-a614-64e969d04e34 ahead_contracts=300.00
06:47:11 INFO AMEND_OK | side=yes price_dollars=0.5300 total_fillable_contracts=18.00 order_id=dc47e177-bd41-4a17-93fc-ddf9542f7663
06:47:13 INFO QUEUE_POSITION | side=yes order_id=dc47e177-bd41-4a17-93fc-ddf9542f7663 ahead_contracts=0.00
06:47:13 INFO QUEUE_POSITION | side=no order_id=c6405fed-3605-4cab-a614-64e969d04e34 ahead_contracts=0.00
06:47:22 INFO ORDER_NOT_RESTING | side=yes status=executed order_id=dc47e177-bd41-4a17-93fc-ddf9542f7663
06:47:23 INFO CREATE_OK | side=yes price_dollars=0.5300 remaining_contracts=18.00 order_id=cd9adbee-5f52-4768-9d61-288ad564cc7b
06:47:23 INFO AMEND_OK | side=yes price_dollars=0.5200 total_fillable_contracts=19.00 order_id=cd9adbee-5f52-4768-9d61-288ad564cc7b
06:47:29 INFO QUEUE_POSITION | side=yes order_id=cd9adbee-5f52-4768-9d61-288ad564cc7b ahead_contracts=528.00
06:47:29 INFO QUEUE_POSITION | side=no order_id=c6405fed-3605-4cab-a614-64e969d04e34 ahead_contracts=0.00
06:47:43 INFO CANCEL_REQUESTED | side=no reason=refresh_expiring_quote order_id=c6405fed-3605-4cab-a614-64e969d04e34
06:47:43 INFO ORDER_NOT_RESTING | side=no status=canceled order_id=c6405fed-3605-4cab-a614-64e969d04e34
06:47:43 INFO CREATE_OK | side=no price_dollars=0.4200 remaining_contracts=23.00 order_id=f36a361e-7fa7-47c0-9bf7-8f18f2c479c7
06:47:44 INFO QUEUE_POSITION | side=yes order_id=cd9adbee-5f52-4768-9d61-288ad564cc7b ahead_contracts=0.00
06:47:44 INFO QUEUE_POSITION | side=no order_id=f36a361e-7fa7-47c0-9bf7-8f18f2c479c7 ahead_contracts=0.00
06:47:59 INFO QUEUE_POSITION | side=yes order_id=cd9adbee-5f52-4768-9d61-288ad564cc7b ahead_contracts=0.00
06:47:59 INFO QUEUE_POSITION | side=no order_id=f36a361e-7fa7-47c0-9bf7-8f18f2c479c7 ahead_contracts=0.00
06:48:14 INFO QUEUE_POSITION | side=yes order_id=cd9adbee-5f52-4768-9d61-288ad564cc7b ahead_contracts=0.00
06:48:14 INFO QUEUE_POSITION | side=no order_id=f36a361e-7fa7-47c0-9bf7-8f18f2c479c7 ahead_contracts=0.00
06:48:23 INFO ORDER_NOT_RESTING | side=yes status=canceled order_id=cd9adbee-5f52-4768-9d61-288ad564cc7b
06:48:23 INFO CREATE_OK | side=yes price_dollars=0.5300 remaining_contracts=18.00 order_id=9702ffac-e733-42df-bf8b-ab86ad1b5a0b
06:48:23 INFO AMEND_OK | side=yes price_dollars=0.5200 total_fillable_contracts=19.00 order_id=9702ffac-e733-42df-bf8b-ab86ad1b5a0b
06:48:29 INFO QUEUE_POSITION | side=yes order_id=9702ffac-e733-42df-bf8b-ab86ad1b5a0b ahead_contracts=500.00
06:48:29 INFO QUEUE_POSITION | side=no order_id=f36a361e-7fa7-47c0-9bf7-8f18f2c479c7 ahead_contracts=0.00
06:48:40 INFO CANCEL_REQUESTED | side=no reason=refresh_expiring_quote order_id=f36a361e-7fa7-47c0-9bf7-8f18f2c479c7
06:48:40 INFO ORDER_NOT_RESTING | side=no status=canceled order_id=f36a361e-7fa7-47c0-9bf7-8f18f2c479c7
06:48:40 INFO CREATE_OK | side=no price_dollars=0.4200 remaining_contracts=23.00 order_id=e625979f-b6e1-400f-9632-a0fb48bfee3a
06:48:40 INFO AMEND_OK | side=yes price_dollars=0.5100 total_fillable_contracts=19.00 order_id=9702ffac-e733-42df-bf8b-ab86ad1b5a0b
06:48:44 INFO QUEUE_POSITION | side=yes order_id=9702ffac-e733-42df-bf8b-ab86ad1b5a0b ahead_contracts=485.00
06:48:44 INFO QUEUE_POSITION | side=no order_id=e625979f-b6e1-400f-9632-a0fb48bfee3a ahead_contracts=500.00
06:48:47 INFO AMEND_OK | side=yes price_dollars=0.5200 total_fillable_contracts=19.00 order_id=9702ffac-e733-42df-bf8b-ab86ad1b5a0b
06:48:59 INFO QUEUE_POSITION | side=yes order_id=9702ffac-e733-42df-bf8b-ab86ad1b5a0b ahead_contracts=500.00
06:48:59 INFO QUEUE_POSITION | side=no order_id=e625979f-b6e1-400f-9632-a0fb48bfee3a ahead_contracts=500.00
06:49:14 INFO QUEUE_POSITION | side=yes order_id=9702ffac-e733-42df-bf8b-ab86ad1b5a0b ahead_contracts=0.00
06:49:14 INFO QUEUE_POSITION | side=no order_id=e625979f-b6e1-400f-9632-a0fb48bfee3a ahead_contracts=0.00
06:49:23 INFO ORDER_NOT_RESTING | side=yes status=canceled order_id=9702ffac-e733-42df-bf8b-ab86ad1b5a0b
06:49:23 INFO CREATE_OK | side=yes price_dollars=0.5300 remaining_contracts=18.00 order_id=1dd529ad-1a53-46e8-9de3-5fc6f0be33f0
06:49:23 INFO AMEND_OK | side=yes price_dollars=0.5200 total_fillable_contracts=19.00 order_id=1dd529ad-1a53-46e8-9de3-5fc6f0be33f0
06:49:29 INFO QUEUE_POSITION | side=yes order_id=1dd529ad-1a53-46e8-9de3-5fc6f0be33f0 ahead_contracts=0.00
06:49:29 INFO QUEUE_POSITION | side=no order_id=e625979f-b6e1-400f-9632-a0fb48bfee3a ahead_contracts=0.00
06:49:40 INFO ORDER_NOT_RESTING | side=no status=canceled order_id=e625979f-b6e1-400f-9632-a0fb48bfee3a
06:49:40 INFO CREATE_OK | side=no price_dollars=0.4300 remaining_contracts=23.00 order_id=8999bfd2-c01c-4c21-b4e7-5c576eaeb6e5
06:49:40 INFO AMEND_OK | side=no price_dollars=0.4200 total_fillable_contracts=23.00 order_id=8999bfd2-c01c-4c21-b4e7-5c576eaeb6e5
06:49:44 INFO QUEUE_POSITION | side=yes order_id=1dd529ad-1a53-46e8-9de3-5fc6f0be33f0 ahead_contracts=0.00
06:49:44 INFO QUEUE_POSITION | side=no order_id=8999bfd2-c01c-4c21-b4e7-5c576eaeb6e5 ahead_contracts=300.00
06:49:59 INFO QUEUE_POSITION | side=yes order_id=1dd529ad-1a53-46e8-9de3-5fc6f0be33f0 ahead_contracts=0.00
06:49:59 INFO QUEUE_POSITION | side=no order_id=8999bfd2-c01c-4c21-b4e7-5c576eaeb6e5 ahead_contracts=300.00
06:50:14 INFO QUEUE_POSITION | side=yes order_id=1dd529ad-1a53-46e8-9de3-5fc6f0be33f0 ahead_contracts=0.00
06:50:14 INFO QUEUE_POSITION | side=no order_id=8999bfd2-c01c-4c21-b4e7-5c576eaeb6e5 ahead_contracts=300.00
06:50:23 INFO ORDER_NOT_RESTING | side=yes status=canceled order_id=1dd529ad-1a53-46e8-9de3-5fc6f0be33f0
06:50:23 INFO CREATE_OK | side=yes price_dollars=0.5300 remaining_contracts=18.00 order_id=1f602afb-3791-4b02-8903-790dc1d73841
06:50:23 INFO AMEND_OK | side=yes price_dollars=0.5200 total_fillable_contracts=19.00 order_id=1f602afb-3791-4b02-8903-790dc1d73841
06:50:29 INFO QUEUE_POSITION | side=yes order_id=1f602afb-3791-4b02-8903-790dc1d73841 ahead_contracts=85.00
06:50:29 INFO QUEUE_POSITION | side=no order_id=8999bfd2-c01c-4c21-b4e7-5c576eaeb6e5 ahead_contracts=300.00
06:50:40 INFO ORDER_NOT_RESTING | side=no status=canceled order_id=8999bfd2-c01c-4c21-b4e7-5c576eaeb6e5
06:50:40 INFO CREATE_OK | side=no price_dollars=0.4300 remaining_contracts=23.00 order_id=893d9f10-60d7-4c9d-9601-daf43832b70b
06:50:40 INFO AMEND_OK | side=no price_dollars=0.4200 total_fillable_contracts=23.00 order_id=893d9f10-60d7-4c9d-9601-daf43832b70b
06:50:44 INFO QUEUE_POSITION | side=yes order_id=1f602afb-3791-4b02-8903-790dc1d73841 ahead_contracts=85.00
06:50:44 INFO QUEUE_POSITION | side=no order_id=893d9f10-60d7-4c9d-9601-daf43832b70b ahead_contracts=300.00
06:50:59 INFO QUEUE_POSITION | side=yes order_id=1f602afb-3791-4b02-8903-790dc1d73841 ahead_contracts=85.00
06:50:59 INFO QUEUE_POSITION | side=no order_id=893d9f10-60d7-4c9d-9601-daf43832b70b ahead_contracts=300.00
06:51:09 INFO AMEND_OK | side=yes price_dollars=0.5100 total_fillable_contracts=19.00 order_id=1f602afb-3791-4b02-8903-790dc1d73841
06:51:15 INFO QUEUE_POSITION | side=yes order_id=1f602afb-3791-4b02-8903-790dc1d73841 ahead_contracts=985.00
06:51:15 INFO QUEUE_POSITION | side=no order_id=893d9f10-60d7-4c9d-9601-daf43832b70b ahead_contracts=300.00
06:51:20 INFO CANCEL_REQUESTED | side=yes reason=refresh_expiring_quote order_id=1f602afb-3791-4b02-8903-790dc1d73841
06:51:20 INFO ORDER_NOT_RESTING | side=yes status=canceled order_id=1f602afb-3791-4b02-8903-790dc1d73841
06:51:20 INFO CREATE_OK | side=yes price_dollars=0.5200 remaining_contracts=19.00 order_id=3306f390-ec64-4c56-9633-177ef52236eb
06:51:30 INFO QUEUE_POSITION | side=yes order_id=3306f390-ec64-4c56-9633-177ef52236eb ahead_contracts=24.00
06:51:30 INFO QUEUE_POSITION | side=no order_id=893d9f10-60d7-4c9d-9601-daf43832b70b ahead_contracts=300.00
06:51:40 INFO ORDER_NOT_RESTING | side=no status=canceled order_id=893d9f10-60d7-4c9d-9601-daf43832b70b
06:51:40 INFO CREATE_OK | side=no price_dollars=0.4300 remaining_contracts=23.00 order_id=4cee69b5-4a00-4220-a9fe-6408ee0706ae
06:51:40 INFO AMEND_OK | side=no price_dollars=0.4200 total_fillable_contracts=23.00 order_id=4cee69b5-4a00-4220-a9fe-6408ee0706ae
06:51:45 INFO QUEUE_POSITION | side=yes order_id=3306f390-ec64-4c56-9633-177ef52236eb ahead_contracts=0.00
06:51:45 INFO QUEUE_POSITION | side=no order_id=4cee69b5-4a00-4220-a9fe-6408ee0706ae ahead_contracts=300.00
06:52:00 INFO QUEUE_POSITION | side=yes order_id=3306f390-ec64-4c56-9633-177ef52236eb ahead_contracts=0.00
06:52:00 INFO QUEUE_POSITION | side=no order_id=4cee69b5-4a00-4220-a9fe-6408ee0706ae ahead_contracts=300.00
06:52:15 INFO QUEUE_POSITION | side=yes order_id=3306f390-ec64-4c56-9633-177ef52236eb ahead_contracts=0.00
06:52:15 INFO QUEUE_POSITION | side=no order_id=4cee69b5-4a00-4220-a9fe-6408ee0706ae ahead_contracts=300.00
06:52:17 INFO CANCEL_REQUESTED | side=yes reason=refresh_expiring_quote order_id=3306f390-ec64-4c56-9633-177ef52236eb
06:52:17 INFO ORDER_NOT_RESTING | side=yes status=canceled order_id=3306f390-ec64-4c56-9633-177ef52236eb
06:52:17 INFO CREATE_OK | side=yes price_dollars=0.5200 remaining_contracts=19.00 order_id=112d6bde-69d9-439b-9bb9-83c1fe5bc184
06:52:30 INFO QUEUE_POSITION | side=yes order_id=112d6bde-69d9-439b-9bb9-83c1fe5bc184 ahead_contracts=0.00
06:52:30 INFO QUEUE_POSITION | side=no order_id=4cee69b5-4a00-4220-a9fe-6408ee0706ae ahead_contracts=300.00
06:52:39 INFO CANCEL_REQUESTED | side=no reason=refresh_expiring_quote order_id=4cee69b5-4a00-4220-a9fe-6408ee0706ae
06:52:39 INFO ORDER_NOT_RESTING | side=no status=canceled order_id=4cee69b5-4a00-4220-a9fe-6408ee0706ae
06:52:39 INFO CREATE_OK | side=no price_dollars=0.4200 remaining_contracts=23.00 order_id=0b1f0010-db99-4286-a979-ecc2ac2bb795
06:52:45 INFO QUEUE_POSITION | side=yes order_id=112d6bde-69d9-439b-9bb9-83c1fe5bc184 ahead_contracts=0.00
06:52:45 INFO QUEUE_POSITION | side=no order_id=0b1f0010-db99-4286-a979-ecc2ac2bb795 ahead_contracts=385.00
06:53:00 INFO QUEUE_POSITION | side=yes order_id=112d6bde-69d9-439b-9bb9-83c1fe5bc184 ahead_contracts=0.00
06:53:00 INFO QUEUE_POSITION | side=no order_id=0b1f0010-db99-4286-a979-ecc2ac2bb795 ahead_contracts=385.00
06:53:13 INFO CANCEL_REQUESTED | side=yes reason=refresh_expiring_quote order_id=112d6bde-69d9-439b-9bb9-83c1fe5bc184
06:53:13 INFO ORDER_NOT_RESTING | side=yes status=canceled order_id=112d6bde-69d9-439b-9bb9-83c1fe5bc184
06:53:13 INFO CREATE_OK | side=yes price_dollars=0.5200 remaining_contracts=19.00 order_id=9d955740-9edf-4295-bef6-6d2c36e07c96
06:53:15 INFO QUEUE_POSITION | side=yes order_id=9d955740-9edf-4295-bef6-6d2c36e07c96 ahead_contracts=85.00
06:53:15 INFO QUEUE_POSITION | side=no order_id=0b1f0010-db99-4286-a979-ecc2ac2bb795 ahead_contracts=385.00
06:53:30 INFO QUEUE_POSITION | side=yes order_id=9d955740-9edf-4295-bef6-6d2c36e07c96 ahead_contracts=85.00
06:53:30 INFO QUEUE_POSITION | side=no order_id=0b1f0010-db99-4286-a979-ecc2ac2bb795 ahead_contracts=385.00
06:53:39 INFO ORDER_NOT_RESTING | side=no status=canceled order_id=0b1f0010-db99-4286-a979-ecc2ac2bb795
06:53:39 INFO CREATE_OK | side=no price_dollars=0.4300 remaining_contracts=23.00 order_id=3138c098-4430-4a9e-8c98-1f2f2076a67f
06:53:39 INFO AMEND_OK | side=no price_dollars=0.4200 total_fillable_contracts=23.00 order_id=3138c098-4430-4a9e-8c98-1f2f2076a67f
06:53:45 INFO QUEUE_POSITION | side=yes order_id=9d955740-9edf-4295-bef6-6d2c36e07c96 ahead_contracts=85.00
06:53:45 INFO QUEUE_POSITION | side=no order_id=3138c098-4430-4a9e-8c98-1f2f2076a67f ahead_contracts=385.00
06:54:00 INFO QUEUE_POSITION | side=yes order_id=9d955740-9edf-4295-bef6-6d2c36e07c96 ahead_contracts=85.00
06:54:00 INFO QUEUE_POSITION | side=no order_id=3138c098-4430-4a9e-8c98-1f2f2076a67f ahead_contracts=385.00
06:54:13 INFO ORDER_NOT_RESTING | side=yes status=canceled order_id=9d955740-9edf-4295-bef6-6d2c36e07c96
06:54:13 INFO CANCEL_SKIPPED_ORDER_MISSING | side=yes reason=refresh_expiring_quote order_id=9d955740-9edf-4295-bef6-6d2c36e07c96
06:54:13 INFO CREATE_OK | side=yes price_dollars=0.5200 remaining_contracts=19.00 order_id=65dcb60e-3287-474b-b08a-1600da2d89e3
06:54:15 INFO QUEUE_POSITION | side=yes order_id=65dcb60e-3287-474b-b08a-1600da2d89e3 ahead_contracts=85.00
06:54:15 INFO QUEUE_POSITION | side=no order_id=3138c098-4430-4a9e-8c98-1f2f2076a67f ahead_contracts=385.00
06:54:30 INFO QUEUE_POSITION | side=yes order_id=65dcb60e-3287-474b-b08a-1600da2d89e3 ahead_contracts=0.00
06:54:30 INFO QUEUE_POSITION | side=no order_id=3138c098-4430-4a9e-8c98-1f2f2076a67f ahead_contracts=300.00
06:54:39 INFO ORDER_NOT_RESTING | side=no status=canceled order_id=3138c098-4430-4a9e-8c98-1f2f2076a67f
06:54:39 INFO CREATE_OK | side=no price_dollars=0.4300 remaining_contracts=23.00 order_id=938be488-d3bc-47e7-be42-4c9399ae73b0
06:54:39 INFO AMEND_OK | side=no price_dollars=0.4200 total_fillable_contracts=23.00 order_id=938be488-d3bc-47e7-be42-4c9399ae73b0
06:54:45 INFO QUEUE_POSITION | side=yes order_id=65dcb60e-3287-474b-b08a-1600da2d89e3 ahead_contracts=0.00
06:54:46 INFO QUEUE_POSITION | side=no order_id=938be488-d3bc-47e7-be42-4c9399ae73b0 ahead_contracts=300.00
06:55:01 INFO QUEUE_POSITION | side=yes order_id=65dcb60e-3287-474b-b08a-1600da2d89e3 ahead_contracts=0.00
06:55:01 INFO QUEUE_POSITION | side=no order_id=938be488-d3bc-47e7-be42-4c9399ae73b0 ahead_contracts=300.00
06:55:13 INFO ORDER_NOT_RESTING | side=yes status=canceled order_id=65dcb60e-3287-474b-b08a-1600da2d89e3
06:55:13 INFO CREATE_OK | side=yes price_dollars=0.5300 remaining_contracts=18.00 order_id=f74e7f9d-e42e-451f-8d6e-2c14c19019df
06:55:13 INFO AMEND_OK | side=yes price_dollars=0.5200 total_fillable_contracts=19.00 order_id=f74e7f9d-e42e-451f-8d6e-2c14c19019df
06:55:16 INFO QUEUE_POSITION | side=yes order_id=f74e7f9d-e42e-451f-8d6e-2c14c19019df ahead_contracts=685.00
06:55:16 INFO QUEUE_POSITION | side=no order_id=938be488-d3bc-47e7-be42-4c9399ae73b0 ahead_contracts=300.00
06:55:31 INFO QUEUE_POSITION | side=yes order_id=f74e7f9d-e42e-451f-8d6e-2c14c19019df ahead_contracts=685.00
06:55:31 INFO QUEUE_POSITION | side=no order_id=938be488-d3bc-47e7-be42-4c9399ae73b0 ahead_contracts=300.00
06:55:34 INFO CANCEL_REQUESTED | side=no reason=refresh_expiring_quote order_id=938be488-d3bc-47e7-be42-4c9399ae73b0
06:55:34 INFO ORDER_NOT_RESTING | side=no status=canceled order_id=938be488-d3bc-47e7-be42-4c9399ae73b0
06:55:34 INFO CREATE_OK | side=no price_dollars=0.4200 remaining_contracts=23.00 order_id=3d2a990e-287b-4896-abc6-8dde98655ae3
06:55:46 INFO QUEUE_POSITION | side=yes order_id=f74e7f9d-e42e-451f-8d6e-2c14c19019df ahead_contracts=585.00
06:55:46 INFO QUEUE_POSITION | side=no order_id=3d2a990e-287b-4896-abc6-8dde98655ae3 ahead_contracts=385.00
