
=== START 2026-03-08 06:26:22 ===
CMD: /home/codespace/.python/current/bin/python3 /workspaces/Kalshi_alg/V1.py --ticker KXDHSFUND-26APR01 --yes-budget-cents 1000 --no-budget-cents 1000
06:26:23 INFO START | environment=PROD ticker=KXDHSFUND-26APR01 yes_budget_cents=1000 no_budget_cents=1000 price_structure=linear_cent fractional_trading=False dry_run=False websocket=wss://api.elections.kalshi.com/trade-api/ws/v2
06:26:23 INFO STARTUP_POSITION | contracts=0.00
06:26:24 INFO WS_CONNECTED_AND_SUBSCRIBED
06:26:24 INFO REQUOTE_ERROR | error=POST /trade-api/v2/portfolio/orders failed 429: {"error":{"code":"too_many_requests","message":"too many requests"}}
Traceback (most recent call last):
  File "/workspaces/Kalshi_alg/V1.py", line 1674, in requote_worker
    await self.ensure_side_quote("yes", desired_yes_units)
  File "/workspaces/Kalshi_alg/V1.py", line 1437, in ensure_side_quote
    response = await asyncio.to_thread(
               ^^^^^^^^^^^^^^^^^^^^^^^^
  File "/home/codespace/.python/current/lib/python3.12/asyncio/threads.py", line 25, in to_thread
    return await loop.run_in_executor(None, func_call)
           ^^^^^^^^^^^^^^^^^^^^^^^^^^^^^^^^^^^^^^^^^^^
  File "/home/codespace/.python/current/lib/python3.12/concurrent/futures/thread.py", line 58, in run
    result = self.fn(*self.args, **self.kwargs)
             ^^^^^^^^^^^^^^^^^^^^^^^^^^^^^^^^^^
  File "/workspaces/Kalshi_alg/V1.py", line 776, in create_order
    return self.rest_post(f"{self.api_prefix}/portfolio/orders", body)
           ^^^^^^^^^^^^^^^^^^^^^^^^^^^^^^^^^^^^^^^^^^^^^^^^^^^^^^^^^^^
  File "/workspaces/Kalshi_alg/V1.py", line 675, in rest_post
    raise RuntimeError(f"POST {path} failed {response.status_code}: {response.text[:500]}")
RuntimeError: POST /trade-api/v2/portfolio/orders failed 429: {"error":{"code":"too_many_requests","message":"too many requests"}}
06:26:33 INFO CREATE_OK | side=yes price_dollars=0.5600 remaining_contracts=17.00 order_id=eedeec08-3ce3-4a03-b5f0-ed4444385e5f
06:26:33 INFO CREATE_OK | side=no price_dollars=0.4000 remaining_contracts=24.00 order_id=12fff374-9e7c-4d38-bc7c-94932e408553
06:26:33 INFO AMEND_OK | side=yes price_dollars=0.5500 total_fillable_contracts=18.00 order_id=eedeec08-3ce3-4a03-b5f0-ed4444385e5f
06:26:33 INFO AMEND_OK | side=no price_dollars=0.3900 total_fillable_contracts=25.00 order_id=12fff374-9e7c-4d38-bc7c-94932e408553
06:26:33 INFO AMEND_OK | side=no price_dollars=0.4000 total_fillable_contracts=24.00 order_id=12fff374-9e7c-4d38-bc7c-94932e408553
06:26:39 INFO QUEUE_POSITION | side=yes order_id=eedeec08-3ce3-4a03-b5f0-ed4444385e5f ahead_contracts=0.00
06:26:39 INFO QUEUE_POSITION | side=no order_id=12fff374-9e7c-4d38-bc7c-94932e408553 ahead_contracts=79.00
06:26:54 INFO QUEUE_POSITION | side=yes order_id=eedeec08-3ce3-4a03-b5f0-ed4444385e5f ahead_contracts=0.00
06:26:54 INFO QUEUE_POSITION | side=no order_id=12fff374-9e7c-4d38-bc7c-94932e408553 ahead_contracts=66.00
06:26:55 INFO AMEND_OK | side=no price_dollars=0.3900 total_fillable_contracts=25.00 order_id=12fff374-9e7c-4d38-bc7c-94932e408553
06:26:56 INFO AMEND_OK | side=no price_dollars=0.4000 total_fillable_contracts=24.00 order_id=12fff374-9e7c-4d38-bc7c-94932e408553
06:27:09 INFO QUEUE_POSITION | side=yes order_id=eedeec08-3ce3-4a03-b5f0-ed4444385e5f ahead_contracts=0.00
06:27:09 INFO QUEUE_POSITION | side=no order_id=12fff374-9e7c-4d38-bc7c-94932e408553 ahead_contracts=66.00
06:27:15 INFO AMEND_OK | side=no price_dollars=0.3900 total_fillable_contracts=25.00 order_id=12fff374-9e7c-4d38-bc7c-94932e408553
06:27:17 INFO AMEND_OK | side=no price_dollars=0.4000 total_fillable_contracts=24.00 order_id=12fff374-9e7c-4d38-bc7c-94932e408553
06:27:24 INFO QUEUE_POSITION | side=yes order_id=eedeec08-3ce3-4a03-b5f0-ed4444385e5f ahead_contracts=0.00
06:27:24 INFO QUEUE_POSITION | side=no order_id=12fff374-9e7c-4d38-bc7c-94932e408553 ahead_contracts=79.00
06:27:33 INFO ORDER_NOT_RESTING | side=no status=canceled order_id=12fff374-9e7c-4d38-bc7c-94932e408553
06:27:33 INFO ORDER_NOT_RESTING | side=yes status=canceled order_id=eedeec08-3ce3-4a03-b5f0-ed4444385e5f
06:27:33 INFO CANCEL_SKIPPED_ORDER_MISSING | side=yes reason=refresh_expiring_quote order_id=eedeec08-3ce3-4a03-b5f0-ed4444385e5f
06:27:33 INFO CREATE_OK | side=yes price_dollars=0.5500 remaining_contracts=18.00 order_id=1b0df61e-64eb-416c-b429-1e3eff8d97c0
06:27:33 INFO CREATE_OK | side=no price_dollars=0.4100 remaining_contracts=24.00 order_id=41597214-ce7d-4e84-9682-dbad3b9e3379
06:27:33 INFO AMEND_OK | side=no price_dollars=0.4000 total_fillable_contracts=24.00 order_id=41597214-ce7d-4e84-9682-dbad3b9e3379
06:27:39 INFO QUEUE_POSITION | side=yes order_id=1b0df61e-64eb-416c-b429-1e3eff8d97c0 ahead_contracts=0.00
06:27:39 INFO QUEUE_POSITION | side=no order_id=41597214-ce7d-4e84-9682-dbad3b9e3379 ahead_contracts=66.00
06:27:46 INFO AMEND_OK | side=no price_dollars=0.3900 total_fillable_contracts=25.00 order_id=41597214-ce7d-4e84-9682-dbad3b9e3379
06:27:46 INFO AMEND_OK | side=no price_dollars=0.4000 total_fillable_contracts=24.00 order_id=41597214-ce7d-4e84-9682-dbad3b9e3379
06:27:54 INFO QUEUE_POSITION | side=yes order_id=1b0df61e-64eb-416c-b429-1e3eff8d97c0 ahead_contracts=0.00
06:27:54 INFO QUEUE_POSITION | side=no order_id=41597214-ce7d-4e84-9682-dbad3b9e3379 ahead_contracts=79.00
06:28:09 INFO QUEUE_POSITION | side=yes order_id=1b0df61e-64eb-416c-b429-1e3eff8d97c0 ahead_contracts=0.00
06:28:09 INFO QUEUE_POSITION | side=no order_id=41597214-ce7d-4e84-9682-dbad3b9e3379 ahead_contracts=66.00
06:28:24 INFO QUEUE_POSITION | side=yes order_id=1b0df61e-64eb-416c-b429-1e3eff8d97c0 ahead_contracts=0.00
06:28:24 INFO QUEUE_POSITION | side=no order_id=41597214-ce7d-4e84-9682-dbad3b9e3379 ahead_contracts=66.00
06:28:25 INFO AMEND_OK | side=yes price_dollars=0.5600 total_fillable_contracts=17.00 order_id=1b0df61e-64eb-416c-b429-1e3eff8d97c0
06:28:29 INFO CANCEL_REQUESTED | side=yes reason=refresh_expiring_quote order_id=1b0df61e-64eb-416c-b429-1e3eff8d97c0
06:28:29 INFO ORDER_NOT_RESTING | side=yes status=canceled order_id=1b0df61e-64eb-416c-b429-1e3eff8d97c0
06:28:29 INFO CREATE_OK | side=yes price_dollars=0.5600 remaining_contracts=17.00 order_id=d10bf548-ceaa-4600-97b3-2d1173d7c07b
06:28:29 INFO CANCEL_REQUESTED | side=no reason=refresh_expiring_quote order_id=41597214-ce7d-4e84-9682-dbad3b9e3379
06:28:29 INFO ORDER_NOT_RESTING | side=no status=canceled order_id=41597214-ce7d-4e84-9682-dbad3b9e3379
06:28:29 INFO CREATE_OK | side=no price_dollars=0.4000 remaining_contracts=24.00 order_id=8a6e2b9f-4e1b-47f1-ace2-bd1621d3c676
06:28:39 INFO QUEUE_POSITION | side=yes order_id=d10bf548-ceaa-4600-97b3-2d1173d7c07b ahead_contracts=0.00
06:28:39 INFO QUEUE_POSITION | side=no order_id=8a6e2b9f-4e1b-47f1-ace2-bd1621d3c676 ahead_contracts=0.00
06:28:54 INFO QUEUE_POSITION | side=yes order_id=d10bf548-ceaa-4600-97b3-2d1173d7c07b ahead_contracts=0.00
06:28:54 INFO QUEUE_POSITION | side=no order_id=8a6e2b9f-4e1b-47f1-ace2-bd1621d3c676 ahead_contracts=0.00
06:29:09 INFO QUEUE_POSITION | side=yes order_id=d10bf548-ceaa-4600-97b3-2d1173d7c07b ahead_contracts=0.00
06:29:09 INFO QUEUE_POSITION | side=no order_id=8a6e2b9f-4e1b-47f1-ace2-bd1621d3c676 ahead_contracts=0.00
06:29:24 INFO QUEUE_POSITION | side=yes order_id=d10bf548-ceaa-4600-97b3-2d1173d7c07b ahead_contracts=0.00
06:29:24 INFO QUEUE_POSITION | side=no order_id=8a6e2b9f-4e1b-47f1-ace2-bd1621d3c676 ahead_contracts=0.00
06:29:29 INFO ORDER_NOT_RESTING | side=no status=canceled order_id=8a6e2b9f-4e1b-47f1-ace2-bd1621d3c676
06:29:29 INFO ORDER_NOT_RESTING | side=yes status=canceled order_id=d10bf548-ceaa-4600-97b3-2d1173d7c07b
06:29:29 INFO CANCEL_SKIPPED_ORDER_MISSING | side=yes reason=refresh_expiring_quote order_id=d10bf548-ceaa-4600-97b3-2d1173d7c07b
06:29:29 INFO CREATE_OK | side=yes price_dollars=0.5600 remaining_contracts=17.00 order_id=3fce7981-1ccb-4829-a813-d835e5c3a755
06:29:29 INFO CREATE_OK | side=no price_dollars=0.4100 remaining_contracts=24.00 order_id=dc8c39ea-2be4-4b8a-b3ed-54a96b817d02
06:29:29 INFO AMEND_OK | side=no price_dollars=0.4000 total_fillable_contracts=24.00 order_id=dc8c39ea-2be4-4b8a-b3ed-54a96b817d02
06:29:36 INFO AMEND_OK | side=no price_dollars=0.3900 total_fillable_contracts=25.00 order_id=dc8c39ea-2be4-4b8a-b3ed-54a96b817d02
06:29:36 INFO AMEND_OK | side=no price_dollars=0.4000 total_fillable_contracts=24.00 order_id=dc8c39ea-2be4-4b8a-b3ed-54a96b817d02
06:29:36 INFO AMEND_OK | side=yes price_dollars=0.5700 total_fillable_contracts=17.00 order_id=3fce7981-1ccb-4829-a813-d835e5c3a755
06:29:37 INFO AMEND_OK | side=no price_dollars=0.3900 total_fillable_contracts=25.00 order_id=dc8c39ea-2be4-4b8a-b3ed-54a96b817d02
06:29:39 INFO QUEUE_POSITION | side=yes order_id=3fce7981-1ccb-4829-a813-d835e5c3a755 ahead_contracts=2.00
06:29:39 INFO QUEUE_POSITION | side=no order_id=dc8c39ea-2be4-4b8a-b3ed-54a96b817d02 ahead_contracts=11.00
06:29:46 INFO AMEND_OK | side=no price_dollars=0.3800 total_fillable_contracts=26.00 order_id=dc8c39ea-2be4-4b8a-b3ed-54a96b817d02
06:29:47 INFO AMEND_OK | side=no price_dollars=0.3900 total_fillable_contracts=25.00 order_id=dc8c39ea-2be4-4b8a-b3ed-54a96b817d02
06:29:54 INFO QUEUE_POSITION | side=yes order_id=3fce7981-1ccb-4829-a813-d835e5c3a755 ahead_contracts=2.00
06:29:54 INFO QUEUE_POSITION | side=no order_id=dc8c39ea-2be4-4b8a-b3ed-54a96b817d02 ahead_contracts=24.00
06:30:06 INFO AMEND_OK | side=no price_dollars=0.3800 total_fillable_contracts=26.00 order_id=dc8c39ea-2be4-4b8a-b3ed-54a96b817d02
06:30:06 INFO AMEND_OK | side=no price_dollars=0.3900 total_fillable_contracts=25.00 order_id=dc8c39ea-2be4-4b8a-b3ed-54a96b817d02
06:30:09 INFO QUEUE_POSITION | side=yes order_id=3fce7981-1ccb-4829-a813-d835e5c3a755 ahead_contracts=2.00
06:30:10 INFO QUEUE_POSITION | side=no order_id=dc8c39ea-2be4-4b8a-b3ed-54a96b817d02 ahead_contracts=88.00
06:30:25 INFO QUEUE_POSITION | side=yes order_id=3fce7981-1ccb-4829-a813-d835e5c3a755 ahead_contracts=2.00
06:30:25 INFO QUEUE_POSITION | side=no order_id=dc8c39ea-2be4-4b8a-b3ed-54a96b817d02 ahead_contracts=75.00
06:30:26 INFO CANCEL_REQUESTED | side=yes reason=refresh_expiring_quote order_id=3fce7981-1ccb-4829-a813-d835e5c3a755
06:30:26 INFO ORDER_NOT_RESTING | side=yes status=canceled order_id=3fce7981-1ccb-4829-a813-d835e5c3a755
06:30:26 INFO CREATE_OK | side=yes price_dollars=0.5700 remaining_contracts=17.00 order_id=59869a73-0eaf-4188-ab9a-6b009ffb9394
06:30:26 INFO CANCEL_REQUESTED | side=no reason=refresh_expiring_quote order_id=dc8c39ea-2be4-4b8a-b3ed-54a96b817d02
06:30:26 INFO ORDER_NOT_RESTING | side=no status=canceled order_id=dc8c39ea-2be4-4b8a-b3ed-54a96b817d02
06:30:26 INFO CREATE_OK | side=no price_dollars=0.3800 remaining_contracts=26.00 order_id=b32219e8-4336-4918-8307-74cce3e51d0a
06:30:27 INFO AMEND_OK | side=no price_dollars=0.3900 total_fillable_contracts=25.00 order_id=b32219e8-4336-4918-8307-74cce3e51d0a
06:30:40 INFO QUEUE_POSITION | side=yes order_id=59869a73-0eaf-4188-ab9a-6b009ffb9394 ahead_contracts=2.00
06:30:40 INFO QUEUE_POSITION | side=no order_id=b32219e8-4336-4918-8307-74cce3e51d0a ahead_contracts=75.00
06:30:47 INFO AMEND_OK | side=no price_dollars=0.3800 total_fillable_contracts=26.00 order_id=b32219e8-4336-4918-8307-74cce3e51d0a
06:30:47 INFO AMEND_OK | side=no price_dollars=0.3900 total_fillable_contracts=25.00 order_id=b32219e8-4336-4918-8307-74cce3e51d0a
06:30:48 INFO AMEND_OK | side=yes price_dollars=0.5800 total_fillable_contracts=17.00 order_id=59869a73-0eaf-4188-ab9a-6b009ffb9394
06:30:48 INFO AMEND_OK | side=no price_dollars=0.3800 total_fillable_contracts=26.00 order_id=b32219e8-4336-4918-8307-74cce3e51d0a
06:30:55 INFO QUEUE_POSITION | side=yes order_id=59869a73-0eaf-4188-ab9a-6b009ffb9394 ahead_contracts=1.00
06:30:55 INFO QUEUE_POSITION | side=no order_id=b32219e8-4336-4918-8307-74cce3e51d0a ahead_contracts=1626.00
06:31:10 INFO QUEUE_POSITION | side=yes order_id=59869a73-0eaf-4188-ab9a-6b009ffb9394 ahead_contracts=1.00
06:31:10 INFO QUEUE_POSITION | side=no order_id=b32219e8-4336-4918-8307-74cce3e51d0a ahead_contracts=1626.00
06:31:25 INFO QUEUE_POSITION | side=yes order_id=59869a73-0eaf-4188-ab9a-6b009ffb9394 ahead_contracts=1.00
06:31:25 INFO QUEUE_POSITION | side=no order_id=b32219e8-4336-4918-8307-74cce3e51d0a ahead_contracts=1626.00
06:31:26 INFO ORDER_NOT_RESTING | side=no status=canceled order_id=b32219e8-4336-4918-8307-74cce3e51d0a
06:31:26 INFO ORDER_NOT_RESTING | side=yes status=canceled order_id=59869a73-0eaf-4188-ab9a-6b009ffb9394
06:31:26 INFO CREATE_OK | side=yes price_dollars=0.5900 remaining_contracts=16.00 order_id=2cc401bf-9247-4ed2-9338-ee35fb1c7998
06:31:26 INFO CREATE_OK | side=no price_dollars=0.3900 remaining_contracts=25.00 order_id=f6e139f5-d787-4350-b2cf-5255a3b46444
06:31:26 INFO AMEND_OK | side=yes price_dollars=0.5800 total_fillable_contracts=17.00 order_id=2cc401bf-9247-4ed2-9338-ee35fb1c7998
06:31:26 INFO AMEND_OK | side=no price_dollars=0.3800 total_fillable_contracts=26.00 order_id=f6e139f5-d787-4350-b2cf-5255a3b46444
06:31:40 INFO QUEUE_POSITION | side=yes order_id=2cc401bf-9247-4ed2-9338-ee35fb1c7998 ahead_contracts=1.00
06:31:40 INFO QUEUE_POSITION | side=no order_id=f6e139f5-d787-4350-b2cf-5255a3b46444 ahead_contracts=1626.00
06:31:55 INFO QUEUE_POSITION | side=yes order_id=2cc401bf-9247-4ed2-9338-ee35fb1c7998 ahead_contracts=1.00
06:31:55 INFO QUEUE_POSITION | side=no order_id=f6e139f5-d787-4350-b2cf-5255a3b46444 ahead_contracts=1626.00
06:32:10 INFO QUEUE_POSITION | side=yes order_id=2cc401bf-9247-4ed2-9338-ee35fb1c7998 ahead_contracts=1.00
06:32:10 INFO QUEUE_POSITION | side=no order_id=f6e139f5-d787-4350-b2cf-5255a3b46444 ahead_contracts=1626.00
06:32:25 INFO QUEUE_POSITION | side=yes order_id=2cc401bf-9247-4ed2-9338-ee35fb1c7998 ahead_contracts=1.00
06:32:25 INFO QUEUE_POSITION | side=no order_id=f6e139f5-d787-4350-b2cf-5255a3b46444 ahead_contracts=1626.00
06:32:26 INFO ORDER_NOT_RESTING | side=no status=canceled order_id=f6e139f5-d787-4350-b2cf-5255a3b46444
06:32:26 INFO ORDER_NOT_RESTING | side=yes status=canceled order_id=2cc401bf-9247-4ed2-9338-ee35fb1c7998
06:32:26 INFO CANCEL_SKIPPED_ORDER_MISSING | side=yes reason=refresh_expiring_quote order_id=2cc401bf-9247-4ed2-9338-ee35fb1c7998
06:32:26 INFO CREATE_OK | side=yes price_dollars=0.5800 remaining_contracts=17.00 order_id=02020fa1-1396-4d8c-96ed-82c7b8c60734
06:32:26 INFO CREATE_OK | side=no price_dollars=0.3900 remaining_contracts=25.00 order_id=930419ab-2193-4a6b-ba07-ab42fa421dff
06:32:26 INFO AMEND_OK | side=no price_dollars=0.3800 total_fillable_contracts=26.00 order_id=930419ab-2193-4a6b-ba07-ab42fa421dff
06:32:40 INFO QUEUE_POSITION | side=yes order_id=02020fa1-1396-4d8c-96ed-82c7b8c60734 ahead_contracts=1.00
06:32:40 INFO QUEUE_POSITION | side=no order_id=930419ab-2193-4a6b-ba07-ab42fa421dff ahead_contracts=1689.00
06:32:55 INFO QUEUE_POSITION | side=yes order_id=02020fa1-1396-4d8c-96ed-82c7b8c60734 ahead_contracts=1.00
06:32:55 INFO QUEUE_POSITION | side=no order_id=930419ab-2193-4a6b-ba07-ab42fa421dff ahead_contracts=1689.00
06:33:10 INFO QUEUE_POSITION | side=yes order_id=02020fa1-1396-4d8c-96ed-82c7b8c60734 ahead_contracts=1.00
06:33:10 INFO QUEUE_POSITION | side=no order_id=930419ab-2193-4a6b-ba07-ab42fa421dff ahead_contracts=1689.00
06:33:25 INFO QUEUE_POSITION | side=yes order_id=02020fa1-1396-4d8c-96ed-82c7b8c60734 ahead_contracts=1.00
06:33:25 INFO QUEUE_POSITION | side=no order_id=930419ab-2193-4a6b-ba07-ab42fa421dff ahead_contracts=1689.00
06:33:26 INFO ORDER_NOT_RESTING | side=no status=canceled order_id=930419ab-2193-4a6b-ba07-ab42fa421dff
06:33:26 INFO ORDER_NOT_RESTING | side=yes status=canceled order_id=02020fa1-1396-4d8c-96ed-82c7b8c60734
06:33:26 INFO CREATE_OK | side=yes price_dollars=0.5900 remaining_contracts=16.00 order_id=13bd44c1-7a1d-4f85-94a0-2ff767dfa82e
06:33:26 INFO CREATE_OK | side=no price_dollars=0.3900 remaining_contracts=25.00 order_id=862b217d-2a26-479f-9f35-bc1830791817
06:33:26 INFO AMEND_OK | side=yes price_dollars=0.5800 total_fillable_contracts=17.00 order_id=13bd44c1-7a1d-4f85-94a0-2ff767dfa82e
06:33:26 INFO AMEND_OK | side=no price_dollars=0.3800 total_fillable_contracts=26.00 order_id=862b217d-2a26-479f-9f35-bc1830791817
06:33:40 INFO QUEUE_POSITION | side=yes order_id=13bd44c1-7a1d-4f85-94a0-2ff767dfa82e ahead_contracts=1.00
06:33:40 INFO QUEUE_POSITION | side=no order_id=862b217d-2a26-479f-9f35-bc1830791817 ahead_contracts=1689.00
06:33:56 INFO QUEUE_POSITION | side=yes order_id=13bd44c1-7a1d-4f85-94a0-2ff767dfa82e ahead_contracts=1.00
06:33:56 INFO QUEUE_POSITION | side=no order_id=862b217d-2a26-479f-9f35-bc1830791817 ahead_contracts=1689.00
06:34:11 INFO QUEUE_POSITION | side=yes order_id=13bd44c1-7a1d-4f85-94a0-2ff767dfa82e ahead_contracts=1.00
06:34:11 INFO QUEUE_POSITION | side=no order_id=862b217d-2a26-479f-9f35-bc1830791817 ahead_contracts=1689.00
06:34:26 INFO ORDER_NOT_RESTING | side=no status=canceled order_id=862b217d-2a26-479f-9f35-bc1830791817
06:34:26 INFO ORDER_NOT_RESTING | side=yes status=canceled order_id=13bd44c1-7a1d-4f85-94a0-2ff767dfa82e
06:34:26 INFO CANCEL_SKIPPED_ORDER_MISSING | side=yes reason=refresh_expiring_quote order_id=13bd44c1-7a1d-4f85-94a0-2ff767dfa82e
06:34:26 INFO CREATE_OK | side=yes price_dollars=0.5800 remaining_contracts=17.00 order_id=9e5efee2-3de4-4c62-97b0-9a92a848d3a3
06:34:26 INFO CREATE_OK | side=no price_dollars=0.3900 remaining_contracts=25.00 order_id=090dc541-89dd-4015-bb2c-d5dbd304c867
06:34:26 INFO QUEUE_POSITION | side=yes order_id=9e5efee2-3de4-4c62-97b0-9a92a848d3a3 ahead_contracts=1.00
06:34:26 INFO QUEUE_POSITION | side=no order_id=090dc541-89dd-4015-bb2c-d5dbd304c867 ahead_contracts=23.00
06:34:26 INFO AMEND_OK | side=no price_dollars=0.3800 total_fillable_contracts=26.00 order_id=090dc541-89dd-4015-bb2c-d5dbd304c867
06:34:41 INFO QUEUE_POSITION | side=yes order_id=9e5efee2-3de4-4c62-97b0-9a92a848d3a3 ahead_contracts=1.00
06:34:41 INFO QUEUE_POSITION | side=no order_id=090dc541-89dd-4015-bb2c-d5dbd304c867 ahead_contracts=1689.00
06:34:56 INFO QUEUE_POSITION | side=yes order_id=9e5efee2-3de4-4c62-97b0-9a92a848d3a3 ahead_contracts=1.00
06:34:56 INFO QUEUE_POSITION | side=no order_id=090dc541-89dd-4015-bb2c-d5dbd304c867 ahead_contracts=1689.00
06:35:11 INFO QUEUE_POSITION | side=yes order_id=9e5efee2-3de4-4c62-97b0-9a92a848d3a3 ahead_contracts=1.00
06:35:11 INFO QUEUE_POSITION | side=no order_id=090dc541-89dd-4015-bb2c-d5dbd304c867 ahead_contracts=1689.00
06:35:23 INFO CANCEL_REQUESTED | side=yes reason=refresh_expiring_quote order_id=9e5efee2-3de4-4c62-97b0-9a92a848d3a3
06:35:23 INFO ORDER_NOT_RESTING | side=yes status=canceled order_id=9e5efee2-3de4-4c62-97b0-9a92a848d3a3
06:35:23 INFO CREATE_OK | side=yes price_dollars=0.5800 remaining_contracts=17.00 order_id=71a94144-048d-4441-883f-27413224f66b
06:35:23 INFO CANCEL_REQUESTED | side=no reason=refresh_expiring_quote order_id=090dc541-89dd-4015-bb2c-d5dbd304c867
06:35:23 INFO ORDER_NOT_RESTING | side=no status=canceled order_id=090dc541-89dd-4015-bb2c-d5dbd304c867
06:35:23 INFO CREATE_OK | side=no price_dollars=0.3800 remaining_contracts=26.00 order_id=bb91abeb-58f2-40cf-9043-c78d7fd6ab51
06:35:26 INFO QUEUE_POSITION | side=yes order_id=71a94144-048d-4441-883f-27413224f66b ahead_contracts=1.00
06:35:26 INFO QUEUE_POSITION | side=no order_id=bb91abeb-58f2-40cf-9043-c78d7fd6ab51 ahead_contracts=1689.00
06:35:41 INFO QUEUE_POSITION | side=yes order_id=71a94144-048d-4441-883f-27413224f66b ahead_contracts=1.00
06:35:41 INFO QUEUE_POSITION | side=no order_id=bb91abeb-58f2-40cf-9043-c78d7fd6ab51 ahead_contracts=1689.00
06:35:56 INFO QUEUE_POSITION | side=yes order_id=71a94144-048d-4441-883f-27413224f66b ahead_contracts=1.00
06:35:56 INFO QUEUE_POSITION | side=no order_id=bb91abeb-58f2-40cf-9043-c78d7fd6ab51 ahead_contracts=1689.00
06:36:11 INFO QUEUE_POSITION | side=yes order_id=71a94144-048d-4441-883f-27413224f66b ahead_contracts=1.00
06:36:11 INFO QUEUE_POSITION | side=no order_id=bb91abeb-58f2-40cf-9043-c78d7fd6ab51 ahead_contracts=1689.00
06:36:23 INFO ORDER_NOT_RESTING | side=no status=canceled order_id=bb91abeb-58f2-40cf-9043-c78d7fd6ab51
06:36:23 INFO ORDER_NOT_RESTING | side=yes status=canceled order_id=71a94144-048d-4441-883f-27413224f66b
06:36:23 INFO CREATE_OK | side=yes price_dollars=0.5900 remaining_contracts=16.00 order_id=ff94b76a-aeb4-44ab-a6a1-395fc171f648
06:36:23 INFO CREATE_OK | side=no price_dollars=0.3900 remaining_contracts=25.00 order_id=d4a37ce4-3750-456b-87a8-9fe6785a1fcc
06:36:23 INFO AMEND_OK | side=yes price_dollars=0.5800 total_fillable_contracts=17.00 order_id=ff94b76a-aeb4-44ab-a6a1-395fc171f648
06:36:23 INFO AMEND_OK | side=no price_dollars=0.3800 total_fillable_contracts=26.00 order_id=d4a37ce4-3750-456b-87a8-9fe6785a1fcc
06:36:26 INFO QUEUE_POSITION | side=yes order_id=ff94b76a-aeb4-44ab-a6a1-395fc171f648 ahead_contracts=1.00
06:36:26 INFO QUEUE_POSITION | side=no order_id=d4a37ce4-3750-456b-87a8-9fe6785a1fcc ahead_contracts=1689.00
06:36:41 INFO QUEUE_POSITION | side=yes order_id=ff94b76a-aeb4-44ab-a6a1-395fc171f648 ahead_contracts=1.00
06:36:41 INFO QUEUE_POSITION | side=no order_id=d4a37ce4-3750-456b-87a8-9fe6785a1fcc ahead_contracts=1689.00
06:36:56 INFO QUEUE_POSITION | side=yes order_id=ff94b76a-aeb4-44ab-a6a1-395fc171f648 ahead_contracts=1.00
06:36:56 INFO QUEUE_POSITION | side=no order_id=d4a37ce4-3750-456b-87a8-9fe6785a1fcc ahead_contracts=1689.00
06:37:11 INFO QUEUE_POSITION | side=yes order_id=ff94b76a-aeb4-44ab-a6a1-395fc171f648 ahead_contracts=1.00
06:37:12 INFO QUEUE_POSITION | side=no order_id=d4a37ce4-3750-456b-87a8-9fe6785a1fcc ahead_contracts=1689.00
06:37:23 INFO ORDER_NOT_RESTING | side=yes status=canceled order_id=ff94b76a-aeb4-44ab-a6a1-395fc171f648
06:37:23 INFO ORDER_NOT_RESTING | side=no status=canceled order_id=d4a37ce4-3750-456b-87a8-9fe6785a1fcc
06:37:23 INFO CREATE_OK | side=yes price_dollars=0.5900 remaining_contracts=16.00 order_id=269b2073-9933-425c-ac82-5f5eba221a85
06:37:23 INFO CREATE_OK | side=no price_dollars=0.3800 remaining_contracts=26.00 order_id=54c1984b-2b5b-4c77-bb41-78f9beb03fd7
06:37:23 INFO AMEND_OK | side=yes price_dollars=0.5800 total_fillable_contracts=17.00 order_id=269b2073-9933-425c-ac82-5f5eba221a85
06:37:27 INFO QUEUE_POSITION | side=yes order_id=269b2073-9933-425c-ac82-5f5eba221a85 ahead_contracts=1.00
06:37:27 INFO QUEUE_POSITION | side=no order_id=54c1984b-2b5b-4c77-bb41-78f9beb03fd7 ahead_contracts=1689.00
06:37:42 INFO QUEUE_POSITION | side=yes order_id=269b2073-9933-425c-ac82-5f5eba221a85 ahead_contracts=1.00
06:37:42 INFO QUEUE_POSITION | side=no order_id=54c1984b-2b5b-4c77-bb41-78f9beb03fd7 ahead_contracts=1689.00
06:37:57 INFO QUEUE_POSITION | side=yes order_id=269b2073-9933-425c-ac82-5f5eba221a85 ahead_contracts=1.00
06:37:57 INFO QUEUE_POSITION | side=no order_id=54c1984b-2b5b-4c77-bb41-78f9beb03fd7 ahead_contracts=1689.00
06:38:12 INFO QUEUE_POSITION | side=yes order_id=269b2073-9933-425c-ac82-5f5eba221a85 ahead_contracts=1.00
06:38:12 INFO QUEUE_POSITION | side=no order_id=54c1984b-2b5b-4c77-bb41-78f9beb03fd7 ahead_contracts=1689.00
06:38:18 INFO CANCEL_REQUESTED | side=yes reason=refresh_expiring_quote order_id=269b2073-9933-425c-ac82-5f5eba221a85
06:38:18 INFO ORDER_NOT_RESTING | side=yes status=canceled order_id=269b2073-9933-425c-ac82-5f5eba221a85
06:38:18 INFO CREATE_OK | side=yes price_dollars=0.5800 remaining_contracts=17.00 order_id=a9eb1b9b-8173-48d8-8b30-1e89ed60d548
06:38:18 INFO CANCEL_REQUESTED | side=no reason=refresh_expiring_quote order_id=54c1984b-2b5b-4c77-bb41-78f9beb03fd7
06:38:18 INFO ORDER_NOT_RESTING | side=no status=canceled order_id=54c1984b-2b5b-4c77-bb41-78f9beb03fd7
06:38:18 INFO CREATE_OK | side=no price_dollars=0.3800 remaining_contracts=26.00 order_id=035ec09c-aa3d-43f9-8c30-c320dc20bae3
06:38:27 INFO QUEUE_POSITION | side=yes order_id=a9eb1b9b-8173-48d8-8b30-1e89ed60d548 ahead_contracts=1.00
06:38:27 INFO QUEUE_POSITION | side=no order_id=035ec09c-aa3d-43f9-8c30-c320dc20bae3 ahead_contracts=1626.00
06:38:42 INFO QUEUE_POSITION | side=yes order_id=a9eb1b9b-8173-48d8-8b30-1e89ed60d548 ahead_contracts=1.00
06:38:42 INFO QUEUE_POSITION | side=no order_id=035ec09c-aa3d-43f9-8c30-c320dc20bae3 ahead_contracts=1626.00
06:38:57 INFO QUEUE_POSITION | side=yes order_id=a9eb1b9b-8173-48d8-8b30-1e89ed60d548 ahead_contracts=1.00
06:38:57 INFO QUEUE_POSITION | side=no order_id=035ec09c-aa3d-43f9-8c30-c320dc20bae3 ahead_contracts=1626.00
06:39:12 INFO QUEUE_POSITION | side=yes order_id=a9eb1b9b-8173-48d8-8b30-1e89ed60d548 ahead_contracts=1.00
06:39:12 INFO QUEUE_POSITION | side=no order_id=035ec09c-aa3d-43f9-8c30-c320dc20bae3 ahead_contracts=1626.00
06:39:18 INFO ORDER_NOT_RESTING | side=yes status=canceled order_id=a9eb1b9b-8173-48d8-8b30-1e89ed60d548
06:39:18 INFO ORDER_NOT_RESTING | side=no status=canceled order_id=035ec09c-aa3d-43f9-8c30-c320dc20bae3
06:39:18 INFO CREATE_OK | side=yes price_dollars=0.5900 remaining_contracts=16.00 order_id=db74c1e2-cac8-464e-b7bb-849ee481310f
06:39:18 INFO CREATE_OK | side=no price_dollars=0.3900 remaining_contracts=25.00 order_id=c11377df-b394-48b6-9577-aa34367fd8b6
06:39:18 INFO AMEND_OK | side=yes price_dollars=0.5800 total_fillable_contracts=17.00 order_id=db74c1e2-cac8-464e-b7bb-849ee481310f
06:39:18 INFO AMEND_OK | side=no price_dollars=0.3800 total_fillable_contracts=26.00 order_id=c11377df-b394-48b6-9577-aa34367fd8b6
06:39:27 INFO QUEUE_POSITION | side=yes order_id=db74c1e2-cac8-464e-b7bb-849ee481310f ahead_contracts=1.00
06:39:27 INFO QUEUE_POSITION | side=no order_id=c11377df-b394-48b6-9577-aa34367fd8b6 ahead_contracts=1626.00
06:39:42 INFO QUEUE_POSITION | side=yes order_id=db74c1e2-cac8-464e-b7bb-849ee481310f ahead_contracts=1.00
06:39:42 INFO QUEUE_POSITION | side=no order_id=c11377df-b394-48b6-9577-aa34367fd8b6 ahead_contracts=1626.00
06:39:57 INFO QUEUE_POSITION | side=yes order_id=db74c1e2-cac8-464e-b7bb-849ee481310f ahead_contracts=1.00
06:39:57 INFO QUEUE_POSITION | side=no order_id=c11377df-b394-48b6-9577-aa34367fd8b6 ahead_contracts=1626.00
06:40:12 INFO QUEUE_POSITION | side=yes order_id=db74c1e2-cac8-464e-b7bb-849ee481310f ahead_contracts=1.00
06:40:12 INFO QUEUE_POSITION | side=no order_id=c11377df-b394-48b6-9577-aa34367fd8b6 ahead_contracts=1626.00
06:40:18 INFO ORDER_NOT_RESTING | side=no status=canceled order_id=c11377df-b394-48b6-9577-aa34367fd8b6
06:40:18 INFO ORDER_NOT_RESTING | side=yes status=canceled order_id=db74c1e2-cac8-464e-b7bb-849ee481310f
06:40:18 INFO CANCEL_SKIPPED_ORDER_MISSING | side=yes reason=refresh_expiring_quote order_id=db74c1e2-cac8-464e-b7bb-849ee481310f
06:40:18 INFO CREATE_OK | side=yes price_dollars=0.5800 remaining_contracts=17.00 order_id=90b5da89-36fb-4148-8d3f-02ee91a6bd2d
06:40:18 INFO CREATE_OK | side=no price_dollars=0.3900 remaining_contracts=25.00 order_id=52e9c420-d1f9-4716-85dd-73d7d333e2d8
06:40:18 INFO AMEND_OK | side=no price_dollars=0.3800 total_fillable_contracts=26.00 order_id=52e9c420-d1f9-4716-85dd-73d7d333e2d8
06:40:27 INFO QUEUE_POSITION | side=yes order_id=90b5da89-36fb-4148-8d3f-02ee91a6bd2d ahead_contracts=1.00
06:40:27 INFO QUEUE_POSITION | side=no order_id=52e9c420-d1f9-4716-85dd-73d7d333e2d8 ahead_contracts=1626.00
06:40:42 INFO QUEUE_POSITION | side=yes order_id=90b5da89-36fb-4148-8d3f-02ee91a6bd2d ahead_contracts=1.00
06:40:42 INFO QUEUE_POSITION | side=no order_id=52e9c420-d1f9-4716-85dd-73d7d333e2d8 ahead_contracts=1626.00
06:40:58 INFO QUEUE_POSITION | side=yes order_id=90b5da89-36fb-4148-8d3f-02ee91a6bd2d ahead_contracts=1.00
06:40:58 INFO QUEUE_POSITION | side=no order_id=52e9c420-d1f9-4716-85dd-73d7d333e2d8 ahead_contracts=1626.00
06:41:13 INFO QUEUE_POSITION | side=yes order_id=90b5da89-36fb-4148-8d3f-02ee91a6bd2d ahead_contracts=1.00
06:41:13 INFO QUEUE_POSITION | side=no order_id=52e9c420-d1f9-4716-85dd-73d7d333e2d8 ahead_contracts=1626.00
06:41:18 INFO ORDER_NOT_RESTING | side=no status=canceled order_id=52e9c420-d1f9-4716-85dd-73d7d333e2d8
06:41:18 INFO ORDER_NOT_RESTING | side=yes status=canceled order_id=90b5da89-36fb-4148-8d3f-02ee91a6bd2d
06:41:18 INFO CANCEL_SKIPPED_ORDER_MISSING | side=yes reason=refresh_expiring_quote order_id=90b5da89-36fb-4148-8d3f-02ee91a6bd2d
06:41:18 INFO CREATE_OK | side=yes price_dollars=0.5800 remaining_contracts=17.00 order_id=65d958f6-37be-4cd2-a82c-f2cf2b6b4036
06:41:18 INFO CREATE_OK | side=no price_dollars=0.3900 remaining_contracts=25.00 order_id=18de2f09-cebd-49cd-8393-8a4e8ce37aef
06:41:18 INFO AMEND_OK | side=no price_dollars=0.3800 total_fillable_contracts=26.00 order_id=18de2f09-cebd-49cd-8393-8a4e8ce37aef
06:41:28 INFO QUEUE_POSITION | side=yes order_id=65d958f6-37be-4cd2-a82c-f2cf2b6b4036 ahead_contracts=1.00
06:41:28 INFO QUEUE_POSITION | side=no order_id=18de2f09-cebd-49cd-8393-8a4e8ce37aef ahead_contracts=1626.00
06:41:43 INFO QUEUE_POSITION | side=yes order_id=65d958f6-37be-4cd2-a82c-f2cf2b6b4036 ahead_contracts=1.00
06:41:43 INFO QUEUE_POSITION | side=no order_id=18de2f09-cebd-49cd-8393-8a4e8ce37aef ahead_contracts=1626.00
06:41:58 INFO QUEUE_POSITION | side=yes order_id=65d958f6-37be-4cd2-a82c-f2cf2b6b4036 ahead_contracts=1.00
06:41:58 INFO QUEUE_POSITION | side=no order_id=18de2f09-cebd-49cd-8393-8a4e8ce37aef ahead_contracts=1626.00
06:42:13 INFO QUEUE_POSITION | side=yes order_id=65d958f6-37be-4cd2-a82c-f2cf2b6b4036 ahead_contracts=1.00
06:42:13 INFO QUEUE_POSITION | side=no order_id=18de2f09-cebd-49cd-8393-8a4e8ce37aef ahead_contracts=1626.00
06:42:18 INFO ORDER_NOT_RESTING | side=no status=canceled order_id=18de2f09-cebd-49cd-8393-8a4e8ce37aef
06:42:18 INFO ORDER_NOT_RESTING | side=yes status=canceled order_id=65d958f6-37be-4cd2-a82c-f2cf2b6b4036
06:42:18 INFO CREATE_OK | side=yes price_dollars=0.5900 remaining_contracts=16.00 order_id=f0cf1432-dd83-435b-9534-088a2ba1cf88
06:42:18 INFO CREATE_OK | side=no price_dollars=0.3900 remaining_contracts=25.00 order_id=800b5a45-f0fd-41c1-bd76-f7f7af3c4e2d
06:42:18 INFO AMEND_OK | side=yes price_dollars=0.5800 total_fillable_contracts=17.00 order_id=f0cf1432-dd83-435b-9534-088a2ba1cf88
06:42:18 INFO AMEND_OK | side=no price_dollars=0.3800 total_fillable_contracts=26.00 order_id=800b5a45-f0fd-41c1-bd76-f7f7af3c4e2d
06:42:28 INFO QUEUE_POSITION | side=yes order_id=f0cf1432-dd83-435b-9534-088a2ba1cf88 ahead_contracts=1.00
06:42:28 INFO QUEUE_POSITION | side=no order_id=800b5a45-f0fd-41c1-bd76-f7f7af3c4e2d ahead_contracts=1626.00
06:42:43 INFO QUEUE_POSITION | side=yes order_id=f0cf1432-dd83-435b-9534-088a2ba1cf88 ahead_contracts=1.00
06:42:43 INFO QUEUE_POSITION | side=no order_id=800b5a45-f0fd-41c1-bd76-f7f7af3c4e2d ahead_contracts=1626.00
06:42:58 INFO QUEUE_POSITION | side=yes order_id=f0cf1432-dd83-435b-9534-088a2ba1cf88 ahead_contracts=1.00
06:42:58 INFO QUEUE_POSITION | side=no order_id=800b5a45-f0fd-41c1-bd76-f7f7af3c4e2d ahead_contracts=1626.00
06:43:13 INFO QUEUE_POSITION | side=yes order_id=f0cf1432-dd83-435b-9534-088a2ba1cf88 ahead_contracts=1.00
06:43:13 INFO QUEUE_POSITION | side=no order_id=800b5a45-f0fd-41c1-bd76-f7f7af3c4e2d ahead_contracts=1626.00
06:43:18 INFO ORDER_NOT_RESTING | side=yes status=canceled order_id=f0cf1432-dd83-435b-9534-088a2ba1cf88
06:43:18 INFO ORDER_NOT_RESTING | side=no status=canceled order_id=800b5a45-f0fd-41c1-bd76-f7f7af3c4e2d
06:43:18 INFO CREATE_OK | side=yes price_dollars=0.5900 remaining_contracts=16.00 order_id=6c2d79c5-f354-4ac5-ab9d-f901dced5596
06:43:18 INFO CREATE_OK | side=no price_dollars=0.3800 remaining_contracts=26.00 order_id=4a7c4f96-e6bc-41dc-9c32-3b7b49743b6d
06:43:18 INFO AMEND_OK | side=yes price_dollars=0.5800 total_fillable_contracts=17.00 order_id=6c2d79c5-f354-4ac5-ab9d-f901dced5596
06:43:28 INFO QUEUE_POSITION | side=yes order_id=6c2d79c5-f354-4ac5-ab9d-f901dced5596 ahead_contracts=1.00
06:43:28 INFO QUEUE_POSITION | side=no order_id=4a7c4f96-e6bc-41dc-9c32-3b7b49743b6d ahead_contracts=1626.00
06:43:43 INFO QUEUE_POSITION | side=yes order_id=6c2d79c5-f354-4ac5-ab9d-f901dced5596 ahead_contracts=1.00
06:43:43 INFO QUEUE_POSITION | side=no order_id=4a7c4f96-e6bc-41dc-9c32-3b7b49743b6d ahead_contracts=1626.00
06:43:58 INFO QUEUE_POSITION | side=yes order_id=6c2d79c5-f354-4ac5-ab9d-f901dced5596 ahead_contracts=1.00
06:43:58 INFO QUEUE_POSITION | side=no order_id=4a7c4f96-e6bc-41dc-9c32-3b7b49743b6d ahead_contracts=1626.00
06:44:13 INFO QUEUE_POSITION | side=yes order_id=6c2d79c5-f354-4ac5-ab9d-f901dced5596 ahead_contracts=1.00
06:44:13 INFO QUEUE_POSITION | side=no order_id=4a7c4f96-e6bc-41dc-9c32-3b7b49743b6d ahead_contracts=1626.00
06:44:18 INFO ORDER_NOT_RESTING | side=yes status=canceled order_id=6c2d79c5-f354-4ac5-ab9d-f901dced5596
06:44:18 INFO ORDER_NOT_RESTING | side=no status=canceled order_id=4a7c4f96-e6bc-41dc-9c32-3b7b49743b6d
06:44:18 INFO CREATE_OK | side=yes price_dollars=0.5900 remaining_contracts=16.00 order_id=fec1d825-3808-4069-9a4d-7e0497255b32
06:44:18 INFO CREATE_OK | side=no price_dollars=0.3800 remaining_contracts=26.00 order_id=262e82dd-bc36-44a7-aa3a-db902e968395
06:44:18 INFO AMEND_OK | side=yes price_dollars=0.5800 total_fillable_contracts=17.00 order_id=fec1d825-3808-4069-9a4d-7e0497255b32
06:44:28 INFO QUEUE_POSITION | side=yes order_id=fec1d825-3808-4069-9a4d-7e0497255b32 ahead_contracts=1.00
06:44:28 INFO QUEUE_POSITION | side=no order_id=262e82dd-bc36-44a7-aa3a-db902e968395 ahead_contracts=1626.00
06:44:43 INFO QUEUE_POSITION | side=yes order_id=fec1d825-3808-4069-9a4d-7e0497255b32 ahead_contracts=1.00
06:44:44 INFO QUEUE_POSITION | side=no order_id=262e82dd-bc36-44a7-aa3a-db902e968395 ahead_contracts=1626.00
06:44:59 INFO QUEUE_POSITION | side=yes order_id=fec1d825-3808-4069-9a4d-7e0497255b32 ahead_contracts=1.00
06:44:59 INFO QUEUE_POSITION | side=no order_id=262e82dd-bc36-44a7-aa3a-db902e968395 ahead_contracts=1626.00
06:45:14 INFO QUEUE_POSITION | side=yes order_id=fec1d825-3808-4069-9a4d-7e0497255b32 ahead_contracts=1.00
06:45:14 INFO QUEUE_POSITION | side=no order_id=262e82dd-bc36-44a7-aa3a-db902e968395 ahead_contracts=1626.00
06:45:18 INFO ORDER_NOT_RESTING | side=no status=canceled order_id=262e82dd-bc36-44a7-aa3a-db902e968395
06:45:18 INFO ORDER_NOT_RESTING | side=yes status=canceled order_id=fec1d825-3808-4069-9a4d-7e0497255b32
06:45:18 INFO CANCEL_SKIPPED_ORDER_MISSING | side=yes reason=refresh_expiring_quote order_id=fec1d825-3808-4069-9a4d-7e0497255b32
06:45:18 INFO CREATE_OK | side=yes price_dollars=0.5800 remaining_contracts=17.00 order_id=0f902a69-ccf6-4afd-b5fe-e420e18ebf8a
06:45:18 INFO CREATE_OK | side=no price_dollars=0.3900 remaining_contracts=25.00 order_id=06b37eb0-31d9-407e-b180-2d69c6e4cb70
06:45:18 INFO AMEND_OK | side=no price_dollars=0.3800 total_fillable_contracts=26.00 order_id=06b37eb0-31d9-407e-b180-2d69c6e4cb70
06:45:29 INFO QUEUE_POSITION | side=yes order_id=0f902a69-ccf6-4afd-b5fe-e420e18ebf8a ahead_contracts=1.00
06:45:29 INFO QUEUE_POSITION | side=no order_id=06b37eb0-31d9-407e-b180-2d69c6e4cb70 ahead_contracts=1626.00
06:45:44 INFO QUEUE_POSITION | side=yes order_id=0f902a69-ccf6-4afd-b5fe-e420e18ebf8a ahead_contracts=1.00
06:45:44 INFO QUEUE_POSITION | side=no order_id=06b37eb0-31d9-407e-b180-2d69c6e4cb70 ahead_contracts=1626.00
06:45:59 INFO QUEUE_POSITION | side=yes order_id=0f902a69-ccf6-4afd-b5fe-e420e18ebf8a ahead_contracts=1.00
06:45:59 INFO QUEUE_POSITION | side=no order_id=06b37eb0-31d9-407e-b180-2d69c6e4cb70 ahead_contracts=1626.00
06:46:14 INFO QUEUE_POSITION | side=yes order_id=0f902a69-ccf6-4afd-b5fe-e420e18ebf8a ahead_contracts=1.00
06:46:14 INFO QUEUE_POSITION | side=no order_id=06b37eb0-31d9-407e-b180-2d69c6e4cb70 ahead_contracts=1626.00
06:46:18 INFO ORDER_NOT_RESTING | side=yes status=canceled order_id=0f902a69-ccf6-4afd-b5fe-e420e18ebf8a
06:46:18 INFO ORDER_NOT_RESTING | side=no status=canceled order_id=06b37eb0-31d9-407e-b180-2d69c6e4cb70
06:46:18 INFO CREATE_OK | side=yes price_dollars=0.5900 remaining_contracts=16.00 order_id=67ee2a75-941c-4528-bd47-1bce8fc9bfd1
06:46:18 INFO CREATE_OK | side=no price_dollars=0.3800 remaining_contracts=26.00 order_id=e325ebf4-0761-4f5c-ae76-497ab944f48a
06:46:18 INFO AMEND_OK | side=yes price_dollars=0.5800 total_fillable_contracts=17.00 order_id=67ee2a75-941c-4528-bd47-1bce8fc9bfd1
06:46:29 INFO QUEUE_POSITION | side=yes order_id=67ee2a75-941c-4528-bd47-1bce8fc9bfd1 ahead_contracts=1.00
06:46:29 INFO QUEUE_POSITION | side=no order_id=e325ebf4-0761-4f5c-ae76-497ab944f48a ahead_contracts=1626.00
06:46:44 INFO QUEUE_POSITION | side=yes order_id=67ee2a75-941c-4528-bd47-1bce8fc9bfd1 ahead_contracts=1.00
06:46:44 INFO QUEUE_POSITION | side=no order_id=e325ebf4-0761-4f5c-ae76-497ab944f48a ahead_contracts=1626.00
06:46:59 INFO QUEUE_POSITION | side=yes order_id=67ee2a75-941c-4528-bd47-1bce8fc9bfd1 ahead_contracts=1.00
06:46:59 INFO QUEUE_POSITION | side=no order_id=e325ebf4-0761-4f5c-ae76-497ab944f48a ahead_contracts=1626.00
06:47:14 INFO QUEUE_POSITION | side=yes order_id=67ee2a75-941c-4528-bd47-1bce8fc9bfd1 ahead_contracts=1.00
06:47:14 INFO QUEUE_POSITION | side=no order_id=e325ebf4-0761-4f5c-ae76-497ab944f48a ahead_contracts=1626.00
06:47:18 INFO ORDER_NOT_RESTING | side=yes status=canceled order_id=67ee2a75-941c-4528-bd47-1bce8fc9bfd1
06:47:18 INFO ORDER_NOT_RESTING | side=no status=canceled order_id=e325ebf4-0761-4f5c-ae76-497ab944f48a
06:47:18 INFO CREATE_OK | side=yes price_dollars=0.5900 remaining_contracts=16.00 order_id=87881e59-877f-4bff-8704-6bda8916baad
06:47:18 INFO CREATE_OK | side=no price_dollars=0.3800 remaining_contracts=26.00 order_id=d37f19c4-3fbd-48c5-8e81-4c0582b22b42
06:47:18 INFO AMEND_OK | side=yes price_dollars=0.5800 total_fillable_contracts=17.00 order_id=87881e59-877f-4bff-8704-6bda8916baad
06:47:29 INFO QUEUE_POSITION | side=yes order_id=87881e59-877f-4bff-8704-6bda8916baad ahead_contracts=1.00
06:47:29 INFO QUEUE_POSITION | side=no order_id=d37f19c4-3fbd-48c5-8e81-4c0582b22b42 ahead_contracts=1626.00
06:47:44 INFO QUEUE_POSITION | side=yes order_id=87881e59-877f-4bff-8704-6bda8916baad ahead_contracts=1.00
06:47:44 INFO QUEUE_POSITION | side=no order_id=d37f19c4-3fbd-48c5-8e81-4c0582b22b42 ahead_contracts=1626.00
06:47:59 INFO QUEUE_POSITION | side=yes order_id=87881e59-877f-4bff-8704-6bda8916baad ahead_contracts=1.00
06:47:59 INFO QUEUE_POSITION | side=no order_id=d37f19c4-3fbd-48c5-8e81-4c0582b22b42 ahead_contracts=1626.00
06:48:14 INFO QUEUE_POSITION | side=yes order_id=87881e59-877f-4bff-8704-6bda8916baad ahead_contracts=1.00
06:48:14 INFO QUEUE_POSITION | side=no order_id=d37f19c4-3fbd-48c5-8e81-4c0582b22b42 ahead_contracts=1626.00
06:48:18 INFO ORDER_NOT_RESTING | side=no status=canceled order_id=d37f19c4-3fbd-48c5-8e81-4c0582b22b42
06:48:18 INFO ORDER_NOT_RESTING | side=yes status=canceled order_id=87881e59-877f-4bff-8704-6bda8916baad
06:48:18 INFO CREATE_OK | side=yes price_dollars=0.5900 remaining_contracts=16.00 order_id=17fcba23-313a-4639-b88b-b27a8f0bd492
06:48:18 INFO CREATE_OK | side=no price_dollars=0.3900 remaining_contracts=25.00 order_id=57acf6bb-19b5-4c05-bb7e-3867ca046086
06:48:18 INFO AMEND_OK | side=yes price_dollars=0.5800 total_fillable_contracts=17.00 order_id=17fcba23-313a-4639-b88b-b27a8f0bd492
06:48:18 INFO AMEND_OK | side=no price_dollars=0.3800 total_fillable_contracts=26.00 order_id=57acf6bb-19b5-4c05-bb7e-3867ca046086
06:48:29 INFO QUEUE_POSITION | side=yes order_id=17fcba23-313a-4639-b88b-b27a8f0bd492 ahead_contracts=1.00
06:48:30 INFO QUEUE_POSITION | side=no order_id=57acf6bb-19b5-4c05-bb7e-3867ca046086 ahead_contracts=1626.00
06:48:45 INFO QUEUE_POSITION | side=yes order_id=17fcba23-313a-4639-b88b-b27a8f0bd492 ahead_contracts=1.00
06:48:45 INFO QUEUE_POSITION | side=no order_id=57acf6bb-19b5-4c05-bb7e-3867ca046086 ahead_contracts=1626.00
06:49:00 INFO QUEUE_POSITION | side=yes order_id=17fcba23-313a-4639-b88b-b27a8f0bd492 ahead_contracts=1.00
06:49:00 INFO QUEUE_POSITION | side=no order_id=57acf6bb-19b5-4c05-bb7e-3867ca046086 ahead_contracts=1626.00
06:49:15 INFO QUEUE_POSITION | side=yes order_id=17fcba23-313a-4639-b88b-b27a8f0bd492 ahead_contracts=1.00
06:49:15 INFO QUEUE_POSITION | side=no order_id=57acf6bb-19b5-4c05-bb7e-3867ca046086 ahead_contracts=1626.00
06:49:18 INFO ORDER_NOT_RESTING | side=no status=canceled order_id=57acf6bb-19b5-4c05-bb7e-3867ca046086
06:49:18 INFO ORDER_NOT_RESTING | side=yes status=canceled order_id=17fcba23-313a-4639-b88b-b27a8f0bd492
06:49:18 INFO CANCEL_SKIPPED_ORDER_MISSING | side=yes reason=refresh_expiring_quote order_id=17fcba23-313a-4639-b88b-b27a8f0bd492
06:49:18 INFO CREATE_OK | side=yes price_dollars=0.5800 remaining_contracts=17.00 order_id=2d19d857-cb40-4efc-b749-7557e2f14971
06:49:18 INFO CREATE_OK | side=no price_dollars=0.3900 remaining_contracts=25.00 order_id=ff3f3051-7ca5-4d00-8a63-eb314740d8a3
06:49:18 INFO AMEND_OK | side=no price_dollars=0.3800 total_fillable_contracts=26.00 order_id=ff3f3051-7ca5-4d00-8a63-eb314740d8a3
06:49:30 INFO QUEUE_POSITION | side=yes order_id=2d19d857-cb40-4efc-b749-7557e2f14971 ahead_contracts=1.00
06:49:30 INFO QUEUE_POSITION | side=no order_id=ff3f3051-7ca5-4d00-8a63-eb314740d8a3 ahead_contracts=1626.00
06:49:45 INFO QUEUE_POSITION | side=yes order_id=2d19d857-cb40-4efc-b749-7557e2f14971 ahead_contracts=1.00
06:49:45 INFO QUEUE_POSITION | side=no order_id=ff3f3051-7ca5-4d00-8a63-eb314740d8a3 ahead_contracts=1626.00
06:50:00 INFO QUEUE_POSITION | side=yes order_id=2d19d857-cb40-4efc-b749-7557e2f14971 ahead_contracts=1.00
06:50:00 INFO QUEUE_POSITION | side=no order_id=ff3f3051-7ca5-4d00-8a63-eb314740d8a3 ahead_contracts=1626.00
06:50:15 INFO QUEUE_POSITION | side=yes order_id=2d19d857-cb40-4efc-b749-7557e2f14971 ahead_contracts=1.00
06:50:15 INFO QUEUE_POSITION | side=no order_id=ff3f3051-7ca5-4d00-8a63-eb314740d8a3 ahead_contracts=1626.00
06:50:18 INFO ORDER_NOT_RESTING | side=no status=canceled order_id=ff3f3051-7ca5-4d00-8a63-eb314740d8a3
06:50:18 INFO ORDER_NOT_RESTING | side=yes status=canceled order_id=2d19d857-cb40-4efc-b749-7557e2f14971
06:50:18 INFO CANCEL_SKIPPED_ORDER_MISSING | side=yes reason=refresh_expiring_quote order_id=2d19d857-cb40-4efc-b749-7557e2f14971
06:50:18 INFO CREATE_OK | side=yes price_dollars=0.5800 remaining_contracts=17.00 order_id=c13a3f1b-5c7a-4187-9625-c7b4c49a0589
06:50:18 INFO CREATE_OK | side=no price_dollars=0.3900 remaining_contracts=25.00 order_id=2a54fd8c-9cb7-4ffe-b97f-638e89c14e3e
06:50:18 INFO AMEND_OK | side=no price_dollars=0.3800 total_fillable_contracts=26.00 order_id=2a54fd8c-9cb7-4ffe-b97f-638e89c14e3e
06:50:30 INFO QUEUE_POSITION | side=yes order_id=c13a3f1b-5c7a-4187-9625-c7b4c49a0589 ahead_contracts=1.00
06:50:30 INFO QUEUE_POSITION | side=no order_id=2a54fd8c-9cb7-4ffe-b97f-638e89c14e3e ahead_contracts=1626.00
06:50:45 INFO QUEUE_POSITION | side=yes order_id=c13a3f1b-5c7a-4187-9625-c7b4c49a0589 ahead_contracts=1.00
06:50:45 INFO QUEUE_POSITION | side=no order_id=2a54fd8c-9cb7-4ffe-b97f-638e89c14e3e ahead_contracts=1626.00
06:51:00 INFO QUEUE_POSITION | side=yes order_id=c13a3f1b-5c7a-4187-9625-c7b4c49a0589 ahead_contracts=1.00
06:51:00 INFO QUEUE_POSITION | side=no order_id=2a54fd8c-9cb7-4ffe-b97f-638e89c14e3e ahead_contracts=1626.00
06:51:15 INFO QUEUE_POSITION | side=yes order_id=c13a3f1b-5c7a-4187-9625-c7b4c49a0589 ahead_contracts=1.00
06:51:15 INFO QUEUE_POSITION | side=no order_id=2a54fd8c-9cb7-4ffe-b97f-638e89c14e3e ahead_contracts=1626.00
06:51:18 INFO ORDER_NOT_RESTING | side=yes status=canceled order_id=c13a3f1b-5c7a-4187-9625-c7b4c49a0589
06:51:18 INFO ORDER_NOT_RESTING | side=no status=canceled order_id=2a54fd8c-9cb7-4ffe-b97f-638e89c14e3e
06:51:18 INFO CREATE_OK | side=yes price_dollars=0.5900 remaining_contracts=16.00 order_id=7700f591-6424-41ec-a8ee-70327e72b1dc
06:51:18 INFO CREATE_OK | side=no price_dollars=0.3800 remaining_contracts=26.00 order_id=801b82d5-bd33-4930-b977-69dc065d86fa
06:51:18 INFO AMEND_OK | side=yes price_dollars=0.5800 total_fillable_contracts=17.00 order_id=7700f591-6424-41ec-a8ee-70327e72b1dc
06:51:30 INFO QUEUE_POSITION | side=yes order_id=7700f591-6424-41ec-a8ee-70327e72b1dc ahead_contracts=1.00
06:51:30 INFO QUEUE_POSITION | side=no order_id=801b82d5-bd33-4930-b977-69dc065d86fa ahead_contracts=1626.00
06:51:45 INFO QUEUE_POSITION | side=yes order_id=7700f591-6424-41ec-a8ee-70327e72b1dc ahead_contracts=1.00
06:51:45 INFO QUEUE_POSITION | side=no order_id=801b82d5-bd33-4930-b977-69dc065d86fa ahead_contracts=1626.00
06:52:00 INFO QUEUE_POSITION | side=yes order_id=7700f591-6424-41ec-a8ee-70327e72b1dc ahead_contracts=1.00
06:52:00 INFO QUEUE_POSITION | side=no order_id=801b82d5-bd33-4930-b977-69dc065d86fa ahead_contracts=1626.00
06:52:15 INFO QUEUE_POSITION | side=yes order_id=7700f591-6424-41ec-a8ee-70327e72b1dc ahead_contracts=1.00
06:52:16 INFO QUEUE_POSITION | side=no order_id=801b82d5-bd33-4930-b977-69dc065d86fa ahead_contracts=1626.00
06:52:18 INFO ORDER_NOT_RESTING | side=yes status=canceled order_id=7700f591-6424-41ec-a8ee-70327e72b1dc
06:52:18 INFO ORDER_NOT_RESTING | side=no status=canceled order_id=801b82d5-bd33-4930-b977-69dc065d86fa
06:52:18 INFO CREATE_OK | side=yes price_dollars=0.5900 remaining_contracts=16.00 order_id=2ce6709e-8d7d-4734-9ed7-9800a3b5ba43
06:52:18 INFO CREATE_OK | side=no price_dollars=0.3800 remaining_contracts=26.00 order_id=0a035384-094d-4cbb-b97d-d6a5a00be431
06:52:18 INFO AMEND_OK | side=yes price_dollars=0.5800 total_fillable_contracts=17.00 order_id=2ce6709e-8d7d-4734-9ed7-9800a3b5ba43
06:52:31 INFO QUEUE_POSITION | side=yes order_id=2ce6709e-8d7d-4734-9ed7-9800a3b5ba43 ahead_contracts=1.00
06:52:31 INFO QUEUE_POSITION | side=no order_id=0a035384-094d-4cbb-b97d-d6a5a00be431 ahead_contracts=1626.00
06:52:34 INFO AMEND_OK | side=no price_dollars=0.3900 total_fillable_contracts=25.00 order_id=0a035384-094d-4cbb-b97d-d6a5a00be431
06:52:46 INFO QUEUE_POSITION | side=yes order_id=2ce6709e-8d7d-4734-9ed7-9800a3b5ba43 ahead_contracts=1.00
06:52:46 INFO QUEUE_POSITION | side=no order_id=0a035384-094d-4cbb-b97d-d6a5a00be431 ahead_contracts=5100.00
06:53:01 INFO QUEUE_POSITION | side=yes order_id=2ce6709e-8d7d-4734-9ed7-9800a3b5ba43 ahead_contracts=1.00
06:53:01 INFO QUEUE_POSITION | side=no order_id=0a035384-094d-4cbb-b97d-d6a5a00be431 ahead_contracts=5087.00
06:53:16 INFO QUEUE_POSITION | side=yes order_id=2ce6709e-8d7d-4734-9ed7-9800a3b5ba43 ahead_contracts=1.00
06:53:16 INFO QUEUE_POSITION | side=no order_id=0a035384-094d-4cbb-b97d-d6a5a00be431 ahead_contracts=5087.00
06:53:18 INFO ORDER_NOT_RESTING | side=no status=canceled order_id=0a035384-094d-4cbb-b97d-d6a5a00be431
06:53:18 INFO ORDER_NOT_RESTING | side=yes status=canceled order_id=2ce6709e-8d7d-4734-9ed7-9800a3b5ba43
06:53:18 INFO CANCEL_SKIPPED_ORDER_MISSING | side=yes reason=refresh_expiring_quote order_id=2ce6709e-8d7d-4734-9ed7-9800a3b5ba43
06:53:18 INFO CREATE_OK | side=yes price_dollars=0.5800 remaining_contracts=17.00 order_id=99c63642-b8f6-4c6e-92d3-8aecafb2d028
06:53:18 INFO CREATE_OK | side=no price_dollars=0.4000 remaining_contracts=24.00 order_id=b6e45efa-5956-469e-a51c-a1838220cfe3
06:53:18 INFO AMEND_OK | side=no price_dollars=0.3900 total_fillable_contracts=25.00 order_id=b6e45efa-5956-469e-a51c-a1838220cfe3
06:53:31 INFO QUEUE_POSITION | side=yes order_id=99c63642-b8f6-4c6e-92d3-8aecafb2d028 ahead_contracts=1.00
06:53:31 INFO QUEUE_POSITION | side=no order_id=b6e45efa-5956-469e-a51c-a1838220cfe3 ahead_contracts=5087.00
06:53:46 INFO QUEUE_POSITION | side=yes order_id=99c63642-b8f6-4c6e-92d3-8aecafb2d028 ahead_contracts=1.00
06:53:46 INFO QUEUE_POSITION | side=no order_id=b6e45efa-5956-469e-a51c-a1838220cfe3 ahead_contracts=5087.00
06:54:01 INFO QUEUE_POSITION | side=yes order_id=99c63642-b8f6-4c6e-92d3-8aecafb2d028 ahead_contracts=1.00
06:54:01 INFO QUEUE_POSITION | side=no order_id=b6e45efa-5956-469e-a51c-a1838220cfe3 ahead_contracts=5087.00
06:54:08 INFO AMEND_OK | side=yes price_dollars=0.5700 total_fillable_contracts=17.00 order_id=99c63642-b8f6-4c6e-92d3-8aecafb2d028
06:54:16 INFO QUEUE_POSITION | side=yes order_id=99c63642-b8f6-4c6e-92d3-8aecafb2d028 ahead_contracts=2.00
06:54:16 INFO QUEUE_POSITION | side=no order_id=b6e45efa-5956-469e-a51c-a1838220cfe3 ahead_contracts=5087.00
06:54:18 INFO ORDER_NOT_RESTING | side=yes status=canceled order_id=99c63642-b8f6-4c6e-92d3-8aecafb2d028
06:54:18 INFO ORDER_NOT_RESTING | side=no status=canceled order_id=b6e45efa-5956-469e-a51c-a1838220cfe3
06:54:18 INFO CREATE_OK | side=yes price_dollars=0.5800 remaining_contracts=17.00 order_id=e0847184-b556-483d-97b8-c4c1f02fa86c
06:54:18 INFO CREATE_OK | side=no price_dollars=0.3900 remaining_contracts=25.00 order_id=ad7be7de-f611-4f59-9a64-295aa206fa65
06:54:18 INFO AMEND_OK | side=yes price_dollars=0.5700 total_fillable_contracts=17.00 order_id=e0847184-b556-483d-97b8-c4c1f02fa86c
06:54:31 INFO QUEUE_POSITION | side=yes order_id=e0847184-b556-483d-97b8-c4c1f02fa86c ahead_contracts=2.00
06:54:31 INFO QUEUE_POSITION | side=no order_id=ad7be7de-f611-4f59-9a64-295aa206fa65 ahead_contracts=5087.00
06:54:46 INFO QUEUE_POSITION | side=yes order_id=e0847184-b556-483d-97b8-c4c1f02fa86c ahead_contracts=2.00
06:54:46 INFO QUEUE_POSITION | side=no order_id=ad7be7de-f611-4f59-9a64-295aa206fa65 ahead_contracts=5087.00
06:55:01 INFO QUEUE_POSITION | side=yes order_id=e0847184-b556-483d-97b8-c4c1f02fa86c ahead_contracts=2.00
06:55:01 INFO QUEUE_POSITION | side=no order_id=ad7be7de-f611-4f59-9a64-295aa206fa65 ahead_contracts=5087.00
06:55:16 INFO QUEUE_POSITION | side=yes order_id=e0847184-b556-483d-97b8-c4c1f02fa86c ahead_contracts=2.00
06:55:16 INFO QUEUE_POSITION | side=no order_id=ad7be7de-f611-4f59-9a64-295aa206fa65 ahead_contracts=5087.00
06:55:18 INFO ORDER_NOT_RESTING | side=yes status=canceled order_id=e0847184-b556-483d-97b8-c4c1f02fa86c
06:55:18 INFO ORDER_NOT_RESTING | side=no status=canceled order_id=ad7be7de-f611-4f59-9a64-295aa206fa65
06:55:18 INFO CREATE_OK | side=yes price_dollars=0.5800 remaining_contracts=17.00 order_id=949ae6f6-58d3-4a55-92f1-80fbc77248f3
06:55:18 INFO CREATE_OK | side=no price_dollars=0.4000 remaining_contracts=24.00 order_id=e1d76ade-d542-47f6-9447-b03faa3118f5
06:55:18 INFO AMEND_OK | side=yes price_dollars=0.5700 total_fillable_contracts=17.00 order_id=949ae6f6-58d3-4a55-92f1-80fbc77248f3
06:55:18 INFO AMEND_OK | side=no price_dollars=0.3900 total_fillable_contracts=25.00 order_id=e1d76ade-d542-47f6-9447-b03faa3118f5
06:55:31 INFO QUEUE_POSITION | side=yes order_id=949ae6f6-58d3-4a55-92f1-80fbc77248f3 ahead_contracts=2.00
06:55:31 INFO QUEUE_POSITION | side=no order_id=e1d76ade-d542-47f6-9447-b03faa3118f5 ahead_contracts=5087.00
06:55:46 INFO QUEUE_POSITION | side=yes order_id=949ae6f6-58d3-4a55-92f1-80fbc77248f3 ahead_contracts=2.00
06:55:46 INFO QUEUE_POSITION | side=no order_id=e1d76ade-d542-47f6-9447-b03faa3118f5 ahead_contracts=5087.00
