
=== START 2026-03-07 21:03:15 ===
CMD: /home/codespace/.python/current/bin/python3 /workspaces/Kalshi_alg/V1.py --ticker KXINXU-26MAR09H1600-T6799.9999 --yes-budget-cents 200 --no-budget-cents 200
21:03:15 INFO START | environment=PROD ticker=KXINXU-26MAR09H1600-T6799.9999 yes_budget_cents=200 no_budget_cents=200 price_structure=linear_cent fractional_trading=False dry_run=False websocket=wss://api.elections.kalshi.com/trade-api/ws/v2
21:03:15 INFO STARTUP_POSITION | contracts=0.00
21:03:16 INFO WS_CONNECTED_AND_SUBSCRIBED
21:03:16 INFO CREATE_OK | side=yes price_dollars=0.3500 remaining_contracts=5.00 order_id=0ab323c8-ca34-4842-a1c8-10037d115040
21:03:16 INFO CREATE_OK | side=no price_dollars=0.5800 remaining_contracts=3.00 order_id=8b234c41-0f0c-4147-a37b-273ac277efbd
21:03:16 INFO AMEND_OK | side=yes price_dollars=0.3400 total_fillable_contracts=5.00 order_id=0ab323c8-ca34-4842-a1c8-10037d115040
21:03:16 INFO AMEND_OK | side=no price_dollars=0.5700 total_fillable_contracts=3.00 order_id=8b234c41-0f0c-4147-a37b-273ac277efbd
21:04:01 INFO ORDER_NOT_RESTING | side=yes status=canceled order_id=0ab323c8-ca34-4842-a1c8-10037d115040
21:04:01 INFO ORDER_NOT_RESTING | side=no status=canceled order_id=8b234c41-0f0c-4147-a37b-273ac277efbd
21:04:01 INFO CREATE_OK | side=yes price_dollars=0.3500 remaining_contracts=5.00 order_id=c6ee0b70-164a-4257-88da-acc69d66c7da
21:04:01 INFO CREATE_OK | side=no price_dollars=0.5700 remaining_contracts=3.00 order_id=9c4fd4d3-e103-4e35-923b-b64d7165cd8c
21:04:01 INFO AMEND_OK | side=yes price_dollars=0.3400 total_fillable_contracts=5.00 order_id=c6ee0b70-164a-4257-88da-acc69d66c7da
21:04:46 INFO ORDER_NOT_RESTING | side=yes status=canceled order_id=c6ee0b70-164a-4257-88da-acc69d66c7da
21:04:46 INFO ORDER_NOT_RESTING | side=no status=canceled order_id=9c4fd4d3-e103-4e35-923b-b64d7165cd8c
21:04:46 INFO CREATE_OK | side=yes price_dollars=0.3500 remaining_contracts=5.00 order_id=81b59c30-6132-4c54-9d04-71599d034343
21:04:46 INFO CREATE_OK | side=no price_dollars=0.5700 remaining_contracts=3.00 order_id=50467f1b-7543-4173-80b6-fdc795914ee7
21:04:46 INFO AMEND_OK | side=yes price_dollars=0.3400 total_fillable_contracts=5.00 order_id=81b59c30-6132-4c54-9d04-71599d034343
21:05:31 INFO ORDER_NOT_RESTING | side=no status=canceled order_id=50467f1b-7543-4173-80b6-fdc795914ee7
21:05:31 INFO ORDER_NOT_RESTING | side=yes status=canceled order_id=81b59c30-6132-4c54-9d04-71599d034343
21:05:31 INFO CREATE_OK | side=yes price_dollars=0.3500 remaining_contracts=5.00 order_id=c3543b80-0808-43f1-bbc2-6ff0377b964b
21:05:31 INFO CREATE_OK | side=no price_dollars=0.5800 remaining_contracts=3.00 order_id=537c1bab-3671-4bbf-92a6-27e1c7d74baf
21:05:31 INFO AMEND_OK | side=yes price_dollars=0.3400 total_fillable_contracts=5.00 order_id=c3543b80-0808-43f1-bbc2-6ff0377b964b
21:05:31 INFO AMEND_OK | side=no price_dollars=0.5700 total_fillable_contracts=3.00 order_id=537c1bab-3671-4bbf-92a6-27e1c7d74baf
21:05:31 INFO AMEND_OK | side=yes price_dollars=0.3500 total_fillable_contracts=5.00 order_id=c3543b80-0808-43f1-bbc2-6ff0377b964b
21:05:31 INFO AMEND_OK | side=yes price_dollars=0.3600 total_fillable_contracts=5.00 order_id=c3543b80-0808-43f1-bbc2-6ff0377b964b
21:05:31 INFO AMEND_OK | side=yes price_dollars=0.3700 total_fillable_contracts=5.00 order_id=c3543b80-0808-43f1-bbc2-6ff0377b964b
21:05:55 INFO AMEND_OK | side=yes price_dollars=0.3800 total_fillable_contracts=5.00 order_id=c3543b80-0808-43f1-bbc2-6ff0377b964b
21:06:06 INFO AMEND_OK | side=no price_dollars=0.5600 total_fillable_contracts=3.00 order_id=537c1bab-3671-4bbf-92a6-27e1c7d74baf
21:06:12 INFO CANCEL_REQUESTED | side=yes reason=refresh_expiring_quote order_id=c3543b80-0808-43f1-bbc2-6ff0377b964b
21:06:12 INFO ORDER_NOT_RESTING | side=yes status=canceled order_id=c3543b80-0808-43f1-bbc2-6ff0377b964b
21:06:12 INFO CREATE_OK | side=yes price_dollars=0.3800 remaining_contracts=5.00 order_id=64b2cc5e-3289-45b6-9a85-803032561b1d
21:06:12 INFO CANCEL_REQUESTED | side=no reason=refresh_expiring_quote order_id=537c1bab-3671-4bbf-92a6-27e1c7d74baf
21:06:12 INFO ORDER_NOT_RESTING | side=no status=canceled order_id=537c1bab-3671-4bbf-92a6-27e1c7d74baf
21:06:12 INFO CREATE_OK | side=no price_dollars=0.5600 remaining_contracts=3.00 order_id=4c54d8ec-2385-4a1e-b6f9-eb5247d41795
21:06:57 INFO ORDER_NOT_RESTING | side=no status=canceled order_id=4c54d8ec-2385-4a1e-b6f9-eb5247d41795
21:06:57 INFO ORDER_NOT_RESTING | side=yes status=canceled order_id=64b2cc5e-3289-45b6-9a85-803032561b1d
21:06:57 INFO CREATE_OK | side=yes price_dollars=0.3900 remaining_contracts=5.00 order_id=6ce8d323-bab7-4763-9417-abd634cee522
21:06:57 INFO CREATE_OK | side=no price_dollars=0.5700 remaining_contracts=3.00 order_id=0fa22160-9141-46ef-8934-ecd8139ac350
21:06:57 INFO AMEND_OK | side=yes price_dollars=0.3800 total_fillable_contracts=5.00 order_id=6ce8d323-bab7-4763-9417-abd634cee522
21:06:57 INFO AMEND_OK | side=no price_dollars=0.5600 total_fillable_contracts=3.00 order_id=0fa22160-9141-46ef-8934-ecd8139ac350
21:07:42 INFO ORDER_NOT_RESTING | side=no status=canceled order_id=0fa22160-9141-46ef-8934-ecd8139ac350
21:07:42 INFO ORDER_NOT_RESTING | side=yes status=canceled order_id=6ce8d323-bab7-4763-9417-abd634cee522
21:07:42 INFO CANCEL_SKIPPED_ORDER_MISSING | side=yes reason=refresh_expiring_quote order_id=6ce8d323-bab7-4763-9417-abd634cee522
21:07:42 INFO CREATE_OK | side=yes price_dollars=0.3800 remaining_contracts=5.00 order_id=0f8e66fa-297e-4c06-bfe0-07110562107b
21:07:42 INFO CREATE_OK | side=no price_dollars=0.5700 remaining_contracts=3.00 order_id=9b3037d2-6f76-4b90-9e1a-12aab01d8c78
21:07:42 INFO AMEND_OK | side=no price_dollars=0.5600 total_fillable_contracts=3.00 order_id=9b3037d2-6f76-4b90-9e1a-12aab01d8c78
21:08:25 INFO CANCEL_REQUESTED | side=yes reason=refresh_expiring_quote order_id=0f8e66fa-297e-4c06-bfe0-07110562107b
21:08:25 INFO ORDER_NOT_RESTING | side=yes status=canceled order_id=0f8e66fa-297e-4c06-bfe0-07110562107b
21:08:25 INFO CREATE_OK | side=yes price_dollars=0.3800 remaining_contracts=5.00 order_id=3d7a08ed-f02e-4857-944b-7c342ef5cae6
21:08:25 INFO CANCEL_REQUESTED | side=no reason=refresh_expiring_quote order_id=9b3037d2-6f76-4b90-9e1a-12aab01d8c78
21:08:25 INFO ORDER_NOT_RESTING | side=no status=canceled order_id=9b3037d2-6f76-4b90-9e1a-12aab01d8c78
21:08:25 INFO CREATE_OK | side=no price_dollars=0.5600 remaining_contracts=3.00 order_id=e062f1c3-a1c6-4414-a0e5-bea7c77b8671
21:08:26 INFO AMEND_OK | side=yes price_dollars=0.0200 total_fillable_contracts=97.00 order_id=3d7a08ed-f02e-4857-944b-7c342ef5cae6
21:08:26 INFO CANCEL_REQUESTED | side=yes reason=quote_disabled order_id=3d7a08ed-f02e-4857-944b-7c342ef5cae6
21:08:26 INFO ORDER_NOT_RESTING | side=yes status=canceled order_id=3d7a08ed-f02e-4857-944b-7c342ef5cae6
21:09:10 INFO ORDER_NOT_RESTING | side=no status=canceled order_id=e062f1c3-a1c6-4414-a0e5-bea7c77b8671
21:09:10 INFO CREATE_OK | side=no price_dollars=0.5700 remaining_contracts=3.00 order_id=4a8d211f-8111-4064-b735-a39d6165a5ec
21:09:10 INFO AMEND_OK | side=no price_dollars=0.5600 total_fillable_contracts=3.00 order_id=4a8d211f-8111-4064-b735-a39d6165a5ec
21:09:55 INFO ORDER_NOT_RESTING | side=no status=canceled order_id=4a8d211f-8111-4064-b735-a39d6165a5ec
21:09:55 INFO CREATE_OK | side=no price_dollars=0.5700 remaining_contracts=3.00 order_id=f273c45e-1469-47b5-9bb5-ce84a5cd87a0
21:09:55 INFO AMEND_OK | side=no price_dollars=0.5600 total_fillable_contracts=3.00 order_id=f273c45e-1469-47b5-9bb5-ce84a5cd87a0
21:10:40 INFO ORDER_NOT_RESTING | side=no status=canceled order_id=f273c45e-1469-47b5-9bb5-ce84a5cd87a0
21:10:40 INFO CREATE_OK | side=no price_dollars=0.5700 remaining_contracts=3.00 order_id=83e054d5-8b48-4a39-ba28-9e2130683aa7
21:10:40 INFO AMEND_OK | side=no price_dollars=0.5600 total_fillable_contracts=3.00 order_id=83e054d5-8b48-4a39-ba28-9e2130683aa7
21:11:25 INFO ORDER_NOT_RESTING | side=no status=canceled order_id=83e054d5-8b48-4a39-ba28-9e2130683aa7
21:11:25 INFO CREATE_OK | side=no price_dollars=0.5700 remaining_contracts=3.00 order_id=bf231a40-2b31-4547-8d85-81bf9c4f0f95
21:11:25 INFO AMEND_OK | side=no price_dollars=0.5600 total_fillable_contracts=3.00 order_id=bf231a40-2b31-4547-8d85-81bf9c4f0f95
21:12:10 INFO ORDER_NOT_RESTING | side=no status=canceled order_id=bf231a40-2b31-4547-8d85-81bf9c4f0f95
21:12:10 INFO CREATE_OK | side=no price_dollars=0.5700 remaining_contracts=3.00 order_id=d64ca403-19b0-401f-8d66-872117ead709
21:12:10 INFO AMEND_OK | side=no price_dollars=0.5600 total_fillable_contracts=3.00 order_id=d64ca403-19b0-401f-8d66-872117ead709
21:12:55 INFO ORDER_NOT_RESTING | side=no status=canceled order_id=d64ca403-19b0-401f-8d66-872117ead709
21:12:55 INFO CREATE_OK | side=no price_dollars=0.5700 remaining_contracts=3.00 order_id=af4a0fc9-b16c-4533-bead-75bf089d485d
21:12:55 INFO AMEND_OK | side=no price_dollars=0.5600 total_fillable_contracts=3.00 order_id=af4a0fc9-b16c-4533-bead-75bf089d485d
21:13:40 INFO ORDER_NOT_RESTING | side=no status=canceled order_id=af4a0fc9-b16c-4533-bead-75bf089d485d
21:13:40 INFO CREATE_OK | side=no price_dollars=0.5700 remaining_contracts=3.00 order_id=f7978072-97c0-4231-8669-ec1651d3d125
21:13:40 INFO AMEND_OK | side=no price_dollars=0.5600 total_fillable_contracts=3.00 order_id=f7978072-97c0-4231-8669-ec1651d3d125
21:14:25 INFO ORDER_NOT_RESTING | side=no status=canceled order_id=f7978072-97c0-4231-8669-ec1651d3d125
21:14:25 INFO CREATE_OK | side=no price_dollars=0.5700 remaining_contracts=3.00 order_id=e52e90e7-2ea5-4691-bb03-21425dd66865
21:14:25 INFO AMEND_OK | side=no price_dollars=0.5600 total_fillable_contracts=3.00 order_id=e52e90e7-2ea5-4691-bb03-21425dd66865
21:15:10 INFO ORDER_NOT_RESTING | side=no status=canceled order_id=e52e90e7-2ea5-4691-bb03-21425dd66865
21:15:10 INFO CREATE_OK | side=no price_dollars=0.5700 remaining_contracts=3.00 order_id=7ec8ee1f-d334-46c1-89b5-745d180120d9
21:15:10 INFO AMEND_OK | side=no price_dollars=0.5600 total_fillable_contracts=3.00 order_id=7ec8ee1f-d334-46c1-89b5-745d180120d9
21:15:55 INFO ORDER_NOT_RESTING | side=no status=canceled order_id=7ec8ee1f-d334-46c1-89b5-745d180120d9
21:15:55 INFO CREATE_OK | side=no price_dollars=0.5700 remaining_contracts=3.00 order_id=377bc69d-4918-46b0-80d5-dd5983ab859a
21:15:55 INFO AMEND_OK | side=no price_dollars=0.5600 total_fillable_contracts=3.00 order_id=377bc69d-4918-46b0-80d5-dd5983ab859a
21:16:40 INFO ORDER_NOT_RESTING | side=no status=canceled order_id=377bc69d-4918-46b0-80d5-dd5983ab859a
21:16:40 INFO CREATE_OK | side=no price_dollars=0.5700 remaining_contracts=3.00 order_id=073c4632-1f68-4e16-80e7-e8e7fcb99b9a
21:16:40 INFO AMEND_OK | side=no price_dollars=0.5600 total_fillable_contracts=3.00 order_id=073c4632-1f68-4e16-80e7-e8e7fcb99b9a
21:17:25 INFO ORDER_NOT_RESTING | side=no status=canceled order_id=073c4632-1f68-4e16-80e7-e8e7fcb99b9a
21:17:25 INFO CREATE_OK | side=no price_dollars=0.5700 remaining_contracts=3.00 order_id=a133c0e2-4116-4975-a3c6-f463e09f70e9
21:17:25 INFO AMEND_OK | side=no price_dollars=0.5600 total_fillable_contracts=3.00 order_id=a133c0e2-4116-4975-a3c6-f463e09f70e9
21:18:10 INFO ORDER_NOT_RESTING | side=no status=canceled order_id=a133c0e2-4116-4975-a3c6-f463e09f70e9
21:18:10 INFO CREATE_OK | side=no price_dollars=0.5700 remaining_contracts=3.00 order_id=a147a671-a94b-4b12-953b-2b2b2bf2fc99
21:18:10 INFO AMEND_OK | side=no price_dollars=0.5600 total_fillable_contracts=3.00 order_id=a147a671-a94b-4b12-953b-2b2b2bf2fc99
21:18:55 INFO ORDER_NOT_RESTING | side=no status=canceled order_id=a147a671-a94b-4b12-953b-2b2b2bf2fc99
21:18:55 INFO CREATE_OK | side=no price_dollars=0.5700 remaining_contracts=3.00 order_id=6a6f1aa5-094e-4675-8a56-78231ee7e3b3
21:18:55 INFO AMEND_OK | side=no price_dollars=0.5600 total_fillable_contracts=3.00 order_id=6a6f1aa5-094e-4675-8a56-78231ee7e3b3
21:19:40 INFO ORDER_NOT_RESTING | side=no status=canceled order_id=6a6f1aa5-094e-4675-8a56-78231ee7e3b3
21:19:40 INFO CREATE_OK | side=no price_dollars=0.5700 remaining_contracts=3.00 order_id=175297c4-c236-4ab8-916b-78c82d53165c
21:19:40 INFO AMEND_OK | side=no price_dollars=0.5600 total_fillable_contracts=3.00 order_id=175297c4-c236-4ab8-916b-78c82d53165c
21:20:25 INFO ORDER_NOT_RESTING | side=no status=canceled order_id=175297c4-c236-4ab8-916b-78c82d53165c
21:20:25 INFO CREATE_OK | side=no price_dollars=0.5700 remaining_contracts=3.00 order_id=db0f23a4-fcfd-4c00-a74a-65fd45f97aaf
21:20:25 INFO AMEND_OK | side=no price_dollars=0.5600 total_fillable_contracts=3.00 order_id=db0f23a4-fcfd-4c00-a74a-65fd45f97aaf
21:21:10 INFO ORDER_NOT_RESTING | side=no status=canceled order_id=db0f23a4-fcfd-4c00-a74a-65fd45f97aaf
21:21:10 INFO CREATE_OK | side=no price_dollars=0.5700 remaining_contracts=3.00 order_id=bb877099-af69-4826-b73a-d968375871d0
21:21:10 INFO AMEND_OK | side=no price_dollars=0.5600 total_fillable_contracts=3.00 order_id=bb877099-af69-4826-b73a-d968375871d0
21:21:55 INFO ORDER_NOT_RESTING | side=no status=canceled order_id=bb877099-af69-4826-b73a-d968375871d0
21:21:55 INFO CREATE_OK | side=no price_dollars=0.5700 remaining_contracts=3.00 order_id=5b45a9e5-de9f-40d9-a72e-a279e9f31e13
21:21:55 INFO AMEND_OK | side=no price_dollars=0.5600 total_fillable_contracts=3.00 order_id=5b45a9e5-de9f-40d9-a72e-a279e9f31e13
21:22:40 INFO ORDER_NOT_RESTING | side=no status=canceled order_id=5b45a9e5-de9f-40d9-a72e-a279e9f31e13
21:22:40 INFO CREATE_OK | side=no price_dollars=0.5700 remaining_contracts=3.00 order_id=5ed2ba69-a20e-4642-a794-f74fd49d6091
21:22:40 INFO AMEND_OK | side=no price_dollars=0.5600 total_fillable_contracts=3.00 order_id=5ed2ba69-a20e-4642-a794-f74fd49d6091
21:23:25 INFO ORDER_NOT_RESTING | side=no status=canceled order_id=5ed2ba69-a20e-4642-a794-f74fd49d6091
21:23:25 INFO CREATE_OK | side=no price_dollars=0.5700 remaining_contracts=3.00 order_id=d838062e-98de-4e07-bea3-68b2e885dc45
21:23:25 INFO AMEND_OK | side=no price_dollars=0.5600 total_fillable_contracts=3.00 order_id=d838062e-98de-4e07-bea3-68b2e885dc45
21:24:10 INFO ORDER_NOT_RESTING | side=no status=canceled order_id=d838062e-98de-4e07-bea3-68b2e885dc45
21:24:10 INFO CREATE_OK | side=no price_dollars=0.5700 remaining_contracts=3.00 order_id=f765bffd-1359-44f2-a33c-adafc9d1d2e4
21:24:10 INFO AMEND_OK | side=no price_dollars=0.5600 total_fillable_contracts=3.00 order_id=f765bffd-1359-44f2-a33c-adafc9d1d2e4
21:24:55 INFO ORDER_NOT_RESTING | side=no status=canceled order_id=f765bffd-1359-44f2-a33c-adafc9d1d2e4
21:24:55 INFO CREATE_OK | side=no price_dollars=0.5700 remaining_contracts=3.00 order_id=b128268b-bc01-48c1-89a1-f317e0119c6b
21:24:55 INFO AMEND_OK | side=no price_dollars=0.5600 total_fillable_contracts=3.00 order_id=b128268b-bc01-48c1-89a1-f317e0119c6b
21:25:28 INFO AMEND_OK | side=no price_dollars=0.5700 total_fillable_contracts=3.00 order_id=b128268b-bc01-48c1-89a1-f317e0119c6b
21:25:28 INFO AMEND_OK | side=no price_dollars=0.5800 total_fillable_contracts=3.00 order_id=b128268b-bc01-48c1-89a1-f317e0119c6b
21:25:40 INFO ORDER_NOT_RESTING | side=no status=canceled order_id=b128268b-bc01-48c1-89a1-f317e0119c6b
21:25:40 INFO CREATE_OK | side=no price_dollars=0.5900 remaining_contracts=3.00 order_id=2b69bd7f-26e3-4d41-bd7e-2e756fa89521
21:25:40 INFO AMEND_OK | side=no price_dollars=0.5800 total_fillable_contracts=3.00 order_id=2b69bd7f-26e3-4d41-bd7e-2e756fa89521
21:26:25 INFO ORDER_NOT_RESTING | side=no status=canceled order_id=2b69bd7f-26e3-4d41-bd7e-2e756fa89521
21:26:25 INFO CREATE_OK | side=no price_dollars=0.5900 remaining_contracts=3.00 order_id=7a1b643d-ca36-4bc1-8d5c-e76ad2bc6867
21:26:25 INFO AMEND_OK | side=no price_dollars=0.5800 total_fillable_contracts=3.00 order_id=7a1b643d-ca36-4bc1-8d5c-e76ad2bc6867
21:27:10 INFO ORDER_NOT_RESTING | side=no status=canceled order_id=7a1b643d-ca36-4bc1-8d5c-e76ad2bc6867
21:27:10 INFO CREATE_OK | side=no price_dollars=0.5900 remaining_contracts=3.00 order_id=849edee3-b2e6-4a2b-9c85-2f6d15055e47
21:27:10 INFO AMEND_OK | side=no price_dollars=0.5800 total_fillable_contracts=3.00 order_id=849edee3-b2e6-4a2b-9c85-2f6d15055e47
21:27:55 INFO ORDER_NOT_RESTING | side=no status=canceled order_id=849edee3-b2e6-4a2b-9c85-2f6d15055e47
21:27:55 INFO CREATE_OK | side=no price_dollars=0.5900 remaining_contracts=3.00 order_id=fa4918b3-f0fb-493a-8663-0182ec0957ec
21:27:55 INFO AMEND_OK | side=no price_dollars=0.5800 total_fillable_contracts=3.00 order_id=fa4918b3-f0fb-493a-8663-0182ec0957ec
21:28:40 INFO ORDER_NOT_RESTING | side=no status=canceled order_id=fa4918b3-f0fb-493a-8663-0182ec0957ec
21:28:40 INFO CREATE_OK | side=no price_dollars=0.5900 remaining_contracts=3.00 order_id=da65f941-e7b4-4916-8e42-0f9b62b28015
21:28:40 INFO AMEND_OK | side=no price_dollars=0.5800 total_fillable_contracts=3.00 order_id=da65f941-e7b4-4916-8e42-0f9b62b28015
21:29:25 INFO ORDER_NOT_RESTING | side=no status=canceled order_id=da65f941-e7b4-4916-8e42-0f9b62b28015
21:29:25 INFO CREATE_OK | side=no price_dollars=0.5900 remaining_contracts=3.00 order_id=95df1adf-a471-4c0d-ae43-7c8624f489e9
21:29:25 INFO AMEND_OK | side=no price_dollars=0.5800 total_fillable_contracts=3.00 order_id=95df1adf-a471-4c0d-ae43-7c8624f489e9
21:30:10 INFO ORDER_NOT_RESTING | side=no status=canceled order_id=95df1adf-a471-4c0d-ae43-7c8624f489e9
21:30:10 INFO CREATE_OK | side=no price_dollars=0.5900 remaining_contracts=3.00 order_id=b54437f6-bde1-4489-905d-61565b9e74a5
21:30:10 INFO AMEND_OK | side=no price_dollars=0.5800 total_fillable_contracts=3.00 order_id=b54437f6-bde1-4489-905d-61565b9e74a5
21:30:55 INFO ORDER_NOT_RESTING | side=no status=canceled order_id=b54437f6-bde1-4489-905d-61565b9e74a5
21:30:55 INFO CREATE_OK | side=no price_dollars=0.5900 remaining_contracts=3.00 order_id=4b8f349c-0311-41f6-9d7a-06718a33b509
21:30:55 INFO AMEND_OK | side=no price_dollars=0.5800 total_fillable_contracts=3.00 order_id=4b8f349c-0311-41f6-9d7a-06718a33b509
21:31:40 INFO ORDER_NOT_RESTING | side=no status=canceled order_id=4b8f349c-0311-41f6-9d7a-06718a33b509
21:31:40 INFO CREATE_OK | side=no price_dollars=0.5900 remaining_contracts=3.00 order_id=b49f3ba2-eb1a-4a9d-a221-733a7f9ce44c
21:31:40 INFO AMEND_OK | side=no price_dollars=0.5800 total_fillable_contracts=3.00 order_id=b49f3ba2-eb1a-4a9d-a221-733a7f9ce44c
21:32:25 INFO ORDER_NOT_RESTING | side=no status=canceled order_id=b49f3ba2-eb1a-4a9d-a221-733a7f9ce44c
21:32:25 INFO CREATE_OK | side=no price_dollars=0.5900 remaining_contracts=3.00 order_id=2abc7f81-8df9-40e6-8237-16c07f2b1aaf
21:32:25 INFO AMEND_OK | side=no price_dollars=0.5800 total_fillable_contracts=3.00 order_id=2abc7f81-8df9-40e6-8237-16c07f2b1aaf
21:33:10 INFO ORDER_NOT_RESTING | side=no status=canceled order_id=2abc7f81-8df9-40e6-8237-16c07f2b1aaf
21:33:10 INFO CREATE_OK | side=no price_dollars=0.5900 remaining_contracts=3.00 order_id=add40ebf-9840-4327-8e20-e39e74e9c441
21:33:10 INFO AMEND_OK | side=no price_dollars=0.5800 total_fillable_contracts=3.00 order_id=add40ebf-9840-4327-8e20-e39e74e9c441
21:33:55 INFO ORDER_NOT_RESTING | side=no status=canceled order_id=add40ebf-9840-4327-8e20-e39e74e9c441
21:33:55 INFO CREATE_OK | side=no price_dollars=0.5900 remaining_contracts=3.00 order_id=b17ea997-95c8-443e-8377-fa0cec32216b
21:33:55 INFO AMEND_OK | side=no price_dollars=0.5800 total_fillable_contracts=3.00 order_id=b17ea997-95c8-443e-8377-fa0cec32216b
21:34:40 INFO ORDER_NOT_RESTING | side=no status=canceled order_id=b17ea997-95c8-443e-8377-fa0cec32216b
21:34:40 INFO CREATE_OK | side=no price_dollars=0.5900 remaining_contracts=3.00 order_id=257f7f94-68ed-4bd1-8e5d-d3da4516798b
21:34:40 INFO AMEND_OK | side=no price_dollars=0.5800 total_fillable_contracts=3.00 order_id=257f7f94-68ed-4bd1-8e5d-d3da4516798b
21:35:25 INFO ORDER_NOT_RESTING | side=no status=canceled order_id=257f7f94-68ed-4bd1-8e5d-d3da4516798b
21:35:25 INFO CREATE_OK | side=no price_dollars=0.5900 remaining_contracts=3.00 order_id=e57385a9-c9aa-4f46-a224-b158520f0fb3
21:35:25 INFO AMEND_OK | side=no price_dollars=0.5800 total_fillable_contracts=3.00 order_id=e57385a9-c9aa-4f46-a224-b158520f0fb3
21:36:10 INFO ORDER_NOT_RESTING | side=no status=canceled order_id=e57385a9-c9aa-4f46-a224-b158520f0fb3
21:36:10 INFO CREATE_OK | side=no price_dollars=0.5900 remaining_contracts=3.00 order_id=123166a1-67b6-4946-9aab-12c7d9c51642
21:36:10 INFO AMEND_OK | side=no price_dollars=0.5800 total_fillable_contracts=3.00 order_id=123166a1-67b6-4946-9aab-12c7d9c51642
21:36:55 INFO ORDER_NOT_RESTING | side=no status=canceled order_id=123166a1-67b6-4946-9aab-12c7d9c51642
21:36:55 INFO CREATE_OK | side=no price_dollars=0.5900 remaining_contracts=3.00 order_id=8e5f53b3-8f81-427d-a52a-7f74e5d86fa3
21:36:55 INFO AMEND_OK | side=no price_dollars=0.5800 total_fillable_contracts=3.00 order_id=8e5f53b3-8f81-427d-a52a-7f74e5d86fa3
21:37:40 INFO ORDER_NOT_RESTING | side=no status=canceled order_id=8e5f53b3-8f81-427d-a52a-7f74e5d86fa3
21:37:40 INFO CREATE_OK | side=no price_dollars=0.5900 remaining_contracts=3.00 order_id=ea7b1a26-8907-4b58-8b97-9063b8b15de4
21:37:40 INFO AMEND_OK | side=no price_dollars=0.5800 total_fillable_contracts=3.00 order_id=ea7b1a26-8907-4b58-8b97-9063b8b15de4
21:38:25 INFO ORDER_NOT_RESTING | side=no status=canceled order_id=ea7b1a26-8907-4b58-8b97-9063b8b15de4
21:38:25 INFO CREATE_OK | side=no price_dollars=0.5900 remaining_contracts=3.00 order_id=d4c8d993-59ec-428b-8771-b4f7686b4633
21:38:25 INFO AMEND_OK | side=no price_dollars=0.5800 total_fillable_contracts=3.00 order_id=d4c8d993-59ec-428b-8771-b4f7686b4633
21:39:10 INFO ORDER_NOT_RESTING | side=no status=canceled order_id=d4c8d993-59ec-428b-8771-b4f7686b4633
21:39:10 INFO CREATE_OK | side=no price_dollars=0.5900 remaining_contracts=3.00 order_id=6ae1e431-8f52-472c-893f-ee94e81b887d
21:39:10 INFO AMEND_OK | side=no price_dollars=0.5800 total_fillable_contracts=3.00 order_id=6ae1e431-8f52-472c-893f-ee94e81b887d
21:39:55 INFO ORDER_NOT_RESTING | side=no status=canceled order_id=6ae1e431-8f52-472c-893f-ee94e81b887d
21:39:55 INFO CREATE_OK | side=no price_dollars=0.5900 remaining_contracts=3.00 order_id=1f9edff9-bfe0-47e8-9be8-20e45a3e9f10
21:39:55 INFO AMEND_OK | side=no price_dollars=0.5800 total_fillable_contracts=3.00 order_id=1f9edff9-bfe0-47e8-9be8-20e45a3e9f10
21:40:40 INFO ORDER_NOT_RESTING | side=no status=canceled order_id=1f9edff9-bfe0-47e8-9be8-20e45a3e9f10
21:40:40 INFO CREATE_OK | side=no price_dollars=0.5900 remaining_contracts=3.00 order_id=bcf523df-56f3-406c-b335-4961983c2ab1
21:40:40 INFO AMEND_OK | side=no price_dollars=0.5800 total_fillable_contracts=3.00 order_id=bcf523df-56f3-406c-b335-4961983c2ab1
21:41:25 INFO ORDER_NOT_RESTING | side=no status=canceled order_id=bcf523df-56f3-406c-b335-4961983c2ab1
21:41:25 INFO CREATE_OK | side=no price_dollars=0.5900 remaining_contracts=3.00 order_id=20e57da4-5299-4727-9c0d-a344e464e5e4
21:41:25 INFO AMEND_OK | side=no price_dollars=0.5800 total_fillable_contracts=3.00 order_id=20e57da4-5299-4727-9c0d-a344e464e5e4
21:42:10 INFO ORDER_NOT_RESTING | side=no status=canceled order_id=20e57da4-5299-4727-9c0d-a344e464e5e4
21:42:10 INFO CREATE_OK | side=no price_dollars=0.5900 remaining_contracts=3.00 order_id=812ded84-be4e-420d-a3cd-07d7afedfcb2
21:42:10 INFO AMEND_OK | side=no price_dollars=0.5800 total_fillable_contracts=3.00 order_id=812ded84-be4e-420d-a3cd-07d7afedfcb2
21:42:55 INFO ORDER_NOT_RESTING | side=no status=canceled order_id=812ded84-be4e-420d-a3cd-07d7afedfcb2
21:42:55 INFO CREATE_OK | side=no price_dollars=0.5900 remaining_contracts=3.00 order_id=eb957af6-7c4f-44d1-87c0-e0eeb665f43e
21:42:55 INFO AMEND_OK | side=no price_dollars=0.5800 total_fillable_contracts=3.00 order_id=eb957af6-7c4f-44d1-87c0-e0eeb665f43e
21:43:40 INFO ORDER_NOT_RESTING | side=no status=canceled order_id=eb957af6-7c4f-44d1-87c0-e0eeb665f43e
21:43:40 INFO CREATE_OK | side=no price_dollars=0.5900 remaining_contracts=3.00 order_id=866f6441-485c-414f-a7b2-d78c4b0ab90e
21:43:40 INFO AMEND_OK | side=no price_dollars=0.5800 total_fillable_contracts=3.00 order_id=866f6441-485c-414f-a7b2-d78c4b0ab90e
21:44:19 INFO AMEND_OK | side=no price_dollars=0.5700 total_fillable_contracts=3.00 order_id=866f6441-485c-414f-a7b2-d78c4b0ab90e
21:44:20 INFO CANCEL_REQUESTED | side=no reason=refresh_expiring_quote order_id=866f6441-485c-414f-a7b2-d78c4b0ab90e
21:44:20 INFO ORDER_NOT_RESTING | side=no status=canceled order_id=866f6441-485c-414f-a7b2-d78c4b0ab90e
21:44:20 INFO CREATE_OK | side=no price_dollars=0.5700 remaining_contracts=3.00 order_id=048d3236-be79-45f0-b0d1-a0239f475a77
21:44:54 INFO AMEND_OK | side=no price_dollars=0.5800 total_fillable_contracts=3.00 order_id=048d3236-be79-45f0-b0d1-a0239f475a77
21:45:00 INFO CANCEL_REQUESTED | side=no reason=refresh_expiring_quote order_id=048d3236-be79-45f0-b0d1-a0239f475a77
21:45:00 INFO ORDER_NOT_RESTING | side=no status=canceled order_id=048d3236-be79-45f0-b0d1-a0239f475a77
21:45:00 INFO CREATE_OK | side=no price_dollars=0.5800 remaining_contracts=3.00 order_id=0dcaef79-d735-41c9-bcad-8317a084e41b
21:45:45 INFO ORDER_NOT_RESTING | side=no status=canceled order_id=0dcaef79-d735-41c9-bcad-8317a084e41b
21:45:45 INFO CREATE_OK | side=no price_dollars=0.5900 remaining_contracts=3.00 order_id=d9f1f148-812a-4953-898c-9119bda34f47
21:45:45 INFO AMEND_OK | side=no price_dollars=0.5800 total_fillable_contracts=3.00 order_id=d9f1f148-812a-4953-898c-9119bda34f47
21:46:30 INFO ORDER_NOT_RESTING | side=no status=canceled order_id=d9f1f148-812a-4953-898c-9119bda34f47
21:46:30 INFO CREATE_OK | side=no price_dollars=0.5900 remaining_contracts=3.00 order_id=68254022-c34f-4f4b-b640-fa4b02384401
21:46:30 INFO AMEND_OK | side=no price_dollars=0.5800 total_fillable_contracts=3.00 order_id=68254022-c34f-4f4b-b640-fa4b02384401
21:47:15 INFO ORDER_NOT_RESTING | side=no status=canceled order_id=68254022-c34f-4f4b-b640-fa4b02384401
21:47:15 INFO CREATE_OK | side=no price_dollars=0.5900 remaining_contracts=3.00 order_id=3890bf52-2c5a-49e6-87b4-9a50832cb6f9
21:47:15 INFO AMEND_OK | side=no price_dollars=0.5800 total_fillable_contracts=3.00 order_id=3890bf52-2c5a-49e6-87b4-9a50832cb6f9
21:48:00 INFO ORDER_NOT_RESTING | side=no status=canceled order_id=3890bf52-2c5a-49e6-87b4-9a50832cb6f9
21:48:00 INFO CREATE_OK | side=no price_dollars=0.5900 remaining_contracts=3.00 order_id=ea57b57f-df18-4ba8-bd0b-a17318c12a1f
21:48:00 INFO AMEND_OK | side=no price_dollars=0.5800 total_fillable_contracts=3.00 order_id=ea57b57f-df18-4ba8-bd0b-a17318c12a1f
21:48:45 INFO ORDER_NOT_RESTING | side=no status=canceled order_id=ea57b57f-df18-4ba8-bd0b-a17318c12a1f
21:48:45 INFO CREATE_OK | side=no price_dollars=0.5900 remaining_contracts=3.00 order_id=8c99def9-326b-4096-9de3-963c092ab82f
21:48:45 INFO AMEND_OK | side=no price_dollars=0.5800 total_fillable_contracts=3.00 order_id=8c99def9-326b-4096-9de3-963c092ab82f
21:49:30 INFO ORDER_NOT_RESTING | side=no status=canceled order_id=8c99def9-326b-4096-9de3-963c092ab82f
21:49:30 INFO CREATE_OK | side=no price_dollars=0.5900 remaining_contracts=3.00 order_id=6395c33e-f058-4298-a8f8-8e4d3c296c93
21:49:30 INFO AMEND_OK | side=no price_dollars=0.5800 total_fillable_contracts=3.00 order_id=6395c33e-f058-4298-a8f8-8e4d3c296c93
21:50:15 INFO ORDER_NOT_RESTING | side=no status=canceled order_id=6395c33e-f058-4298-a8f8-8e4d3c296c93
21:50:15 INFO CREATE_OK | side=no price_dollars=0.5900 remaining_contracts=3.00 order_id=7931a430-3c11-4c85-812d-1f69d03472e2
21:50:15 INFO AMEND_OK | side=no price_dollars=0.5800 total_fillable_contracts=3.00 order_id=7931a430-3c11-4c85-812d-1f69d03472e2
21:51:00 INFO ORDER_NOT_RESTING | side=no status=canceled order_id=7931a430-3c11-4c85-812d-1f69d03472e2
21:51:00 INFO CREATE_OK | side=no price_dollars=0.5900 remaining_contracts=3.00 order_id=f439b298-9d9f-4d0a-8ac2-fd537c834b85
21:51:00 INFO AMEND_OK | side=no price_dollars=0.5800 total_fillable_contracts=3.00 order_id=f439b298-9d9f-4d0a-8ac2-fd537c834b85
21:51:45 INFO ORDER_NOT_RESTING | side=no status=canceled order_id=f439b298-9d9f-4d0a-8ac2-fd537c834b85
21:51:45 INFO CREATE_OK | side=no price_dollars=0.5900 remaining_contracts=3.00 order_id=a11618d3-8608-41bb-b275-26915eedc24f
21:51:45 INFO AMEND_OK | side=no price_dollars=0.5800 total_fillable_contracts=3.00 order_id=a11618d3-8608-41bb-b275-26915eedc24f
21:52:30 INFO ORDER_NOT_RESTING | side=no status=canceled order_id=a11618d3-8608-41bb-b275-26915eedc24f
21:52:30 INFO CREATE_OK | side=no price_dollars=0.5900 remaining_contracts=3.00 order_id=6b7b0bcc-185b-4aee-a5cc-10e300b373dd
21:52:30 INFO AMEND_OK | side=no price_dollars=0.5800 total_fillable_contracts=3.00 order_id=6b7b0bcc-185b-4aee-a5cc-10e300b373dd
21:53:15 INFO ORDER_NOT_RESTING | side=no status=canceled order_id=6b7b0bcc-185b-4aee-a5cc-10e300b373dd
21:53:15 INFO CREATE_OK | side=no price_dollars=0.5900 remaining_contracts=3.00 order_id=3afaa044-a5ce-47ce-9c81-b1fbe12fe598
21:53:15 INFO AMEND_OK | side=no price_dollars=0.5800 total_fillable_contracts=3.00 order_id=3afaa044-a5ce-47ce-9c81-b1fbe12fe598
21:53:55 INFO CREATE_OK | side=yes price_dollars=0.2500 remaining_contracts=7.00 order_id=74c32dec-2233-42a6-be88-c329f619a214
21:53:55 INFO CANCEL_REQUESTED | side=no reason=refresh_expiring_quote order_id=3afaa044-a5ce-47ce-9c81-b1fbe12fe598
21:53:55 INFO ORDER_NOT_RESTING | side=no status=canceled order_id=3afaa044-a5ce-47ce-9c81-b1fbe12fe598
21:53:55 INFO CREATE_OK | side=no price_dollars=0.5800 remaining_contracts=3.00 order_id=56d12026-f76a-4654-81a7-fc9dd0f9f724
21:53:56 INFO AMEND_OK | side=yes price_dollars=0.2600 total_fillable_contracts=7.00 order_id=74c32dec-2233-42a6-be88-c329f619a214
21:53:56 INFO AMEND_OK | side=yes price_dollars=0.2700 total_fillable_contracts=7.00 order_id=74c32dec-2233-42a6-be88-c329f619a214
21:53:56 INFO AMEND_OK | side=yes price_dollars=0.2800 total_fillable_contracts=6.00 order_id=74c32dec-2233-42a6-be88-c329f619a214
21:53:57 INFO AMEND_OK | side=yes price_dollars=0.2700 total_fillable_contracts=7.00 order_id=74c32dec-2233-42a6-be88-c329f619a214
21:54:40 INFO ORDER_NOT_RESTING | side=yes status=canceled order_id=74c32dec-2233-42a6-be88-c329f619a214
21:54:40 INFO ORDER_NOT_RESTING | side=no status=canceled order_id=56d12026-f76a-4654-81a7-fc9dd0f9f724
21:54:40 INFO CREATE_OK | side=yes price_dollars=0.2800 remaining_contracts=6.00 order_id=846f11dd-a34d-413f-a294-73c09646618f
21:54:40 INFO CREATE_OK | side=no price_dollars=0.5800 remaining_contracts=3.00 order_id=e9372f56-09d7-4a9b-b5a0-aa1b8a2b2f72
21:54:40 INFO AMEND_OK | side=yes price_dollars=0.2700 total_fillable_contracts=7.00 order_id=846f11dd-a34d-413f-a294-73c09646618f
21:55:25 INFO ORDER_NOT_RESTING | side=yes status=canceled order_id=846f11dd-a34d-413f-a294-73c09646618f
21:55:25 INFO ORDER_NOT_RESTING | side=no status=canceled order_id=e9372f56-09d7-4a9b-b5a0-aa1b8a2b2f72
21:55:25 INFO CREATE_OK | side=yes price_dollars=0.2800 remaining_contracts=6.00 order_id=5369decb-497e-41f2-8352-affa56e63d63
21:55:25 INFO CREATE_OK | side=no price_dollars=0.5800 remaining_contracts=3.00 order_id=a4bde400-f07d-471a-a68e-44fd54d76838
21:55:25 INFO AMEND_OK | side=yes price_dollars=0.2700 total_fillable_contracts=7.00 order_id=5369decb-497e-41f2-8352-affa56e63d63
21:56:10 INFO ORDER_NOT_RESTING | side=yes status=canceled order_id=5369decb-497e-41f2-8352-affa56e63d63
21:56:10 INFO ORDER_NOT_RESTING | side=no status=canceled order_id=a4bde400-f07d-471a-a68e-44fd54d76838
21:56:10 INFO CREATE_OK | side=yes price_dollars=0.2800 remaining_contracts=6.00 order_id=1747d73d-8891-4b97-9351-a9b0ee7229bf
21:56:10 INFO CREATE_OK | side=no price_dollars=0.5800 remaining_contracts=3.00 order_id=4f5e8b48-1404-44cd-bcc0-760b6f64ec20
21:56:10 INFO AMEND_OK | side=yes price_dollars=0.2700 total_fillable_contracts=7.00 order_id=1747d73d-8891-4b97-9351-a9b0ee7229bf
21:56:55 INFO ORDER_NOT_RESTING | side=yes status=canceled order_id=1747d73d-8891-4b97-9351-a9b0ee7229bf
21:56:55 INFO ORDER_NOT_RESTING | side=no status=canceled order_id=4f5e8b48-1404-44cd-bcc0-760b6f64ec20
21:56:55 INFO CREATE_OK | side=yes price_dollars=0.2800 remaining_contracts=6.00 order_id=e3c95293-3c42-4c94-be97-eb54ab295b42
21:56:55 INFO CREATE_OK | side=no price_dollars=0.5800 remaining_contracts=3.00 order_id=743e2f05-f7f3-485d-a3b4-83974f9d074b
21:56:55 INFO AMEND_OK | side=yes price_dollars=0.2700 total_fillable_contracts=7.00 order_id=e3c95293-3c42-4c94-be97-eb54ab295b42
21:57:08 INFO AMEND_OK | side=yes price_dollars=0.2800 total_fillable_contracts=6.00 order_id=e3c95293-3c42-4c94-be97-eb54ab295b42
21:57:13 INFO AMEND_OK | side=yes price_dollars=0.2900 total_fillable_contracts=6.00 order_id=e3c95293-3c42-4c94-be97-eb54ab295b42
21:57:40 INFO ORDER_NOT_RESTING | side=yes status=canceled order_id=e3c95293-3c42-4c94-be97-eb54ab295b42
21:57:40 INFO ORDER_NOT_RESTING | side=no status=canceled order_id=743e2f05-f7f3-485d-a3b4-83974f9d074b
21:57:40 INFO CREATE_OK | side=yes price_dollars=0.3000 remaining_contracts=6.00 order_id=33ebc96d-3cd5-413b-9c44-469d071a848d
21:57:40 INFO CREATE_OK | side=no price_dollars=0.5800 remaining_contracts=3.00 order_id=5b72d224-82a9-4fdf-b2d6-4d98ac21c1d9
21:57:40 INFO AMEND_OK | side=yes price_dollars=0.3100 total_fillable_contracts=6.00 order_id=33ebc96d-3cd5-413b-9c44-469d071a848d
21:58:25 INFO ORDER_NOT_RESTING | side=yes status=canceled order_id=33ebc96d-3cd5-413b-9c44-469d071a848d
21:58:25 INFO ORDER_NOT_RESTING | side=no status=canceled order_id=5b72d224-82a9-4fdf-b2d6-4d98ac21c1d9
21:58:25 INFO CREATE_OK | side=yes price_dollars=0.3200 remaining_contracts=6.00 order_id=6d35e2a0-e0ac-42f2-9004-d678f3a5cad2
21:58:25 INFO CREATE_OK | side=no price_dollars=0.5800 remaining_contracts=3.00 order_id=ab6153c7-59de-4053-a4ed-c5ebdde4b82f
21:59:10 INFO ORDER_NOT_RESTING | side=yes status=canceled order_id=6d35e2a0-e0ac-42f2-9004-d678f3a5cad2
21:59:10 INFO ORDER_NOT_RESTING | side=no status=canceled order_id=ab6153c7-59de-4053-a4ed-c5ebdde4b82f
21:59:10 INFO CREATE_OK | side=yes price_dollars=0.3300 remaining_contracts=5.00 order_id=d2630259-105f-4658-bd04-fffaec17b50b
21:59:10 INFO CREATE_OK | side=no price_dollars=0.5800 remaining_contracts=3.00 order_id=d91f839e-51ee-4a6b-92d1-1de6883b08e9
21:59:55 INFO ORDER_NOT_RESTING | side=yes status=canceled order_id=d2630259-105f-4658-bd04-fffaec17b50b
21:59:55 INFO ORDER_NOT_RESTING | side=no status=canceled order_id=d91f839e-51ee-4a6b-92d1-1de6883b08e9
21:59:55 INFO CREATE_OK | side=yes price_dollars=0.3400 remaining_contracts=5.00 order_id=308b969b-4117-420a-9389-2384fe78e144
21:59:55 INFO CREATE_OK | side=no price_dollars=0.5800 remaining_contracts=3.00 order_id=52a44832-7f1e-400b-9b04-b5dd0b4fe5c1
22:00:35 INFO CANCEL_REQUESTED | side=yes reason=refresh_expiring_quote order_id=308b969b-4117-420a-9389-2384fe78e144
22:00:35 INFO ORDER_NOT_RESTING | side=yes status=canceled order_id=308b969b-4117-420a-9389-2384fe78e144
22:00:35 INFO CREATE_OK | side=yes price_dollars=0.3400 remaining_contracts=5.00 order_id=76d8da58-9e84-4f7c-82ab-57b473ed0894
22:00:35 INFO CANCEL_REQUESTED | side=no reason=refresh_expiring_quote order_id=52a44832-7f1e-400b-9b04-b5dd0b4fe5c1
22:00:35 INFO ORDER_NOT_RESTING | side=no status=canceled order_id=52a44832-7f1e-400b-9b04-b5dd0b4fe5c1
22:00:35 INFO CREATE_OK | side=no price_dollars=0.5800 remaining_contracts=3.00 order_id=9bda30b7-15ac-420c-a215-2c24d768a9b6
22:01:04 INFO AMEND_OK | side=yes price_dollars=0.3300 total_fillable_contracts=5.00 order_id=76d8da58-9e84-4f7c-82ab-57b473ed0894
22:01:04 INFO AMEND_OK | side=yes price_dollars=0.2800 total_fillable_contracts=6.00 order_id=76d8da58-9e84-4f7c-82ab-57b473ed0894
22:01:09 INFO AMEND_OK | side=yes price_dollars=0.2900 total_fillable_contracts=6.00 order_id=76d8da58-9e84-4f7c-82ab-57b473ed0894
22:01:20 INFO ORDER_NOT_RESTING | side=yes status=canceled order_id=76d8da58-9e84-4f7c-82ab-57b473ed0894
22:01:20 INFO ORDER_NOT_RESTING | side=no status=canceled order_id=9bda30b7-15ac-420c-a215-2c24d768a9b6
22:01:20 INFO CREATE_OK | side=yes price_dollars=0.3000 remaining_contracts=6.00 order_id=0bff1bf5-b398-4e9d-bd22-6a2df66a6188
22:01:20 INFO CREATE_OK | side=no price_dollars=0.5800 remaining_contracts=3.00 order_id=d11d34b4-cd64-4a7d-ab39-d7a7b69eb6cc
22:01:21 INFO AMEND_OK | side=yes price_dollars=0.3100 total_fillable_contracts=6.00 order_id=0bff1bf5-b398-4e9d-bd22-6a2df66a6188
22:02:05 INFO ORDER_NOT_RESTING | side=yes status=canceled order_id=0bff1bf5-b398-4e9d-bd22-6a2df66a6188
22:02:05 INFO ORDER_NOT_RESTING | side=no status=canceled order_id=d11d34b4-cd64-4a7d-ab39-d7a7b69eb6cc
22:02:05 INFO CREATE_OK | side=yes price_dollars=0.3200 remaining_contracts=6.00 order_id=645bd980-64a7-4ffd-904c-f2743f3bbb2f
22:02:05 INFO CREATE_OK | side=no price_dollars=0.5800 remaining_contracts=3.00 order_id=f9a56760-13f6-4d40-9d1b-9bbe56a41841
22:02:05 INFO AMEND_OK | side=yes price_dollars=0.3100 total_fillable_contracts=6.00 order_id=645bd980-64a7-4ffd-904c-f2743f3bbb2f
22:02:50 INFO ORDER_NOT_RESTING | side=yes status=canceled order_id=645bd980-64a7-4ffd-904c-f2743f3bbb2f
22:02:50 INFO ORDER_NOT_RESTING | side=no status=canceled order_id=f9a56760-13f6-4d40-9d1b-9bbe56a41841
22:02:50 INFO CREATE_OK | side=yes price_dollars=0.3200 remaining_contracts=6.00 order_id=ec9607eb-c25a-4a4d-bd92-12648408a2cd
22:02:50 INFO CREATE_OK | side=no price_dollars=0.5800 remaining_contracts=3.00 order_id=47c87f12-e052-4574-8d45-906836813873
22:03:35 INFO ORDER_NOT_RESTING | side=no status=canceled order_id=47c87f12-e052-4574-8d45-906836813873
22:03:35 INFO ORDER_NOT_RESTING | side=yes status=canceled order_id=ec9607eb-c25a-4a4d-bd92-12648408a2cd
22:03:35 INFO CANCEL_SKIPPED_ORDER_MISSING | side=yes reason=refresh_expiring_quote order_id=ec9607eb-c25a-4a4d-bd92-12648408a2cd
22:03:35 INFO CREATE_OK | side=yes price_dollars=0.3200 remaining_contracts=6.00 order_id=44bf4440-de46-40d2-a0c4-c156e6758286
22:03:35 INFO CREATE_OK | side=no price_dollars=0.5900 remaining_contracts=3.00 order_id=eee7c272-9e88-408d-858a-ee6cd86700b2
22:03:35 INFO AMEND_OK | side=no price_dollars=0.5800 total_fillable_contracts=3.00 order_id=eee7c272-9e88-408d-858a-ee6cd86700b2
22:04:20 INFO ORDER_NOT_RESTING | side=yes status=canceled order_id=44bf4440-de46-40d2-a0c4-c156e6758286
22:04:20 INFO ORDER_NOT_RESTING | side=no status=canceled order_id=eee7c272-9e88-408d-858a-ee6cd86700b2
22:04:20 INFO CREATE_OK | side=yes price_dollars=0.3300 remaining_contracts=5.00 order_id=e34d13af-1242-4ef0-bc1b-bf3512efa609
22:04:20 INFO CREATE_OK | side=no price_dollars=0.5800 remaining_contracts=3.00 order_id=398a3fd0-363a-48a9-864f-c243f9eba499
22:04:20 INFO AMEND_OK | side=yes price_dollars=0.3200 total_fillable_contracts=6.00 order_id=e34d13af-1242-4ef0-bc1b-bf3512efa609
22:05:05 INFO ORDER_NOT_RESTING | side=yes status=canceled order_id=e34d13af-1242-4ef0-bc1b-bf3512efa609
22:05:05 INFO ORDER_NOT_RESTING | side=no status=canceled order_id=398a3fd0-363a-48a9-864f-c243f9eba499
22:05:05 INFO CREATE_OK | side=yes price_dollars=0.3300 remaining_contracts=5.00 order_id=5f6a4e8b-c768-4847-b8fa-a1b11aa2f266
22:05:05 INFO CREATE_OK | side=no price_dollars=0.5900 remaining_contracts=3.00 order_id=5b6cac17-b0be-4242-a353-574fa6b09d0c
22:05:05 INFO AMEND_OK | side=yes price_dollars=0.3200 total_fillable_contracts=6.00 order_id=5f6a4e8b-c768-4847-b8fa-a1b11aa2f266
22:05:05 INFO AMEND_OK | side=no price_dollars=0.5800 total_fillable_contracts=3.00 order_id=5b6cac17-b0be-4242-a353-574fa6b09d0c
22:05:50 INFO ORDER_NOT_RESTING | side=yes status=canceled order_id=5f6a4e8b-c768-4847-b8fa-a1b11aa2f266
22:05:50 INFO ORDER_NOT_RESTING | side=no status=canceled order_id=5b6cac17-b0be-4242-a353-574fa6b09d0c
22:05:50 INFO CREATE_OK | side=yes price_dollars=0.3300 remaining_contracts=5.00 order_id=094af524-99f6-4afa-8761-d6ff0a62cf9f
22:05:50 INFO CREATE_OK | side=no price_dollars=0.5800 remaining_contracts=3.00 order_id=48dec95b-35de-4104-8dda-6930aa939276
22:05:50 INFO AMEND_OK | side=yes price_dollars=0.3200 total_fillable_contracts=6.00 order_id=094af524-99f6-4afa-8761-d6ff0a62cf9f
22:06:25 INFO AMEND_OK | side=yes price_dollars=0.3100 total_fillable_contracts=6.00 order_id=094af524-99f6-4afa-8761-d6ff0a62cf9f
22:06:35 INFO ORDER_NOT_RESTING | side=no status=canceled order_id=48dec95b-35de-4104-8dda-6930aa939276
22:06:35 INFO ORDER_NOT_RESTING | side=yes status=canceled order_id=094af524-99f6-4afa-8761-d6ff0a62cf9f
22:06:35 INFO CANCEL_SKIPPED_ORDER_MISSING | side=yes reason=refresh_expiring_quote order_id=094af524-99f6-4afa-8761-d6ff0a62cf9f
22:06:35 INFO CREATE_OK | side=yes price_dollars=0.3100 remaining_contracts=6.00 order_id=4c050ed4-cdc3-4e40-8597-1b8cca451bd4
22:06:35 INFO CREATE_OK | side=no price_dollars=0.5900 remaining_contracts=3.00 order_id=f51a7bd4-7c16-4a44-8e06-9d87f6b6e756
22:06:35 INFO AMEND_OK | side=no price_dollars=0.5800 total_fillable_contracts=3.00 order_id=f51a7bd4-7c16-4a44-8e06-9d87f6b6e756
22:07:20 INFO ORDER_NOT_RESTING | side=yes status=canceled order_id=4c050ed4-cdc3-4e40-8597-1b8cca451bd4
22:07:20 INFO ORDER_NOT_RESTING | side=no status=canceled order_id=f51a7bd4-7c16-4a44-8e06-9d87f6b6e756
22:07:20 INFO CREATE_OK | side=yes price_dollars=0.3200 remaining_contracts=6.00 order_id=2f2c16c6-da56-4be4-9bad-d9441c745d95
22:07:20 INFO CREATE_OK | side=no price_dollars=0.5800 remaining_contracts=3.00 order_id=7c29eb55-b7bd-4107-af75-694c0687b68a
22:07:20 INFO AMEND_OK | side=yes price_dollars=0.3100 total_fillable_contracts=6.00 order_id=2f2c16c6-da56-4be4-9bad-d9441c745d95
22:08:05 INFO ORDER_NOT_RESTING | side=no status=canceled order_id=7c29eb55-b7bd-4107-af75-694c0687b68a
22:08:05 INFO ORDER_NOT_RESTING | side=yes status=canceled order_id=2f2c16c6-da56-4be4-9bad-d9441c745d95
22:08:05 INFO CANCEL_SKIPPED_ORDER_MISSING | side=yes reason=refresh_expiring_quote order_id=2f2c16c6-da56-4be4-9bad-d9441c745d95
22:08:05 INFO CREATE_OK | side=yes price_dollars=0.3100 remaining_contracts=6.00 order_id=20aeefee-7c19-4b75-95e6-b7bad27e8570
22:08:05 INFO CREATE_OK | side=no price_dollars=0.5900 remaining_contracts=3.00 order_id=32768fee-9cd3-4949-90fe-94822efd5c36
22:08:05 INFO AMEND_OK | side=no price_dollars=0.5800 total_fillable_contracts=3.00 order_id=32768fee-9cd3-4949-90fe-94822efd5c36
22:08:49 INFO CANCEL_REQUESTED | side=yes reason=refresh_expiring_quote order_id=20aeefee-7c19-4b75-95e6-b7bad27e8570
22:08:49 INFO CREATE_OK | side=yes price_dollars=0.3100 remaining_contracts=6.00 order_id=f6418013-6895-47a4-a31c-68ba128d00ff
22:08:49 INFO ORDER_NOT_RESTING | side=yes status=canceled order_id=20aeefee-7c19-4b75-95e6-b7bad27e8570
22:08:49 INFO CANCEL_REQUESTED | side=no reason=refresh_expiring_quote order_id=32768fee-9cd3-4949-90fe-94822efd5c36
22:08:49 INFO ORDER_NOT_RESTING | side=no status=canceled order_id=32768fee-9cd3-4949-90fe-94822efd5c36
22:08:49 INFO CREATE_OK | side=no price_dollars=0.5900 remaining_contracts=3.00 order_id=c1538eb5-c39a-4a08-8e2a-11c808042e23
22:08:49 INFO AMEND_OK | side=yes price_dollars=0.3300 total_fillable_contracts=5.00 order_id=f6418013-6895-47a4-a31c-68ba128d00ff
22:08:54 INFO AMEND_OK | side=yes price_dollars=0.3400 total_fillable_contracts=5.00 order_id=f6418013-6895-47a4-a31c-68ba128d00ff
22:09:34 INFO ORDER_NOT_RESTING | side=yes status=canceled order_id=f6418013-6895-47a4-a31c-68ba128d00ff
22:09:34 INFO ORDER_NOT_RESTING | side=no status=canceled order_id=c1538eb5-c39a-4a08-8e2a-11c808042e23
22:09:34 INFO CREATE_OK | side=yes price_dollars=0.3500 remaining_contracts=5.00 order_id=573f5868-1409-493e-bbff-6b9c4d5ec983
22:09:34 INFO CREATE_OK | side=no price_dollars=0.5900 remaining_contracts=3.00 order_id=bae8f533-8caf-421d-9c79-f26c278c353c
22:09:34 INFO AMEND_OK | side=yes price_dollars=0.3400 total_fillable_contracts=5.00 order_id=573f5868-1409-493e-bbff-6b9c4d5ec983
22:10:19 INFO ORDER_NOT_RESTING | side=no status=canceled order_id=bae8f533-8caf-421d-9c79-f26c278c353c
22:10:19 INFO ORDER_NOT_RESTING | side=yes status=canceled order_id=573f5868-1409-493e-bbff-6b9c4d5ec983
22:10:19 INFO CREATE_OK | side=yes price_dollars=0.3500 remaining_contracts=5.00 order_id=dd4c9bc3-b833-4ec6-bffa-1a38ca893d38
22:10:19 INFO CREATE_OK | side=no price_dollars=0.6000 remaining_contracts=3.00 order_id=0b78ea89-4020-48b2-a81a-fa5fe8889f29
22:10:19 INFO AMEND_OK | side=yes price_dollars=0.3400 total_fillable_contracts=5.00 order_id=dd4c9bc3-b833-4ec6-bffa-1a38ca893d38
22:10:19 INFO AMEND_OK | side=no price_dollars=0.5900 total_fillable_contracts=3.00 order_id=0b78ea89-4020-48b2-a81a-fa5fe8889f29
22:11:04 INFO ORDER_NOT_RESTING | side=yes status=canceled order_id=dd4c9bc3-b833-4ec6-bffa-1a38ca893d38
22:11:04 INFO ORDER_NOT_RESTING | side=no status=canceled order_id=0b78ea89-4020-48b2-a81a-fa5fe8889f29
22:11:04 INFO CREATE_OK | side=yes price_dollars=0.3500 remaining_contracts=5.00 order_id=40cb3dd7-a7f3-4a00-99c7-8c2c375d2afe
22:11:04 INFO CREATE_OK | side=no price_dollars=0.5900 remaining_contracts=3.00 order_id=1197d8be-e211-4f36-9343-7da66c9804a4
22:11:49 INFO ORDER_NOT_RESTING | side=no status=canceled order_id=1197d8be-e211-4f36-9343-7da66c9804a4
22:11:49 INFO ORDER_NOT_RESTING | side=yes status=canceled order_id=40cb3dd7-a7f3-4a00-99c7-8c2c375d2afe
22:11:49 INFO CANCEL_SKIPPED_ORDER_MISSING | side=yes reason=refresh_expiring_quote order_id=40cb3dd7-a7f3-4a00-99c7-8c2c375d2afe
22:11:49 INFO CREATE_OK | side=yes price_dollars=0.3500 remaining_contracts=5.00 order_id=6dbe40ba-dad4-4b55-8264-a923fd738f67
22:11:49 INFO CREATE_OK | side=no price_dollars=0.5900 remaining_contracts=3.00 order_id=12be89b9-e27d-4479-97da-06a399720c50
22:11:49 INFO AMEND_OK | side=yes price_dollars=0.3300 total_fillable_contracts=5.00 order_id=6dbe40ba-dad4-4b55-8264-a923fd738f67
22:12:34 INFO ORDER_NOT_RESTING | side=no status=canceled order_id=12be89b9-e27d-4479-97da-06a399720c50
22:12:34 INFO ORDER_NOT_RESTING | side=yes status=canceled order_id=6dbe40ba-dad4-4b55-8264-a923fd738f67
22:12:34 INFO CREATE_OK | side=yes price_dollars=0.3400 remaining_contracts=5.00 order_id=2fd9e125-d33d-425b-a57b-1fe0bf85cca4
22:12:34 INFO CREATE_OK | side=no price_dollars=0.6000 remaining_contracts=3.00 order_id=efd50f7e-48b9-4906-8e73-5e4b4536de07
22:12:34 INFO AMEND_OK | side=yes price_dollars=0.3300 total_fillable_contracts=5.00 order_id=2fd9e125-d33d-425b-a57b-1fe0bf85cca4
22:12:34 INFO AMEND_OK | side=no price_dollars=0.5900 total_fillable_contracts=3.00 order_id=efd50f7e-48b9-4906-8e73-5e4b4536de07
22:13:19 INFO ORDER_NOT_RESTING | side=no status=canceled order_id=efd50f7e-48b9-4906-8e73-5e4b4536de07
22:13:19 INFO ORDER_NOT_RESTING | side=yes status=canceled order_id=2fd9e125-d33d-425b-a57b-1fe0bf85cca4
22:13:19 INFO CANCEL_SKIPPED_ORDER_MISSING | side=yes reason=refresh_expiring_quote order_id=2fd9e125-d33d-425b-a57b-1fe0bf85cca4
22:13:19 INFO CREATE_OK | side=yes price_dollars=0.3300 remaining_contracts=5.00 order_id=26b47485-7a4a-402f-87d1-7e9c68eb23fa
22:13:19 INFO CREATE_OK | side=no price_dollars=0.6000 remaining_contracts=3.00 order_id=b004502c-4dc8-4e4e-b94b-5b36f2d6cd80
22:13:19 INFO AMEND_OK | side=no price_dollars=0.5900 total_fillable_contracts=3.00 order_id=b004502c-4dc8-4e4e-b94b-5b36f2d6cd80
22:14:04 INFO ORDER_NOT_RESTING | side=no status=canceled order_id=b004502c-4dc8-4e4e-b94b-5b36f2d6cd80
22:14:04 INFO ORDER_NOT_RESTING | side=yes status=canceled order_id=26b47485-7a4a-402f-87d1-7e9c68eb23fa
22:14:04 INFO CANCEL_SKIPPED_ORDER_MISSING | side=yes reason=refresh_expiring_quote order_id=26b47485-7a4a-402f-87d1-7e9c68eb23fa
22:14:04 INFO CREATE_OK | side=yes price_dollars=0.3300 remaining_contracts=5.00 order_id=ff9d23fb-e04f-4f4e-acb4-fb93f9a24843
22:14:04 INFO CREATE_OK | side=no price_dollars=0.6000 remaining_contracts=3.00 order_id=54a332ae-2f30-4749-ab1c-a8b152d8214c
22:14:04 INFO AMEND_OK | side=no price_dollars=0.5900 total_fillable_contracts=3.00 order_id=54a332ae-2f30-4749-ab1c-a8b152d8214c
22:14:40 INFO AMEND_OK | side=no price_dollars=0.5800 total_fillable_contracts=3.00 order_id=54a332ae-2f30-4749-ab1c-a8b152d8214c
22:14:49 INFO ORDER_NOT_RESTING | side=yes status=canceled order_id=ff9d23fb-e04f-4f4e-acb4-fb93f9a24843
22:14:49 INFO ORDER_NOT_RESTING | side=no status=canceled order_id=54a332ae-2f30-4749-ab1c-a8b152d8214c
22:14:49 INFO CREATE_OK | side=yes price_dollars=0.3400 remaining_contracts=5.00 order_id=30e0a3f8-a105-4c7e-9689-329aaf97cb7b
22:14:49 INFO CREATE_OK | side=no price_dollars=0.5800 remaining_contracts=3.00 order_id=0681d3dd-f9df-4b08-aa74-b6da7158275d
22:14:49 INFO AMEND_OK | side=yes price_dollars=0.0500 total_fillable_contracts=39.00 order_id=30e0a3f8-a105-4c7e-9689-329aaf97cb7b
22:14:49 INFO CANCEL_REQUESTED | side=yes reason=quote_disabled order_id=30e0a3f8-a105-4c7e-9689-329aaf97cb7b
22:14:49 INFO ORDER_NOT_RESTING | side=yes status=canceled order_id=30e0a3f8-a105-4c7e-9689-329aaf97cb7b
22:15:34 INFO ORDER_NOT_RESTING | side=no status=canceled order_id=0681d3dd-f9df-4b08-aa74-b6da7158275d
22:15:34 INFO CREATE_OK | side=no price_dollars=0.5900 remaining_contracts=3.00 order_id=f94274ee-c92f-4300-952b-953c96a4ced1
22:15:34 INFO AMEND_OK | side=no price_dollars=0.5800 total_fillable_contracts=3.00 order_id=f94274ee-c92f-4300-952b-953c96a4ced1
22:16:19 INFO ORDER_NOT_RESTING | side=no status=canceled order_id=f94274ee-c92f-4300-952b-953c96a4ced1
22:16:19 INFO CREATE_OK | side=no price_dollars=0.5900 remaining_contracts=3.00 order_id=b345750f-37a7-482e-8453-540a0d48d8dd
22:16:19 INFO AMEND_OK | side=no price_dollars=0.5800 total_fillable_contracts=3.00 order_id=b345750f-37a7-482e-8453-540a0d48d8dd
22:17:04 INFO ORDER_NOT_RESTING | side=no status=canceled order_id=b345750f-37a7-482e-8453-540a0d48d8dd
22:17:04 INFO CREATE_OK | side=no price_dollars=0.5900 remaining_contracts=3.00 order_id=8fb7908b-cfe3-4916-84f6-7dcab0c0bb9c
22:17:04 INFO AMEND_OK | side=no price_dollars=0.5800 total_fillable_contracts=3.00 order_id=8fb7908b-cfe3-4916-84f6-7dcab0c0bb9c
22:17:49 INFO ORDER_NOT_RESTING | side=no status=canceled order_id=8fb7908b-cfe3-4916-84f6-7dcab0c0bb9c
22:17:49 INFO CREATE_OK | side=no price_dollars=0.5900 remaining_contracts=3.00 order_id=fd175ef9-93be-4469-9a91-b1125a21124f
22:17:49 INFO AMEND_OK | side=no price_dollars=0.5800 total_fillable_contracts=3.00 order_id=fd175ef9-93be-4469-9a91-b1125a21124f
22:18:34 INFO ORDER_NOT_RESTING | side=no status=canceled order_id=fd175ef9-93be-4469-9a91-b1125a21124f
22:18:34 INFO CREATE_OK | side=no price_dollars=0.5900 remaining_contracts=3.00 order_id=49f7b0c1-6c78-43d1-b7ab-666edbccdb62
22:18:34 INFO AMEND_OK | side=no price_dollars=0.5800 total_fillable_contracts=3.00 order_id=49f7b0c1-6c78-43d1-b7ab-666edbccdb62
22:19:19 INFO ORDER_NOT_RESTING | side=no status=canceled order_id=49f7b0c1-6c78-43d1-b7ab-666edbccdb62
22:19:19 INFO CREATE_OK | side=no price_dollars=0.5900 remaining_contracts=3.00 order_id=daf070f8-08a2-4cd4-84c6-3a61128392de
22:19:19 INFO AMEND_OK | side=no price_dollars=0.5800 total_fillable_contracts=3.00 order_id=daf070f8-08a2-4cd4-84c6-3a61128392de
22:20:04 INFO ORDER_NOT_RESTING | side=no status=canceled order_id=daf070f8-08a2-4cd4-84c6-3a61128392de
22:20:04 INFO CREATE_OK | side=no price_dollars=0.5900 remaining_contracts=3.00 order_id=d80888eb-d357-4e96-9198-43e3a9b3edf9
22:20:04 INFO AMEND_OK | side=no price_dollars=0.5800 total_fillable_contracts=3.00 order_id=d80888eb-d357-4e96-9198-43e3a9b3edf9
22:20:49 INFO ORDER_NOT_RESTING | side=no status=canceled order_id=d80888eb-d357-4e96-9198-43e3a9b3edf9
22:20:49 INFO CREATE_OK | side=no price_dollars=0.5900 remaining_contracts=3.00 order_id=8c1912a9-198e-4a57-a5f7-1b475119bdf1
22:20:49 INFO AMEND_OK | side=no price_dollars=0.5800 total_fillable_contracts=3.00 order_id=8c1912a9-198e-4a57-a5f7-1b475119bdf1
22:21:34 INFO ORDER_NOT_RESTING | side=no status=canceled order_id=8c1912a9-198e-4a57-a5f7-1b475119bdf1
22:21:34 INFO CREATE_OK | side=no price_dollars=0.5900 remaining_contracts=3.00 order_id=1138d672-260a-4e7b-998d-da7195ca693e
22:21:34 INFO AMEND_OK | side=no price_dollars=0.5800 total_fillable_contracts=3.00 order_id=1138d672-260a-4e7b-998d-da7195ca693e
22:22:19 INFO ORDER_NOT_RESTING | side=no status=canceled order_id=1138d672-260a-4e7b-998d-da7195ca693e
22:22:19 INFO CREATE_OK | side=no price_dollars=0.5900 remaining_contracts=3.00 order_id=77e5c755-2f02-49ed-8db2-e094f756ecc2
22:22:19 INFO AMEND_OK | side=no price_dollars=0.5800 total_fillable_contracts=3.00 order_id=77e5c755-2f02-49ed-8db2-e094f756ecc2
22:23:04 INFO ORDER_NOT_RESTING | side=no status=canceled order_id=77e5c755-2f02-49ed-8db2-e094f756ecc2
22:23:04 INFO CREATE_OK | side=no price_dollars=0.5900 remaining_contracts=3.00 order_id=952bfe3e-6bbd-4818-8c66-271070f5d7d3
22:23:04 INFO AMEND_OK | side=no price_dollars=0.5800 total_fillable_contracts=3.00 order_id=952bfe3e-6bbd-4818-8c66-271070f5d7d3
22:23:49 INFO ORDER_NOT_RESTING | side=no status=canceled order_id=952bfe3e-6bbd-4818-8c66-271070f5d7d3
22:23:49 INFO CREATE_OK | side=no price_dollars=0.5900 remaining_contracts=3.00 order_id=ce66b33a-f193-402a-b295-6669c2fb507d
22:23:49 INFO AMEND_OK | side=no price_dollars=0.5800 total_fillable_contracts=3.00 order_id=ce66b33a-f193-402a-b295-6669c2fb507d
22:24:34 INFO ORDER_NOT_RESTING | side=no status=canceled order_id=ce66b33a-f193-402a-b295-6669c2fb507d
22:24:34 INFO CREATE_OK | side=no price_dollars=0.5900 remaining_contracts=3.00 order_id=4a69131c-c6a5-4683-8f0f-bcb13e28c5b4
22:24:34 INFO AMEND_OK | side=no price_dollars=0.5800 total_fillable_contracts=3.00 order_id=4a69131c-c6a5-4683-8f0f-bcb13e28c5b4
22:25:19 INFO ORDER_NOT_RESTING | side=no status=canceled order_id=4a69131c-c6a5-4683-8f0f-bcb13e28c5b4
22:25:19 INFO CREATE_OK | side=no price_dollars=0.5900 remaining_contracts=3.00 order_id=3d20f487-3e18-4e90-852a-6dda06c78e4d
22:25:19 INFO AMEND_OK | side=no price_dollars=0.5800 total_fillable_contracts=3.00 order_id=3d20f487-3e18-4e90-852a-6dda06c78e4d
22:26:04 INFO ORDER_NOT_RESTING | side=no status=canceled order_id=3d20f487-3e18-4e90-852a-6dda06c78e4d
22:26:04 INFO CREATE_OK | side=no price_dollars=0.5900 remaining_contracts=3.00 order_id=43034eb2-c008-445c-bfbe-9bbb96d3c278
22:26:04 INFO AMEND_OK | side=no price_dollars=0.5800 total_fillable_contracts=3.00 order_id=43034eb2-c008-445c-bfbe-9bbb96d3c278
22:26:49 INFO ORDER_NOT_RESTING | side=no status=canceled order_id=43034eb2-c008-445c-bfbe-9bbb96d3c278
22:26:49 INFO CREATE_OK | side=no price_dollars=0.5900 remaining_contracts=3.00 order_id=13820555-fe42-458c-80c8-c0cede8c0252
22:26:49 INFO AMEND_OK | side=no price_dollars=0.5800 total_fillable_contracts=3.00 order_id=13820555-fe42-458c-80c8-c0cede8c0252
22:26:49 INFO AMEND_OK | side=no price_dollars=0.5900 total_fillable_contracts=3.00 order_id=13820555-fe42-458c-80c8-c0cede8c0252
22:27:34 INFO ORDER_NOT_RESTING | side=no status=canceled order_id=13820555-fe42-458c-80c8-c0cede8c0252
22:27:34 INFO CREATE_OK | side=no price_dollars=0.6000 remaining_contracts=3.00 order_id=b74b6ba0-d21b-4b0b-825f-af160f1331e4
22:27:34 INFO AMEND_OK | side=no price_dollars=0.5900 total_fillable_contracts=3.00 order_id=b74b6ba0-d21b-4b0b-825f-af160f1331e4
22:28:19 INFO ORDER_NOT_RESTING | side=no status=canceled order_id=b74b6ba0-d21b-4b0b-825f-af160f1331e4
22:28:19 INFO CREATE_OK | side=no price_dollars=0.6000 remaining_contracts=3.00 order_id=5970f900-874a-46ab-8ecf-c25d474e4b25
22:28:19 INFO AMEND_OK | side=no price_dollars=0.5900 total_fillable_contracts=3.00 order_id=5970f900-874a-46ab-8ecf-c25d474e4b25
22:29:04 INFO ORDER_NOT_RESTING | side=no status=canceled order_id=5970f900-874a-46ab-8ecf-c25d474e4b25
22:29:04 INFO CREATE_OK | side=no price_dollars=0.6000 remaining_contracts=3.00 order_id=6158c3f0-d60c-4767-b52c-02759dfcc105
22:29:04 INFO AMEND_OK | side=no price_dollars=0.5900 total_fillable_contracts=3.00 order_id=6158c3f0-d60c-4767-b52c-02759dfcc105
22:29:49 INFO ORDER_NOT_RESTING | side=no status=canceled order_id=6158c3f0-d60c-4767-b52c-02759dfcc105
22:29:49 INFO CREATE_OK | side=no price_dollars=0.6000 remaining_contracts=3.00 order_id=8d1f0167-9ab5-4a6e-bf42-1c0b9fbeab2f
22:29:49 INFO AMEND_OK | side=no price_dollars=0.5900 total_fillable_contracts=3.00 order_id=8d1f0167-9ab5-4a6e-bf42-1c0b9fbeab2f
22:30:34 INFO ORDER_NOT_RESTING | side=no status=canceled order_id=8d1f0167-9ab5-4a6e-bf42-1c0b9fbeab2f
22:30:34 INFO CREATE_OK | side=no price_dollars=0.6000 remaining_contracts=3.00 order_id=c0ac10b6-e25e-45f1-9c17-9ccc42a40d6f
22:30:34 INFO AMEND_OK | side=no price_dollars=0.5900 total_fillable_contracts=3.00 order_id=c0ac10b6-e25e-45f1-9c17-9ccc42a40d6f
22:31:19 INFO ORDER_NOT_RESTING | side=no status=canceled order_id=c0ac10b6-e25e-45f1-9c17-9ccc42a40d6f
22:31:19 INFO CREATE_OK | side=no price_dollars=0.6000 remaining_contracts=3.00 order_id=5c612ddb-a059-4f6b-ad74-b58c40a11c6a
22:31:19 INFO AMEND_OK | side=no price_dollars=0.5900 total_fillable_contracts=3.00 order_id=5c612ddb-a059-4f6b-ad74-b58c40a11c6a
22:32:04 INFO ORDER_NOT_RESTING | side=no status=canceled order_id=5c612ddb-a059-4f6b-ad74-b58c40a11c6a
22:32:04 INFO CREATE_OK | side=no price_dollars=0.6000 remaining_contracts=3.00 order_id=dbc7a301-1f0a-472c-9a05-dcf14d9b8585
22:32:04 INFO AMEND_OK | side=no price_dollars=0.5900 total_fillable_contracts=3.00 order_id=dbc7a301-1f0a-472c-9a05-dcf14d9b8585
22:32:39 INFO AMEND_OK | side=no price_dollars=0.5800 total_fillable_contracts=3.00 order_id=dbc7a301-1f0a-472c-9a05-dcf14d9b8585
22:32:46 INFO CANCEL_REQUESTED | side=no reason=refresh_expiring_quote order_id=dbc7a301-1f0a-472c-9a05-dcf14d9b8585
22:32:46 INFO ORDER_NOT_RESTING | side=no status=canceled order_id=dbc7a301-1f0a-472c-9a05-dcf14d9b8585
22:32:46 INFO CREATE_OK | side=no price_dollars=0.5800 remaining_contracts=3.00 order_id=02bf0f11-133c-4b0f-9702-c46a124fa860
22:33:31 INFO ORDER_NOT_RESTING | side=no status=canceled order_id=02bf0f11-133c-4b0f-9702-c46a124fa860
22:33:31 INFO CREATE_OK | side=no price_dollars=0.5900 remaining_contracts=3.00 order_id=4dd463fa-217a-4141-94f6-db25392e50ad
22:33:31 INFO AMEND_OK | side=no price_dollars=0.5800 total_fillable_contracts=3.00 order_id=4dd463fa-217a-4141-94f6-db25392e50ad
22:34:16 INFO ORDER_NOT_RESTING | side=no status=canceled order_id=4dd463fa-217a-4141-94f6-db25392e50ad
22:34:16 INFO CREATE_OK | side=no price_dollars=0.5900 remaining_contracts=3.00 order_id=892f336d-6bbf-483d-92eb-bd52a7b11d9a
22:34:16 INFO AMEND_OK | side=no price_dollars=0.5800 total_fillable_contracts=3.00 order_id=892f336d-6bbf-483d-92eb-bd52a7b11d9a
22:35:01 INFO ORDER_NOT_RESTING | side=no status=canceled order_id=892f336d-6bbf-483d-92eb-bd52a7b11d9a
22:35:01 INFO CREATE_OK | side=no price_dollars=0.5900 remaining_contracts=3.00 order_id=1779b692-5c18-4de8-b5f4-e3e2d0d6d0c3
22:35:01 INFO AMEND_OK | side=no price_dollars=0.5800 total_fillable_contracts=3.00 order_id=1779b692-5c18-4de8-b5f4-e3e2d0d6d0c3
