
=== START 2026-03-08 06:26:20 ===
CMD: /home/codespace/.python/current/bin/python3 /workspaces/Kalshi_alg/V1.py --ticker KXJLEAGUEGAME-26MAR08GAMVVN-GAM --yes-budget-cents 1000 --no-budget-cents 1000
06:26:22 INFO START | environment=PROD ticker=KXJLEAGUEGAME-26MAR08GAMVVN-GAM yes_budget_cents=1000 no_budget_cents=1000 price_structure=linear_cent fractional_trading=False dry_run=False websocket=wss://api.elections.kalshi.com/trade-api/ws/v2
06:26:22 INFO STARTUP_POSITION | contracts=0.00
06:26:23 INFO WS_CONNECTED_AND_SUBSCRIBED
06:26:23 INFO CREATE_OK | side=yes price_dollars=0.4300 remaining_contracts=23.00 order_id=36a6de60-5bff-4b9f-948b-3ee4e45f167f
06:26:23 INFO CREATE_OK | side=no price_dollars=0.5500 remaining_contracts=18.00 order_id=f05b2028-bec2-43fa-9fb4-20270279467c
06:26:23 INFO AMEND_OK | side=yes price_dollars=0.4200 total_fillable_contracts=23.00 order_id=36a6de60-5bff-4b9f-948b-3ee4e45f167f
06:26:38 INFO QUEUE_POSITION | side=yes order_id=36a6de60-5bff-4b9f-948b-3ee4e45f167f ahead_contracts=5615.00
06:26:38 INFO QUEUE_POSITION | side=no order_id=f05b2028-bec2-43fa-9fb4-20270279467c ahead_contracts=242.00
06:26:53 INFO QUEUE_POSITION | side=yes order_id=36a6de60-5bff-4b9f-948b-3ee4e45f167f ahead_contracts=5615.00
06:26:53 INFO QUEUE_POSITION | side=no order_id=f05b2028-bec2-43fa-9fb4-20270279467c ahead_contracts=242.00
06:27:08 INFO QUEUE_POSITION | side=yes order_id=36a6de60-5bff-4b9f-948b-3ee4e45f167f ahead_contracts=5615.00
06:27:08 INFO QUEUE_POSITION | side=no order_id=f05b2028-bec2-43fa-9fb4-20270279467c ahead_contracts=242.00
06:27:18 INFO CANCEL_REQUESTED | side=yes reason=refresh_expiring_quote order_id=36a6de60-5bff-4b9f-948b-3ee4e45f167f
06:27:18 INFO ORDER_NOT_RESTING | side=yes status=canceled order_id=36a6de60-5bff-4b9f-948b-3ee4e45f167f
06:27:18 INFO CREATE_OK | side=yes price_dollars=0.4200 remaining_contracts=23.00 order_id=6f861e2d-6d19-43fd-a082-0594b6727ddc
06:27:18 INFO CANCEL_REQUESTED | side=no reason=refresh_expiring_quote order_id=f05b2028-bec2-43fa-9fb4-20270279467c
06:27:18 INFO ORDER_NOT_RESTING | side=no status=canceled order_id=f05b2028-bec2-43fa-9fb4-20270279467c
06:27:18 INFO CREATE_OK | side=no price_dollars=0.5500 remaining_contracts=18.00 order_id=96b475bc-028a-4ed5-b252-1d652a5374f0
06:27:23 INFO AMEND_OK | side=no price_dollars=0.5400 total_fillable_contracts=18.00 order_id=96b475bc-028a-4ed5-b252-1d652a5374f0
06:27:23 INFO QUEUE_POSITION | side=yes order_id=6f861e2d-6d19-43fd-a082-0594b6727ddc ahead_contracts=5641.00
06:27:23 INFO QUEUE_POSITION | side=no order_id=96b475bc-028a-4ed5-b252-1d652a5374f0 ahead_contracts=0.00
06:27:23 INFO AMEND_OK | side=no price_dollars=0.4900 total_fillable_contracts=20.00 order_id=96b475bc-028a-4ed5-b252-1d652a5374f0
06:27:24 INFO AMEND_OK | side=yes price_dollars=0.4300 total_fillable_contracts=23.00 order_id=6f861e2d-6d19-43fd-a082-0594b6727ddc
06:27:38 INFO QUEUE_POSITION | side=yes order_id=6f861e2d-6d19-43fd-a082-0594b6727ddc ahead_contracts=4044.00
06:27:38 INFO QUEUE_POSITION | side=no order_id=96b475bc-028a-4ed5-b252-1d652a5374f0 ahead_contracts=20.00
06:27:42 INFO AMEND_OK | side=yes price_dollars=0.4400 total_fillable_contracts=22.00 order_id=6f861e2d-6d19-43fd-a082-0594b6727ddc
06:27:49 INFO AMEND_OK | side=no price_dollars=0.5100 total_fillable_contracts=19.00 order_id=96b475bc-028a-4ed5-b252-1d652a5374f0
06:27:50 INFO AMEND_OK | side=yes price_dollars=0.4300 total_fillable_contracts=23.00 order_id=6f861e2d-6d19-43fd-a082-0594b6727ddc
06:27:50 INFO AMEND_OK | side=no price_dollars=0.5200 total_fillable_contracts=19.00 order_id=96b475bc-028a-4ed5-b252-1d652a5374f0
06:27:50 INFO AMEND_OK | side=no price_dollars=0.5400 total_fillable_contracts=18.00 order_id=96b475bc-028a-4ed5-b252-1d652a5374f0
06:27:53 INFO QUEUE_POSITION | side=yes order_id=6f861e2d-6d19-43fd-a082-0594b6727ddc ahead_contracts=4081.00
06:27:53 INFO QUEUE_POSITION | side=no order_id=96b475bc-028a-4ed5-b252-1d652a5374f0 ahead_contracts=0.00
06:28:08 INFO QUEUE_POSITION | side=yes order_id=6f861e2d-6d19-43fd-a082-0594b6727ddc ahead_contracts=4081.00
06:28:08 INFO QUEUE_POSITION | side=no order_id=96b475bc-028a-4ed5-b252-1d652a5374f0 ahead_contracts=0.00
06:28:11 INFO AMEND_OK | side=yes price_dollars=0.4200 total_fillable_contracts=23.00 order_id=6f861e2d-6d19-43fd-a082-0594b6727ddc
06:28:13 INFO CANCEL_REQUESTED | side=yes reason=refresh_expiring_quote order_id=6f861e2d-6d19-43fd-a082-0594b6727ddc
06:28:13 INFO ORDER_NOT_RESTING | side=yes status=canceled order_id=6f861e2d-6d19-43fd-a082-0594b6727ddc
06:28:13 INFO CREATE_OK | side=yes price_dollars=0.4200 remaining_contracts=23.00 order_id=80fd70bf-c3f2-4a76-9977-40ed6526afef
06:28:13 INFO CANCEL_REQUESTED | side=no reason=refresh_expiring_quote order_id=96b475bc-028a-4ed5-b252-1d652a5374f0
06:28:13 INFO ORDER_NOT_RESTING | side=no status=canceled order_id=96b475bc-028a-4ed5-b252-1d652a5374f0
06:28:13 INFO CREATE_OK | side=no price_dollars=0.5400 remaining_contracts=18.00 order_id=3ca41519-1ccc-4a3d-a2d7-1afdb5a61b4e
06:28:13 INFO AMEND_OK | side=yes price_dollars=0.2200 total_fillable_contracts=45.00 order_id=80fd70bf-c3f2-4a76-9977-40ed6526afef
06:28:13 INFO CANCEL_REQUESTED | side=yes reason=quote_disabled order_id=80fd70bf-c3f2-4a76-9977-40ed6526afef
06:28:13 INFO ORDER_NOT_RESTING | side=yes status=canceled order_id=80fd70bf-c3f2-4a76-9977-40ed6526afef
06:28:19 INFO CREATE_OK | side=yes price_dollars=0.2800 remaining_contracts=35.00 order_id=99641df6-903f-43b5-b1ce-b0cd2c25a4a9
06:28:19 INFO AMEND_OK | side=yes price_dollars=0.3900 total_fillable_contracts=25.00 order_id=99641df6-903f-43b5-b1ce-b0cd2c25a4a9
06:28:19 INFO AMEND_OK | side=yes price_dollars=0.4200 total_fillable_contracts=23.00 order_id=99641df6-903f-43b5-b1ce-b0cd2c25a4a9
06:28:23 INFO QUEUE_POSITION | side=yes order_id=99641df6-903f-43b5-b1ce-b0cd2c25a4a9 ahead_contracts=1784.00
06:28:23 INFO QUEUE_POSITION | side=no order_id=3ca41519-1ccc-4a3d-a2d7-1afdb5a61b4e ahead_contracts=1482.00
06:28:27 INFO AMEND_OK | side=no price_dollars=0.4900 total_fillable_contracts=20.00 order_id=3ca41519-1ccc-4a3d-a2d7-1afdb5a61b4e
06:28:27 INFO AMEND_OK | side=yes price_dollars=0.4300 total_fillable_contracts=23.00 order_id=99641df6-903f-43b5-b1ce-b0cd2c25a4a9
06:28:28 INFO AMEND_OK | side=yes price_dollars=0.4400 total_fillable_contracts=22.00 order_id=99641df6-903f-43b5-b1ce-b0cd2c25a4a9
06:28:31 INFO AMEND_OK | side=no price_dollars=0.5100 total_fillable_contracts=19.00 order_id=3ca41519-1ccc-4a3d-a2d7-1afdb5a61b4e
06:28:31 INFO AMEND_OK | side=no price_dollars=0.5000 total_fillable_contracts=19.00 order_id=3ca41519-1ccc-4a3d-a2d7-1afdb5a61b4e
06:28:32 INFO AMEND_OK | side=no price_dollars=0.5100 total_fillable_contracts=19.00 order_id=3ca41519-1ccc-4a3d-a2d7-1afdb5a61b4e
06:28:34 INFO AMEND_OK | side=no price_dollars=0.4900 total_fillable_contracts=20.00 order_id=3ca41519-1ccc-4a3d-a2d7-1afdb5a61b4e
06:28:37 INFO AMEND_OK | side=no price_dollars=0.5000 total_fillable_contracts=19.00 order_id=3ca41519-1ccc-4a3d-a2d7-1afdb5a61b4e
06:28:37 INFO AMEND_OK | side=no price_dollars=0.5100 total_fillable_contracts=19.00 order_id=3ca41519-1ccc-4a3d-a2d7-1afdb5a61b4e
06:28:38 INFO QUEUE_POSITION | side=yes order_id=99641df6-903f-43b5-b1ce-b0cd2c25a4a9 ahead_contracts=2150.00
06:28:38 INFO QUEUE_POSITION | side=no order_id=3ca41519-1ccc-4a3d-a2d7-1afdb5a61b4e ahead_contracts=1485.00
06:28:39 INFO AMEND_OK | side=no price_dollars=0.5200 total_fillable_contracts=19.00 order_id=3ca41519-1ccc-4a3d-a2d7-1afdb5a61b4e
06:28:48 INFO AMEND_OK | side=no price_dollars=0.5300 total_fillable_contracts=18.00 order_id=3ca41519-1ccc-4a3d-a2d7-1afdb5a61b4e
06:28:53 INFO QUEUE_POSITION | side=yes order_id=99641df6-903f-43b5-b1ce-b0cd2c25a4a9 ahead_contracts=2150.00
06:28:53 INFO QUEUE_POSITION | side=no order_id=3ca41519-1ccc-4a3d-a2d7-1afdb5a61b4e ahead_contracts=1499.00
06:29:08 INFO CANCEL_REQUESTED | side=no reason=refresh_expiring_quote order_id=3ca41519-1ccc-4a3d-a2d7-1afdb5a61b4e
06:29:08 INFO ORDER_NOT_RESTING | side=no status=canceled order_id=3ca41519-1ccc-4a3d-a2d7-1afdb5a61b4e
06:29:08 INFO CREATE_OK | side=no price_dollars=0.5300 remaining_contracts=18.00 order_id=4c9f01b7-113a-46e6-be9c-ba5af6e2ce23
06:29:08 INFO QUEUE_POSITION | side=yes order_id=99641df6-903f-43b5-b1ce-b0cd2c25a4a9 ahead_contracts=0.00
06:29:08 INFO QUEUE_POSITION | side=no order_id=4c9f01b7-113a-46e6-be9c-ba5af6e2ce23 ahead_contracts=5540.00
06:29:14 INFO CANCEL_REQUESTED | side=yes reason=refresh_expiring_quote order_id=99641df6-903f-43b5-b1ce-b0cd2c25a4a9
06:29:14 INFO ORDER_NOT_RESTING | side=yes status=canceled order_id=99641df6-903f-43b5-b1ce-b0cd2c25a4a9
06:29:14 INFO CREATE_OK | side=yes price_dollars=0.4400 remaining_contracts=22.00 order_id=06d583ae-323e-4801-a4b8-ec7dc30b0957
06:29:23 INFO QUEUE_POSITION | side=yes order_id=06d583ae-323e-4801-a4b8-ec7dc30b0957 ahead_contracts=3886.00
06:29:24 INFO QUEUE_POSITION | side=no order_id=4c9f01b7-113a-46e6-be9c-ba5af6e2ce23 ahead_contracts=5540.00
06:29:39 INFO QUEUE_POSITION | side=yes order_id=06d583ae-323e-4801-a4b8-ec7dc30b0957 ahead_contracts=3886.00
06:29:39 INFO QUEUE_POSITION | side=no order_id=4c9f01b7-113a-46e6-be9c-ba5af6e2ce23 ahead_contracts=5540.00
06:29:54 INFO QUEUE_POSITION | side=yes order_id=06d583ae-323e-4801-a4b8-ec7dc30b0957 ahead_contracts=0.00
06:29:54 INFO QUEUE_POSITION | side=no order_id=4c9f01b7-113a-46e6-be9c-ba5af6e2ce23 ahead_contracts=5540.00
06:30:02 INFO ORDER_NOT_RESTING | side=yes status=executed order_id=06d583ae-323e-4801-a4b8-ec7dc30b0957
06:30:02 INFO AMEND_OK | side=no price_dollars=0.5900 total_fillable_contracts=16.00 order_id=4c9f01b7-113a-46e6-be9c-ba5af6e2ce23
06:30:02 INFO AMEND_OK | side=no price_dollars=0.5400 total_fillable_contracts=18.00 order_id=4c9f01b7-113a-46e6-be9c-ba5af6e2ce23
06:30:02 INFO AMEND_OK | side=no price_dollars=0.6000 total_fillable_contracts=16.00 order_id=4c9f01b7-113a-46e6-be9c-ba5af6e2ce23
06:30:02 INFO AMEND_OK | side=no price_dollars=0.6100 total_fillable_contracts=16.00 order_id=4c9f01b7-113a-46e6-be9c-ba5af6e2ce23
06:30:02 INFO AMEND_OK | side=no price_dollars=0.6200 total_fillable_contracts=16.00 order_id=4c9f01b7-113a-46e6-be9c-ba5af6e2ce23
06:30:03 INFO CANCEL_REQUESTED | side=no reason=refresh_expiring_quote order_id=4c9f01b7-113a-46e6-be9c-ba5af6e2ce23
06:30:03 INFO ORDER_NOT_RESTING | side=no status=canceled order_id=4c9f01b7-113a-46e6-be9c-ba5af6e2ce23
06:30:03 INFO CREATE_OK | side=no price_dollars=0.6400 remaining_contracts=15.00 order_id=5baaa3d2-f2e9-4286-8c97-7a802484700c
06:30:03 INFO AMEND_OK | side=no price_dollars=0.6700 total_fillable_contracts=14.00 order_id=5baaa3d2-f2e9-4286-8c97-7a802484700c
06:30:03 INFO AMEND_OK | side=no price_dollars=0.6500 total_fillable_contracts=15.00 order_id=5baaa3d2-f2e9-4286-8c97-7a802484700c
06:30:03 INFO AMEND_OK | side=no price_dollars=0.6300 total_fillable_contracts=15.00 order_id=5baaa3d2-f2e9-4286-8c97-7a802484700c
06:30:03 INFO AMEND_OK | side=no price_dollars=0.6400 total_fillable_contracts=15.00 order_id=5baaa3d2-f2e9-4286-8c97-7a802484700c
06:30:09 INFO QUEUE_POSITION | side=no order_id=5baaa3d2-f2e9-4286-8c97-7a802484700c ahead_contracts=65.00
06:30:24 INFO QUEUE_POSITION | side=no order_id=5baaa3d2-f2e9-4286-8c97-7a802484700c ahead_contracts=65.00
06:30:25 INFO AMEND_OK | side=no price_dollars=0.6600 total_fillable_contracts=15.00 order_id=5baaa3d2-f2e9-4286-8c97-7a802484700c
06:30:28 INFO AMEND_OK | side=no price_dollars=0.6800 total_fillable_contracts=14.00 order_id=5baaa3d2-f2e9-4286-8c97-7a802484700c
06:30:30 INFO AMEND_OK | side=no price_dollars=0.6900 total_fillable_contracts=14.00 order_id=5baaa3d2-f2e9-4286-8c97-7a802484700c
06:30:30 INFO AMEND_OK | side=no price_dollars=0.7000 total_fillable_contracts=14.00 order_id=5baaa3d2-f2e9-4286-8c97-7a802484700c
06:30:30 INFO AMEND_OK | side=no price_dollars=0.7100 total_fillable_contracts=14.00 order_id=5baaa3d2-f2e9-4286-8c97-7a802484700c
06:30:31 INFO AMEND_OK | side=no price_dollars=0.7200 total_fillable_contracts=13.00 order_id=5baaa3d2-f2e9-4286-8c97-7a802484700c
06:30:32 INFO AMEND_OK | side=no price_dollars=0.7400 total_fillable_contracts=13.00 order_id=5baaa3d2-f2e9-4286-8c97-7a802484700c
06:30:33 INFO AMEND_OK | side=no price_dollars=0.7500 total_fillable_contracts=13.00 order_id=5baaa3d2-f2e9-4286-8c97-7a802484700c
06:30:39 INFO QUEUE_POSITION | side=no order_id=5baaa3d2-f2e9-4286-8c97-7a802484700c ahead_contracts=0.00
06:30:54 INFO QUEUE_POSITION | side=no order_id=5baaa3d2-f2e9-4286-8c97-7a802484700c ahead_contracts=0.00
06:30:55 INFO ORDER_NOT_RESTING | side=no status=executed order_id=5baaa3d2-f2e9-4286-8c97-7a802484700c
06:30:55 INFO CREATE_OK | side=no price_dollars=0.7400 remaining_contracts=13.00 order_id=d7983b8a-dd6a-49e0-baf0-d88fb7555e6f
06:30:56 INFO AMEND_OK | side=no price_dollars=0.7300 total_fillable_contracts=13.00 order_id=d7983b8a-dd6a-49e0-baf0-d88fb7555e6f
06:30:57 INFO AMEND_OK | side=no price_dollars=0.7400 total_fillable_contracts=13.00 order_id=d7983b8a-dd6a-49e0-baf0-d88fb7555e6f
06:31:04 INFO AMEND_OK | side=no price_dollars=0.7500 total_fillable_contracts=13.00 order_id=d7983b8a-dd6a-49e0-baf0-d88fb7555e6f
06:31:09 INFO QUEUE_POSITION | side=no order_id=d7983b8a-dd6a-49e0-baf0-d88fb7555e6f ahead_contracts=5627.00
06:31:14 INFO AMEND_OK | side=no price_dollars=0.7400 total_fillable_contracts=13.00 order_id=d7983b8a-dd6a-49e0-baf0-d88fb7555e6f
06:31:16 INFO AMEND_OK | side=no price_dollars=0.7500 total_fillable_contracts=13.00 order_id=d7983b8a-dd6a-49e0-baf0-d88fb7555e6f
06:31:16 INFO AMEND_OK | side=no price_dollars=0.7600 total_fillable_contracts=13.00 order_id=d7983b8a-dd6a-49e0-baf0-d88fb7555e6f
06:31:24 INFO QUEUE_POSITION | side=no order_id=d7983b8a-dd6a-49e0-baf0-d88fb7555e6f ahead_contracts=5625.00
06:31:38 INFO AMEND_OK | side=no price_dollars=0.7500 total_fillable_contracts=13.00 order_id=d7983b8a-dd6a-49e0-baf0-d88fb7555e6f
06:31:39 INFO AMEND_OK | side=no price_dollars=0.7600 total_fillable_contracts=13.00 order_id=d7983b8a-dd6a-49e0-baf0-d88fb7555e6f
06:31:39 INFO QUEUE_POSITION | side=no order_id=d7983b8a-dd6a-49e0-baf0-d88fb7555e6f ahead_contracts=6317.00
06:31:44 INFO AMEND_OK | side=no price_dollars=0.7700 total_fillable_contracts=12.00 order_id=d7983b8a-dd6a-49e0-baf0-d88fb7555e6f
06:31:50 INFO CANCEL_REQUESTED | side=no reason=refresh_expiring_quote order_id=d7983b8a-dd6a-49e0-baf0-d88fb7555e6f
06:31:50 INFO ORDER_NOT_RESTING | side=no status=canceled order_id=d7983b8a-dd6a-49e0-baf0-d88fb7555e6f
06:31:50 INFO CREATE_OK | side=no price_dollars=0.7700 remaining_contracts=12.00 order_id=c3740c33-95a7-4ac2-995f-d2ecef947d00
06:31:54 INFO AMEND_OK | side=no price_dollars=0.7600 total_fillable_contracts=13.00 order_id=c3740c33-95a7-4ac2-995f-d2ecef947d00
06:31:54 INFO QUEUE_POSITION | side=no order_id=c3740c33-95a7-4ac2-995f-d2ecef947d00 ahead_contracts=6317.00
06:31:56 INFO AMEND_OK | side=no price_dollars=0.7700 total_fillable_contracts=12.00 order_id=c3740c33-95a7-4ac2-995f-d2ecef947d00
06:31:57 INFO AMEND_OK | side=no price_dollars=0.7600 total_fillable_contracts=13.00 order_id=c3740c33-95a7-4ac2-995f-d2ecef947d00
06:31:57 INFO AMEND_OK | side=no price_dollars=0.7700 total_fillable_contracts=12.00 order_id=c3740c33-95a7-4ac2-995f-d2ecef947d00
06:31:58 INFO AMEND_OK | side=no price_dollars=0.7600 total_fillable_contracts=13.00 order_id=c3740c33-95a7-4ac2-995f-d2ecef947d00
06:31:59 INFO AMEND_OK | side=no price_dollars=0.7700 total_fillable_contracts=12.00 order_id=c3740c33-95a7-4ac2-995f-d2ecef947d00
06:32:00 INFO AMEND_OK | side=no price_dollars=0.7600 total_fillable_contracts=13.00 order_id=c3740c33-95a7-4ac2-995f-d2ecef947d00
06:32:09 INFO QUEUE_POSITION | side=no order_id=c3740c33-95a7-4ac2-995f-d2ecef947d00 ahead_contracts=6015.00
06:32:11 INFO AMEND_OK | side=no price_dollars=0.7400 total_fillable_contracts=13.00 order_id=c3740c33-95a7-4ac2-995f-d2ecef947d00
06:32:11 INFO AMEND_OK | side=no price_dollars=0.7500 total_fillable_contracts=13.00 order_id=c3740c33-95a7-4ac2-995f-d2ecef947d00
06:32:12 INFO AMEND_OK | side=no price_dollars=0.7400 total_fillable_contracts=13.00 order_id=c3740c33-95a7-4ac2-995f-d2ecef947d00
06:32:12 INFO AMEND_OK | side=no price_dollars=0.6900 total_fillable_contracts=14.00 order_id=c3740c33-95a7-4ac2-995f-d2ecef947d00
06:32:12 INFO AMEND_OK | side=no price_dollars=0.6400 total_fillable_contracts=15.00 order_id=c3740c33-95a7-4ac2-995f-d2ecef947d00
06:32:13 INFO AMEND_OK | side=no price_dollars=0.6000 total_fillable_contracts=16.00 order_id=c3740c33-95a7-4ac2-995f-d2ecef947d00
06:32:13 INFO AMEND_OK | side=no price_dollars=0.5900 total_fillable_contracts=16.00 order_id=c3740c33-95a7-4ac2-995f-d2ecef947d00
06:32:13 INFO AMEND_OK | side=no price_dollars=0.6200 total_fillable_contracts=16.00 order_id=c3740c33-95a7-4ac2-995f-d2ecef947d00
06:32:14 INFO AMEND_OK | side=no price_dollars=0.7400 total_fillable_contracts=13.00 order_id=c3740c33-95a7-4ac2-995f-d2ecef947d00
06:32:14 INFO AMEND_OK | side=no price_dollars=0.7500 total_fillable_contracts=13.00 order_id=c3740c33-95a7-4ac2-995f-d2ecef947d00
06:32:24 INFO QUEUE_POSITION | side=no order_id=c3740c33-95a7-4ac2-995f-d2ecef947d00 ahead_contracts=0.00
06:32:26 INFO AMEND_OK | side=no price_dollars=0.7600 total_fillable_contracts=13.00 order_id=c3740c33-95a7-4ac2-995f-d2ecef947d00
06:32:29 INFO AMEND_OK | side=no price_dollars=0.7700 total_fillable_contracts=12.00 order_id=c3740c33-95a7-4ac2-995f-d2ecef947d00
06:32:39 INFO QUEUE_POSITION | side=no order_id=c3740c33-95a7-4ac2-995f-d2ecef947d00 ahead_contracts=5955.00
06:32:45 INFO CANCEL_REQUESTED | side=no reason=refresh_expiring_quote order_id=c3740c33-95a7-4ac2-995f-d2ecef947d00
06:32:45 INFO ORDER_NOT_RESTING | side=no status=canceled order_id=c3740c33-95a7-4ac2-995f-d2ecef947d00
06:32:45 INFO CREATE_OK | side=no price_dollars=0.7700 remaining_contracts=12.00 order_id=b7b165c0-b835-40e3-af3b-082b25b78b7f
06:32:47 INFO AMEND_OK | side=no price_dollars=0.7800 total_fillable_contracts=12.00 order_id=b7b165c0-b835-40e3-af3b-082b25b78b7f
06:32:53 INFO AMEND_OK | side=no price_dollars=0.7700 total_fillable_contracts=12.00 order_id=b7b165c0-b835-40e3-af3b-082b25b78b7f
06:32:54 INFO QUEUE_POSITION | side=no order_id=b7b165c0-b835-40e3-af3b-082b25b78b7f ahead_contracts=6360.00
06:33:01 INFO AMEND_OK | side=no price_dollars=0.7800 total_fillable_contracts=12.00 order_id=b7b165c0-b835-40e3-af3b-082b25b78b7f
06:33:02 INFO AMEND_OK | side=no price_dollars=0.7600 total_fillable_contracts=13.00 order_id=b7b165c0-b835-40e3-af3b-082b25b78b7f
06:33:02 INFO AMEND_OK | side=no price_dollars=0.7700 total_fillable_contracts=12.00 order_id=b7b165c0-b835-40e3-af3b-082b25b78b7f
06:33:03 INFO AMEND_OK | side=no price_dollars=0.7800 total_fillable_contracts=12.00 order_id=b7b165c0-b835-40e3-af3b-082b25b78b7f
06:33:04 INFO AMEND_OK | side=no price_dollars=0.7700 total_fillable_contracts=12.00 order_id=b7b165c0-b835-40e3-af3b-082b25b78b7f
06:33:04 INFO AMEND_OK | side=no price_dollars=0.7800 total_fillable_contracts=12.00 order_id=b7b165c0-b835-40e3-af3b-082b25b78b7f
06:33:09 INFO QUEUE_POSITION | side=no order_id=b7b165c0-b835-40e3-af3b-082b25b78b7f ahead_contracts=0.00
06:33:13 INFO AMEND_OK | side=no price_dollars=0.7700 total_fillable_contracts=12.00 order_id=b7b165c0-b835-40e3-af3b-082b25b78b7f
06:33:13 INFO AMEND_OK | side=no price_dollars=0.7800 total_fillable_contracts=12.00 order_id=b7b165c0-b835-40e3-af3b-082b25b78b7f
06:33:14 INFO AMEND_OK | side=no price_dollars=0.7700 total_fillable_contracts=12.00 order_id=b7b165c0-b835-40e3-af3b-082b25b78b7f
06:33:24 INFO QUEUE_POSITION | side=no order_id=b7b165c0-b835-40e3-af3b-082b25b78b7f ahead_contracts=3906.00
06:33:39 INFO QUEUE_POSITION | side=no order_id=b7b165c0-b835-40e3-af3b-082b25b78b7f ahead_contracts=3906.00
06:33:41 INFO CANCEL_REQUESTED | side=no reason=refresh_expiring_quote order_id=b7b165c0-b835-40e3-af3b-082b25b78b7f
06:33:41 INFO ORDER_NOT_RESTING | side=no status=canceled order_id=b7b165c0-b835-40e3-af3b-082b25b78b7f
06:33:41 INFO CREATE_OK | side=no price_dollars=0.7700 remaining_contracts=12.00 order_id=e4dc7f32-b2ed-43af-8971-ab42d2b205b3
06:33:54 INFO QUEUE_POSITION | side=no order_id=e4dc7f32-b2ed-43af-8971-ab42d2b205b3 ahead_contracts=4138.00
06:34:02 INFO AMEND_OK | side=no price_dollars=0.7600 total_fillable_contracts=13.00 order_id=e4dc7f32-b2ed-43af-8971-ab42d2b205b3
06:34:03 INFO AMEND_OK | side=no price_dollars=0.7700 total_fillable_contracts=12.00 order_id=e4dc7f32-b2ed-43af-8971-ab42d2b205b3
06:34:03 INFO AMEND_OK | side=no price_dollars=0.7600 total_fillable_contracts=13.00 order_id=e4dc7f32-b2ed-43af-8971-ab42d2b205b3
06:34:09 INFO QUEUE_POSITION | side=no order_id=e4dc7f32-b2ed-43af-8971-ab42d2b205b3 ahead_contracts=6731.00
06:34:11 INFO AMEND_OK | side=no price_dollars=0.7700 total_fillable_contracts=12.00 order_id=e4dc7f32-b2ed-43af-8971-ab42d2b205b3
06:34:14 INFO AMEND_OK | side=no price_dollars=0.7600 total_fillable_contracts=13.00 order_id=e4dc7f32-b2ed-43af-8971-ab42d2b205b3
06:34:24 INFO QUEUE_POSITION | side=no order_id=e4dc7f32-b2ed-43af-8971-ab42d2b205b3 ahead_contracts=6731.00
06:34:35 INFO AMEND_OK | side=no price_dollars=0.7400 total_fillable_contracts=13.00 order_id=e4dc7f32-b2ed-43af-8971-ab42d2b205b3
06:34:37 INFO CANCEL_REQUESTED | side=no reason=refresh_expiring_quote order_id=e4dc7f32-b2ed-43af-8971-ab42d2b205b3
06:34:37 INFO ORDER_NOT_RESTING | side=no status=canceled order_id=e4dc7f32-b2ed-43af-8971-ab42d2b205b3
06:34:37 INFO CREATE_OK | side=no price_dollars=0.7400 remaining_contracts=13.00 order_id=6b1001e7-870f-4ff2-8d56-4840b48c42ed
06:34:38 INFO AMEND_OK | side=no price_dollars=0.7500 total_fillable_contracts=13.00 order_id=6b1001e7-870f-4ff2-8d56-4840b48c42ed
06:34:38 INFO AMEND_OK | side=no price_dollars=0.7600 total_fillable_contracts=13.00 order_id=6b1001e7-870f-4ff2-8d56-4840b48c42ed
06:34:39 INFO QUEUE_POSITION | side=no order_id=6b1001e7-870f-4ff2-8d56-4840b48c42ed ahead_contracts=1372.00
06:34:54 INFO QUEUE_POSITION | side=no order_id=6b1001e7-870f-4ff2-8d56-4840b48c42ed ahead_contracts=1295.00
06:35:09 INFO QUEUE_POSITION | side=no order_id=6b1001e7-870f-4ff2-8d56-4840b48c42ed ahead_contracts=1295.00
06:35:18 INFO AMEND_OK | side=no price_dollars=0.7700 total_fillable_contracts=12.00 order_id=6b1001e7-870f-4ff2-8d56-4840b48c42ed
06:35:19 INFO AMEND_OK | side=no price_dollars=0.7600 total_fillable_contracts=13.00 order_id=6b1001e7-870f-4ff2-8d56-4840b48c42ed
06:35:22 INFO AMEND_OK | side=no price_dollars=0.7700 total_fillable_contracts=12.00 order_id=6b1001e7-870f-4ff2-8d56-4840b48c42ed
06:35:24 INFO QUEUE_POSITION | side=no order_id=6b1001e7-870f-4ff2-8d56-4840b48c42ed ahead_contracts=5177.00
06:35:33 INFO CANCEL_REQUESTED | side=no reason=refresh_expiring_quote order_id=6b1001e7-870f-4ff2-8d56-4840b48c42ed
06:35:33 INFO ORDER_NOT_RESTING | side=no status=canceled order_id=6b1001e7-870f-4ff2-8d56-4840b48c42ed
06:35:33 INFO CREATE_OK | side=no price_dollars=0.7700 remaining_contracts=12.00 order_id=67b40f71-d0ac-4522-bb3c-1066361242bd
06:35:39 INFO QUEUE_POSITION | side=no order_id=67b40f71-d0ac-4522-bb3c-1066361242bd ahead_contracts=5177.00
06:35:41 INFO AMEND_OK | side=no price_dollars=0.7800 total_fillable_contracts=12.00 order_id=67b40f71-d0ac-4522-bb3c-1066361242bd
06:35:54 INFO QUEUE_POSITION | side=no order_id=67b40f71-d0ac-4522-bb3c-1066361242bd ahead_contracts=501.00
06:36:10 INFO QUEUE_POSITION | side=no order_id=67b40f71-d0ac-4522-bb3c-1066361242bd ahead_contracts=501.00
06:36:25 INFO QUEUE_POSITION | side=no order_id=67b40f71-d0ac-4522-bb3c-1066361242bd ahead_contracts=501.00
06:36:29 INFO CANCEL_REQUESTED | side=no reason=refresh_expiring_quote order_id=67b40f71-d0ac-4522-bb3c-1066361242bd
06:36:29 INFO ORDER_NOT_RESTING | side=no status=canceled order_id=67b40f71-d0ac-4522-bb3c-1066361242bd
06:36:29 INFO CREATE_OK | side=no price_dollars=0.7800 remaining_contracts=12.00 order_id=47c78c50-49f6-4fc2-8beb-0566d3f02586
06:36:34 INFO AMEND_OK | side=no price_dollars=0.7700 total_fillable_contracts=12.00 order_id=47c78c50-49f6-4fc2-8beb-0566d3f02586
06:36:34 INFO AMEND_OK | side=no price_dollars=0.7600 total_fillable_contracts=13.00 order_id=47c78c50-49f6-4fc2-8beb-0566d3f02586
06:36:40 INFO QUEUE_POSITION | side=no order_id=47c78c50-49f6-4fc2-8beb-0566d3f02586 ahead_contracts=1295.00
06:36:51 INFO AMEND_OK | side=no price_dollars=0.7700 total_fillable_contracts=12.00 order_id=47c78c50-49f6-4fc2-8beb-0566d3f02586
06:36:55 INFO QUEUE_POSITION | side=no order_id=47c78c50-49f6-4fc2-8beb-0566d3f02586 ahead_contracts=3951.00
06:36:55 INFO AMEND_OK | side=no price_dollars=0.7800 total_fillable_contracts=12.00 order_id=47c78c50-49f6-4fc2-8beb-0566d3f02586
06:36:57 INFO AMEND_OK | side=no price_dollars=0.7900 total_fillable_contracts=12.00 order_id=47c78c50-49f6-4fc2-8beb-0566d3f02586
06:37:03 INFO AMEND_OK | side=no price_dollars=0.7800 total_fillable_contracts=12.00 order_id=47c78c50-49f6-4fc2-8beb-0566d3f02586
06:37:10 INFO QUEUE_POSITION | side=no order_id=47c78c50-49f6-4fc2-8beb-0566d3f02586 ahead_contracts=0.00
06:37:25 INFO CANCEL_REQUESTED | side=no reason=refresh_expiring_quote order_id=47c78c50-49f6-4fc2-8beb-0566d3f02586
06:37:25 INFO ORDER_NOT_RESTING | side=no status=canceled order_id=47c78c50-49f6-4fc2-8beb-0566d3f02586
06:37:25 INFO CREATE_OK | side=no price_dollars=0.7800 remaining_contracts=12.00 order_id=a0c37764-6269-434c-87a7-1322d8564b3b
06:37:25 INFO QUEUE_POSITION | side=no order_id=a0c37764-6269-434c-87a7-1322d8564b3b ahead_contracts=0.00
06:37:25 INFO AMEND_OK | side=no price_dollars=0.7700 total_fillable_contracts=12.00 order_id=a0c37764-6269-434c-87a7-1322d8564b3b
06:37:34 INFO AMEND_OK | side=no price_dollars=0.7600 total_fillable_contracts=13.00 order_id=a0c37764-6269-434c-87a7-1322d8564b3b
06:37:40 INFO QUEUE_POSITION | side=no order_id=a0c37764-6269-434c-87a7-1322d8564b3b ahead_contracts=1295.00
06:37:42 INFO AMEND_OK | side=no price_dollars=0.7700 total_fillable_contracts=12.00 order_id=a0c37764-6269-434c-87a7-1322d8564b3b
06:37:55 INFO QUEUE_POSITION | side=no order_id=a0c37764-6269-434c-87a7-1322d8564b3b ahead_contracts=4058.00
06:38:10 INFO QUEUE_POSITION | side=no order_id=a0c37764-6269-434c-87a7-1322d8564b3b ahead_contracts=4058.00
06:38:20 INFO CANCEL_REQUESTED | side=no reason=refresh_expiring_quote order_id=a0c37764-6269-434c-87a7-1322d8564b3b
06:38:20 INFO ORDER_NOT_RESTING | side=no status=canceled order_id=a0c37764-6269-434c-87a7-1322d8564b3b
06:38:20 INFO CREATE_OK | side=no price_dollars=0.7700 remaining_contracts=12.00 order_id=8518c07a-a211-48f0-b643-437fb76064af
06:38:22 INFO AMEND_OK | side=no price_dollars=0.7600 total_fillable_contracts=13.00 order_id=8518c07a-a211-48f0-b643-437fb76064af
06:38:22 INFO AMEND_OK | side=no price_dollars=0.7700 total_fillable_contracts=12.00 order_id=8518c07a-a211-48f0-b643-437fb76064af
06:38:25 INFO QUEUE_POSITION | side=no order_id=8518c07a-a211-48f0-b643-437fb76064af ahead_contracts=6952.00
06:38:37 INFO AMEND_OK | side=no price_dollars=0.7600 total_fillable_contracts=13.00 order_id=8518c07a-a211-48f0-b643-437fb76064af
06:38:38 INFO AMEND_OK | side=no price_dollars=0.7100 total_fillable_contracts=14.00 order_id=8518c07a-a211-48f0-b643-437fb76064af
06:38:38 INFO AMEND_OK | side=no price_dollars=0.6500 total_fillable_contracts=15.00 order_id=8518c07a-a211-48f0-b643-437fb76064af
06:38:38 INFO AMEND_OK | side=no price_dollars=0.5900 total_fillable_contracts=16.00 order_id=8518c07a-a211-48f0-b643-437fb76064af
06:38:39 INFO AMEND_OK | side=no price_dollars=0.6000 total_fillable_contracts=16.00 order_id=8518c07a-a211-48f0-b643-437fb76064af
06:38:40 INFO QUEUE_POSITION | side=no order_id=8518c07a-a211-48f0-b643-437fb76064af ahead_contracts=0.00
06:38:40 INFO AMEND_OK | side=no price_dollars=0.5400 total_fillable_contracts=18.00 order_id=8518c07a-a211-48f0-b643-437fb76064af
06:38:42 INFO AMEND_OK | side=no price_dollars=0.5500 total_fillable_contracts=18.00 order_id=8518c07a-a211-48f0-b643-437fb76064af
06:38:42 INFO AMEND_OK | side=no price_dollars=0.7200 total_fillable_contracts=13.00 order_id=8518c07a-a211-48f0-b643-437fb76064af
06:38:43 INFO AMEND_OK | side=no price_dollars=0.7400 total_fillable_contracts=13.00 order_id=8518c07a-a211-48f0-b643-437fb76064af
06:38:43 INFO AMEND_OK | side=no price_dollars=0.7500 total_fillable_contracts=13.00 order_id=8518c07a-a211-48f0-b643-437fb76064af
06:38:43 INFO AMEND_OK | side=no price_dollars=0.7600 total_fillable_contracts=13.00 order_id=8518c07a-a211-48f0-b643-437fb76064af
06:38:45 INFO AMEND_OK | side=no price_dollars=0.7700 total_fillable_contracts=12.00 order_id=8518c07a-a211-48f0-b643-437fb76064af
06:38:55 INFO QUEUE_POSITION | side=no order_id=8518c07a-a211-48f0-b643-437fb76064af ahead_contracts=0.00
06:39:10 INFO QUEUE_POSITION | side=no order_id=8518c07a-a211-48f0-b643-437fb76064af ahead_contracts=0.00
06:39:15 INFO CANCEL_REQUESTED | side=no reason=refresh_expiring_quote order_id=8518c07a-a211-48f0-b643-437fb76064af
06:39:15 INFO ORDER_NOT_RESTING | side=no status=canceled order_id=8518c07a-a211-48f0-b643-437fb76064af
06:39:15 INFO CREATE_OK | side=no price_dollars=0.7700 remaining_contracts=12.00 order_id=fb717e5f-2056-421d-8004-1276195a1b9f
06:39:25 INFO QUEUE_POSITION | side=no order_id=fb717e5f-2056-421d-8004-1276195a1b9f ahead_contracts=6336.00
06:39:40 INFO QUEUE_POSITION | side=no order_id=fb717e5f-2056-421d-8004-1276195a1b9f ahead_contracts=6336.00
06:39:55 INFO QUEUE_POSITION | side=no order_id=fb717e5f-2056-421d-8004-1276195a1b9f ahead_contracts=6336.00
06:40:05 INFO AMEND_OK | side=no price_dollars=0.7800 total_fillable_contracts=12.00 order_id=fb717e5f-2056-421d-8004-1276195a1b9f
06:40:10 INFO CANCEL_REQUESTED | side=no reason=refresh_expiring_quote order_id=fb717e5f-2056-421d-8004-1276195a1b9f
06:40:10 INFO ORDER_NOT_RESTING | side=no status=canceled order_id=fb717e5f-2056-421d-8004-1276195a1b9f
06:40:10 INFO CREATE_OK | side=no price_dollars=0.7800 remaining_contracts=12.00 order_id=3c956ddb-5c86-443b-9c23-73fbfd9119a7
06:40:10 INFO QUEUE_POSITION | side=no order_id=3c956ddb-5c86-443b-9c23-73fbfd9119a7 ahead_contracts=7558.00
06:40:25 INFO QUEUE_POSITION | side=no order_id=3c956ddb-5c86-443b-9c23-73fbfd9119a7 ahead_contracts=7401.00
06:40:29 INFO AMEND_OK | side=no price_dollars=0.7700 total_fillable_contracts=12.00 order_id=3c956ddb-5c86-443b-9c23-73fbfd9119a7
06:40:40 INFO QUEUE_POSITION | side=no order_id=3c956ddb-5c86-443b-9c23-73fbfd9119a7 ahead_contracts=6336.00
06:40:55 INFO QUEUE_POSITION | side=no order_id=3c956ddb-5c86-443b-9c23-73fbfd9119a7 ahead_contracts=6336.00
06:41:05 INFO CANCEL_REQUESTED | side=no reason=refresh_expiring_quote order_id=3c956ddb-5c86-443b-9c23-73fbfd9119a7
06:41:05 INFO ORDER_NOT_RESTING | side=no status=canceled order_id=3c956ddb-5c86-443b-9c23-73fbfd9119a7
06:41:05 INFO CREATE_OK | side=no price_dollars=0.7700 remaining_contracts=12.00 order_id=15bc9489-57d1-45c8-81b1-6c9f56e54182
06:41:10 INFO QUEUE_POSITION | side=no order_id=15bc9489-57d1-45c8-81b1-6c9f56e54182 ahead_contracts=6336.00
06:41:20 INFO AMEND_OK | side=no price_dollars=0.7800 total_fillable_contracts=12.00 order_id=15bc9489-57d1-45c8-81b1-6c9f56e54182
06:41:25 INFO QUEUE_POSITION | side=no order_id=15bc9489-57d1-45c8-81b1-6c9f56e54182 ahead_contracts=5762.00
06:41:40 INFO QUEUE_POSITION | side=no order_id=15bc9489-57d1-45c8-81b1-6c9f56e54182 ahead_contracts=5762.00
06:41:55 INFO AMEND_OK | side=no price_dollars=0.7700 total_fillable_contracts=12.00 order_id=15bc9489-57d1-45c8-81b1-6c9f56e54182
06:41:55 INFO AMEND_OK | side=no price_dollars=0.7600 total_fillable_contracts=13.00 order_id=15bc9489-57d1-45c8-81b1-6c9f56e54182
06:41:55 INFO QUEUE_POSITION | side=no order_id=15bc9489-57d1-45c8-81b1-6c9f56e54182 ahead_contracts=0.00
06:42:00 INFO CANCEL_REQUESTED | side=no reason=refresh_expiring_quote order_id=15bc9489-57d1-45c8-81b1-6c9f56e54182
06:42:00 INFO ORDER_NOT_RESTING | side=no status=canceled order_id=15bc9489-57d1-45c8-81b1-6c9f56e54182
06:42:00 INFO CREATE_OK | side=no price_dollars=0.7600 remaining_contracts=13.00 order_id=621070b5-91ef-4719-a64d-edc04b36ed62
06:42:01 INFO AMEND_OK | side=no price_dollars=0.7700 total_fillable_contracts=12.00 order_id=621070b5-91ef-4719-a64d-edc04b36ed62
06:42:06 INFO AMEND_OK | side=no price_dollars=0.7600 total_fillable_contracts=13.00 order_id=621070b5-91ef-4719-a64d-edc04b36ed62
06:42:10 INFO QUEUE_POSITION | side=no order_id=621070b5-91ef-4719-a64d-edc04b36ed62 ahead_contracts=0.00
06:42:14 INFO AMEND_OK | side=no price_dollars=0.7700 total_fillable_contracts=12.00 order_id=621070b5-91ef-4719-a64d-edc04b36ed62
06:42:14 INFO AMEND_OK | side=no price_dollars=0.7800 total_fillable_contracts=12.00 order_id=621070b5-91ef-4719-a64d-edc04b36ed62
06:42:16 INFO AMEND_OK | side=no price_dollars=0.7700 total_fillable_contracts=12.00 order_id=621070b5-91ef-4719-a64d-edc04b36ed62
06:42:17 INFO AMEND_OK | side=no price_dollars=0.7600 total_fillable_contracts=13.00 order_id=621070b5-91ef-4719-a64d-edc04b36ed62
06:42:25 INFO QUEUE_POSITION | side=no order_id=621070b5-91ef-4719-a64d-edc04b36ed62 ahead_contracts=0.00
06:42:31 INFO AMEND_OK | side=no price_dollars=0.7700 total_fillable_contracts=12.00 order_id=621070b5-91ef-4719-a64d-edc04b36ed62
06:42:32 INFO AMEND_OK | side=no price_dollars=0.7800 total_fillable_contracts=12.00 order_id=621070b5-91ef-4719-a64d-edc04b36ed62
06:42:40 INFO QUEUE_POSITION | side=no order_id=621070b5-91ef-4719-a64d-edc04b36ed62 ahead_contracts=743.00
06:42:55 INFO CANCEL_REQUESTED | side=no reason=refresh_expiring_quote order_id=621070b5-91ef-4719-a64d-edc04b36ed62
06:42:55 INFO ORDER_NOT_RESTING | side=no status=canceled order_id=621070b5-91ef-4719-a64d-edc04b36ed62
06:42:55 INFO CREATE_OK | side=no price_dollars=0.7800 remaining_contracts=12.00 order_id=602b690e-c80b-4318-acb4-9b3e6e6eddb0
06:42:55 INFO QUEUE_POSITION | side=no order_id=602b690e-c80b-4318-acb4-9b3e6e6eddb0 ahead_contracts=4551.00
06:43:11 INFO QUEUE_POSITION | side=no order_id=602b690e-c80b-4318-acb4-9b3e6e6eddb0 ahead_contracts=4551.00
06:43:16 INFO AMEND_OK | side=no price_dollars=0.7600 total_fillable_contracts=13.00 order_id=602b690e-c80b-4318-acb4-9b3e6e6eddb0
06:43:20 INFO AMEND_OK | side=no price_dollars=0.7700 total_fillable_contracts=12.00 order_id=602b690e-c80b-4318-acb4-9b3e6e6eddb0
06:43:20 INFO AMEND_OK | side=no price_dollars=0.7800 total_fillable_contracts=12.00 order_id=602b690e-c80b-4318-acb4-9b3e6e6eddb0
06:43:26 INFO QUEUE_POSITION | side=no order_id=602b690e-c80b-4318-acb4-9b3e6e6eddb0 ahead_contracts=865.00
06:43:31 INFO AMEND_OK | side=no price_dollars=0.7700 total_fillable_contracts=12.00 order_id=602b690e-c80b-4318-acb4-9b3e6e6eddb0
06:43:31 INFO AMEND_OK | side=no price_dollars=0.7500 total_fillable_contracts=13.00 order_id=602b690e-c80b-4318-acb4-9b3e6e6eddb0
06:43:34 INFO AMEND_OK | side=no price_dollars=0.7600 total_fillable_contracts=13.00 order_id=602b690e-c80b-4318-acb4-9b3e6e6eddb0
06:43:36 INFO AMEND_OK | side=no price_dollars=0.7800 total_fillable_contracts=12.00 order_id=602b690e-c80b-4318-acb4-9b3e6e6eddb0
06:43:41 INFO QUEUE_POSITION | side=no order_id=602b690e-c80b-4318-acb4-9b3e6e6eddb0 ahead_contracts=165.00
06:43:43 INFO AMEND_OK | side=no price_dollars=0.7500 total_fillable_contracts=13.00 order_id=602b690e-c80b-4318-acb4-9b3e6e6eddb0
06:43:43 INFO AMEND_OK | side=no price_dollars=0.7400 total_fillable_contracts=13.00 order_id=602b690e-c80b-4318-acb4-9b3e6e6eddb0
06:43:50 INFO CANCEL_REQUESTED | side=no reason=refresh_expiring_quote order_id=602b690e-c80b-4318-acb4-9b3e6e6eddb0
06:43:50 INFO ORDER_NOT_RESTING | side=no status=canceled order_id=602b690e-c80b-4318-acb4-9b3e6e6eddb0
06:43:50 INFO CREATE_OK | side=no price_dollars=0.7400 remaining_contracts=13.00 order_id=8ba3ab58-d59b-48c8-aac2-2781101cad86
06:43:56 INFO QUEUE_POSITION | side=no order_id=8ba3ab58-d59b-48c8-aac2-2781101cad86 ahead_contracts=141.00
06:43:56 INFO AMEND_OK | side=no price_dollars=0.7500 total_fillable_contracts=13.00 order_id=8ba3ab58-d59b-48c8-aac2-2781101cad86
06:43:57 INFO AMEND_OK | side=no price_dollars=0.7800 total_fillable_contracts=12.00 order_id=8ba3ab58-d59b-48c8-aac2-2781101cad86
06:44:11 INFO QUEUE_POSITION | side=no order_id=8ba3ab58-d59b-48c8-aac2-2781101cad86 ahead_contracts=448.00
06:44:26 INFO QUEUE_POSITION | side=no order_id=8ba3ab58-d59b-48c8-aac2-2781101cad86 ahead_contracts=448.00
06:44:41 INFO QUEUE_POSITION | side=no order_id=8ba3ab58-d59b-48c8-aac2-2781101cad86 ahead_contracts=448.00
06:44:43 INFO AMEND_OK | side=no price_dollars=0.7900 total_fillable_contracts=12.00 order_id=8ba3ab58-d59b-48c8-aac2-2781101cad86
06:44:43 INFO AMEND_OK | side=no price_dollars=0.8000 total_fillable_contracts=12.00 order_id=8ba3ab58-d59b-48c8-aac2-2781101cad86
06:44:45 INFO CANCEL_REQUESTED | side=no reason=refresh_expiring_quote order_id=8ba3ab58-d59b-48c8-aac2-2781101cad86
06:44:45 INFO ORDER_NOT_RESTING | side=no status=canceled order_id=8ba3ab58-d59b-48c8-aac2-2781101cad86
06:44:45 INFO CREATE_OK | side=no price_dollars=0.8000 remaining_contracts=12.00 order_id=7b095dd5-29f1-46a2-ad48-7033ed5a48b8
06:44:56 INFO QUEUE_POSITION | side=no order_id=7b095dd5-29f1-46a2-ad48-7033ed5a48b8 ahead_contracts=6186.00
06:45:11 INFO QUEUE_POSITION | side=no order_id=7b095dd5-29f1-46a2-ad48-7033ed5a48b8 ahead_contracts=6186.00
06:45:26 INFO QUEUE_POSITION | side=no order_id=7b095dd5-29f1-46a2-ad48-7033ed5a48b8 ahead_contracts=6186.00
06:45:26 INFO AMEND_OK | side=no price_dollars=0.8100 total_fillable_contracts=12.00 order_id=7b095dd5-29f1-46a2-ad48-7033ed5a48b8
06:45:40 INFO CANCEL_REQUESTED | side=no reason=refresh_expiring_quote order_id=7b095dd5-29f1-46a2-ad48-7033ed5a48b8
06:45:40 INFO ORDER_NOT_RESTING | side=no status=canceled order_id=7b095dd5-29f1-46a2-ad48-7033ed5a48b8
06:45:40 INFO CREATE_OK | side=no price_dollars=0.8100 remaining_contracts=12.00 order_id=dda5a445-82f9-4a0d-aef1-733d1072be81
06:45:41 INFO QUEUE_POSITION | side=no order_id=dda5a445-82f9-4a0d-aef1-733d1072be81 ahead_contracts=2934.00
06:45:48 INFO AMEND_OK | side=no price_dollars=0.7800 total_fillable_contracts=12.00 order_id=dda5a445-82f9-4a0d-aef1-733d1072be81
06:45:48 INFO AMEND_OK | side=no price_dollars=0.7200 total_fillable_contracts=13.00 order_id=dda5a445-82f9-4a0d-aef1-733d1072be81
06:45:48 INFO AMEND_OK | side=no price_dollars=0.6600 total_fillable_contracts=15.00 order_id=dda5a445-82f9-4a0d-aef1-733d1072be81
06:45:48 INFO AMEND_OK | side=no price_dollars=0.6700 total_fillable_contracts=14.00 order_id=dda5a445-82f9-4a0d-aef1-733d1072be81
06:45:50 INFO AMEND_OK | side=no price_dollars=0.7700 total_fillable_contracts=12.00 order_id=dda5a445-82f9-4a0d-aef1-733d1072be81
06:45:55 INFO AMEND_OK | side=no price_dollars=0.7800 total_fillable_contracts=12.00 order_id=dda5a445-82f9-4a0d-aef1-733d1072be81
06:45:55 INFO AMEND_OK | side=no price_dollars=0.7900 total_fillable_contracts=12.00 order_id=dda5a445-82f9-4a0d-aef1-733d1072be81
06:45:56 INFO QUEUE_POSITION | side=no order_id=dda5a445-82f9-4a0d-aef1-733d1072be81 ahead_contracts=643.00
06:46:08 INFO AMEND_OK | side=no price_dollars=0.7800 total_fillable_contracts=12.00 order_id=dda5a445-82f9-4a0d-aef1-733d1072be81
06:46:09 INFO AMEND_OK | side=no price_dollars=0.7200 total_fillable_contracts=13.00 order_id=dda5a445-82f9-4a0d-aef1-733d1072be81
06:46:09 INFO AMEND_OK | side=no price_dollars=0.6600 total_fillable_contracts=15.00 order_id=dda5a445-82f9-4a0d-aef1-733d1072be81
06:46:10 INFO AMEND_OK | side=no price_dollars=0.6200 total_fillable_contracts=16.00 order_id=dda5a445-82f9-4a0d-aef1-733d1072be81
06:46:10 INFO AMEND_OK | side=no price_dollars=0.6300 total_fillable_contracts=15.00 order_id=dda5a445-82f9-4a0d-aef1-733d1072be81
06:46:11 INFO QUEUE_POSITION | side=no order_id=dda5a445-82f9-4a0d-aef1-733d1072be81 ahead_contracts=75.00
06:46:13 INFO AMEND_OK | side=no price_dollars=0.6800 total_fillable_contracts=14.00 order_id=dda5a445-82f9-4a0d-aef1-733d1072be81
06:46:13 INFO AMEND_OK | side=no price_dollars=0.7300 total_fillable_contracts=13.00 order_id=dda5a445-82f9-4a0d-aef1-733d1072be81
06:46:13 INFO AMEND_OK | side=no price_dollars=0.7500 total_fillable_contracts=13.00 order_id=dda5a445-82f9-4a0d-aef1-733d1072be81
06:46:13 INFO AMEND_OK | side=no price_dollars=0.7600 total_fillable_contracts=13.00 order_id=dda5a445-82f9-4a0d-aef1-733d1072be81
06:46:14 INFO AMEND_OK | side=no price_dollars=0.7800 total_fillable_contracts=12.00 order_id=dda5a445-82f9-4a0d-aef1-733d1072be81
06:46:14 INFO AMEND_OK | side=no price_dollars=0.7900 total_fillable_contracts=12.00 order_id=dda5a445-82f9-4a0d-aef1-733d1072be81
06:46:18 INFO AMEND_OK | side=no price_dollars=0.8000 total_fillable_contracts=12.00 order_id=dda5a445-82f9-4a0d-aef1-733d1072be81
06:46:18 INFO AMEND_OK | side=no price_dollars=0.7900 total_fillable_contracts=12.00 order_id=dda5a445-82f9-4a0d-aef1-733d1072be81
06:46:26 INFO QUEUE_POSITION | side=no order_id=dda5a445-82f9-4a0d-aef1-733d1072be81 ahead_contracts=0.00
06:46:35 INFO CANCEL_REQUESTED | side=no reason=refresh_expiring_quote order_id=dda5a445-82f9-4a0d-aef1-733d1072be81
06:46:35 INFO ORDER_NOT_RESTING | side=no status=canceled order_id=dda5a445-82f9-4a0d-aef1-733d1072be81
06:46:35 INFO CREATE_OK | side=no price_dollars=0.7900 remaining_contracts=12.00 order_id=287d308c-a210-4e35-afa2-2f90945e985c
06:46:35 INFO AMEND_OK | side=no price_dollars=0.8000 total_fillable_contracts=12.00 order_id=287d308c-a210-4e35-afa2-2f90945e985c
06:46:38 INFO AMEND_OK | side=no price_dollars=0.7900 total_fillable_contracts=12.00 order_id=287d308c-a210-4e35-afa2-2f90945e985c
06:46:41 INFO QUEUE_POSITION | side=no order_id=287d308c-a210-4e35-afa2-2f90945e985c ahead_contracts=1109.00
06:46:56 INFO QUEUE_POSITION | side=no order_id=287d308c-a210-4e35-afa2-2f90945e985c ahead_contracts=1109.00
06:46:58 INFO AMEND_OK | side=no price_dollars=0.7700 total_fillable_contracts=12.00 order_id=287d308c-a210-4e35-afa2-2f90945e985c
06:47:03 INFO AMEND_OK | side=no price_dollars=0.7600 total_fillable_contracts=13.00 order_id=287d308c-a210-4e35-afa2-2f90945e985c
06:47:11 INFO QUEUE_POSITION | side=no order_id=287d308c-a210-4e35-afa2-2f90945e985c ahead_contracts=0.00
06:47:24 INFO AMEND_OK | side=no price_dollars=0.7700 total_fillable_contracts=12.00 order_id=287d308c-a210-4e35-afa2-2f90945e985c
06:47:25 INFO AMEND_OK | side=no price_dollars=0.7800 total_fillable_contracts=12.00 order_id=287d308c-a210-4e35-afa2-2f90945e985c
06:47:26 INFO AMEND_OK | side=no price_dollars=0.7900 total_fillable_contracts=12.00 order_id=287d308c-a210-4e35-afa2-2f90945e985c
06:47:26 INFO QUEUE_POSITION | side=no order_id=287d308c-a210-4e35-afa2-2f90945e985c ahead_contracts=984.00
06:47:30 INFO CANCEL_REQUESTED | side=no reason=refresh_expiring_quote order_id=287d308c-a210-4e35-afa2-2f90945e985c
06:47:30 INFO ORDER_NOT_RESTING | side=no status=canceled order_id=287d308c-a210-4e35-afa2-2f90945e985c
06:47:30 INFO CREATE_OK | side=no price_dollars=0.7900 remaining_contracts=12.00 order_id=631c3e6e-dcdc-4b9b-a120-50135c401e60
06:47:36 INFO AMEND_OK | side=no price_dollars=0.8000 total_fillable_contracts=12.00 order_id=631c3e6e-dcdc-4b9b-a120-50135c401e60
06:47:41 INFO QUEUE_POSITION | side=no order_id=631c3e6e-dcdc-4b9b-a120-50135c401e60 ahead_contracts=50.00
06:47:56 INFO QUEUE_POSITION | side=no order_id=631c3e6e-dcdc-4b9b-a120-50135c401e60 ahead_contracts=50.00
06:48:11 INFO QUEUE_POSITION | side=no order_id=631c3e6e-dcdc-4b9b-a120-50135c401e60 ahead_contracts=50.00
06:48:14 INFO AMEND_OK | side=no price_dollars=0.7900 total_fillable_contracts=12.00 order_id=631c3e6e-dcdc-4b9b-a120-50135c401e60
06:48:26 INFO CANCEL_REQUESTED | side=no reason=refresh_expiring_quote order_id=631c3e6e-dcdc-4b9b-a120-50135c401e60
06:48:26 INFO ORDER_NOT_RESTING | side=no status=canceled order_id=631c3e6e-dcdc-4b9b-a120-50135c401e60
06:48:26 INFO CREATE_OK | side=no price_dollars=0.7900 remaining_contracts=12.00 order_id=30bcabe2-39d1-4a31-a106-e5780ebea605
06:48:26 INFO QUEUE_POSITION | side=no order_id=30bcabe2-39d1-4a31-a106-e5780ebea605 ahead_contracts=1190.00
06:48:33 INFO AMEND_OK | side=no price_dollars=0.8000 total_fillable_contracts=12.00 order_id=30bcabe2-39d1-4a31-a106-e5780ebea605
06:48:41 INFO QUEUE_POSITION | side=no order_id=30bcabe2-39d1-4a31-a106-e5780ebea605 ahead_contracts=5584.00
06:48:56 INFO QUEUE_POSITION | side=no order_id=30bcabe2-39d1-4a31-a106-e5780ebea605 ahead_contracts=5534.00
06:49:11 INFO QUEUE_POSITION | side=no order_id=30bcabe2-39d1-4a31-a106-e5780ebea605 ahead_contracts=5534.00
06:49:19 INFO AMEND_OK | side=no price_dollars=0.8100 total_fillable_contracts=12.00 order_id=30bcabe2-39d1-4a31-a106-e5780ebea605
06:49:19 INFO AMEND_OK | side=no price_dollars=0.8000 total_fillable_contracts=12.00 order_id=30bcabe2-39d1-4a31-a106-e5780ebea605
06:49:21 INFO CANCEL_REQUESTED | side=no reason=refresh_expiring_quote order_id=30bcabe2-39d1-4a31-a106-e5780ebea605
06:49:21 INFO ORDER_NOT_RESTING | side=no status=canceled order_id=30bcabe2-39d1-4a31-a106-e5780ebea605
06:49:21 INFO CREATE_OK | side=no price_dollars=0.8000 remaining_contracts=12.00 order_id=ab057a66-052b-43d0-a61d-9e347c2841dd
06:49:25 INFO AMEND_OK | side=no price_dollars=0.8100 total_fillable_contracts=12.00 order_id=ab057a66-052b-43d0-a61d-9e347c2841dd
06:49:26 INFO QUEUE_POSITION | side=no order_id=ab057a66-052b-43d0-a61d-9e347c2841dd ahead_contracts=6542.00
06:49:32 INFO AMEND_OK | side=no price_dollars=0.8000 total_fillable_contracts=12.00 order_id=ab057a66-052b-43d0-a61d-9e347c2841dd
06:49:41 INFO QUEUE_POSITION | side=no order_id=ab057a66-052b-43d0-a61d-9e347c2841dd ahead_contracts=5534.00
06:49:57 INFO QUEUE_POSITION | side=no order_id=ab057a66-052b-43d0-a61d-9e347c2841dd ahead_contracts=5534.00
06:50:12 INFO QUEUE_POSITION | side=no order_id=ab057a66-052b-43d0-a61d-9e347c2841dd ahead_contracts=5534.00
06:50:14 INFO AMEND_OK | side=no price_dollars=0.8100 total_fillable_contracts=12.00 order_id=ab057a66-052b-43d0-a61d-9e347c2841dd
06:50:16 INFO CANCEL_REQUESTED | side=no reason=refresh_expiring_quote order_id=ab057a66-052b-43d0-a61d-9e347c2841dd
06:50:16 INFO ORDER_NOT_RESTING | side=no status=canceled order_id=ab057a66-052b-43d0-a61d-9e347c2841dd
06:50:16 INFO CREATE_OK | side=no price_dollars=0.8100 remaining_contracts=12.00 order_id=afacb110-0be8-4b97-8956-1530061653c4
06:50:27 INFO QUEUE_POSITION | side=no order_id=afacb110-0be8-4b97-8956-1530061653c4 ahead_contracts=6492.00
06:50:42 INFO QUEUE_POSITION | side=no order_id=afacb110-0be8-4b97-8956-1530061653c4 ahead_contracts=6492.00
06:50:47 INFO AMEND_OK | side=no price_dollars=0.8000 total_fillable_contracts=12.00 order_id=afacb110-0be8-4b97-8956-1530061653c4
06:50:52 INFO AMEND_OK | side=no price_dollars=0.7900 total_fillable_contracts=12.00 order_id=afacb110-0be8-4b97-8956-1530061653c4
06:50:57 INFO QUEUE_POSITION | side=no order_id=afacb110-0be8-4b97-8956-1530061653c4 ahead_contracts=0.00
06:50:57 INFO AMEND_OK | side=no price_dollars=0.7600 total_fillable_contracts=13.00 order_id=afacb110-0be8-4b97-8956-1530061653c4
06:51:01 INFO AMEND_OK | side=no price_dollars=0.7700 total_fillable_contracts=12.00 order_id=afacb110-0be8-4b97-8956-1530061653c4
06:51:11 INFO CANCEL_REQUESTED | side=no reason=refresh_expiring_quote order_id=afacb110-0be8-4b97-8956-1530061653c4
06:51:11 INFO ORDER_NOT_RESTING | side=no status=canceled order_id=afacb110-0be8-4b97-8956-1530061653c4
06:51:11 INFO CREATE_OK | side=no price_dollars=0.7700 remaining_contracts=12.00 order_id=e02d7751-ac39-4324-8150-fbdc24fe0ec0
06:51:12 INFO QUEUE_POSITION | side=no order_id=e02d7751-ac39-4324-8150-fbdc24fe0ec0 ahead_contracts=0.00
06:51:19 INFO AMEND_OK | side=no price_dollars=0.7900 total_fillable_contracts=12.00 order_id=e02d7751-ac39-4324-8150-fbdc24fe0ec0
06:51:19 INFO AMEND_OK | side=no price_dollars=0.8000 total_fillable_contracts=12.00 order_id=e02d7751-ac39-4324-8150-fbdc24fe0ec0
06:51:27 INFO QUEUE_POSITION | side=no order_id=e02d7751-ac39-4324-8150-fbdc24fe0ec0 ahead_contracts=0.00
06:51:41 INFO AMEND_OK | side=no price_dollars=0.8100 total_fillable_contracts=12.00 order_id=e02d7751-ac39-4324-8150-fbdc24fe0ec0
06:51:42 INFO QUEUE_POSITION | side=no order_id=e02d7751-ac39-4324-8150-fbdc24fe0ec0 ahead_contracts=5977.00
06:51:57 INFO QUEUE_POSITION | side=no order_id=e02d7751-ac39-4324-8150-fbdc24fe0ec0 ahead_contracts=4860.00
06:52:11 INFO ORDER_NOT_RESTING | side=no status=canceled order_id=e02d7751-ac39-4324-8150-fbdc24fe0ec0
06:52:11 INFO CREATE_OK | side=no price_dollars=0.8200 remaining_contracts=12.00 order_id=0f8c7500-84bb-469a-ad56-072e8ac4f929
06:52:11 INFO AMEND_OK | side=no price_dollars=0.8100 total_fillable_contracts=12.00 order_id=0f8c7500-84bb-469a-ad56-072e8ac4f929
06:52:12 INFO QUEUE_POSITION | side=no order_id=0f8c7500-84bb-469a-ad56-072e8ac4f929 ahead_contracts=5977.00
06:52:27 INFO QUEUE_POSITION | side=no order_id=0f8c7500-84bb-469a-ad56-072e8ac4f929 ahead_contracts=4860.00
06:52:28 INFO AMEND_OK | side=no price_dollars=0.8000 total_fillable_contracts=12.00 order_id=0f8c7500-84bb-469a-ad56-072e8ac4f929
06:52:40 INFO AMEND_OK | side=no price_dollars=0.8100 total_fillable_contracts=12.00 order_id=0f8c7500-84bb-469a-ad56-072e8ac4f929
06:52:42 INFO QUEUE_POSITION | side=no order_id=0f8c7500-84bb-469a-ad56-072e8ac4f929 ahead_contracts=6125.00
06:52:57 INFO QUEUE_POSITION | side=no order_id=0f8c7500-84bb-469a-ad56-072e8ac4f929 ahead_contracts=6125.00
06:53:11 INFO ORDER_NOT_RESTING | side=no status=canceled order_id=0f8c7500-84bb-469a-ad56-072e8ac4f929
06:53:11 INFO CREATE_OK | side=no price_dollars=0.8200 remaining_contracts=12.00 order_id=ec7d794b-c82d-4f41-9180-d71391ca365e
06:53:11 INFO AMEND_OK | side=no price_dollars=0.8100 total_fillable_contracts=12.00 order_id=ec7d794b-c82d-4f41-9180-d71391ca365e
06:53:12 INFO QUEUE_POSITION | side=no order_id=ec7d794b-c82d-4f41-9180-d71391ca365e ahead_contracts=6125.00
06:53:27 INFO QUEUE_POSITION | side=no order_id=ec7d794b-c82d-4f41-9180-d71391ca365e ahead_contracts=4771.00
06:53:42 INFO QUEUE_POSITION | side=no order_id=ec7d794b-c82d-4f41-9180-d71391ca365e ahead_contracts=4771.00
06:53:57 INFO QUEUE_POSITION | side=no order_id=ec7d794b-c82d-4f41-9180-d71391ca365e ahead_contracts=4771.00
06:54:07 INFO CANCEL_REQUESTED | side=no reason=refresh_expiring_quote order_id=ec7d794b-c82d-4f41-9180-d71391ca365e
06:54:07 INFO ORDER_NOT_RESTING | side=no status=canceled order_id=ec7d794b-c82d-4f41-9180-d71391ca365e
06:54:07 INFO CREATE_OK | side=no price_dollars=0.8000 remaining_contracts=12.00 order_id=22c92cf0-f03a-444e-853e-199144190422
06:54:12 INFO QUEUE_POSITION | side=no order_id=22c92cf0-f03a-444e-853e-199144190422 ahead_contracts=873.00
06:54:20 INFO AMEND_OK | side=no price_dollars=0.8100 total_fillable_contracts=12.00 order_id=22c92cf0-f03a-444e-853e-199144190422
06:54:27 INFO QUEUE_POSITION | side=no order_id=22c92cf0-f03a-444e-853e-199144190422 ahead_contracts=4732.00
06:54:42 INFO QUEUE_POSITION | side=no order_id=22c92cf0-f03a-444e-853e-199144190422 ahead_contracts=4732.00
06:54:57 INFO QUEUE_POSITION | side=no order_id=22c92cf0-f03a-444e-853e-199144190422 ahead_contracts=4732.00
06:55:07 INFO ORDER_NOT_RESTING | side=no status=canceled order_id=22c92cf0-f03a-444e-853e-199144190422
06:55:07 INFO CREATE_OK | side=no price_dollars=0.8200 remaining_contracts=12.00 order_id=6cfb7a67-a1d3-457f-b3b9-f57581ab9168
06:55:07 INFO AMEND_OK | side=no price_dollars=0.8100 total_fillable_contracts=12.00 order_id=6cfb7a67-a1d3-457f-b3b9-f57581ab9168
06:55:12 INFO QUEUE_POSITION | side=no order_id=6cfb7a67-a1d3-457f-b3b9-f57581ab9168 ahead_contracts=4732.00
06:55:27 INFO QUEUE_POSITION | side=no order_id=6cfb7a67-a1d3-457f-b3b9-f57581ab9168 ahead_contracts=4732.00
06:55:42 INFO QUEUE_POSITION | side=no order_id=6cfb7a67-a1d3-457f-b3b9-f57581ab9168 ahead_contracts=4732.00
