
=== START 2026-03-08 03:11:42 ===
CMD: /home/codespace/.python/current/bin/python3 /workspaces/Kalshi_alg/V1.py --ticker KXMLSTOTAL-26MAR07SKCSD-2 --yes-budget-cents 1000 --no-budget-cents 100
03:11:42 INFO START | environment=PROD ticker=KXMLSTOTAL-26MAR07SKCSD-2 yes_budget_cents=1000 no_budget_cents=100 price_structure=linear_cent fractional_trading=False dry_run=False websocket=wss://api.elections.kalshi.com/trade-api/ws/v2
03:11:42 INFO STARTUP_POSITION | contracts=0.00
03:11:43 INFO WS_CONNECTED_AND_SUBSCRIBED
03:11:43 INFO CREATE_OK | side=no price_dollars=0.7500 remaining_contracts=1.00 order_id=61d980e4-f1ac-45cc-823c-ab7a7ff57710
03:11:43 INFO AMEND_OK | side=no price_dollars=0.7400 total_fillable_contracts=1.00 order_id=61d980e4-f1ac-45cc-823c-ab7a7ff57710
03:11:51 INFO AMEND_OK | side=no price_dollars=0.7500 total_fillable_contracts=1.00 order_id=61d980e4-f1ac-45cc-823c-ab7a7ff57710
03:11:52 INFO AMEND_OK | side=no price_dollars=0.7600 total_fillable_contracts=1.00 order_id=61d980e4-f1ac-45cc-823c-ab7a7ff57710
03:11:57 INFO AMEND_OK | side=no price_dollars=0.8000 total_fillable_contracts=1.00 order_id=61d980e4-f1ac-45cc-823c-ab7a7ff57710
03:11:57 INFO QUEUE_POSITION | side=no order_id=61d980e4-f1ac-45cc-823c-ab7a7ff57710 ahead_contracts=609.00
03:12:07 INFO AMEND_OK | side=no price_dollars=0.8100 total_fillable_contracts=1.00 order_id=61d980e4-f1ac-45cc-823c-ab7a7ff57710
Traceback (most recent call last):
  File "/workspaces/Kalshi_alg/V1.py", line 1870, in <module>
    main()
  File "/workspaces/Kalshi_alg/V1.py", line 1866, in main
    asyncio.run(bot.run())
  File "/home/codespace/.python/current/lib/python3.12/asyncio/runners.py", line 194, in run
    return runner.run(main)
           ^^^^^^^^^^^^^^^^
  File "/home/codespace/.python/current/lib/python3.12/asyncio/runners.py", line 118, in run
    return self._loop.run_until_complete(task)
           ^^^^^^^^^^^^^^^^^^^^^^^^^^^^^^^^^^^
  File "/home/codespace/.python/current/lib/python3.12/asyncio/base_events.py", line 671, in run_until_complete
    self.run_forever()
  File "/home/codespace/.python/current/lib/python3.12/asyncio/base_events.py", line 638, in run_forever
    self._run_once()
  File "/home/codespace/.python/current/lib/python3.12/asyncio/base_events.py", line 1933, in _run_once
    event_list = self._selector.select(timeout)
                 ^^^^^^^^^^^^^^^^^^^^^^^^^^^^^^
  File "/home/codespace/.python/current/lib/python3.12/selectors.py", line 468, in select
    fd_event_list = self._selector.poll(timeout, max_ev)
                    ^^^^^^^^^^^^^^^^^^^^^^^^^^^^^^^^^^^^
  File "/home/codespace/.python/current/lib/python3.12/asyncio/runners.py", line 157, in _on_sigint
    raise KeyboardInterrupt()
KeyboardInterrupt
