
=== START 2026-03-08 02:55:28 ===
CMD: /home/codespace/.python/current/bin/python3 /workspaces/Kalshi_alg/V1.py --ticker KXNCAAWBGAME-26MAR07SJUHALL-SJU --yes-budget-cents 500 --no-budget-cents 500
02:55:29 INFO START | environment=PROD ticker=KXNCAAWBGAME-26MAR07SJUHALL-SJU yes_budget_cents=500 no_budget_cents=500 price_structure=linear_cent fractional_trading=False dry_run=False websocket=wss://api.elections.kalshi.com/trade-api/ws/v2
02:55:29 INFO STARTUP_POSITION | contracts=0.00
02:55:29 INFO WS_CONNECTED_AND_SUBSCRIBED
02:55:29 INFO CREATE_OK | side=yes price_dollars=0.3400 remaining_contracts=14.00 order_id=c1017e9d-781e-474b-99da-38ca4cc3777f
02:55:29 INFO CREATE_OK | side=no price_dollars=0.6300 remaining_contracts=7.00 order_id=4efc5769-dddc-471c-a59d-7ccb5db087e9
02:55:30 INFO AMEND_OK | side=yes price_dollars=0.3200 total_fillable_contracts=15.00 order_id=c1017e9d-781e-474b-99da-38ca4cc3777f
02:55:30 INFO AMEND_OK | side=no price_dollars=0.6200 total_fillable_contracts=7.00 order_id=4efc5769-dddc-471c-a59d-7ccb5db087e9
02:55:31 INFO AMEND_OK | side=no price_dollars=0.5900 total_fillable_contracts=8.00 order_id=4efc5769-dddc-471c-a59d-7ccb5db087e9
02:55:32 INFO AMEND_OK | side=no price_dollars=0.6000 total_fillable_contracts=8.00 order_id=4efc5769-dddc-471c-a59d-7ccb5db087e9
02:55:32 INFO AMEND_OK | side=no price_dollars=0.6100 total_fillable_contracts=8.00 order_id=4efc5769-dddc-471c-a59d-7ccb5db087e9
02:55:32 INFO AMEND_OK | side=no price_dollars=0.6200 total_fillable_contracts=7.00 order_id=4efc5769-dddc-471c-a59d-7ccb5db087e9
02:55:32 INFO AMEND_OK | side=no price_dollars=0.6300 total_fillable_contracts=7.00 order_id=4efc5769-dddc-471c-a59d-7ccb5db087e9
02:55:33 INFO AMEND_OK | side=no price_dollars=0.6400 total_fillable_contracts=7.00 order_id=4efc5769-dddc-471c-a59d-7ccb5db087e9
02:55:33 INFO REQUOTE_ERROR | error=POST /trade-api/v2/portfolio/orders/4efc5769-dddc-471c-a59d-7ccb5db087e9/amend failed 429: {"error":{"code":"too_many_requests","message":"too many requests"}}
Traceback (most recent call last):
  File "/workspaces/Kalshi_alg/V1.py", line 1675, in requote_worker
    await self.ensure_side_quote("no", desired_no_units)
  File "/workspaces/Kalshi_alg/V1.py", line 1468, in ensure_side_quote
    response = await asyncio.to_thread(
               ^^^^^^^^^^^^^^^^^^^^^^^^
  File "/home/codespace/.python/current/lib/python3.12/asyncio/threads.py", line 25, in to_thread
    return await loop.run_in_executor(None, func_call)
           ^^^^^^^^^^^^^^^^^^^^^^^^^^^^^^^^^^^^^^^^^^^
  File "/home/codespace/.python/current/lib/python3.12/concurrent/futures/thread.py", line 58, in run
    result = self.fn(*self.args, **self.kwargs)
             ^^^^^^^^^^^^^^^^^^^^^^^^^^^^^^^^^^
  File "/workspaces/Kalshi_alg/V1.py", line 820, in amend_order
    return self.rest_post(f"{self.api_prefix}/portfolio/orders/{order_id}/amend", body)
           ^^^^^^^^^^^^^^^^^^^^^^^^^^^^^^^^^^^^^^^^^^^^^^^^^^^^^^^^^^^^^^^^^^^^^^^^^^^^
  File "/workspaces/Kalshi_alg/V1.py", line 675, in rest_post
    raise RuntimeError(f"POST {path} failed {response.status_code}: {response.text[:500]}")
RuntimeError: POST /trade-api/v2/portfolio/orders/4efc5769-dddc-471c-a59d-7ccb5db087e9/amend failed 429: {"error":{"code":"too_many_requests","message":"too many requests"}}
02:55:33 INFO AMEND_OK | side=no price_dollars=0.6500 total_fillable_contracts=7.00 order_id=4efc5769-dddc-471c-a59d-7ccb5db087e9
02:55:34 INFO AMEND_OK | side=no price_dollars=0.5900 total_fillable_contracts=8.00 order_id=4efc5769-dddc-471c-a59d-7ccb5db087e9
02:55:34 INFO AMEND_OK | side=no price_dollars=0.6000 total_fillable_contracts=8.00 order_id=4efc5769-dddc-471c-a59d-7ccb5db087e9
02:55:35 INFO AMEND_OK | side=no price_dollars=0.6100 total_fillable_contracts=8.00 order_id=4efc5769-dddc-471c-a59d-7ccb5db087e9
02:55:35 INFO AMEND_OK | side=yes price_dollars=0.3300 total_fillable_contracts=15.00 order_id=c1017e9d-781e-474b-99da-38ca4cc3777f
02:55:35 INFO REQUOTE_ERROR | error=POST /trade-api/v2/portfolio/orders/4efc5769-dddc-471c-a59d-7ccb5db087e9/amend failed 429: {"error":{"code":"too_many_requests","message":"too many requests"}}
Traceback (most recent call last):
  File "/workspaces/Kalshi_alg/V1.py", line 1675, in requote_worker
    await self.ensure_side_quote("no", desired_no_units)
  File "/workspaces/Kalshi_alg/V1.py", line 1468, in ensure_side_quote
    response = await asyncio.to_thread(
               ^^^^^^^^^^^^^^^^^^^^^^^^
  File "/home/codespace/.python/current/lib/python3.12/asyncio/threads.py", line 25, in to_thread
    return await loop.run_in_executor(None, func_call)
           ^^^^^^^^^^^^^^^^^^^^^^^^^^^^^^^^^^^^^^^^^^^
  File "/home/codespace/.python/current/lib/python3.12/concurrent/futures/thread.py", line 58, in run
    result = self.fn(*self.args, **self.kwargs)
             ^^^^^^^^^^^^^^^^^^^^^^^^^^^^^^^^^^
  File "/workspaces/Kalshi_alg/V1.py", line 820, in amend_order
    return self.rest_post(f"{self.api_prefix}/portfolio/orders/{order_id}/amend", body)
           ^^^^^^^^^^^^^^^^^^^^^^^^^^^^^^^^^^^^^^^^^^^^^^^^^^^^^^^^^^^^^^^^^^^^^^^^^^^^
  File "/workspaces/Kalshi_alg/V1.py", line 675, in rest_post
    raise RuntimeError(f"POST {path} failed {response.status_code}: {response.text[:500]}")
RuntimeError: POST /trade-api/v2/portfolio/orders/4efc5769-dddc-471c-a59d-7ccb5db087e9/amend failed 429: {"error":{"code":"too_many_requests","message":"too many requests"}}
02:55:35 INFO AMEND_OK | side=no price_dollars=0.6300 total_fillable_contracts=7.00 order_id=4efc5769-dddc-471c-a59d-7ccb5db087e9
02:55:35 INFO REQUOTE_ERROR | error=POST /trade-api/v2/portfolio/orders/4efc5769-dddc-471c-a59d-7ccb5db087e9/amend failed 429: {"error":{"code":"too_many_requests","message":"too many requests"}}
Traceback (most recent call last):
  File "/workspaces/Kalshi_alg/V1.py", line 1675, in requote_worker
    await self.ensure_side_quote("no", desired_no_units)
  File "/workspaces/Kalshi_alg/V1.py", line 1468, in ensure_side_quote
    response = await asyncio.to_thread(
               ^^^^^^^^^^^^^^^^^^^^^^^^
  File "/home/codespace/.python/current/lib/python3.12/asyncio/threads.py", line 25, in to_thread
    return await loop.run_in_executor(None, func_call)
           ^^^^^^^^^^^^^^^^^^^^^^^^^^^^^^^^^^^^^^^^^^^
  File "/home/codespace/.python/current/lib/python3.12/concurrent/futures/thread.py", line 58, in run
    result = self.fn(*self.args, **self.kwargs)
             ^^^^^^^^^^^^^^^^^^^^^^^^^^^^^^^^^^
  File "/workspaces/Kalshi_alg/V1.py", line 820, in amend_order
    return self.rest_post(f"{self.api_prefix}/portfolio/orders/{order_id}/amend", body)
           ^^^^^^^^^^^^^^^^^^^^^^^^^^^^^^^^^^^^^^^^^^^^^^^^^^^^^^^^^^^^^^^^^^^^^^^^^^^^
  File "/workspaces/Kalshi_alg/V1.py", line 675, in rest_post
    raise RuntimeError(f"POST {path} failed {response.status_code}: {response.text[:500]}")
RuntimeError: POST /trade-api/v2/portfolio/orders/4efc5769-dddc-471c-a59d-7ccb5db087e9/amend failed 429: {"error":{"code":"too_many_requests","message":"too many requests"}}
02:55:35 INFO REQUOTE_ERROR | error=POST /trade-api/v2/portfolio/orders/4efc5769-dddc-471c-a59d-7ccb5db087e9/amend failed 429: {"error":{"code":"too_many_requests","message":"too many requests"}}
Traceback (most recent call last):
  File "/workspaces/Kalshi_alg/V1.py", line 1675, in requote_worker
    await self.ensure_side_quote("no", desired_no_units)
  File "/workspaces/Kalshi_alg/V1.py", line 1468, in ensure_side_quote
    response = await asyncio.to_thread(
               ^^^^^^^^^^^^^^^^^^^^^^^^
  File "/home/codespace/.python/current/lib/python3.12/asyncio/threads.py", line 25, in to_thread
    return await loop.run_in_executor(None, func_call)
           ^^^^^^^^^^^^^^^^^^^^^^^^^^^^^^^^^^^^^^^^^^^
  File "/home/codespace/.python/current/lib/python3.12/concurrent/futures/thread.py", line 58, in run
    result = self.fn(*self.args, **self.kwargs)
             ^^^^^^^^^^^^^^^^^^^^^^^^^^^^^^^^^^
  File "/workspaces/Kalshi_alg/V1.py", line 820, in amend_order
    return self.rest_post(f"{self.api_prefix}/portfolio/orders/{order_id}/amend", body)
           ^^^^^^^^^^^^^^^^^^^^^^^^^^^^^^^^^^^^^^^^^^^^^^^^^^^^^^^^^^^^^^^^^^^^^^^^^^^^
  File "/workspaces/Kalshi_alg/V1.py", line 675, in rest_post
    raise RuntimeError(f"POST {path} failed {response.status_code}: {response.text[:500]}")
RuntimeError: POST /trade-api/v2/portfolio/orders/4efc5769-dddc-471c-a59d-7ccb5db087e9/amend failed 429: {"error":{"code":"too_many_requests","message":"too many requests"}}
02:55:35 INFO AMEND_OK | side=no price_dollars=0.6400 total_fillable_contracts=7.00 order_id=4efc5769-dddc-471c-a59d-7ccb5db087e9
02:55:36 INFO AMEND_OK | side=yes price_dollars=0.3200 total_fillable_contracts=15.00 order_id=c1017e9d-781e-474b-99da-38ca4cc3777f
02:55:36 INFO AMEND_OK | side=yes price_dollars=0.3300 total_fillable_contracts=15.00 order_id=c1017e9d-781e-474b-99da-38ca4cc3777f
02:55:36 INFO AMEND_OK | side=no price_dollars=0.6100 total_fillable_contracts=8.00 order_id=4efc5769-dddc-471c-a59d-7ccb5db087e9
02:55:41 INFO AMEND_OK | side=no price_dollars=0.6200 total_fillable_contracts=7.00 order_id=4efc5769-dddc-471c-a59d-7ccb5db087e9
02:55:43 INFO AMEND_OK | side=no price_dollars=0.6300 total_fillable_contracts=7.00 order_id=4efc5769-dddc-471c-a59d-7ccb5db087e9
02:55:43 INFO AMEND_OK | side=no price_dollars=0.6400 total_fillable_contracts=7.00 order_id=4efc5769-dddc-471c-a59d-7ccb5db087e9
02:55:44 INFO AMEND_OK | side=yes price_dollars=0.3200 total_fillable_contracts=15.00 order_id=c1017e9d-781e-474b-99da-38ca4cc3777f
02:55:44 INFO AMEND_OK | side=no price_dollars=0.6500 total_fillable_contracts=7.00 order_id=4efc5769-dddc-471c-a59d-7ccb5db087e9
02:55:44 INFO QUEUE_POSITION | side=yes order_id=c1017e9d-781e-474b-99da-38ca4cc3777f ahead_contracts=0.00
02:55:44 INFO QUEUE_POSITION | side=no order_id=4efc5769-dddc-471c-a59d-7ccb5db087e9 ahead_contracts=0.00
02:55:45 INFO AMEND_OK | side=no price_dollars=0.6400 total_fillable_contracts=7.00 order_id=4efc5769-dddc-471c-a59d-7ccb5db087e9
02:55:46 INFO AMEND_OK | side=no price_dollars=0.6500 total_fillable_contracts=7.00 order_id=4efc5769-dddc-471c-a59d-7ccb5db087e9
02:55:50 INFO AMEND_OK | side=no price_dollars=0.6400 total_fillable_contracts=7.00 order_id=4efc5769-dddc-471c-a59d-7ccb5db087e9
02:55:50 INFO AMEND_OK | side=no price_dollars=0.6100 total_fillable_contracts=8.00 order_id=4efc5769-dddc-471c-a59d-7ccb5db087e9
02:55:50 INFO AMEND_OK | side=no price_dollars=0.6200 total_fillable_contracts=7.00 order_id=4efc5769-dddc-471c-a59d-7ccb5db087e9
02:55:51 INFO AMEND_OK | side=yes price_dollars=0.3300 total_fillable_contracts=15.00 order_id=c1017e9d-781e-474b-99da-38ca4cc3777f
02:55:59 INFO QUEUE_POSITION | side=yes order_id=c1017e9d-781e-474b-99da-38ca4cc3777f ahead_contracts=101.00
02:55:59 INFO QUEUE_POSITION | side=no order_id=4efc5769-dddc-471c-a59d-7ccb5db087e9 ahead_contracts=0.00
02:56:06 INFO AMEND_OK | side=no price_dollars=0.6300 total_fillable_contracts=7.00 order_id=4efc5769-dddc-471c-a59d-7ccb5db087e9
02:56:06 INFO AMEND_OK | side=no price_dollars=0.6400 total_fillable_contracts=7.00 order_id=4efc5769-dddc-471c-a59d-7ccb5db087e9
02:56:07 INFO AMEND_OK | side=yes price_dollars=0.3200 total_fillable_contracts=15.00 order_id=c1017e9d-781e-474b-99da-38ca4cc3777f
02:56:07 INFO AMEND_OK | side=no price_dollars=0.5900 total_fillable_contracts=8.00 order_id=4efc5769-dddc-471c-a59d-7ccb5db087e9
02:56:07 INFO AMEND_OK | side=no price_dollars=0.6000 total_fillable_contracts=8.00 order_id=4efc5769-dddc-471c-a59d-7ccb5db087e9
02:56:07 INFO AMEND_OK | side=no price_dollars=0.6100 total_fillable_contracts=8.00 order_id=4efc5769-dddc-471c-a59d-7ccb5db087e9
02:56:07 INFO AMEND_OK | side=no price_dollars=0.6300 total_fillable_contracts=7.00 order_id=4efc5769-dddc-471c-a59d-7ccb5db087e9
02:56:08 INFO AMEND_OK | side=no price_dollars=0.6400 total_fillable_contracts=7.00 order_id=4efc5769-dddc-471c-a59d-7ccb5db087e9
02:56:08 INFO AMEND_OK | side=no price_dollars=0.6500 total_fillable_contracts=7.00 order_id=4efc5769-dddc-471c-a59d-7ccb5db087e9
02:56:14 INFO AMEND_OK | side=no price_dollars=0.6400 total_fillable_contracts=7.00 order_id=4efc5769-dddc-471c-a59d-7ccb5db087e9
02:56:14 INFO QUEUE_POSITION | side=yes order_id=c1017e9d-781e-474b-99da-38ca4cc3777f ahead_contracts=0.00
02:56:14 INFO QUEUE_POSITION | side=no order_id=4efc5769-dddc-471c-a59d-7ccb5db087e9 ahead_contracts=0.00
02:56:15 INFO AMEND_OK | side=yes price_dollars=0.3300 total_fillable_contracts=15.00 order_id=c1017e9d-781e-474b-99da-38ca4cc3777f
02:56:15 INFO AMEND_OK | side=yes price_dollars=0.3200 total_fillable_contracts=15.00 order_id=c1017e9d-781e-474b-99da-38ca4cc3777f
02:56:16 INFO AMEND_OK | side=no price_dollars=0.6500 total_fillable_contracts=7.00 order_id=4efc5769-dddc-471c-a59d-7ccb5db087e9
02:56:24 INFO CANCEL_REQUESTED | side=yes reason=refresh_expiring_quote order_id=c1017e9d-781e-474b-99da-38ca4cc3777f
02:56:24 INFO ORDER_NOT_RESTING | side=yes status=canceled order_id=c1017e9d-781e-474b-99da-38ca4cc3777f
02:56:24 INFO CREATE_OK | side=yes price_dollars=0.3200 remaining_contracts=15.00 order_id=119c0de4-e6d4-4c09-b147-dcd8917b1bce
02:56:24 INFO CANCEL_REQUESTED | side=no reason=refresh_expiring_quote order_id=4efc5769-dddc-471c-a59d-7ccb5db087e9
02:56:24 INFO ORDER_NOT_RESTING | side=no status=canceled order_id=4efc5769-dddc-471c-a59d-7ccb5db087e9
02:56:24 INFO CREATE_OK | side=no price_dollars=0.6500 remaining_contracts=7.00 order_id=219b61d9-e52f-4107-b534-487bf77ab26e
02:56:26 INFO AMEND_OK | side=yes price_dollars=0.3000 total_fillable_contracts=16.00 order_id=119c0de4-e6d4-4c09-b147-dcd8917b1bce
02:56:26 INFO AMEND_OK | side=yes price_dollars=0.3100 total_fillable_contracts=15.00 order_id=119c0de4-e6d4-4c09-b147-dcd8917b1bce
02:56:27 INFO AMEND_OK | side=no price_dollars=0.6600 total_fillable_contracts=7.00 order_id=219b61d9-e52f-4107-b534-487bf77ab26e
02:56:27 INFO AMEND_OK | side=yes price_dollars=0.2800 total_fillable_contracts=17.00 order_id=119c0de4-e6d4-4c09-b147-dcd8917b1bce
02:56:28 INFO AMEND_OK | side=no price_dollars=0.6700 total_fillable_contracts=7.00 order_id=219b61d9-e52f-4107-b534-487bf77ab26e
02:56:28 INFO AMEND_OK | side=no price_dollars=0.6800 total_fillable_contracts=7.00 order_id=219b61d9-e52f-4107-b534-487bf77ab26e
02:56:29 INFO AMEND_OK | side=no price_dollars=0.6900 total_fillable_contracts=7.00 order_id=219b61d9-e52f-4107-b534-487bf77ab26e
02:56:29 INFO QUEUE_POSITION | side=yes order_id=119c0de4-e6d4-4c09-b147-dcd8917b1bce ahead_contracts=0.00
02:56:29 INFO QUEUE_POSITION | side=no order_id=219b61d9-e52f-4107-b534-487bf77ab26e ahead_contracts=392.00
02:56:37 INFO AMEND_OK | side=yes price_dollars=0.2300 total_fillable_contracts=21.00 order_id=119c0de4-e6d4-4c09-b147-dcd8917b1bce
02:56:38 INFO AMEND_OK | side=no price_dollars=0.7000 total_fillable_contracts=7.00 order_id=219b61d9-e52f-4107-b534-487bf77ab26e
02:56:38 INFO CANCEL_REQUESTED | side=yes reason=quote_disabled order_id=119c0de4-e6d4-4c09-b147-dcd8917b1bce
02:56:38 INFO ORDER_NOT_RESTING | side=yes status=canceled order_id=119c0de4-e6d4-4c09-b147-dcd8917b1bce
02:56:38 INFO CREATE_OK | side=yes price_dollars=0.2500 remaining_contracts=19.00 order_id=32af4f39-cee9-458a-b193-10510df55afd
02:56:38 INFO AMEND_OK | side=no price_dollars=0.7100 total_fillable_contracts=6.00 order_id=219b61d9-e52f-4107-b534-487bf77ab26e
02:56:38 INFO AMEND_OK | side=yes price_dollars=0.2400 total_fillable_contracts=20.00 order_id=32af4f39-cee9-458a-b193-10510df55afd
02:56:39 INFO AMEND_OK | side=no price_dollars=0.6500 total_fillable_contracts=7.00 order_id=219b61d9-e52f-4107-b534-487bf77ab26e
02:56:39 INFO AMEND_OK | side=no price_dollars=0.6600 total_fillable_contracts=7.00 order_id=219b61d9-e52f-4107-b534-487bf77ab26e
02:56:39 INFO AMEND_OK | side=no price_dollars=0.6800 total_fillable_contracts=7.00 order_id=219b61d9-e52f-4107-b534-487bf77ab26e
02:56:39 INFO AMEND_OK | side=no price_dollars=0.6900 total_fillable_contracts=7.00 order_id=219b61d9-e52f-4107-b534-487bf77ab26e
02:56:39 INFO AMEND_OK | side=no price_dollars=0.7000 total_fillable_contracts=7.00 order_id=219b61d9-e52f-4107-b534-487bf77ab26e
02:56:40 INFO AMEND_OK | side=no price_dollars=0.7100 total_fillable_contracts=6.00 order_id=219b61d9-e52f-4107-b534-487bf77ab26e
02:56:40 INFO AMEND_OK | side=no price_dollars=0.6700 total_fillable_contracts=7.00 order_id=219b61d9-e52f-4107-b534-487bf77ab26e
02:56:40 INFO AMEND_OK | side=no price_dollars=0.6800 total_fillable_contracts=7.00 order_id=219b61d9-e52f-4107-b534-487bf77ab26e
02:56:40 INFO AMEND_OK | side=no price_dollars=0.7200 total_fillable_contracts=6.00 order_id=219b61d9-e52f-4107-b534-487bf77ab26e
02:56:41 INFO CANCEL_REQUESTED | side=yes reason=quote_disabled order_id=32af4f39-cee9-458a-b193-10510df55afd
02:56:41 INFO ORDER_NOT_RESTING | side=yes status=canceled order_id=32af4f39-cee9-458a-b193-10510df55afd
02:56:41 INFO CREATE_OK | side=yes price_dollars=0.2500 remaining_contracts=19.00 order_id=2c49fad5-2812-49a2-be5a-eb31827112e1
02:56:41 INFO AMEND_OK | side=yes price_dollars=0.2400 total_fillable_contracts=20.00 order_id=2c49fad5-2812-49a2-be5a-eb31827112e1
02:56:45 INFO QUEUE_POSITION | side=yes order_id=2c49fad5-2812-49a2-be5a-eb31827112e1 ahead_contracts=0.00
02:56:45 INFO QUEUE_POSITION | side=no order_id=219b61d9-e52f-4107-b534-487bf77ab26e ahead_contracts=0.00
02:56:46 INFO AMEND_OK | side=yes price_dollars=0.2500 total_fillable_contracts=19.00 order_id=2c49fad5-2812-49a2-be5a-eb31827112e1
02:56:46 INFO AMEND_OK | side=yes price_dollars=0.2400 total_fillable_contracts=20.00 order_id=2c49fad5-2812-49a2-be5a-eb31827112e1
02:56:50 INFO CANCEL_REQUESTED | side=yes reason=quote_disabled order_id=2c49fad5-2812-49a2-be5a-eb31827112e1
02:56:50 INFO ORDER_NOT_RESTING | side=yes status=canceled order_id=2c49fad5-2812-49a2-be5a-eb31827112e1
02:56:51 INFO CREATE_OK | side=yes price_dollars=0.2500 remaining_contracts=19.00 order_id=3480d518-cc98-49a6-b5d9-cac149b1c56a
02:56:51 INFO AMEND_OK | side=yes price_dollars=0.2300 total_fillable_contracts=21.00 order_id=3480d518-cc98-49a6-b5d9-cac149b1c56a
02:56:51 INFO AMEND_OK | side=yes price_dollars=0.2400 total_fillable_contracts=20.00 order_id=3480d518-cc98-49a6-b5d9-cac149b1c56a
02:56:52 INFO AMEND_OK | side=yes price_dollars=0.2500 total_fillable_contracts=19.00 order_id=3480d518-cc98-49a6-b5d9-cac149b1c56a
02:56:52 INFO AMEND_OK | side=no price_dollars=0.7100 total_fillable_contracts=6.00 order_id=219b61d9-e52f-4107-b534-487bf77ab26e
02:56:53 INFO AMEND_OK | side=no price_dollars=0.7200 total_fillable_contracts=6.00 order_id=219b61d9-e52f-4107-b534-487bf77ab26e
02:56:53 INFO AMEND_OK | side=no price_dollars=0.7100 total_fillable_contracts=6.00 order_id=219b61d9-e52f-4107-b534-487bf77ab26e
02:56:53 INFO AMEND_OK | side=yes price_dollars=0.2600 total_fillable_contracts=19.00 order_id=3480d518-cc98-49a6-b5d9-cac149b1c56a
02:56:53 INFO AMEND_OK | side=yes price_dollars=0.2500 total_fillable_contracts=19.00 order_id=3480d518-cc98-49a6-b5d9-cac149b1c56a
02:56:53 INFO AMEND_OK | side=yes price_dollars=0.2600 total_fillable_contracts=19.00 order_id=3480d518-cc98-49a6-b5d9-cac149b1c56a
02:56:54 INFO AMEND_OK | side=yes price_dollars=0.2500 total_fillable_contracts=19.00 order_id=3480d518-cc98-49a6-b5d9-cac149b1c56a
02:56:54 INFO AMEND_OK | side=yes price_dollars=0.2600 total_fillable_contracts=19.00 order_id=3480d518-cc98-49a6-b5d9-cac149b1c56a
02:56:54 INFO AMEND_OK | side=yes price_dollars=0.2500 total_fillable_contracts=19.00 order_id=3480d518-cc98-49a6-b5d9-cac149b1c56a
02:56:54 INFO AMEND_OK | side=yes price_dollars=0.2600 total_fillable_contracts=19.00 order_id=3480d518-cc98-49a6-b5d9-cac149b1c56a
02:56:55 INFO AMEND_OK | side=yes price_dollars=0.2400 total_fillable_contracts=20.00 order_id=3480d518-cc98-49a6-b5d9-cac149b1c56a
02:56:55 INFO AMEND_OK | side=yes price_dollars=0.2500 total_fillable_contracts=19.00 order_id=3480d518-cc98-49a6-b5d9-cac149b1c56a
02:56:57 INFO AMEND_OK | side=no price_dollars=0.6600 total_fillable_contracts=7.00 order_id=219b61d9-e52f-4107-b534-487bf77ab26e
02:56:57 INFO AMEND_OK | side=no price_dollars=0.6800 total_fillable_contracts=7.00 order_id=219b61d9-e52f-4107-b534-487bf77ab26e
02:56:57 INFO AMEND_OK | side=yes price_dollars=0.2600 total_fillable_contracts=19.00 order_id=3480d518-cc98-49a6-b5d9-cac149b1c56a
02:56:57 INFO AMEND_OK | side=no price_dollars=0.7000 total_fillable_contracts=7.00 order_id=219b61d9-e52f-4107-b534-487bf77ab26e
02:56:57 INFO AMEND_OK | side=yes price_dollars=0.2500 total_fillable_contracts=19.00 order_id=3480d518-cc98-49a6-b5d9-cac149b1c56a
02:56:57 INFO AMEND_OK | side=no price_dollars=0.6600 total_fillable_contracts=7.00 order_id=219b61d9-e52f-4107-b534-487bf77ab26e
02:56:58 INFO AMEND_OK | side=yes price_dollars=0.2400 total_fillable_contracts=20.00 order_id=3480d518-cc98-49a6-b5d9-cac149b1c56a
02:56:58 INFO AMEND_OK | side=no price_dollars=0.6700 total_fillable_contracts=7.00 order_id=219b61d9-e52f-4107-b534-487bf77ab26e
02:56:58 INFO CANCEL_REQUESTED | side=yes reason=quote_disabled order_id=3480d518-cc98-49a6-b5d9-cac149b1c56a
02:56:58 INFO ORDER_NOT_RESTING | side=yes status=canceled order_id=3480d518-cc98-49a6-b5d9-cac149b1c56a
02:56:58 INFO AMEND_OK | side=no price_dollars=0.6800 total_fillable_contracts=7.00 order_id=219b61d9-e52f-4107-b534-487bf77ab26e
02:56:58 INFO AMEND_OK | side=no price_dollars=0.6900 total_fillable_contracts=7.00 order_id=219b61d9-e52f-4107-b534-487bf77ab26e
02:56:58 INFO CREATE_OK | side=yes price_dollars=0.2500 remaining_contracts=19.00 order_id=f0e09416-d609-47a0-b84d-16cf0e7e61b1
02:56:58 INFO AMEND_OK | side=no price_dollars=0.7100 total_fillable_contracts=6.00 order_id=219b61d9-e52f-4107-b534-487bf77ab26e
02:56:58 INFO AMEND_OK | side=yes price_dollars=0.2400 total_fillable_contracts=20.00 order_id=f0e09416-d609-47a0-b84d-16cf0e7e61b1
02:56:59 INFO AMEND_OK | side=no price_dollars=0.7200 total_fillable_contracts=6.00 order_id=219b61d9-e52f-4107-b534-487bf77ab26e
02:56:59 INFO CANCEL_REQUESTED | side=yes reason=quote_disabled order_id=f0e09416-d609-47a0-b84d-16cf0e7e61b1
02:56:59 INFO ORDER_NOT_RESTING | side=yes status=canceled order_id=f0e09416-d609-47a0-b84d-16cf0e7e61b1
02:56:59 INFO AMEND_OK | side=no price_dollars=0.6800 total_fillable_contracts=7.00 order_id=219b61d9-e52f-4107-b534-487bf77ab26e
02:56:59 INFO CREATE_OK | side=yes price_dollars=0.2500 remaining_contracts=19.00 order_id=a3ec97b9-9dab-4a79-b4ee-77840ccd0750
02:56:59 INFO AMEND_OK | side=no price_dollars=0.6900 total_fillable_contracts=7.00 order_id=219b61d9-e52f-4107-b534-487bf77ab26e
02:56:59 INFO AMEND_OK | side=yes price_dollars=0.2400 total_fillable_contracts=20.00 order_id=a3ec97b9-9dab-4a79-b4ee-77840ccd0750
02:56:59 INFO AMEND_OK | side=no price_dollars=0.7000 total_fillable_contracts=7.00 order_id=219b61d9-e52f-4107-b534-487bf77ab26e
02:57:00 INFO QUEUE_POSITION | side=yes order_id=a3ec97b9-9dab-4a79-b4ee-77840ccd0750 ahead_contracts=5.00
02:57:00 INFO QUEUE_POSITION | side=no order_id=219b61d9-e52f-4107-b534-487bf77ab26e ahead_contracts=1.00
02:57:00 INFO AMEND_OK | side=no price_dollars=0.7100 total_fillable_contracts=6.00 order_id=219b61d9-e52f-4107-b534-487bf77ab26e
02:57:00 INFO CANCEL_REQUESTED | side=yes reason=quote_disabled order_id=a3ec97b9-9dab-4a79-b4ee-77840ccd0750
02:57:01 INFO ORDER_NOT_RESTING | side=yes status=canceled order_id=a3ec97b9-9dab-4a79-b4ee-77840ccd0750
02:57:01 INFO AMEND_OK | side=no price_dollars=0.7200 total_fillable_contracts=6.00 order_id=219b61d9-e52f-4107-b534-487bf77ab26e
02:57:01 INFO AMEND_OK | side=no price_dollars=0.7300 total_fillable_contracts=6.00 order_id=219b61d9-e52f-4107-b534-487bf77ab26e
02:57:01 INFO AMEND_OK | side=no price_dollars=0.7400 total_fillable_contracts=6.00 order_id=219b61d9-e52f-4107-b534-487bf77ab26e
02:57:06 INFO AMEND_OK | side=no price_dollars=0.7500 total_fillable_contracts=6.00 order_id=219b61d9-e52f-4107-b534-487bf77ab26e
02:57:06 INFO AMEND_OK | side=no price_dollars=0.7400 total_fillable_contracts=6.00 order_id=219b61d9-e52f-4107-b534-487bf77ab26e
02:57:07 INFO AMEND_OK | side=no price_dollars=0.7500 total_fillable_contracts=6.00 order_id=219b61d9-e52f-4107-b534-487bf77ab26e
02:57:07 INFO AMEND_OK | side=no price_dollars=0.7600 total_fillable_contracts=6.00 order_id=219b61d9-e52f-4107-b534-487bf77ab26e
02:57:15 INFO QUEUE_POSITION | side=no order_id=219b61d9-e52f-4107-b534-487bf77ab26e ahead_contracts=0.00
02:57:19 INFO CANCEL_REQUESTED | side=no reason=refresh_expiring_quote order_id=219b61d9-e52f-4107-b534-487bf77ab26e
02:57:19 INFO ORDER_NOT_RESTING | side=no status=canceled order_id=219b61d9-e52f-4107-b534-487bf77ab26e
02:57:19 INFO CREATE_OK | side=no price_dollars=0.7600 remaining_contracts=6.00 order_id=f9d5c99e-9f09-475e-90b9-416113a0d056
02:57:29 INFO AMEND_OK | side=no price_dollars=0.7700 total_fillable_contracts=6.00 order_id=f9d5c99e-9f09-475e-90b9-416113a0d056
02:57:29 INFO AMEND_OK | side=no price_dollars=0.7800 total_fillable_contracts=6.00 order_id=f9d5c99e-9f09-475e-90b9-416113a0d056
02:57:30 INFO QUEUE_POSITION | side=no order_id=f9d5c99e-9f09-475e-90b9-416113a0d056 ahead_contracts=0.00
02:57:30 INFO AMEND_OK | side=no price_dollars=0.7900 total_fillable_contracts=6.00 order_id=f9d5c99e-9f09-475e-90b9-416113a0d056
02:57:30 INFO AMEND_OK | side=no price_dollars=0.8000 total_fillable_contracts=6.00 order_id=f9d5c99e-9f09-475e-90b9-416113a0d056
02:57:32 INFO AMEND_OK | side=no price_dollars=0.7900 total_fillable_contracts=6.00 order_id=f9d5c99e-9f09-475e-90b9-416113a0d056
02:57:43 INFO AMEND_OK | side=no price_dollars=0.8000 total_fillable_contracts=6.00 order_id=f9d5c99e-9f09-475e-90b9-416113a0d056
02:57:44 INFO AMEND_OK | side=no price_dollars=0.7600 total_fillable_contracts=6.00 order_id=f9d5c99e-9f09-475e-90b9-416113a0d056
02:57:45 INFO AMEND_OK | side=no price_dollars=0.7800 total_fillable_contracts=6.00 order_id=f9d5c99e-9f09-475e-90b9-416113a0d056
02:57:45 INFO AMEND_OK | side=no price_dollars=0.7900 total_fillable_contracts=6.00 order_id=f9d5c99e-9f09-475e-90b9-416113a0d056
02:57:45 INFO QUEUE_POSITION | side=no order_id=f9d5c99e-9f09-475e-90b9-416113a0d056 ahead_contracts=573.00
02:57:51 INFO AMEND_OK | side=no price_dollars=0.8000 total_fillable_contracts=6.00 order_id=f9d5c99e-9f09-475e-90b9-416113a0d056
02:57:51 INFO AMEND_OK | side=no price_dollars=0.7700 total_fillable_contracts=6.00 order_id=f9d5c99e-9f09-475e-90b9-416113a0d056
02:57:51 INFO AMEND_OK | side=no price_dollars=0.8000 total_fillable_contracts=6.00 order_id=f9d5c99e-9f09-475e-90b9-416113a0d056
02:57:51 INFO AMEND_OK | side=no price_dollars=0.7900 total_fillable_contracts=6.00 order_id=f9d5c99e-9f09-475e-90b9-416113a0d056
02:57:52 INFO AMEND_OK | side=no price_dollars=0.8000 total_fillable_contracts=6.00 order_id=f9d5c99e-9f09-475e-90b9-416113a0d056
02:57:52 INFO AMEND_OK | side=no price_dollars=0.7700 total_fillable_contracts=6.00 order_id=f9d5c99e-9f09-475e-90b9-416113a0d056
02:57:52 INFO AMEND_OK | side=no price_dollars=0.7900 total_fillable_contracts=6.00 order_id=f9d5c99e-9f09-475e-90b9-416113a0d056
02:57:53 INFO AMEND_OK | side=no price_dollars=0.8000 total_fillable_contracts=6.00 order_id=f9d5c99e-9f09-475e-90b9-416113a0d056
02:57:53 INFO AMEND_OK | side=no price_dollars=0.7900 total_fillable_contracts=6.00 order_id=f9d5c99e-9f09-475e-90b9-416113a0d056
02:57:53 INFO AMEND_OK | side=no price_dollars=0.8000 total_fillable_contracts=6.00 order_id=f9d5c99e-9f09-475e-90b9-416113a0d056
02:57:53 INFO AMEND_OK | side=no price_dollars=0.7900 total_fillable_contracts=6.00 order_id=f9d5c99e-9f09-475e-90b9-416113a0d056
02:57:53 INFO AMEND_OK | side=no price_dollars=0.8000 total_fillable_contracts=6.00 order_id=f9d5c99e-9f09-475e-90b9-416113a0d056
02:57:54 INFO AMEND_OK | side=no price_dollars=0.7900 total_fillable_contracts=6.00 order_id=f9d5c99e-9f09-475e-90b9-416113a0d056
02:57:57 INFO AMEND_OK | side=no price_dollars=0.8000 total_fillable_contracts=6.00 order_id=f9d5c99e-9f09-475e-90b9-416113a0d056
02:57:57 INFO AMEND_OK | side=no price_dollars=0.8100 total_fillable_contracts=6.00 order_id=f9d5c99e-9f09-475e-90b9-416113a0d056
02:57:57 INFO AMEND_OK | side=no price_dollars=0.7900 total_fillable_contracts=6.00 order_id=f9d5c99e-9f09-475e-90b9-416113a0d056
02:57:57 INFO AMEND_OK | side=no price_dollars=0.8000 total_fillable_contracts=6.00 order_id=f9d5c99e-9f09-475e-90b9-416113a0d056
02:57:58 INFO AMEND_OK | side=no price_dollars=0.8100 total_fillable_contracts=6.00 order_id=f9d5c99e-9f09-475e-90b9-416113a0d056
02:57:58 INFO AMEND_OK | side=no price_dollars=0.7800 total_fillable_contracts=6.00 order_id=f9d5c99e-9f09-475e-90b9-416113a0d056
02:57:58 INFO AMEND_OK | side=no price_dollars=0.7900 total_fillable_contracts=6.00 order_id=f9d5c99e-9f09-475e-90b9-416113a0d056
02:57:58 INFO AMEND_OK | side=no price_dollars=0.8100 total_fillable_contracts=6.00 order_id=f9d5c99e-9f09-475e-90b9-416113a0d056
02:57:59 INFO AMEND_OK | side=no price_dollars=0.8000 total_fillable_contracts=6.00 order_id=f9d5c99e-9f09-475e-90b9-416113a0d056
02:58:00 INFO QUEUE_POSITION | side=no order_id=f9d5c99e-9f09-475e-90b9-416113a0d056 ahead_contracts=487.00
02:58:00 INFO AMEND_OK | side=no price_dollars=0.8100 total_fillable_contracts=6.00 order_id=f9d5c99e-9f09-475e-90b9-416113a0d056
02:58:14 INFO CANCEL_REQUESTED | side=no reason=refresh_expiring_quote order_id=f9d5c99e-9f09-475e-90b9-416113a0d056
02:58:14 INFO ORDER_NOT_RESTING | side=no status=canceled order_id=f9d5c99e-9f09-475e-90b9-416113a0d056
02:58:14 INFO CREATE_OK | side=no price_dollars=0.8100 remaining_contracts=6.00 order_id=b2fb410e-2283-4e07-a45c-9a0a90de8be6
02:58:15 INFO QUEUE_POSITION | side=no order_id=b2fb410e-2283-4e07-a45c-9a0a90de8be6 ahead_contracts=0.00
02:58:15 INFO AMEND_OK | side=no price_dollars=0.8200 total_fillable_contracts=6.00 order_id=b2fb410e-2283-4e07-a45c-9a0a90de8be6
02:58:30 INFO QUEUE_POSITION | side=no order_id=b2fb410e-2283-4e07-a45c-9a0a90de8be6 ahead_contracts=0.00
02:58:37 INFO AMEND_OK | side=no price_dollars=0.8100 total_fillable_contracts=6.00 order_id=b2fb410e-2283-4e07-a45c-9a0a90de8be6
02:58:37 INFO AMEND_OK | side=no price_dollars=0.7800 total_fillable_contracts=6.00 order_id=b2fb410e-2283-4e07-a45c-9a0a90de8be6
02:58:37 INFO AMEND_OK | side=no price_dollars=0.7900 total_fillable_contracts=6.00 order_id=b2fb410e-2283-4e07-a45c-9a0a90de8be6
02:58:38 INFO AMEND_OK | side=no price_dollars=0.8000 total_fillable_contracts=6.00 order_id=b2fb410e-2283-4e07-a45c-9a0a90de8be6
02:58:38 INFO AMEND_OK | side=no price_dollars=0.8100 total_fillable_contracts=6.00 order_id=b2fb410e-2283-4e07-a45c-9a0a90de8be6
02:58:39 INFO AMEND_OK | side=no price_dollars=0.7700 total_fillable_contracts=6.00 order_id=b2fb410e-2283-4e07-a45c-9a0a90de8be6
02:58:39 INFO AMEND_OK | side=no price_dollars=0.7800 total_fillable_contracts=6.00 order_id=b2fb410e-2283-4e07-a45c-9a0a90de8be6
02:58:39 INFO AMEND_OK | side=no price_dollars=0.8000 total_fillable_contracts=6.00 order_id=b2fb410e-2283-4e07-a45c-9a0a90de8be6
02:58:42 INFO AMEND_OK | side=no price_dollars=0.8100 total_fillable_contracts=6.00 order_id=b2fb410e-2283-4e07-a45c-9a0a90de8be6
02:58:45 INFO QUEUE_POSITION | side=no order_id=b2fb410e-2283-4e07-a45c-9a0a90de8be6 ahead_contracts=0.00
02:58:49 INFO AMEND_OK | side=no price_dollars=0.8000 total_fillable_contracts=6.00 order_id=b2fb410e-2283-4e07-a45c-9a0a90de8be6
02:59:00 INFO QUEUE_POSITION | side=no order_id=b2fb410e-2283-4e07-a45c-9a0a90de8be6 ahead_contracts=0.00
02:59:04 INFO AMEND_OK | side=no price_dollars=0.8200 total_fillable_contracts=6.00 order_id=b2fb410e-2283-4e07-a45c-9a0a90de8be6
02:59:05 INFO AMEND_OK | side=no price_dollars=0.8300 total_fillable_contracts=5.00 order_id=b2fb410e-2283-4e07-a45c-9a0a90de8be6
02:59:09 INFO CANCEL_REQUESTED | side=no reason=refresh_expiring_quote order_id=b2fb410e-2283-4e07-a45c-9a0a90de8be6
02:59:09 INFO ORDER_NOT_RESTING | side=no status=canceled order_id=b2fb410e-2283-4e07-a45c-9a0a90de8be6
02:59:09 INFO CREATE_OK | side=no price_dollars=0.8300 remaining_contracts=5.00 order_id=c8fa064e-d28f-4fe6-b9de-7c2905eac292
02:59:11 INFO AMEND_OK | side=no price_dollars=0.8200 total_fillable_contracts=6.00 order_id=c8fa064e-d28f-4fe6-b9de-7c2905eac292
02:59:12 INFO AMEND_OK | side=no price_dollars=0.8300 total_fillable_contracts=5.00 order_id=c8fa064e-d28f-4fe6-b9de-7c2905eac292
02:59:13 INFO AMEND_OK | side=no price_dollars=0.8200 total_fillable_contracts=6.00 order_id=c8fa064e-d28f-4fe6-b9de-7c2905eac292
02:59:14 INFO AMEND_OK | side=no price_dollars=0.7900 total_fillable_contracts=6.00 order_id=c8fa064e-d28f-4fe6-b9de-7c2905eac292
02:59:14 INFO AMEND_OK | side=no price_dollars=0.8000 total_fillable_contracts=6.00 order_id=c8fa064e-d28f-4fe6-b9de-7c2905eac292
02:59:15 INFO QUEUE_POSITION | side=no order_id=c8fa064e-d28f-4fe6-b9de-7c2905eac292 ahead_contracts=346.00
02:59:15 INFO AMEND_OK | side=no price_dollars=0.8100 total_fillable_contracts=6.00 order_id=c8fa064e-d28f-4fe6-b9de-7c2905eac292
02:59:16 INFO AMEND_OK | side=no price_dollars=0.8200 total_fillable_contracts=6.00 order_id=c8fa064e-d28f-4fe6-b9de-7c2905eac292
02:59:16 INFO AMEND_OK | side=no price_dollars=0.8100 total_fillable_contracts=6.00 order_id=c8fa064e-d28f-4fe6-b9de-7c2905eac292
02:59:16 INFO AMEND_OK | side=no price_dollars=0.8300 total_fillable_contracts=5.00 order_id=c8fa064e-d28f-4fe6-b9de-7c2905eac292
02:59:17 INFO AMEND_OK | side=no price_dollars=0.8200 total_fillable_contracts=6.00 order_id=c8fa064e-d28f-4fe6-b9de-7c2905eac292
02:59:18 INFO AMEND_OK | side=no price_dollars=0.8300 total_fillable_contracts=5.00 order_id=c8fa064e-d28f-4fe6-b9de-7c2905eac292
02:59:19 INFO AMEND_OK | side=no price_dollars=0.8100 total_fillable_contracts=6.00 order_id=c8fa064e-d28f-4fe6-b9de-7c2905eac292
02:59:19 INFO AMEND_OK | side=no price_dollars=0.8200 total_fillable_contracts=6.00 order_id=c8fa064e-d28f-4fe6-b9de-7c2905eac292
02:59:19 INFO AMEND_OK | side=no price_dollars=0.8100 total_fillable_contracts=6.00 order_id=c8fa064e-d28f-4fe6-b9de-7c2905eac292
02:59:20 INFO AMEND_OK | side=no price_dollars=0.8200 total_fillable_contracts=6.00 order_id=c8fa064e-d28f-4fe6-b9de-7c2905eac292
02:59:20 INFO AMEND_OK | side=no price_dollars=0.8100 total_fillable_contracts=6.00 order_id=c8fa064e-d28f-4fe6-b9de-7c2905eac292
02:59:22 INFO AMEND_OK | side=no price_dollars=0.8200 total_fillable_contracts=6.00 order_id=c8fa064e-d28f-4fe6-b9de-7c2905eac292
02:59:22 INFO AMEND_OK | side=no price_dollars=0.8100 total_fillable_contracts=6.00 order_id=c8fa064e-d28f-4fe6-b9de-7c2905eac292
02:59:30 INFO QUEUE_POSITION | side=no order_id=c8fa064e-d28f-4fe6-b9de-7c2905eac292 ahead_contracts=0.00
02:59:36 INFO AMEND_OK | side=no price_dollars=0.8200 total_fillable_contracts=6.00 order_id=c8fa064e-d28f-4fe6-b9de-7c2905eac292
02:59:37 INFO AMEND_OK | side=no price_dollars=0.8300 total_fillable_contracts=5.00 order_id=c8fa064e-d28f-4fe6-b9de-7c2905eac292
02:59:42 INFO ORDER_NOT_RESTING | side=no status=executed order_id=c8fa064e-d28f-4fe6-b9de-7c2905eac292
02:59:42 INFO CREATE_OK | side=yes price_dollars=0.1200 remaining_contracts=41.00 order_id=c9b7108f-b8b2-47b9-8056-5a128693a23a
02:59:42 INFO CREATE_OK | side=no price_dollars=0.8200 remaining_contracts=6.00 order_id=2731da94-0ff8-40fb-8ffd-7dbc72369702
02:59:42 INFO AMEND_OK | side=no price_dollars=0.8100 total_fillable_contracts=6.00 order_id=2731da94-0ff8-40fb-8ffd-7dbc72369702
02:59:42 INFO AMEND_OK | side=no price_dollars=0.8000 total_fillable_contracts=6.00 order_id=2731da94-0ff8-40fb-8ffd-7dbc72369702
02:59:42 INFO AMEND_OK | side=no price_dollars=0.7700 total_fillable_contracts=6.00 order_id=2731da94-0ff8-40fb-8ffd-7dbc72369702
02:59:43 INFO AMEND_OK | side=yes price_dollars=0.1300 total_fillable_contracts=38.00 order_id=c9b7108f-b8b2-47b9-8056-5a128693a23a
02:59:43 INFO AMEND_OK | side=yes price_dollars=0.1400 total_fillable_contracts=35.00 order_id=c9b7108f-b8b2-47b9-8056-5a128693a23a
02:59:43 INFO AMEND_OK | side=no price_dollars=0.7800 total_fillable_contracts=6.00 order_id=2731da94-0ff8-40fb-8ffd-7dbc72369702
02:59:43 INFO AMEND_OK | side=yes price_dollars=0.1500 total_fillable_contracts=33.00 order_id=c9b7108f-b8b2-47b9-8056-5a128693a23a
02:59:45 INFO QUEUE_POSITION | side=yes order_id=c9b7108f-b8b2-47b9-8056-5a128693a23a ahead_contracts=0.00
02:59:45 INFO QUEUE_POSITION | side=no order_id=2731da94-0ff8-40fb-8ffd-7dbc72369702 ahead_contracts=55.00
03:00:00 INFO QUEUE_POSITION | side=yes order_id=c9b7108f-b8b2-47b9-8056-5a128693a23a ahead_contracts=0.00
03:00:00 INFO QUEUE_POSITION | side=no order_id=2731da94-0ff8-40fb-8ffd-7dbc72369702 ahead_contracts=55.00
03:00:06 INFO AMEND_OK | side=no price_dollars=0.7900 total_fillable_contracts=6.00 order_id=2731da94-0ff8-40fb-8ffd-7dbc72369702
03:00:07 INFO AMEND_OK | side=yes price_dollars=0.1600 total_fillable_contracts=30.00 order_id=c9b7108f-b8b2-47b9-8056-5a128693a23a
03:00:15 INFO QUEUE_POSITION | side=yes order_id=c9b7108f-b8b2-47b9-8056-5a128693a23a ahead_contracts=0.00
03:00:15 INFO QUEUE_POSITION | side=no order_id=2731da94-0ff8-40fb-8ffd-7dbc72369702 ahead_contracts=21.00
03:00:22 INFO AMEND_OK | side=no price_dollars=0.7800 total_fillable_contracts=6.00 order_id=2731da94-0ff8-40fb-8ffd-7dbc72369702
03:00:27 INFO AMEND_OK | side=no price_dollars=0.7900 total_fillable_contracts=6.00 order_id=2731da94-0ff8-40fb-8ffd-7dbc72369702
03:00:30 INFO QUEUE_POSITION | side=yes order_id=c9b7108f-b8b2-47b9-8056-5a128693a23a ahead_contracts=0.00
03:00:30 INFO QUEUE_POSITION | side=no order_id=2731da94-0ff8-40fb-8ffd-7dbc72369702 ahead_contracts=1.00
03:00:36 INFO AMEND_OK | side=yes price_dollars=0.1500 total_fillable_contracts=33.00 order_id=c9b7108f-b8b2-47b9-8056-5a128693a23a
03:00:36 INFO AMEND_OK | side=no price_dollars=0.8000 total_fillable_contracts=6.00 order_id=2731da94-0ff8-40fb-8ffd-7dbc72369702
03:00:36 INFO AMEND_OK | side=yes price_dollars=0.1400 total_fillable_contracts=35.00 order_id=c9b7108f-b8b2-47b9-8056-5a128693a23a
03:00:36 INFO AMEND_OK | side=no price_dollars=0.8100 total_fillable_contracts=6.00 order_id=2731da94-0ff8-40fb-8ffd-7dbc72369702
03:00:36 INFO AMEND_OK | side=no price_dollars=0.8200 total_fillable_contracts=6.00 order_id=2731da94-0ff8-40fb-8ffd-7dbc72369702
03:00:37 INFO CANCEL_REQUESTED | side=yes reason=refresh_expiring_quote order_id=c9b7108f-b8b2-47b9-8056-5a128693a23a
03:00:37 INFO ORDER_NOT_RESTING | side=yes status=canceled order_id=c9b7108f-b8b2-47b9-8056-5a128693a23a
03:00:37 INFO CREATE_OK | side=yes price_dollars=0.1400 remaining_contracts=35.00 order_id=9113ee2f-b377-4c0e-a672-df995bd42c9b
03:00:37 INFO CANCEL_REQUESTED | side=no reason=refresh_expiring_quote order_id=2731da94-0ff8-40fb-8ffd-7dbc72369702
03:00:37 INFO ORDER_NOT_RESTING | side=no status=canceled order_id=2731da94-0ff8-40fb-8ffd-7dbc72369702
03:00:37 INFO CREATE_OK | side=no price_dollars=0.8300 remaining_contracts=5.00 order_id=95493935-2e65-42af-9c72-0036d4f7c24e
03:00:45 INFO QUEUE_POSITION | side=yes order_id=9113ee2f-b377-4c0e-a672-df995bd42c9b ahead_contracts=0.00
03:00:45 INFO QUEUE_POSITION | side=no order_id=95493935-2e65-42af-9c72-0036d4f7c24e ahead_contracts=1035.00
03:00:57 INFO AMEND_OK | side=yes price_dollars=0.1500 total_fillable_contracts=33.00 order_id=9113ee2f-b377-4c0e-a672-df995bd42c9b
03:00:57 INFO AMEND_OK | side=no price_dollars=0.8200 total_fillable_contracts=6.00 order_id=95493935-2e65-42af-9c72-0036d4f7c24e
03:00:59 INFO AMEND_OK | side=yes price_dollars=0.1400 total_fillable_contracts=35.00 order_id=9113ee2f-b377-4c0e-a672-df995bd42c9b
03:01:00 INFO QUEUE_POSITION | side=yes order_id=9113ee2f-b377-4c0e-a672-df995bd42c9b ahead_contracts=349.00
03:01:01 INFO QUEUE_POSITION | side=no order_id=95493935-2e65-42af-9c72-0036d4f7c24e ahead_contracts=2035.00
03:01:08 INFO AMEND_OK | side=yes price_dollars=0.1200 total_fillable_contracts=41.00 order_id=9113ee2f-b377-4c0e-a672-df995bd42c9b
03:01:08 INFO AMEND_OK | side=no price_dollars=0.8300 total_fillable_contracts=5.00 order_id=95493935-2e65-42af-9c72-0036d4f7c24e
03:01:09 INFO AMEND_OK | side=yes price_dollars=0.1300 total_fillable_contracts=38.00 order_id=9113ee2f-b377-4c0e-a672-df995bd42c9b
03:01:09 INFO AMEND_OK | side=no price_dollars=0.8200 total_fillable_contracts=6.00 order_id=95493935-2e65-42af-9c72-0036d4f7c24e
03:01:09 INFO AMEND_OK | side=yes price_dollars=0.1200 total_fillable_contracts=41.00 order_id=9113ee2f-b377-4c0e-a672-df995bd42c9b
03:01:09 INFO AMEND_OK | side=no price_dollars=0.7800 total_fillable_contracts=6.00 order_id=95493935-2e65-42af-9c72-0036d4f7c24e
03:01:09 INFO AMEND_OK | side=yes price_dollars=0.1400 total_fillable_contracts=35.00 order_id=9113ee2f-b377-4c0e-a672-df995bd42c9b
03:01:09 INFO AMEND_OK | side=no price_dollars=0.8000 total_fillable_contracts=6.00 order_id=95493935-2e65-42af-9c72-0036d4f7c24e
03:01:10 INFO AMEND_OK | side=yes price_dollars=0.1500 total_fillable_contracts=33.00 order_id=9113ee2f-b377-4c0e-a672-df995bd42c9b
03:01:15 INFO ORDER_NOT_RESTING | side=yes status=executed order_id=9113ee2f-b377-4c0e-a672-df995bd42c9b
03:01:16 INFO QUEUE_POSITION | side=no order_id=95493935-2e65-42af-9c72-0036d4f7c24e ahead_contracts=0.00
03:01:17 INFO AMEND_OK | side=no price_dollars=0.8100 total_fillable_contracts=6.00 order_id=95493935-2e65-42af-9c72-0036d4f7c24e
03:01:26 INFO AMEND_OK | side=no price_dollars=0.8200 total_fillable_contracts=6.00 order_id=95493935-2e65-42af-9c72-0036d4f7c24e
03:01:26 INFO AMEND_OK | side=no price_dollars=0.8300 total_fillable_contracts=5.00 order_id=95493935-2e65-42af-9c72-0036d4f7c24e
03:01:26 INFO AMEND_OK | side=no price_dollars=0.8200 total_fillable_contracts=6.00 order_id=95493935-2e65-42af-9c72-0036d4f7c24e
03:01:29 INFO AMEND_OK | side=no price_dollars=0.8300 total_fillable_contracts=5.00 order_id=95493935-2e65-42af-9c72-0036d4f7c24e
03:01:29 INFO AMEND_OK | side=no price_dollars=0.8400 total_fillable_contracts=5.00 order_id=95493935-2e65-42af-9c72-0036d4f7c24e
03:01:31 INFO QUEUE_POSITION | side=no order_id=95493935-2e65-42af-9c72-0036d4f7c24e ahead_contracts=0.00
03:01:32 INFO CANCEL_REQUESTED | side=no reason=refresh_expiring_quote order_id=95493935-2e65-42af-9c72-0036d4f7c24e
03:01:32 INFO ORDER_NOT_RESTING | side=no status=canceled order_id=95493935-2e65-42af-9c72-0036d4f7c24e
03:01:32 INFO CREATE_OK | side=no price_dollars=0.8400 remaining_contracts=5.00 order_id=fe325b4e-00c2-48d2-93d4-2c7efe123f9f
03:01:46 INFO QUEUE_POSITION | side=no order_id=fe325b4e-00c2-48d2-93d4-2c7efe123f9f ahead_contracts=0.00
03:02:01 INFO QUEUE_POSITION | side=no order_id=fe325b4e-00c2-48d2-93d4-2c7efe123f9f ahead_contracts=0.00
03:02:16 INFO QUEUE_POSITION | side=no order_id=fe325b4e-00c2-48d2-93d4-2c7efe123f9f ahead_contracts=0.00
03:02:27 INFO CANCEL_REQUESTED | side=no reason=refresh_expiring_quote order_id=fe325b4e-00c2-48d2-93d4-2c7efe123f9f
03:02:27 INFO ORDER_NOT_RESTING | side=no status=canceled order_id=fe325b4e-00c2-48d2-93d4-2c7efe123f9f
03:02:27 INFO CREATE_OK | side=no price_dollars=0.8400 remaining_contracts=5.00 order_id=b6cff6f3-2e3a-4179-82be-248da9033dbd
03:02:31 INFO QUEUE_POSITION | side=no order_id=b6cff6f3-2e3a-4179-82be-248da9033dbd ahead_contracts=50.00
03:02:46 INFO QUEUE_POSITION | side=no order_id=b6cff6f3-2e3a-4179-82be-248da9033dbd ahead_contracts=38.00
03:03:00 INFO AMEND_OK | side=no price_dollars=0.8500 total_fillable_contracts=5.00 order_id=b6cff6f3-2e3a-4179-82be-248da9033dbd
03:03:01 INFO QUEUE_POSITION | side=no order_id=b6cff6f3-2e3a-4179-82be-248da9033dbd ahead_contracts=5.00
03:03:16 INFO QUEUE_POSITION | side=no order_id=b6cff6f3-2e3a-4179-82be-248da9033dbd ahead_contracts=5.00
03:03:16 INFO AMEND_OK | side=no price_dollars=0.8400 total_fillable_contracts=5.00 order_id=b6cff6f3-2e3a-4179-82be-248da9033dbd
03:03:22 INFO CANCEL_REQUESTED | side=no reason=refresh_expiring_quote order_id=b6cff6f3-2e3a-4179-82be-248da9033dbd
03:03:22 INFO ORDER_NOT_RESTING | side=no status=canceled order_id=b6cff6f3-2e3a-4179-82be-248da9033dbd
03:03:22 INFO CREATE_OK | side=no price_dollars=0.8400 remaining_contracts=5.00 order_id=77c1890e-80bf-49fa-9e18-676228cc25bd
03:03:31 INFO QUEUE_POSITION | side=no order_id=77c1890e-80bf-49fa-9e18-676228cc25bd ahead_contracts=0.00
03:03:46 INFO QUEUE_POSITION | side=no order_id=77c1890e-80bf-49fa-9e18-676228cc25bd ahead_contracts=0.00
03:03:51 INFO AMEND_OK | side=no price_dollars=0.8300 total_fillable_contracts=5.00 order_id=77c1890e-80bf-49fa-9e18-676228cc25bd
03:03:51 INFO AMEND_OK | side=no price_dollars=0.8400 total_fillable_contracts=5.00 order_id=77c1890e-80bf-49fa-9e18-676228cc25bd
03:04:01 INFO QUEUE_POSITION | side=no order_id=77c1890e-80bf-49fa-9e18-676228cc25bd ahead_contracts=0.00
03:04:16 INFO QUEUE_POSITION | side=no order_id=77c1890e-80bf-49fa-9e18-676228cc25bd ahead_contracts=0.00
03:04:17 INFO CANCEL_REQUESTED | side=no reason=refresh_expiring_quote order_id=77c1890e-80bf-49fa-9e18-676228cc25bd
03:04:17 INFO ORDER_NOT_RESTING | side=no status=canceled order_id=77c1890e-80bf-49fa-9e18-676228cc25bd
03:04:17 INFO CREATE_OK | side=no price_dollars=0.8400 remaining_contracts=5.00 order_id=2930e5af-3395-46a1-a83a-d2431c14fbb0
03:04:23 INFO AMEND_OK | side=no price_dollars=0.8300 total_fillable_contracts=5.00 order_id=2930e5af-3395-46a1-a83a-d2431c14fbb0
03:04:31 INFO QUEUE_POSITION | side=no order_id=2930e5af-3395-46a1-a83a-d2431c14fbb0 ahead_contracts=343.00
03:04:34 INFO AMEND_OK | side=no price_dollars=0.8400 total_fillable_contracts=5.00 order_id=2930e5af-3395-46a1-a83a-d2431c14fbb0
03:04:35 INFO AMEND_OK | side=no price_dollars=0.8500 total_fillable_contracts=5.00 order_id=2930e5af-3395-46a1-a83a-d2431c14fbb0
03:04:37 INFO AMEND_OK | side=no price_dollars=0.8600 total_fillable_contracts=5.00 order_id=2930e5af-3395-46a1-a83a-d2431c14fbb0
03:04:46 INFO QUEUE_POSITION | side=no order_id=2930e5af-3395-46a1-a83a-d2431c14fbb0 ahead_contracts=342.00
03:04:54 INFO AMEND_OK | side=no price_dollars=0.8500 total_fillable_contracts=5.00 order_id=2930e5af-3395-46a1-a83a-d2431c14fbb0
03:04:56 INFO AMEND_OK | side=no price_dollars=0.8300 total_fillable_contracts=5.00 order_id=2930e5af-3395-46a1-a83a-d2431c14fbb0
03:04:57 INFO AMEND_OK | side=no price_dollars=0.8000 total_fillable_contracts=6.00 order_id=2930e5af-3395-46a1-a83a-d2431c14fbb0
03:04:57 INFO AMEND_OK | side=no price_dollars=0.8100 total_fillable_contracts=6.00 order_id=2930e5af-3395-46a1-a83a-d2431c14fbb0
03:05:01 INFO QUEUE_POSITION | side=no order_id=2930e5af-3395-46a1-a83a-d2431c14fbb0 ahead_contracts=0.00
03:05:06 INFO AMEND_OK | side=no price_dollars=0.7900 total_fillable_contracts=6.00 order_id=2930e5af-3395-46a1-a83a-d2431c14fbb0
03:05:06 INFO AMEND_OK | side=no price_dollars=0.8000 total_fillable_contracts=6.00 order_id=2930e5af-3395-46a1-a83a-d2431c14fbb0
03:05:09 INFO AMEND_OK | side=no price_dollars=0.8100 total_fillable_contracts=6.00 order_id=2930e5af-3395-46a1-a83a-d2431c14fbb0
03:05:11 INFO AMEND_OK | side=no price_dollars=0.8200 total_fillable_contracts=6.00 order_id=2930e5af-3395-46a1-a83a-d2431c14fbb0
03:05:12 INFO CANCEL_REQUESTED | side=no reason=refresh_expiring_quote order_id=2930e5af-3395-46a1-a83a-d2431c14fbb0
03:05:12 INFO ORDER_NOT_RESTING | side=no status=canceled order_id=2930e5af-3395-46a1-a83a-d2431c14fbb0
03:05:12 INFO CREATE_OK | side=no price_dollars=0.8200 remaining_contracts=6.00 order_id=22333462-5a6a-49f8-a96b-189fce0c8ef1
03:05:15 INFO AMEND_OK | side=no price_dollars=0.8100 total_fillable_contracts=6.00 order_id=22333462-5a6a-49f8-a96b-189fce0c8ef1
03:05:15 INFO AMEND_OK | side=no price_dollars=0.8200 total_fillable_contracts=6.00 order_id=22333462-5a6a-49f8-a96b-189fce0c8ef1
03:05:16 INFO QUEUE_POSITION | side=no order_id=22333462-5a6a-49f8-a96b-189fce0c8ef1 ahead_contracts=0.00
03:05:31 INFO QUEUE_POSITION | side=no order_id=22333462-5a6a-49f8-a96b-189fce0c8ef1 ahead_contracts=0.00
03:05:46 INFO QUEUE_POSITION | side=no order_id=22333462-5a6a-49f8-a96b-189fce0c8ef1 ahead_contracts=0.00
03:06:01 INFO QUEUE_POSITION | side=no order_id=22333462-5a6a-49f8-a96b-189fce0c8ef1 ahead_contracts=0.00
03:06:02 INFO ORDER_NOT_RESTING | side=no status=executed order_id=22333462-5a6a-49f8-a96b-189fce0c8ef1
03:06:02 INFO CREATE_OK | side=no price_dollars=0.8100 remaining_contracts=6.00 order_id=2c67ed3e-40f5-44a4-8527-724fa58259fc
03:06:02 INFO AMEND_OK | side=no price_dollars=0.8200 total_fillable_contracts=6.00 order_id=2c67ed3e-40f5-44a4-8527-724fa58259fc
03:06:02 INFO AMEND_OK | side=no price_dollars=0.8100 total_fillable_contracts=6.00 order_id=2c67ed3e-40f5-44a4-8527-724fa58259fc
03:06:03 INFO AMEND_OK | side=no price_dollars=0.8200 total_fillable_contracts=6.00 order_id=2c67ed3e-40f5-44a4-8527-724fa58259fc
03:06:05 INFO AMEND_OK | side=no price_dollars=0.8100 total_fillable_contracts=6.00 order_id=2c67ed3e-40f5-44a4-8527-724fa58259fc
03:06:09 INFO AMEND_OK | side=no price_dollars=0.8000 total_fillable_contracts=6.00 order_id=2c67ed3e-40f5-44a4-8527-724fa58259fc
Traceback (most recent call last):
  File "/home/codespace/.python/current/lib/python3.12/asyncio/runners.py", line 118, in run
    return self._loop.run_until_complete(task)
           ^^^^^^^^^^^^^^^^^^^^^^^^^^^^^^^^^^^
  File "/home/codespace/.python/current/lib/python3.12/asyncio/base_events.py", line 684, in run_until_complete
    return future.result()
           ^^^^^^^^^^^^^^^
  File "/workspaces/Kalshi_alg/V1.py", line 1833, in run
    await self.websocket_main()
  File "/workspaces/Kalshi_alg/V1.py", line 1770, in websocket_main
    async for raw_message in websocket:
  File "/home/codespace/.python/current/lib/python3.12/site-packages/websockets/asyncio/connection.py", line 244, in __aiter__
    yield await self.recv()
          ^^^^^^^^^^^^^^^^^
  File "/home/codespace/.python/current/lib/python3.12/site-packages/websockets/asyncio/connection.py", line 305, in recv
    return await self.recv_messages.get(decode)
           ^^^^^^^^^^^^^^^^^^^^^^^^^^^^^^^^^^^^
  File "/home/codespace/.python/current/lib/python3.12/site-packages/websockets/asyncio/messages.py", line 158, in get
    frame = await self.frames.get(not self.closed)
            ^^^^^^^^^^^^^^^^^^^^^^^^^^^^^^^^^^^^^^
  File "/home/codespace/.python/current/lib/python3.12/site-packages/websockets/asyncio/messages.py", line 51, in get
    await self.get_waiter
asyncio.exceptions.CancelledError

During handling of the above exception, another exception occurred:

Traceback (most recent call last):
  File "/workspaces/Kalshi_alg/V1.py", line 1870, in <module>
    main()
  File "/workspaces/Kalshi_alg/V1.py", line 1866, in main
    asyncio.run(bot.run())
  File "/home/codespace/.python/current/lib/python3.12/asyncio/runners.py", line 194, in run
    return runner.run(main)
           ^^^^^^^^^^^^^^^^
  File "/home/codespace/.python/current/lib/python3.12/asyncio/runners.py", line 123, in run
    raise KeyboardInterrupt()
KeyboardInterrupt
