
=== START 2026-03-08 02:55:28 ===
CMD: /home/codespace/.python/current/bin/python3 /workspaces/Kalshi_alg/V1.py --ticker KXNCAAWBGAME-26MAR07SJUHALL-HALL --yes-budget-cents 500 --no-budget-cents 500
02:55:29 INFO START | environment=PROD ticker=KXNCAAWBGAME-26MAR07SJUHALL-HALL yes_budget_cents=500 no_budget_cents=500 price_structure=linear_cent fractional_trading=False dry_run=False websocket=wss://api.elections.kalshi.com/trade-api/ws/v2
02:55:29 INFO STARTUP_POSITION | contracts=0.00
02:55:29 INFO WS_CONNECTED_AND_SUBSCRIBED
02:55:29 INFO CREATE_OK | side=yes price_dollars=0.6300 remaining_contracts=7.00 order_id=3df27279-5661-4e4d-bf1a-cbf22c8cb573
02:55:29 INFO CREATE_OK | side=no price_dollars=0.3300 remaining_contracts=15.00 order_id=81558d12-8f99-437f-9a4c-2a14ddebafe9
02:55:29 INFO AMEND_OK | side=yes price_dollars=0.6200 total_fillable_contracts=7.00 order_id=3df27279-5661-4e4d-bf1a-cbf22c8cb573
02:55:29 INFO AMEND_OK | side=no price_dollars=0.3200 total_fillable_contracts=15.00 order_id=81558d12-8f99-437f-9a4c-2a14ddebafe9
02:55:29 INFO ORDER_NOT_RESTING | side=no status=executed order_id=81558d12-8f99-437f-9a4c-2a14ddebafe9
02:55:29 INFO CREATE_OK | side=no price_dollars=0.3000 remaining_contracts=16.00 order_id=4cb6e5e0-38eb-4d18-9a9f-7eeaa39f8f85
02:55:30 INFO AMEND_OK | side=yes price_dollars=0.6100 total_fillable_contracts=8.00 order_id=3df27279-5661-4e4d-bf1a-cbf22c8cb573
02:55:30 INFO AMEND_OK | side=no price_dollars=0.2900 total_fillable_contracts=17.00 order_id=4cb6e5e0-38eb-4d18-9a9f-7eeaa39f8f85
02:55:30 INFO AMEND_OK | side=no price_dollars=0.3100 total_fillable_contracts=15.00 order_id=4cb6e5e0-38eb-4d18-9a9f-7eeaa39f8f85
02:55:31 INFO REQUOTE_ERROR | error=POST /trade-api/v2/portfolio/orders/4cb6e5e0-38eb-4d18-9a9f-7eeaa39f8f85/amend failed 429: {"error":{"code":"too_many_requests","message":"too many requests"}}
Traceback (most recent call last):
  File "/workspaces/Kalshi_alg/V1.py", line 1675, in requote_worker
    await self.ensure_side_quote("no", desired_no_units)
  File "/workspaces/Kalshi_alg/V1.py", line 1468, in ensure_side_quote
    response = await asyncio.to_thread(
               ^^^^^^^^^^^^^^^^^^^^^^^^
  File "/home/codespace/.python/current/lib/python3.12/asyncio/threads.py", line 25, in to_thread
    return await loop.run_in_executor(None, func_call)
           ^^^^^^^^^^^^^^^^^^^^^^^^^^^^^^^^^^^^^^^^^^^
  File "/home/codespace/.python/current/lib/python3.12/concurrent/futures/thread.py", line 58, in run
    result = self.fn(*self.args, **self.kwargs)
             ^^^^^^^^^^^^^^^^^^^^^^^^^^^^^^^^^^
  File "/workspaces/Kalshi_alg/V1.py", line 820, in amend_order
    return self.rest_post(f"{self.api_prefix}/portfolio/orders/{order_id}/amend", body)
           ^^^^^^^^^^^^^^^^^^^^^^^^^^^^^^^^^^^^^^^^^^^^^^^^^^^^^^^^^^^^^^^^^^^^^^^^^^^^
  File "/workspaces/Kalshi_alg/V1.py", line 675, in rest_post
    raise RuntimeError(f"POST {path} failed {response.status_code}: {response.text[:500]}")
RuntimeError: POST /trade-api/v2/portfolio/orders/4cb6e5e0-38eb-4d18-9a9f-7eeaa39f8f85/amend failed 429: {"error":{"code":"too_many_requests","message":"too many requests"}}
02:55:31 INFO AMEND_OK | side=no price_dollars=0.3200 total_fillable_contracts=15.00 order_id=4cb6e5e0-38eb-4d18-9a9f-7eeaa39f8f85
02:55:32 INFO REQUOTE_ERROR | error=POST /trade-api/v2/portfolio/orders/3df27279-5661-4e4d-bf1a-cbf22c8cb573/amend failed 429: {"error":{"code":"too_many_requests","message":"too many requests"}}
Traceback (most recent call last):
  File "/workspaces/Kalshi_alg/V1.py", line 1674, in requote_worker
    await self.ensure_side_quote("yes", desired_yes_units)
  File "/workspaces/Kalshi_alg/V1.py", line 1468, in ensure_side_quote
    response = await asyncio.to_thread(
               ^^^^^^^^^^^^^^^^^^^^^^^^
  File "/home/codespace/.python/current/lib/python3.12/asyncio/threads.py", line 25, in to_thread
    return await loop.run_in_executor(None, func_call)
           ^^^^^^^^^^^^^^^^^^^^^^^^^^^^^^^^^^^^^^^^^^^
  File "/home/codespace/.python/current/lib/python3.12/concurrent/futures/thread.py", line 58, in run
    result = self.fn(*self.args, **self.kwargs)
             ^^^^^^^^^^^^^^^^^^^^^^^^^^^^^^^^^^
  File "/workspaces/Kalshi_alg/V1.py", line 820, in amend_order
    return self.rest_post(f"{self.api_prefix}/portfolio/orders/{order_id}/amend", body)
           ^^^^^^^^^^^^^^^^^^^^^^^^^^^^^^^^^^^^^^^^^^^^^^^^^^^^^^^^^^^^^^^^^^^^^^^^^^^^
  File "/workspaces/Kalshi_alg/V1.py", line 675, in rest_post
    raise RuntimeError(f"POST {path} failed {response.status_code}: {response.text[:500]}")
RuntimeError: POST /trade-api/v2/portfolio/orders/3df27279-5661-4e4d-bf1a-cbf22c8cb573/amend failed 429: {"error":{"code":"too_many_requests","message":"too many requests"}}
02:55:32 INFO AMEND_OK | side=yes price_dollars=0.6200 total_fillable_contracts=7.00 order_id=3df27279-5661-4e4d-bf1a-cbf22c8cb573
02:55:33 INFO AMEND_OK | side=yes price_dollars=0.6300 total_fillable_contracts=7.00 order_id=3df27279-5661-4e4d-bf1a-cbf22c8cb573
02:55:33 INFO REQUOTE_ERROR | error=POST /trade-api/v2/portfolio/orders/3df27279-5661-4e4d-bf1a-cbf22c8cb573/amend failed 429: {"error":{"code":"too_many_requests","message":"too many requests"}}
Traceback (most recent call last):
  File "/workspaces/Kalshi_alg/V1.py", line 1674, in requote_worker
    await self.ensure_side_quote("yes", desired_yes_units)
  File "/workspaces/Kalshi_alg/V1.py", line 1468, in ensure_side_quote
    response = await asyncio.to_thread(
               ^^^^^^^^^^^^^^^^^^^^^^^^
  File "/home/codespace/.python/current/lib/python3.12/asyncio/threads.py", line 25, in to_thread
    return await loop.run_in_executor(None, func_call)
           ^^^^^^^^^^^^^^^^^^^^^^^^^^^^^^^^^^^^^^^^^^^
  File "/home/codespace/.python/current/lib/python3.12/concurrent/futures/thread.py", line 58, in run
    result = self.fn(*self.args, **self.kwargs)
             ^^^^^^^^^^^^^^^^^^^^^^^^^^^^^^^^^^
  File "/workspaces/Kalshi_alg/V1.py", line 820, in amend_order
    return self.rest_post(f"{self.api_prefix}/portfolio/orders/{order_id}/amend", body)
           ^^^^^^^^^^^^^^^^^^^^^^^^^^^^^^^^^^^^^^^^^^^^^^^^^^^^^^^^^^^^^^^^^^^^^^^^^^^^
  File "/workspaces/Kalshi_alg/V1.py", line 675, in rest_post
    raise RuntimeError(f"POST {path} failed {response.status_code}: {response.text[:500]}")
RuntimeError: POST /trade-api/v2/portfolio/orders/3df27279-5661-4e4d-bf1a-cbf22c8cb573/amend failed 429: {"error":{"code":"too_many_requests","message":"too many requests"}}
02:55:33 INFO AMEND_OK | side=yes price_dollars=0.6200 total_fillable_contracts=7.00 order_id=3df27279-5661-4e4d-bf1a-cbf22c8cb573
02:55:33 INFO AMEND_OK | side=yes price_dollars=0.6100 total_fillable_contracts=8.00 order_id=3df27279-5661-4e4d-bf1a-cbf22c8cb573
02:55:33 INFO AMEND_OK | side=yes price_dollars=0.6300 total_fillable_contracts=7.00 order_id=3df27279-5661-4e4d-bf1a-cbf22c8cb573
02:55:34 INFO AMEND_OK | side=yes price_dollars=0.6100 total_fillable_contracts=8.00 order_id=3df27279-5661-4e4d-bf1a-cbf22c8cb573
02:55:34 INFO AMEND_OK | side=yes price_dollars=0.6200 total_fillable_contracts=7.00 order_id=3df27279-5661-4e4d-bf1a-cbf22c8cb573
02:55:34 INFO AMEND_OK | side=yes price_dollars=0.6300 total_fillable_contracts=7.00 order_id=3df27279-5661-4e4d-bf1a-cbf22c8cb573
02:55:34 INFO ORDER_NOT_RESTING | side=no status=executed order_id=4cb6e5e0-38eb-4d18-9a9f-7eeaa39f8f85
02:55:35 INFO STALE_ORDER_RECOVER | side=no order_id=None
02:55:35 INFO CREATE_OK | side=no price_dollars=0.3100 remaining_contracts=15.00 order_id=cb60e85a-819a-433d-9af2-c77c0022b6a3
02:55:35 INFO AMEND_OK | side=yes price_dollars=0.6200 total_fillable_contracts=7.00 order_id=3df27279-5661-4e4d-bf1a-cbf22c8cb573
02:55:35 INFO AMEND_OK | side=no price_dollars=0.2900 total_fillable_contracts=17.00 order_id=cb60e85a-819a-433d-9af2-c77c0022b6a3
02:55:35 INFO REQUOTE_ERROR | error=POST /trade-api/v2/portfolio/orders/3df27279-5661-4e4d-bf1a-cbf22c8cb573/amend failed 429: {"error":{"code":"too_many_requests","message":"too many requests"}}
Traceback (most recent call last):
  File "/workspaces/Kalshi_alg/V1.py", line 1674, in requote_worker
    await self.ensure_side_quote("yes", desired_yes_units)
  File "/workspaces/Kalshi_alg/V1.py", line 1468, in ensure_side_quote
    response = await asyncio.to_thread(
               ^^^^^^^^^^^^^^^^^^^^^^^^
  File "/home/codespace/.python/current/lib/python3.12/asyncio/threads.py", line 25, in to_thread
    return await loop.run_in_executor(None, func_call)
           ^^^^^^^^^^^^^^^^^^^^^^^^^^^^^^^^^^^^^^^^^^^
  File "/home/codespace/.python/current/lib/python3.12/concurrent/futures/thread.py", line 58, in run
    result = self.fn(*self.args, **self.kwargs)
             ^^^^^^^^^^^^^^^^^^^^^^^^^^^^^^^^^^
  File "/workspaces/Kalshi_alg/V1.py", line 820, in amend_order
    return self.rest_post(f"{self.api_prefix}/portfolio/orders/{order_id}/amend", body)
           ^^^^^^^^^^^^^^^^^^^^^^^^^^^^^^^^^^^^^^^^^^^^^^^^^^^^^^^^^^^^^^^^^^^^^^^^^^^^
  File "/workspaces/Kalshi_alg/V1.py", line 675, in rest_post
    raise RuntimeError(f"POST {path} failed {response.status_code}: {response.text[:500]}")
RuntimeError: POST /trade-api/v2/portfolio/orders/3df27279-5661-4e4d-bf1a-cbf22c8cb573/amend failed 429: {"error":{"code":"too_many_requests","message":"too many requests"}}
02:55:35 INFO REQUOTE_ERROR | error=POST /trade-api/v2/portfolio/orders/3df27279-5661-4e4d-bf1a-cbf22c8cb573/amend failed 429: {"error":{"code":"too_many_requests","message":"too many requests"}}
Traceback (most recent call last):
  File "/workspaces/Kalshi_alg/V1.py", line 1674, in requote_worker
    await self.ensure_side_quote("yes", desired_yes_units)
  File "/workspaces/Kalshi_alg/V1.py", line 1468, in ensure_side_quote
    response = await asyncio.to_thread(
               ^^^^^^^^^^^^^^^^^^^^^^^^
  File "/home/codespace/.python/current/lib/python3.12/asyncio/threads.py", line 25, in to_thread
    return await loop.run_in_executor(None, func_call)
           ^^^^^^^^^^^^^^^^^^^^^^^^^^^^^^^^^^^^^^^^^^^
  File "/home/codespace/.python/current/lib/python3.12/concurrent/futures/thread.py", line 58, in run
    result = self.fn(*self.args, **self.kwargs)
             ^^^^^^^^^^^^^^^^^^^^^^^^^^^^^^^^^^
  File "/workspaces/Kalshi_alg/V1.py", line 820, in amend_order
    return self.rest_post(f"{self.api_prefix}/portfolio/orders/{order_id}/amend", body)
           ^^^^^^^^^^^^^^^^^^^^^^^^^^^^^^^^^^^^^^^^^^^^^^^^^^^^^^^^^^^^^^^^^^^^^^^^^^^^
  File "/workspaces/Kalshi_alg/V1.py", line 675, in rest_post
    raise RuntimeError(f"POST {path} failed {response.status_code}: {response.text[:500]}")
RuntimeError: POST /trade-api/v2/portfolio/orders/3df27279-5661-4e4d-bf1a-cbf22c8cb573/amend failed 429: {"error":{"code":"too_many_requests","message":"too many requests"}}
02:55:35 INFO AMEND_OK | side=yes price_dollars=0.6400 total_fillable_contracts=7.00 order_id=3df27279-5661-4e4d-bf1a-cbf22c8cb573
02:55:35 INFO REQUOTE_ERROR | error=POST /trade-api/v2/portfolio/orders/cb60e85a-819a-433d-9af2-c77c0022b6a3/amend failed 429: {"error":{"code":"too_many_requests","message":"too many requests"}}
Traceback (most recent call last):
  File "/workspaces/Kalshi_alg/V1.py", line 1675, in requote_worker
    await self.ensure_side_quote("no", desired_no_units)
  File "/workspaces/Kalshi_alg/V1.py", line 1468, in ensure_side_quote
    response = await asyncio.to_thread(
               ^^^^^^^^^^^^^^^^^^^^^^^^
  File "/home/codespace/.python/current/lib/python3.12/asyncio/threads.py", line 25, in to_thread
    return await loop.run_in_executor(None, func_call)
           ^^^^^^^^^^^^^^^^^^^^^^^^^^^^^^^^^^^^^^^^^^^
  File "/home/codespace/.python/current/lib/python3.12/concurrent/futures/thread.py", line 58, in run
    result = self.fn(*self.args, **self.kwargs)
             ^^^^^^^^^^^^^^^^^^^^^^^^^^^^^^^^^^
  File "/workspaces/Kalshi_alg/V1.py", line 820, in amend_order
    return self.rest_post(f"{self.api_prefix}/portfolio/orders/{order_id}/amend", body)
           ^^^^^^^^^^^^^^^^^^^^^^^^^^^^^^^^^^^^^^^^^^^^^^^^^^^^^^^^^^^^^^^^^^^^^^^^^^^^
  File "/workspaces/Kalshi_alg/V1.py", line 675, in rest_post
    raise RuntimeError(f"POST {path} failed {response.status_code}: {response.text[:500]}")
RuntimeError: POST /trade-api/v2/portfolio/orders/cb60e85a-819a-433d-9af2-c77c0022b6a3/amend failed 429: {"error":{"code":"too_many_requests","message":"too many requests"}}
02:55:35 INFO REQUOTE_ERROR | error=POST /trade-api/v2/portfolio/orders/3df27279-5661-4e4d-bf1a-cbf22c8cb573/amend failed 429: {"error":{"code":"too_many_requests","message":"too many requests"}}
Traceback (most recent call last):
  File "/workspaces/Kalshi_alg/V1.py", line 1674, in requote_worker
    await self.ensure_side_quote("yes", desired_yes_units)
  File "/workspaces/Kalshi_alg/V1.py", line 1468, in ensure_side_quote
    response = await asyncio.to_thread(
               ^^^^^^^^^^^^^^^^^^^^^^^^
  File "/home/codespace/.python/current/lib/python3.12/asyncio/threads.py", line 25, in to_thread
    return await loop.run_in_executor(None, func_call)
           ^^^^^^^^^^^^^^^^^^^^^^^^^^^^^^^^^^^^^^^^^^^
  File "/home/codespace/.python/current/lib/python3.12/concurrent/futures/thread.py", line 58, in run
    result = self.fn(*self.args, **self.kwargs)
             ^^^^^^^^^^^^^^^^^^^^^^^^^^^^^^^^^^
  File "/workspaces/Kalshi_alg/V1.py", line 820, in amend_order
    return self.rest_post(f"{self.api_prefix}/portfolio/orders/{order_id}/amend", body)
           ^^^^^^^^^^^^^^^^^^^^^^^^^^^^^^^^^^^^^^^^^^^^^^^^^^^^^^^^^^^^^^^^^^^^^^^^^^^^
  File "/workspaces/Kalshi_alg/V1.py", line 675, in rest_post
    raise RuntimeError(f"POST {path} failed {response.status_code}: {response.text[:500]}")
RuntimeError: POST /trade-api/v2/portfolio/orders/3df27279-5661-4e4d-bf1a-cbf22c8cb573/amend failed 429: {"error":{"code":"too_many_requests","message":"too many requests"}}
02:55:35 INFO REQUOTE_ERROR | error=POST /trade-api/v2/portfolio/orders/3df27279-5661-4e4d-bf1a-cbf22c8cb573/amend failed 429: {"error":{"code":"too_many_requests","message":"too many requests"}}
Traceback (most recent call last):
  File "/workspaces/Kalshi_alg/V1.py", line 1674, in requote_worker
    await self.ensure_side_quote("yes", desired_yes_units)
  File "/workspaces/Kalshi_alg/V1.py", line 1468, in ensure_side_quote
    response = await asyncio.to_thread(
               ^^^^^^^^^^^^^^^^^^^^^^^^
  File "/home/codespace/.python/current/lib/python3.12/asyncio/threads.py", line 25, in to_thread
    return await loop.run_in_executor(None, func_call)
           ^^^^^^^^^^^^^^^^^^^^^^^^^^^^^^^^^^^^^^^^^^^
  File "/home/codespace/.python/current/lib/python3.12/concurrent/futures/thread.py", line 58, in run
    result = self.fn(*self.args, **self.kwargs)
             ^^^^^^^^^^^^^^^^^^^^^^^^^^^^^^^^^^
  File "/workspaces/Kalshi_alg/V1.py", line 820, in amend_order
    return self.rest_post(f"{self.api_prefix}/portfolio/orders/{order_id}/amend", body)
           ^^^^^^^^^^^^^^^^^^^^^^^^^^^^^^^^^^^^^^^^^^^^^^^^^^^^^^^^^^^^^^^^^^^^^^^^^^^^
  File "/workspaces/Kalshi_alg/V1.py", line 675, in rest_post
    raise RuntimeError(f"POST {path} failed {response.status_code}: {response.text[:500]}")
RuntimeError: POST /trade-api/v2/portfolio/orders/3df27279-5661-4e4d-bf1a-cbf22c8cb573/amend failed 429: {"error":{"code":"too_many_requests","message":"too many requests"}}
02:55:35 INFO AMEND_OK | side=yes price_dollars=0.6200 total_fillable_contracts=7.00 order_id=3df27279-5661-4e4d-bf1a-cbf22c8cb573
02:55:35 INFO REQUOTE_ERROR | error=POST /trade-api/v2/portfolio/orders/cb60e85a-819a-433d-9af2-c77c0022b6a3/amend failed 429: {"error":{"code":"too_many_requests","message":"too many requests"}}
Traceback (most recent call last):
  File "/workspaces/Kalshi_alg/V1.py", line 1675, in requote_worker
    await self.ensure_side_quote("no", desired_no_units)
  File "/workspaces/Kalshi_alg/V1.py", line 1468, in ensure_side_quote
    response = await asyncio.to_thread(
               ^^^^^^^^^^^^^^^^^^^^^^^^
  File "/home/codespace/.python/current/lib/python3.12/asyncio/threads.py", line 25, in to_thread
    return await loop.run_in_executor(None, func_call)
           ^^^^^^^^^^^^^^^^^^^^^^^^^^^^^^^^^^^^^^^^^^^
  File "/home/codespace/.python/current/lib/python3.12/concurrent/futures/thread.py", line 58, in run
    result = self.fn(*self.args, **self.kwargs)
             ^^^^^^^^^^^^^^^^^^^^^^^^^^^^^^^^^^
  File "/workspaces/Kalshi_alg/V1.py", line 820, in amend_order
    return self.rest_post(f"{self.api_prefix}/portfolio/orders/{order_id}/amend", body)
           ^^^^^^^^^^^^^^^^^^^^^^^^^^^^^^^^^^^^^^^^^^^^^^^^^^^^^^^^^^^^^^^^^^^^^^^^^^^^
  File "/workspaces/Kalshi_alg/V1.py", line 675, in rest_post
    raise RuntimeError(f"POST {path} failed {response.status_code}: {response.text[:500]}")
RuntimeError: POST /trade-api/v2/portfolio/orders/cb60e85a-819a-433d-9af2-c77c0022b6a3/amend failed 429: {"error":{"code":"too_many_requests","message":"too many requests"}}
02:55:35 INFO REQUOTE_ERROR | error=POST /trade-api/v2/portfolio/orders/cb60e85a-819a-433d-9af2-c77c0022b6a3/amend failed 429: {"error":{"code":"too_many_requests","message":"too many requests"}}
Traceback (most recent call last):
  File "/workspaces/Kalshi_alg/V1.py", line 1675, in requote_worker
    await self.ensure_side_quote("no", desired_no_units)
  File "/workspaces/Kalshi_alg/V1.py", line 1468, in ensure_side_quote
    response = await asyncio.to_thread(
               ^^^^^^^^^^^^^^^^^^^^^^^^
  File "/home/codespace/.python/current/lib/python3.12/asyncio/threads.py", line 25, in to_thread
    return await loop.run_in_executor(None, func_call)
           ^^^^^^^^^^^^^^^^^^^^^^^^^^^^^^^^^^^^^^^^^^^
  File "/home/codespace/.python/current/lib/python3.12/concurrent/futures/thread.py", line 58, in run
    result = self.fn(*self.args, **self.kwargs)
             ^^^^^^^^^^^^^^^^^^^^^^^^^^^^^^^^^^
  File "/workspaces/Kalshi_alg/V1.py", line 820, in amend_order
    return self.rest_post(f"{self.api_prefix}/portfolio/orders/{order_id}/amend", body)
           ^^^^^^^^^^^^^^^^^^^^^^^^^^^^^^^^^^^^^^^^^^^^^^^^^^^^^^^^^^^^^^^^^^^^^^^^^^^^
  File "/workspaces/Kalshi_alg/V1.py", line 675, in rest_post
    raise RuntimeError(f"POST {path} failed {response.status_code}: {response.text[:500]}")
RuntimeError: POST /trade-api/v2/portfolio/orders/cb60e85a-819a-433d-9af2-c77c0022b6a3/amend failed 429: {"error":{"code":"too_many_requests","message":"too many requests"}}
02:55:35 INFO AMEND_OK | side=no price_dollars=0.3100 total_fillable_contracts=15.00 order_id=cb60e85a-819a-433d-9af2-c77c0022b6a3
02:55:36 INFO AMEND_OK | side=yes price_dollars=0.6300 total_fillable_contracts=7.00 order_id=3df27279-5661-4e4d-bf1a-cbf22c8cb573
02:55:36 INFO AMEND_OK | side=yes price_dollars=0.6200 total_fillable_contracts=7.00 order_id=3df27279-5661-4e4d-bf1a-cbf22c8cb573
02:55:36 INFO AMEND_OK | side=no price_dollars=0.3000 total_fillable_contracts=16.00 order_id=cb60e85a-819a-433d-9af2-c77c0022b6a3
02:55:37 INFO AMEND_OK | side=no price_dollars=0.3100 total_fillable_contracts=15.00 order_id=cb60e85a-819a-433d-9af2-c77c0022b6a3
02:55:37 INFO AMEND_OK | side=yes price_dollars=0.6000 total_fillable_contracts=8.00 order_id=3df27279-5661-4e4d-bf1a-cbf22c8cb573
02:55:37 INFO AMEND_OK | side=no price_dollars=0.3200 total_fillable_contracts=15.00 order_id=cb60e85a-819a-433d-9af2-c77c0022b6a3
02:55:37 INFO AMEND_OK | side=yes price_dollars=0.6100 total_fillable_contracts=8.00 order_id=3df27279-5661-4e4d-bf1a-cbf22c8cb573
02:55:38 INFO AMEND_OK | side=no price_dollars=0.3000 total_fillable_contracts=16.00 order_id=cb60e85a-819a-433d-9af2-c77c0022b6a3
02:55:38 INFO AMEND_OK | side=no price_dollars=0.3100 total_fillable_contracts=15.00 order_id=cb60e85a-819a-433d-9af2-c77c0022b6a3
02:55:38 INFO AMEND_OK | side=yes price_dollars=0.6200 total_fillable_contracts=7.00 order_id=3df27279-5661-4e4d-bf1a-cbf22c8cb573
02:55:39 INFO AMEND_OK | side=no price_dollars=0.3200 total_fillable_contracts=15.00 order_id=cb60e85a-819a-433d-9af2-c77c0022b6a3
02:55:39 INFO AMEND_OK | side=yes price_dollars=0.6100 total_fillable_contracts=8.00 order_id=3df27279-5661-4e4d-bf1a-cbf22c8cb573
02:55:40 INFO ORDER_NOT_RESTING | side=no status=executed order_id=cb60e85a-819a-433d-9af2-c77c0022b6a3
02:55:40 INFO AMEND_OK | side=yes price_dollars=0.6200 total_fillable_contracts=7.00 order_id=3df27279-5661-4e4d-bf1a-cbf22c8cb573
02:55:40 INFO CREATE_OK | side=no price_dollars=0.2800 remaining_contracts=17.00 order_id=94144cef-1575-4971-a2b4-2c4983860131
02:55:40 INFO AMEND_OK | side=yes price_dollars=0.6300 total_fillable_contracts=7.00 order_id=3df27279-5661-4e4d-bf1a-cbf22c8cb573
02:55:40 INFO AMEND_OK | side=no price_dollars=0.2900 total_fillable_contracts=17.00 order_id=94144cef-1575-4971-a2b4-2c4983860131
02:55:41 INFO AMEND_OK | side=yes price_dollars=0.6500 total_fillable_contracts=7.00 order_id=3df27279-5661-4e4d-bf1a-cbf22c8cb573
02:55:41 INFO AMEND_OK | side=no price_dollars=0.3000 total_fillable_contracts=16.00 order_id=94144cef-1575-4971-a2b4-2c4983860131
02:55:41 INFO AMEND_OK | side=yes price_dollars=0.6600 total_fillable_contracts=7.00 order_id=3df27279-5661-4e4d-bf1a-cbf22c8cb573
02:55:42 INFO AMEND_OK | side=yes price_dollars=0.6700 total_fillable_contracts=7.00 order_id=3df27279-5661-4e4d-bf1a-cbf22c8cb573
02:55:42 INFO AMEND_OK | side=no price_dollars=0.2900 total_fillable_contracts=17.00 order_id=94144cef-1575-4971-a2b4-2c4983860131
02:55:44 INFO QUEUE_POSITION | side=yes order_id=3df27279-5661-4e4d-bf1a-cbf22c8cb573 ahead_contracts=0.00
02:55:44 INFO QUEUE_POSITION | side=no order_id=94144cef-1575-4971-a2b4-2c4983860131 ahead_contracts=407.00
02:55:46 INFO AMEND_OK | side=yes price_dollars=0.6800 total_fillable_contracts=7.00 order_id=3df27279-5661-4e4d-bf1a-cbf22c8cb573
02:55:46 INFO AMEND_OK | side=no price_dollars=0.2800 total_fillable_contracts=17.00 order_id=94144cef-1575-4971-a2b4-2c4983860131
02:55:49 INFO ORDER_NOT_RESTING | side=yes status=executed order_id=3df27279-5661-4e4d-bf1a-cbf22c8cb573
02:55:49 INFO CREATE_OK | side=yes price_dollars=0.6500 remaining_contracts=7.00 order_id=c76f315a-6bee-4b9d-b290-41eb0c057d79
02:55:50 INFO AMEND_OK | side=no price_dollars=0.3000 total_fillable_contracts=16.00 order_id=94144cef-1575-4971-a2b4-2c4983860131
02:55:50 INFO AMEND_OK | side=yes price_dollars=0.6400 total_fillable_contracts=7.00 order_id=c76f315a-6bee-4b9d-b290-41eb0c057d79
02:55:51 INFO AMEND_OK | side=yes price_dollars=0.6000 total_fillable_contracts=8.00 order_id=c76f315a-6bee-4b9d-b290-41eb0c057d79
02:55:52 INFO AMEND_OK | side=yes price_dollars=0.6200 total_fillable_contracts=7.00 order_id=c76f315a-6bee-4b9d-b290-41eb0c057d79
02:55:52 INFO AMEND_OK | side=no price_dollars=0.3100 total_fillable_contracts=15.00 order_id=94144cef-1575-4971-a2b4-2c4983860131
02:55:55 INFO AMEND_OK | side=yes price_dollars=0.6300 total_fillable_contracts=7.00 order_id=c76f315a-6bee-4b9d-b290-41eb0c057d79
02:55:58 INFO AMEND_OK | side=no price_dollars=0.3200 total_fillable_contracts=15.00 order_id=94144cef-1575-4971-a2b4-2c4983860131
02:55:59 INFO QUEUE_POSITION | side=yes order_id=c76f315a-6bee-4b9d-b290-41eb0c057d79 ahead_contracts=8.00
02:55:59 INFO QUEUE_POSITION | side=no order_id=94144cef-1575-4971-a2b4-2c4983860131 ahead_contracts=2050.00
02:56:00 INFO AMEND_OK | side=no price_dollars=0.3100 total_fillable_contracts=15.00 order_id=94144cef-1575-4971-a2b4-2c4983860131
02:56:01 INFO AMEND_OK | side=no price_dollars=0.3000 total_fillable_contracts=16.00 order_id=94144cef-1575-4971-a2b4-2c4983860131
02:56:03 INFO AMEND_OK | side=no price_dollars=0.3100 total_fillable_contracts=15.00 order_id=94144cef-1575-4971-a2b4-2c4983860131
02:56:05 INFO AMEND_OK | side=no price_dollars=0.3000 total_fillable_contracts=16.00 order_id=94144cef-1575-4971-a2b4-2c4983860131
02:56:07 INFO AMEND_OK | side=yes price_dollars=0.6400 total_fillable_contracts=7.00 order_id=c76f315a-6bee-4b9d-b290-41eb0c057d79
02:56:07 INFO AMEND_OK | side=yes price_dollars=0.6500 total_fillable_contracts=7.00 order_id=c76f315a-6bee-4b9d-b290-41eb0c057d79
02:56:08 INFO AMEND_OK | side=no price_dollars=0.2900 total_fillable_contracts=17.00 order_id=94144cef-1575-4971-a2b4-2c4983860131
02:56:09 INFO AMEND_OK | side=yes price_dollars=0.6600 total_fillable_contracts=7.00 order_id=c76f315a-6bee-4b9d-b290-41eb0c057d79
02:56:09 INFO AMEND_OK | side=yes price_dollars=0.6700 total_fillable_contracts=7.00 order_id=c76f315a-6bee-4b9d-b290-41eb0c057d79
02:56:13 INFO AMEND_OK | side=no price_dollars=0.2800 total_fillable_contracts=17.00 order_id=94144cef-1575-4971-a2b4-2c4983860131
02:56:13 INFO AMEND_OK | side=no price_dollars=0.2900 total_fillable_contracts=17.00 order_id=94144cef-1575-4971-a2b4-2c4983860131
02:56:13 INFO AMEND_OK | side=no price_dollars=0.3000 total_fillable_contracts=16.00 order_id=94144cef-1575-4971-a2b4-2c4983860131
02:56:14 INFO QUEUE_POSITION | side=yes order_id=c76f315a-6bee-4b9d-b290-41eb0c057d79 ahead_contracts=8.00
02:56:14 INFO QUEUE_POSITION | side=no order_id=94144cef-1575-4971-a2b4-2c4983860131 ahead_contracts=604.00
02:56:21 INFO AMEND_OK | side=no price_dollars=0.2900 total_fillable_contracts=17.00 order_id=94144cef-1575-4971-a2b4-2c4983860131
02:56:27 INFO AMEND_OK | side=no price_dollars=0.2800 total_fillable_contracts=17.00 order_id=94144cef-1575-4971-a2b4-2c4983860131
02:56:27 INFO AMEND_OK | side=no price_dollars=0.2700 total_fillable_contracts=18.00 order_id=94144cef-1575-4971-a2b4-2c4983860131
02:56:27 INFO AMEND_OK | side=no price_dollars=0.2600 total_fillable_contracts=19.00 order_id=94144cef-1575-4971-a2b4-2c4983860131
02:56:28 INFO AMEND_OK | side=no price_dollars=0.2500 total_fillable_contracts=19.00 order_id=94144cef-1575-4971-a2b4-2c4983860131
02:56:28 INFO AMEND_OK | side=yes price_dollars=0.6900 total_fillable_contracts=7.00 order_id=c76f315a-6bee-4b9d-b290-41eb0c057d79
02:56:28 INFO AMEND_OK | side=no price_dollars=0.2600 total_fillable_contracts=19.00 order_id=94144cef-1575-4971-a2b4-2c4983860131
02:56:28 INFO AMEND_OK | side=no price_dollars=0.2500 total_fillable_contracts=19.00 order_id=94144cef-1575-4971-a2b4-2c4983860131
02:56:29 INFO QUEUE_POSITION | side=yes order_id=c76f315a-6bee-4b9d-b290-41eb0c057d79 ahead_contracts=8.00
02:56:29 INFO QUEUE_POSITION | side=no order_id=94144cef-1575-4971-a2b4-2c4983860131 ahead_contracts=609.00
02:56:29 INFO AMEND_OK | side=yes price_dollars=0.7000 total_fillable_contracts=7.00 order_id=c76f315a-6bee-4b9d-b290-41eb0c057d79
02:56:30 INFO AMEND_OK | side=yes price_dollars=0.7100 total_fillable_contracts=6.00 order_id=c76f315a-6bee-4b9d-b290-41eb0c057d79
02:56:35 INFO CANCEL_REQUESTED | side=no reason=refresh_expiring_quote order_id=94144cef-1575-4971-a2b4-2c4983860131
02:56:35 INFO ORDER_NOT_RESTING | side=no status=canceled order_id=94144cef-1575-4971-a2b4-2c4983860131
02:56:35 INFO CREATE_OK | side=no price_dollars=0.2500 remaining_contracts=19.00 order_id=1b5a404b-b0a2-407c-92e6-e68fab0d6307
02:56:38 INFO AMEND_OK | side=no price_dollars=0.2400 total_fillable_contracts=20.00 order_id=1b5a404b-b0a2-407c-92e6-e68fab0d6307
02:56:38 INFO AMEND_OK | side=no price_dollars=0.2300 total_fillable_contracts=21.00 order_id=1b5a404b-b0a2-407c-92e6-e68fab0d6307
02:56:41 INFO AMEND_OK | side=no price_dollars=0.2500 total_fillable_contracts=19.00 order_id=1b5a404b-b0a2-407c-92e6-e68fab0d6307
02:56:44 INFO CANCEL_REQUESTED | side=yes reason=refresh_expiring_quote order_id=c76f315a-6bee-4b9d-b290-41eb0c057d79
02:56:44 INFO ORDER_NOT_RESTING | side=yes status=canceled order_id=c76f315a-6bee-4b9d-b290-41eb0c057d79
02:56:44 INFO CREATE_OK | side=yes price_dollars=0.7100 remaining_contracts=6.00 order_id=b11b4a39-f5e6-452c-889d-4e0abd24ad9d
02:56:44 INFO QUEUE_POSITION | side=yes order_id=b11b4a39-f5e6-452c-889d-4e0abd24ad9d ahead_contracts=675.00
02:56:44 INFO QUEUE_POSITION | side=no order_id=1b5a404b-b0a2-407c-92e6-e68fab0d6307 ahead_contracts=55.00
02:56:50 INFO AMEND_OK | side=yes price_dollars=0.7300 total_fillable_contracts=6.00 order_id=b11b4a39-f5e6-452c-889d-4e0abd24ad9d
02:56:50 INFO AMEND_OK | side=no price_dollars=0.2400 total_fillable_contracts=20.00 order_id=1b5a404b-b0a2-407c-92e6-e68fab0d6307
02:56:51 INFO ORDER_NOT_RESTING | side=yes status=executed order_id=b11b4a39-f5e6-452c-889d-4e0abd24ad9d
02:56:51 INFO CREATE_OK | side=yes price_dollars=0.7200 remaining_contracts=6.00 order_id=8cb68ab6-c378-44f7-a560-c10855dc36b3
02:56:51 INFO AMEND_OK | side=no price_dollars=0.2500 total_fillable_contracts=19.00 order_id=1b5a404b-b0a2-407c-92e6-e68fab0d6307
02:56:51 INFO AMEND_OK | side=yes price_dollars=0.7100 total_fillable_contracts=6.00 order_id=8cb68ab6-c378-44f7-a560-c10855dc36b3
02:56:58 INFO AMEND_OK | side=no price_dollars=0.2400 total_fillable_contracts=20.00 order_id=1b5a404b-b0a2-407c-92e6-e68fab0d6307
02:56:59 INFO AMEND_OK | side=yes price_dollars=0.7200 total_fillable_contracts=6.00 order_id=8cb68ab6-c378-44f7-a560-c10855dc36b3
02:56:59 INFO AMEND_OK | side=yes price_dollars=0.7300 total_fillable_contracts=6.00 order_id=8cb68ab6-c378-44f7-a560-c10855dc36b3
02:56:59 INFO QUEUE_POSITION | side=yes order_id=8cb68ab6-c378-44f7-a560-c10855dc36b3 ahead_contracts=0.00
02:56:59 INFO QUEUE_POSITION | side=no order_id=1b5a404b-b0a2-407c-92e6-e68fab0d6307 ahead_contracts=1920.00
02:57:03 INFO AMEND_OK | side=yes price_dollars=0.7400 total_fillable_contracts=6.00 order_id=8cb68ab6-c378-44f7-a560-c10855dc36b3
02:57:03 INFO CANCEL_REQUESTED | side=no reason=quote_disabled order_id=1b5a404b-b0a2-407c-92e6-e68fab0d6307
02:57:03 INFO ORDER_NOT_RESTING | side=no status=canceled order_id=1b5a404b-b0a2-407c-92e6-e68fab0d6307
02:57:03 INFO AMEND_OK | side=yes price_dollars=0.7300 total_fillable_contracts=6.00 order_id=8cb68ab6-c378-44f7-a560-c10855dc36b3
02:57:05 INFO AMEND_OK | side=yes price_dollars=0.7400 total_fillable_contracts=6.00 order_id=8cb68ab6-c378-44f7-a560-c10855dc36b3
02:57:05 INFO AMEND_OK | side=yes price_dollars=0.7500 total_fillable_contracts=6.00 order_id=8cb68ab6-c378-44f7-a560-c10855dc36b3
02:57:10 INFO AMEND_OK | side=yes price_dollars=0.7400 total_fillable_contracts=6.00 order_id=8cb68ab6-c378-44f7-a560-c10855dc36b3
02:57:14 INFO AMEND_OK | side=yes price_dollars=0.7500 total_fillable_contracts=6.00 order_id=8cb68ab6-c378-44f7-a560-c10855dc36b3
02:57:14 INFO QUEUE_POSITION | side=yes order_id=8cb68ab6-c378-44f7-a560-c10855dc36b3 ahead_contracts=506.00
02:57:19 INFO AMEND_OK | side=yes price_dollars=0.7700 total_fillable_contracts=6.00 order_id=8cb68ab6-c378-44f7-a560-c10855dc36b3
02:57:29 INFO AMEND_OK | side=yes price_dollars=0.7600 total_fillable_contracts=6.00 order_id=8cb68ab6-c378-44f7-a560-c10855dc36b3
02:57:29 INFO AMEND_OK | side=yes price_dollars=0.7700 total_fillable_contracts=6.00 order_id=8cb68ab6-c378-44f7-a560-c10855dc36b3
02:57:29 INFO QUEUE_POSITION | side=yes order_id=8cb68ab6-c378-44f7-a560-c10855dc36b3 ahead_contracts=283.00
02:57:29 INFO AMEND_OK | side=yes price_dollars=0.7600 total_fillable_contracts=6.00 order_id=8cb68ab6-c378-44f7-a560-c10855dc36b3
02:57:30 INFO AMEND_OK | side=yes price_dollars=0.7700 total_fillable_contracts=6.00 order_id=8cb68ab6-c378-44f7-a560-c10855dc36b3
02:57:30 INFO AMEND_OK | side=yes price_dollars=0.7800 total_fillable_contracts=6.00 order_id=8cb68ab6-c378-44f7-a560-c10855dc36b3
02:57:30 INFO AMEND_OK | side=yes price_dollars=0.7700 total_fillable_contracts=6.00 order_id=8cb68ab6-c378-44f7-a560-c10855dc36b3
02:57:30 INFO AMEND_OK | side=yes price_dollars=0.7800 total_fillable_contracts=6.00 order_id=8cb68ab6-c378-44f7-a560-c10855dc36b3
02:57:31 INFO AMEND_OK | side=yes price_dollars=0.7700 total_fillable_contracts=6.00 order_id=8cb68ab6-c378-44f7-a560-c10855dc36b3
02:57:31 INFO AMEND_OK | side=yes price_dollars=0.7800 total_fillable_contracts=6.00 order_id=8cb68ab6-c378-44f7-a560-c10855dc36b3
02:57:31 INFO AMEND_OK | side=yes price_dollars=0.7900 total_fillable_contracts=6.00 order_id=8cb68ab6-c378-44f7-a560-c10855dc36b3
02:57:42 INFO AMEND_OK | side=yes price_dollars=0.8000 total_fillable_contracts=6.00 order_id=8cb68ab6-c378-44f7-a560-c10855dc36b3
02:57:44 INFO QUEUE_POSITION | side=yes order_id=8cb68ab6-c378-44f7-a560-c10855dc36b3 ahead_contracts=573.00
02:57:46 INFO CANCEL_REQUESTED | side=yes reason=refresh_expiring_quote order_id=8cb68ab6-c378-44f7-a560-c10855dc36b3
02:57:46 INFO ORDER_NOT_RESTING | side=yes status=canceled order_id=8cb68ab6-c378-44f7-a560-c10855dc36b3
02:57:46 INFO CREATE_OK | side=yes price_dollars=0.8000 remaining_contracts=6.00 order_id=709d827e-9517-4f05-b532-b1efa8b28707
02:57:53 INFO AMEND_OK | side=yes price_dollars=0.7900 total_fillable_contracts=6.00 order_id=709d827e-9517-4f05-b532-b1efa8b28707
02:57:59 INFO QUEUE_POSITION | side=yes order_id=709d827e-9517-4f05-b532-b1efa8b28707 ahead_contracts=0.00
02:58:02 INFO AMEND_OK | side=yes price_dollars=0.8000 total_fillable_contracts=6.00 order_id=709d827e-9517-4f05-b532-b1efa8b28707
02:58:02 INFO AMEND_OK | side=yes price_dollars=0.8100 total_fillable_contracts=6.00 order_id=709d827e-9517-4f05-b532-b1efa8b28707
02:58:14 INFO QUEUE_POSITION | side=yes order_id=709d827e-9517-4f05-b532-b1efa8b28707 ahead_contracts=828.00
02:58:16 INFO AMEND_OK | side=yes price_dollars=0.7600 total_fillable_contracts=6.00 order_id=709d827e-9517-4f05-b532-b1efa8b28707
02:58:16 INFO AMEND_OK | side=yes price_dollars=0.8000 total_fillable_contracts=6.00 order_id=709d827e-9517-4f05-b532-b1efa8b28707
02:58:18 INFO AMEND_OK | side=yes price_dollars=0.8100 total_fillable_contracts=6.00 order_id=709d827e-9517-4f05-b532-b1efa8b28707
02:58:18 INFO AMEND_OK | side=yes price_dollars=0.8000 total_fillable_contracts=6.00 order_id=709d827e-9517-4f05-b532-b1efa8b28707
02:58:18 INFO AMEND_OK | side=yes price_dollars=0.8100 total_fillable_contracts=6.00 order_id=709d827e-9517-4f05-b532-b1efa8b28707
02:58:19 INFO AMEND_OK | side=yes price_dollars=0.8000 total_fillable_contracts=6.00 order_id=709d827e-9517-4f05-b532-b1efa8b28707
02:58:19 INFO AMEND_OK | side=yes price_dollars=0.8100 total_fillable_contracts=6.00 order_id=709d827e-9517-4f05-b532-b1efa8b28707
02:58:25 INFO AMEND_OK | side=yes price_dollars=0.8000 total_fillable_contracts=6.00 order_id=709d827e-9517-4f05-b532-b1efa8b28707
02:58:25 INFO AMEND_OK | side=yes price_dollars=0.8100 total_fillable_contracts=6.00 order_id=709d827e-9517-4f05-b532-b1efa8b28707
02:58:25 INFO AMEND_OK | side=yes price_dollars=0.8000 total_fillable_contracts=6.00 order_id=709d827e-9517-4f05-b532-b1efa8b28707
02:58:27 INFO AMEND_OK | side=yes price_dollars=0.8100 total_fillable_contracts=6.00 order_id=709d827e-9517-4f05-b532-b1efa8b28707
02:58:28 INFO AMEND_OK | side=yes price_dollars=0.8000 total_fillable_contracts=6.00 order_id=709d827e-9517-4f05-b532-b1efa8b28707
02:58:29 INFO AMEND_OK | side=yes price_dollars=0.8100 total_fillable_contracts=6.00 order_id=709d827e-9517-4f05-b532-b1efa8b28707
02:58:29 INFO AMEND_OK | side=yes price_dollars=0.8000 total_fillable_contracts=6.00 order_id=709d827e-9517-4f05-b532-b1efa8b28707
02:58:29 INFO QUEUE_POSITION | side=yes order_id=709d827e-9517-4f05-b532-b1efa8b28707 ahead_contracts=0.00
02:58:35 INFO AMEND_OK | side=yes price_dollars=0.8200 total_fillable_contracts=6.00 order_id=709d827e-9517-4f05-b532-b1efa8b28707
02:58:37 INFO AMEND_OK | side=yes price_dollars=0.8000 total_fillable_contracts=6.00 order_id=709d827e-9517-4f05-b532-b1efa8b28707
02:58:37 INFO AMEND_OK | side=yes price_dollars=0.7600 total_fillable_contracts=6.00 order_id=709d827e-9517-4f05-b532-b1efa8b28707
02:58:37 INFO AMEND_OK | side=yes price_dollars=0.8000 total_fillable_contracts=6.00 order_id=709d827e-9517-4f05-b532-b1efa8b28707
02:58:41 INFO CANCEL_REQUESTED | side=yes reason=refresh_expiring_quote order_id=709d827e-9517-4f05-b532-b1efa8b28707
02:58:41 INFO ORDER_NOT_RESTING | side=yes status=canceled order_id=709d827e-9517-4f05-b532-b1efa8b28707
02:58:41 INFO CREATE_OK | side=yes price_dollars=0.8000 remaining_contracts=6.00 order_id=694938bf-9849-4169-a5e0-ffac6fdff645
02:58:44 INFO QUEUE_POSITION | side=yes order_id=694938bf-9849-4169-a5e0-ffac6fdff645 ahead_contracts=355.00
02:58:55 INFO AMEND_OK | side=yes price_dollars=0.8100 total_fillable_contracts=6.00 order_id=694938bf-9849-4169-a5e0-ffac6fdff645
02:58:59 INFO QUEUE_POSITION | side=yes order_id=694938bf-9849-4169-a5e0-ffac6fdff645 ahead_contracts=1.00
02:59:00 INFO AMEND_OK | side=yes price_dollars=0.8200 total_fillable_contracts=6.00 order_id=694938bf-9849-4169-a5e0-ffac6fdff645
02:59:04 INFO AMEND_OK | side=yes price_dollars=0.8300 total_fillable_contracts=5.00 order_id=694938bf-9849-4169-a5e0-ffac6fdff645
02:59:11 INFO AMEND_OK | side=yes price_dollars=0.8400 total_fillable_contracts=5.00 order_id=694938bf-9849-4169-a5e0-ffac6fdff645
02:59:11 INFO AMEND_OK | side=yes price_dollars=0.8300 total_fillable_contracts=5.00 order_id=694938bf-9849-4169-a5e0-ffac6fdff645
02:59:13 INFO AMEND_OK | side=yes price_dollars=0.8200 total_fillable_contracts=6.00 order_id=694938bf-9849-4169-a5e0-ffac6fdff645
02:59:15 INFO QUEUE_POSITION | side=yes order_id=694938bf-9849-4169-a5e0-ffac6fdff645 ahead_contracts=346.00
02:59:18 INFO AMEND_OK | side=yes price_dollars=0.8300 total_fillable_contracts=5.00 order_id=694938bf-9849-4169-a5e0-ffac6fdff645
02:59:19 INFO AMEND_OK | side=yes price_dollars=0.8200 total_fillable_contracts=6.00 order_id=694938bf-9849-4169-a5e0-ffac6fdff645
02:59:23 INFO AMEND_OK | side=yes price_dollars=0.7800 total_fillable_contracts=6.00 order_id=694938bf-9849-4169-a5e0-ffac6fdff645
02:59:23 INFO AMEND_OK | side=yes price_dollars=0.8000 total_fillable_contracts=6.00 order_id=694938bf-9849-4169-a5e0-ffac6fdff645
02:59:24 INFO AMEND_OK | side=yes price_dollars=0.8100 total_fillable_contracts=6.00 order_id=694938bf-9849-4169-a5e0-ffac6fdff645
02:59:30 INFO QUEUE_POSITION | side=yes order_id=694938bf-9849-4169-a5e0-ffac6fdff645 ahead_contracts=346.00
02:59:36 INFO CANCEL_REQUESTED | side=yes reason=refresh_expiring_quote order_id=694938bf-9849-4169-a5e0-ffac6fdff645
02:59:36 INFO ORDER_NOT_RESTING | side=yes status=canceled order_id=694938bf-9849-4169-a5e0-ffac6fdff645
02:59:36 INFO CREATE_OK | side=yes price_dollars=0.8100 remaining_contracts=6.00 order_id=b445b9a6-5581-4e3b-b840-4735f8368317
02:59:37 INFO AMEND_OK | side=yes price_dollars=0.8200 total_fillable_contracts=6.00 order_id=b445b9a6-5581-4e3b-b840-4735f8368317
02:59:42 INFO AMEND_OK | side=yes price_dollars=0.8100 total_fillable_contracts=6.00 order_id=b445b9a6-5581-4e3b-b840-4735f8368317
02:59:42 INFO AMEND_OK | side=yes price_dollars=0.7800 total_fillable_contracts=6.00 order_id=b445b9a6-5581-4e3b-b840-4735f8368317
02:59:42 INFO AMEND_OK | side=yes price_dollars=0.7900 total_fillable_contracts=6.00 order_id=b445b9a6-5581-4e3b-b840-4735f8368317
02:59:45 INFO QUEUE_POSITION | side=yes order_id=b445b9a6-5581-4e3b-b840-4735f8368317 ahead_contracts=0.00
02:59:49 INFO AMEND_OK | side=yes price_dollars=0.8000 total_fillable_contracts=6.00 order_id=b445b9a6-5581-4e3b-b840-4735f8368317
03:00:00 INFO QUEUE_POSITION | side=yes order_id=b445b9a6-5581-4e3b-b840-4735f8368317 ahead_contracts=1.00
03:00:15 INFO QUEUE_POSITION | side=yes order_id=b445b9a6-5581-4e3b-b840-4735f8368317 ahead_contracts=1.00
03:00:24 INFO ORDER_NOT_RESTING | side=yes status=executed order_id=b445b9a6-5581-4e3b-b840-4735f8368317
03:00:25 INFO CREATE_OK | side=yes price_dollars=0.7900 remaining_contracts=6.00 order_id=9b9b9f6c-e3e6-4f7f-918c-eca63ff396e8
03:00:25 INFO AMEND_OK | side=yes price_dollars=0.7800 total_fillable_contracts=6.00 order_id=9b9b9f6c-e3e6-4f7f-918c-eca63ff396e8
03:00:30 INFO QUEUE_POSITION | side=yes order_id=9b9b9f6c-e3e6-4f7f-918c-eca63ff396e8 ahead_contracts=918.00
03:00:32 INFO AMEND_OK | side=yes price_dollars=0.7900 total_fillable_contracts=6.00 order_id=9b9b9f6c-e3e6-4f7f-918c-eca63ff396e8
03:00:34 INFO AMEND_OK | side=yes price_dollars=0.8000 total_fillable_contracts=6.00 order_id=9b9b9f6c-e3e6-4f7f-918c-eca63ff396e8
03:00:35 INFO AMEND_OK | side=yes price_dollars=0.7900 total_fillable_contracts=6.00 order_id=9b9b9f6c-e3e6-4f7f-918c-eca63ff396e8
03:00:35 INFO AMEND_OK | side=yes price_dollars=0.7800 total_fillable_contracts=6.00 order_id=9b9b9f6c-e3e6-4f7f-918c-eca63ff396e8
03:00:36 INFO AMEND_OK | side=yes price_dollars=0.8300 total_fillable_contracts=5.00 order_id=9b9b9f6c-e3e6-4f7f-918c-eca63ff396e8
03:00:40 INFO AMEND_OK | side=yes price_dollars=0.8200 total_fillable_contracts=6.00 order_id=9b9b9f6c-e3e6-4f7f-918c-eca63ff396e8
03:00:45 INFO QUEUE_POSITION | side=yes order_id=9b9b9f6c-e3e6-4f7f-918c-eca63ff396e8 ahead_contracts=914.00
03:00:57 INFO AMEND_OK | side=yes price_dollars=0.8100 total_fillable_contracts=6.00 order_id=9b9b9f6c-e3e6-4f7f-918c-eca63ff396e8
03:00:57 INFO AMEND_OK | side=yes price_dollars=0.8200 total_fillable_contracts=6.00 order_id=9b9b9f6c-e3e6-4f7f-918c-eca63ff396e8
03:01:00 INFO QUEUE_POSITION | side=yes order_id=9b9b9f6c-e3e6-4f7f-918c-eca63ff396e8 ahead_contracts=905.00
03:01:06 INFO AMEND_OK | side=yes price_dollars=0.8100 total_fillable_contracts=6.00 order_id=9b9b9f6c-e3e6-4f7f-918c-eca63ff396e8
03:01:06 INFO AMEND_OK | side=yes price_dollars=0.8200 total_fillable_contracts=6.00 order_id=9b9b9f6c-e3e6-4f7f-918c-eca63ff396e8
03:01:07 INFO AMEND_OK | side=yes price_dollars=0.8300 total_fillable_contracts=5.00 order_id=9b9b9f6c-e3e6-4f7f-918c-eca63ff396e8
03:01:08 INFO AMEND_OK | side=yes price_dollars=0.8400 total_fillable_contracts=5.00 order_id=9b9b9f6c-e3e6-4f7f-918c-eca63ff396e8
03:01:09 INFO AMEND_OK | side=yes price_dollars=0.8100 total_fillable_contracts=6.00 order_id=9b9b9f6c-e3e6-4f7f-918c-eca63ff396e8
03:01:14 INFO AMEND_OK | side=yes price_dollars=0.8200 total_fillable_contracts=6.00 order_id=9b9b9f6c-e3e6-4f7f-918c-eca63ff396e8
03:01:15 INFO QUEUE_POSITION | side=yes order_id=9b9b9f6c-e3e6-4f7f-918c-eca63ff396e8 ahead_contracts=1.00
03:01:20 INFO CANCEL_REQUESTED | side=yes reason=refresh_expiring_quote order_id=9b9b9f6c-e3e6-4f7f-918c-eca63ff396e8
03:01:20 INFO ORDER_NOT_RESTING | side=yes status=canceled order_id=9b9b9f6c-e3e6-4f7f-918c-eca63ff396e8
03:01:20 INFO CREATE_OK | side=yes price_dollars=0.8200 remaining_contracts=6.00 order_id=83c656b6-a909-4e25-b4f3-4cff1bc367ab
03:01:25 INFO AMEND_OK | side=yes price_dollars=0.8400 total_fillable_contracts=5.00 order_id=83c656b6-a909-4e25-b4f3-4cff1bc367ab
03:01:26 INFO AMEND_OK | side=yes price_dollars=0.7800 total_fillable_contracts=6.00 order_id=83c656b6-a909-4e25-b4f3-4cff1bc367ab
03:01:26 INFO AMEND_OK | side=yes price_dollars=0.8200 total_fillable_contracts=6.00 order_id=83c656b6-a909-4e25-b4f3-4cff1bc367ab
03:01:26 INFO AMEND_OK | side=yes price_dollars=0.8000 total_fillable_contracts=6.00 order_id=83c656b6-a909-4e25-b4f3-4cff1bc367ab
03:01:26 INFO AMEND_OK | side=yes price_dollars=0.8100 total_fillable_contracts=6.00 order_id=83c656b6-a909-4e25-b4f3-4cff1bc367ab
03:01:29 INFO AMEND_OK | side=yes price_dollars=0.8200 total_fillable_contracts=6.00 order_id=83c656b6-a909-4e25-b4f3-4cff1bc367ab
03:01:30 INFO AMEND_OK | side=yes price_dollars=0.8300 total_fillable_contracts=5.00 order_id=83c656b6-a909-4e25-b4f3-4cff1bc367ab
03:01:30 INFO QUEUE_POSITION | side=yes order_id=83c656b6-a909-4e25-b4f3-4cff1bc367ab ahead_contracts=546.00
03:01:45 INFO QUEUE_POSITION | side=yes order_id=83c656b6-a909-4e25-b4f3-4cff1bc367ab ahead_contracts=0.00
03:01:46 INFO AMEND_OK | side=yes price_dollars=0.8400 total_fillable_contracts=5.00 order_id=83c656b6-a909-4e25-b4f3-4cff1bc367ab
03:02:00 INFO QUEUE_POSITION | side=yes order_id=83c656b6-a909-4e25-b4f3-4cff1bc367ab ahead_contracts=71.00
03:02:15 INFO QUEUE_POSITION | side=yes order_id=83c656b6-a909-4e25-b4f3-4cff1bc367ab ahead_contracts=55.00
03:02:15 INFO CANCEL_REQUESTED | side=yes reason=refresh_expiring_quote order_id=83c656b6-a909-4e25-b4f3-4cff1bc367ab
03:02:15 INFO ORDER_NOT_RESTING | side=yes status=canceled order_id=83c656b6-a909-4e25-b4f3-4cff1bc367ab
03:02:15 INFO CREATE_OK | side=yes price_dollars=0.8400 remaining_contracts=5.00 order_id=64aba0bc-c2ad-4a6d-9e06-788ac3b06334
03:02:16 INFO AMEND_OK | side=yes price_dollars=0.8300 total_fillable_contracts=5.00 order_id=64aba0bc-c2ad-4a6d-9e06-788ac3b06334
03:02:30 INFO QUEUE_POSITION | side=yes order_id=64aba0bc-c2ad-4a6d-9e06-788ac3b06334 ahead_contracts=383.00
03:02:32 INFO AMEND_OK | side=yes price_dollars=0.8400 total_fillable_contracts=5.00 order_id=64aba0bc-c2ad-4a6d-9e06-788ac3b06334
03:02:45 INFO QUEUE_POSITION | side=yes order_id=64aba0bc-c2ad-4a6d-9e06-788ac3b06334 ahead_contracts=205.00
03:03:00 INFO QUEUE_POSITION | side=yes order_id=64aba0bc-c2ad-4a6d-9e06-788ac3b06334 ahead_contracts=200.00
03:03:14 INFO ORDER_NOT_RESTING | side=yes status=canceled order_id=64aba0bc-c2ad-4a6d-9e06-788ac3b06334
03:03:14 INFO CREATE_OK | side=yes price_dollars=0.8500 remaining_contracts=5.00 order_id=e47ffa3b-077c-4b64-a6cd-d0fe7f834d90
03:03:15 INFO AMEND_OK | side=yes price_dollars=0.8400 total_fillable_contracts=5.00 order_id=e47ffa3b-077c-4b64-a6cd-d0fe7f834d90
03:03:15 INFO QUEUE_POSITION | side=yes order_id=e47ffa3b-077c-4b64-a6cd-d0fe7f834d90 ahead_contracts=545.00
03:03:30 INFO QUEUE_POSITION | side=yes order_id=e47ffa3b-077c-4b64-a6cd-d0fe7f834d90 ahead_contracts=200.00
03:03:40 INFO AMEND_OK | side=yes price_dollars=0.8500 total_fillable_contracts=5.00 order_id=e47ffa3b-077c-4b64-a6cd-d0fe7f834d90
03:03:45 INFO QUEUE_POSITION | side=yes order_id=e47ffa3b-077c-4b64-a6cd-d0fe7f834d90 ahead_contracts=17.00
03:04:00 INFO QUEUE_POSITION | side=yes order_id=e47ffa3b-077c-4b64-a6cd-d0fe7f834d90 ahead_contracts=17.00
03:04:01 INFO AMEND_OK | side=yes price_dollars=0.8400 total_fillable_contracts=5.00 order_id=e47ffa3b-077c-4b64-a6cd-d0fe7f834d90
03:04:02 INFO AMEND_OK | side=yes price_dollars=0.8200 total_fillable_contracts=6.00 order_id=e47ffa3b-077c-4b64-a6cd-d0fe7f834d90
03:04:02 INFO AMEND_OK | side=yes price_dollars=0.8300 total_fillable_contracts=5.00 order_id=e47ffa3b-077c-4b64-a6cd-d0fe7f834d90
03:04:09 INFO CANCEL_REQUESTED | side=yes reason=refresh_expiring_quote order_id=e47ffa3b-077c-4b64-a6cd-d0fe7f834d90
03:04:09 INFO ORDER_NOT_RESTING | side=yes status=canceled order_id=e47ffa3b-077c-4b64-a6cd-d0fe7f834d90
03:04:09 INFO CREATE_OK | side=yes price_dollars=0.8300 remaining_contracts=5.00 order_id=933a697d-f5d5-4b64-8c17-e8b9896d2024
03:04:15 INFO QUEUE_POSITION | side=yes order_id=933a697d-f5d5-4b64-8c17-e8b9896d2024 ahead_contracts=387.00
03:04:30 INFO QUEUE_POSITION | side=yes order_id=933a697d-f5d5-4b64-8c17-e8b9896d2024 ahead_contracts=343.00
03:04:34 INFO AMEND_OK | side=yes price_dollars=0.8400 total_fillable_contracts=5.00 order_id=933a697d-f5d5-4b64-8c17-e8b9896d2024
03:04:35 INFO AMEND_OK | side=yes price_dollars=0.8500 total_fillable_contracts=5.00 order_id=933a697d-f5d5-4b64-8c17-e8b9896d2024
03:04:37 INFO AMEND_OK | side=yes price_dollars=0.8600 total_fillable_contracts=5.00 order_id=933a697d-f5d5-4b64-8c17-e8b9896d2024
03:04:45 INFO QUEUE_POSITION | side=yes order_id=933a697d-f5d5-4b64-8c17-e8b9896d2024 ahead_contracts=684.00
03:04:54 INFO AMEND_OK | side=yes price_dollars=0.8400 total_fillable_contracts=5.00 order_id=933a697d-f5d5-4b64-8c17-e8b9896d2024
03:04:54 INFO AMEND_OK | side=yes price_dollars=0.8300 total_fillable_contracts=5.00 order_id=933a697d-f5d5-4b64-8c17-e8b9896d2024
03:04:54 INFO AMEND_OK | side=yes price_dollars=0.8500 total_fillable_contracts=5.00 order_id=933a697d-f5d5-4b64-8c17-e8b9896d2024
03:04:56 INFO AMEND_OK | side=yes price_dollars=0.8300 total_fillable_contracts=5.00 order_id=933a697d-f5d5-4b64-8c17-e8b9896d2024
03:05:00 INFO QUEUE_POSITION | side=yes order_id=933a697d-f5d5-4b64-8c17-e8b9896d2024 ahead_contracts=0.00
03:05:02 INFO AMEND_OK | side=yes price_dollars=0.7800 total_fillable_contracts=6.00 order_id=933a697d-f5d5-4b64-8c17-e8b9896d2024
03:05:02 INFO AMEND_OK | side=yes price_dollars=0.7900 total_fillable_contracts=6.00 order_id=933a697d-f5d5-4b64-8c17-e8b9896d2024
03:05:04 INFO CANCEL_REQUESTED | side=yes reason=refresh_expiring_quote order_id=933a697d-f5d5-4b64-8c17-e8b9896d2024
03:05:04 INFO ORDER_NOT_RESTING | side=yes status=canceled order_id=933a697d-f5d5-4b64-8c17-e8b9896d2024
03:05:04 INFO CREATE_OK | side=yes price_dollars=0.7900 remaining_contracts=6.00 order_id=a05a02da-9fab-4a46-a431-cd2e71111a11
03:05:06 INFO AMEND_OK | side=yes price_dollars=0.7800 total_fillable_contracts=6.00 order_id=a05a02da-9fab-4a46-a431-cd2e71111a11
03:05:06 INFO AMEND_OK | side=yes price_dollars=0.7900 total_fillable_contracts=6.00 order_id=a05a02da-9fab-4a46-a431-cd2e71111a11
03:05:09 INFO AMEND_OK | side=yes price_dollars=0.8000 total_fillable_contracts=6.00 order_id=a05a02da-9fab-4a46-a431-cd2e71111a11
03:05:10 INFO AMEND_OK | side=yes price_dollars=0.8100 total_fillable_contracts=6.00 order_id=a05a02da-9fab-4a46-a431-cd2e71111a11
03:05:11 INFO AMEND_OK | side=yes price_dollars=0.8200 total_fillable_contracts=6.00 order_id=a05a02da-9fab-4a46-a431-cd2e71111a11
03:05:15 INFO AMEND_OK | side=yes price_dollars=0.8100 total_fillable_contracts=6.00 order_id=a05a02da-9fab-4a46-a431-cd2e71111a11
03:05:15 INFO AMEND_OK | side=yes price_dollars=0.8300 total_fillable_contracts=5.00 order_id=a05a02da-9fab-4a46-a431-cd2e71111a11
03:05:15 INFO QUEUE_POSITION | side=yes order_id=a05a02da-9fab-4a46-a431-cd2e71111a11 ahead_contracts=0.00
03:05:31 INFO QUEUE_POSITION | side=yes order_id=a05a02da-9fab-4a46-a431-cd2e71111a11 ahead_contracts=0.00
03:05:46 INFO QUEUE_POSITION | side=yes order_id=a05a02da-9fab-4a46-a431-cd2e71111a11 ahead_contracts=0.00
03:05:59 INFO CANCEL_REQUESTED | side=yes reason=refresh_expiring_quote order_id=a05a02da-9fab-4a46-a431-cd2e71111a11
03:05:59 INFO ORDER_NOT_RESTING | side=yes status=canceled order_id=a05a02da-9fab-4a46-a431-cd2e71111a11
03:05:59 INFO CREATE_OK | side=yes price_dollars=0.8300 remaining_contracts=5.00 order_id=01d348f4-494f-4f14-aa15-75f9ba104586
03:06:01 INFO QUEUE_POSITION | side=yes order_id=01d348f4-494f-4f14-aa15-75f9ba104586 ahead_contracts=30.00
03:06:02 INFO AMEND_OK | side=yes price_dollars=0.8200 total_fillable_contracts=6.00 order_id=01d348f4-494f-4f14-aa15-75f9ba104586
03:06:06 INFO AMEND_OK | side=yes price_dollars=0.8100 total_fillable_contracts=6.00 order_id=01d348f4-494f-4f14-aa15-75f9ba104586
03:06:12 INFO AMEND_OK | side=yes price_dollars=0.8000 total_fillable_contracts=6.00 order_id=01d348f4-494f-4f14-aa15-75f9ba104586
03:06:13 INFO AMEND_OK | side=yes price_dollars=0.7900 total_fillable_contracts=6.00 order_id=01d348f4-494f-4f14-aa15-75f9ba104586
Traceback (most recent call last):
  File "/home/codespace/.python/current/lib/python3.12/asyncio/runners.py", line 118, in run
    return self._loop.run_until_complete(task)
           ^^^^^^^^^^^^^^^^^^^^^^^^^^^^^^^^^^^
  File "/home/codespace/.python/current/lib/python3.12/asyncio/base_events.py", line 684, in run_until_complete
    return future.result()
           ^^^^^^^^^^^^^^^
  File "/workspaces/Kalshi_alg/V1.py", line 1833, in run
    await self.websocket_main()
  File "/workspaces/Kalshi_alg/V1.py", line 1770, in websocket_main
    async for raw_message in websocket:
  File "/home/codespace/.python/current/lib/python3.12/site-packages/websockets/asyncio/connection.py", line 244, in __aiter__
    yield await self.recv()
          ^^^^^^^^^^^^^^^^^
  File "/home/codespace/.python/current/lib/python3.12/site-packages/websockets/asyncio/connection.py", line 305, in recv
    return await self.recv_messages.get(decode)
           ^^^^^^^^^^^^^^^^^^^^^^^^^^^^^^^^^^^^
  File "/home/codespace/.python/current/lib/python3.12/site-packages/websockets/asyncio/messages.py", line 158, in get
    frame = await self.frames.get(not self.closed)
            ^^^^^^^^^^^^^^^^^^^^^^^^^^^^^^^^^^^^^^
  File "/home/codespace/.python/current/lib/python3.12/site-packages/websockets/asyncio/messages.py", line 51, in get
    await self.get_waiter
asyncio.exceptions.CancelledError

During handling of the above exception, another exception occurred:

Traceback (most recent call last):
  File "/workspaces/Kalshi_alg/V1.py", line 1870, in <module>
    main()
  File "/workspaces/Kalshi_alg/V1.py", line 1866, in main
    asyncio.run(bot.run())
  File "/home/codespace/.python/current/lib/python3.12/asyncio/runners.py", line 194, in run
    return runner.run(main)
           ^^^^^^^^^^^^^^^^
  File "/home/codespace/.python/current/lib/python3.12/asyncio/runners.py", line 123, in run
    raise KeyboardInterrupt()
KeyboardInterrupt
