
=== START 2026-03-09 23:56:04 ===
CMD: /home/codespace/.python/current/bin/python3 /workspaces/Kalshi_alg/V1.py --ticker KXNCAAMBSPREAD-26MAR09UNOAMCC-AMCC7 --yes-budget-cents 500 --no-budget-cents 500
23:56:04 INFO START | environment=PROD ticker=KXNCAAMBSPREAD-26MAR09UNOAMCC-AMCC7 yes_budget_cents=500 no_budget_cents=500 price_structure=linear_cent fractional_trading=False dry_run=False websocket=wss://api.elections.kalshi.com/trade-api/ws/v2
23:56:04 INFO STARTUP_POSITION | contracts=0.00
23:56:04 INFO WS_CONNECTED_AND_SUBSCRIBED
23:56:04 INFO CREATE_OK | side=yes price_dollars=0.4600 remaining_contracts=10.00 order_id=cf27e605-063a-4c99-bc05-c18b93706feb
23:56:04 INFO CREATE_OK | side=no price_dollars=0.5200 remaining_contracts=9.00 order_id=0e3fee64-2e6e-4717-854d-a30051a9df3b
23:56:06 INFO AMEND_OK | side=yes price_dollars=0.4400 total_fillable_contracts=11.00 order_id=cf27e605-063a-4c99-bc05-c18b93706feb
23:56:06 INFO AMEND_OK | side=no price_dollars=0.4700 total_fillable_contracts=10.00 order_id=0e3fee64-2e6e-4717-854d-a30051a9df3b
23:56:07 INFO AMEND_OK | side=yes price_dollars=0.4500 total_fillable_contracts=11.00 order_id=cf27e605-063a-4c99-bc05-c18b93706feb
23:56:07 INFO AMEND_OK | side=no price_dollars=0.4600 total_fillable_contracts=10.00 order_id=0e3fee64-2e6e-4717-854d-a30051a9df3b
23:56:08 INFO AMEND_OK | side=no price_dollars=0.4700 total_fillable_contracts=10.00 order_id=0e3fee64-2e6e-4717-854d-a30051a9df3b
23:56:09 INFO AMEND_OK | side=yes price_dollars=0.4400 total_fillable_contracts=11.00 order_id=cf27e605-063a-4c99-bc05-c18b93706feb
23:56:09 INFO AMEND_OK | side=no price_dollars=0.4800 total_fillable_contracts=10.00 order_id=0e3fee64-2e6e-4717-854d-a30051a9df3b
23:56:11 INFO AMEND_OK | side=yes price_dollars=0.4500 total_fillable_contracts=11.00 order_id=cf27e605-063a-4c99-bc05-c18b93706feb
23:56:13 INFO AMEND_OK | side=no price_dollars=0.4700 total_fillable_contracts=10.00 order_id=0e3fee64-2e6e-4717-854d-a30051a9df3b
23:56:14 INFO AMEND_OK | side=no price_dollars=0.4800 total_fillable_contracts=10.00 order_id=0e3fee64-2e6e-4717-854d-a30051a9df3b
23:56:19 INFO QUEUE_POSITION | side=yes order_id=cf27e605-063a-4c99-bc05-c18b93706feb ahead_contracts=3250.00
23:56:19 INFO QUEUE_POSITION | side=no order_id=0e3fee64-2e6e-4717-854d-a30051a9df3b ahead_contracts=300.00
23:56:23 INFO AMEND_OK | side=no price_dollars=0.4700 total_fillable_contracts=10.00 order_id=0e3fee64-2e6e-4717-854d-a30051a9df3b
23:56:26 INFO ORDER_NOT_RESTING | side=no status=executed order_id=0e3fee64-2e6e-4717-854d-a30051a9df3b
23:56:27 INFO AMEND_OK | side=yes price_dollars=0.4400 total_fillable_contracts=11.00 order_id=cf27e605-063a-4c99-bc05-c18b93706feb
23:56:28 INFO AMEND_OK | side=yes price_dollars=0.5600 total_fillable_contracts=8.00 order_id=cf27e605-063a-4c99-bc05-c18b93706feb
23:56:29 INFO AMEND_OK | side=yes price_dollars=0.5700 total_fillable_contracts=8.00 order_id=cf27e605-063a-4c99-bc05-c18b93706feb
23:56:30 INFO AMEND_OK | side=yes price_dollars=0.5800 total_fillable_contracts=8.00 order_id=cf27e605-063a-4c99-bc05-c18b93706feb
23:56:32 INFO AMEND_OK | side=yes price_dollars=0.5900 total_fillable_contracts=8.00 order_id=cf27e605-063a-4c99-bc05-c18b93706feb
23:56:33 INFO AMEND_OK | side=yes price_dollars=0.6000 total_fillable_contracts=8.00 order_id=cf27e605-063a-4c99-bc05-c18b93706feb
23:56:34 INFO QUEUE_POSITION | side=yes order_id=cf27e605-063a-4c99-bc05-c18b93706feb ahead_contracts=250.00
23:56:41 INFO AMEND_OK | side=yes price_dollars=0.5900 total_fillable_contracts=8.00 order_id=cf27e605-063a-4c99-bc05-c18b93706feb
23:56:42 INFO AMEND_OK | side=yes price_dollars=0.6000 total_fillable_contracts=8.00 order_id=cf27e605-063a-4c99-bc05-c18b93706feb
23:56:44 INFO REQUOTE_ERROR | error=POST /trade-api/v2/portfolio/orders/cf27e605-063a-4c99-bc05-c18b93706feb/amend failed 429: {"error":{"code":"too_many_requests","message":"too many requests"}}
Traceback (most recent call last):
  File "/workspaces/Kalshi_alg/V1.py", line 1674, in requote_worker
    await self.ensure_side_quote("yes", desired_yes_units)
  File "/workspaces/Kalshi_alg/V1.py", line 1468, in ensure_side_quote
    response = await asyncio.to_thread(
               ^^^^^^^^^^^^^^^^^^^^^^^^
  File "/home/codespace/.python/current/lib/python3.12/asyncio/threads.py", line 25, in to_thread
    return await loop.run_in_executor(None, func_call)
           ^^^^^^^^^^^^^^^^^^^^^^^^^^^^^^^^^^^^^^^^^^^
  File "/home/codespace/.python/current/lib/python3.12/concurrent/futures/thread.py", line 58, in run
    result = self.fn(*self.args, **self.kwargs)
             ^^^^^^^^^^^^^^^^^^^^^^^^^^^^^^^^^^
  File "/workspaces/Kalshi_alg/V1.py", line 820, in amend_order
    return self.rest_post(f"{self.api_prefix}/portfolio/orders/{order_id}/amend", body)
           ^^^^^^^^^^^^^^^^^^^^^^^^^^^^^^^^^^^^^^^^^^^^^^^^^^^^^^^^^^^^^^^^^^^^^^^^^^^^
  File "/workspaces/Kalshi_alg/V1.py", line 675, in rest_post
    raise RuntimeError(f"POST {path} failed {response.status_code}: {response.text[:500]}")
RuntimeError: POST /trade-api/v2/portfolio/orders/cf27e605-063a-4c99-bc05-c18b93706feb/amend failed 429: {"error":{"code":"too_many_requests","message":"too many requests"}}
23:56:44 INFO AMEND_OK | side=yes price_dollars=0.5000 total_fillable_contracts=9.00 order_id=cf27e605-063a-4c99-bc05-c18b93706feb
23:56:45 INFO REQUOTE_ERROR | error=POST /trade-api/v2/portfolio/orders/cf27e605-063a-4c99-bc05-c18b93706feb/amend failed 429: {"error":{"code":"too_many_requests","message":"too many requests"}}
Traceback (most recent call last):
  File "/workspaces/Kalshi_alg/V1.py", line 1674, in requote_worker
    await self.ensure_side_quote("yes", desired_yes_units)
  File "/workspaces/Kalshi_alg/V1.py", line 1468, in ensure_side_quote
    response = await asyncio.to_thread(
               ^^^^^^^^^^^^^^^^^^^^^^^^
  File "/home/codespace/.python/current/lib/python3.12/asyncio/threads.py", line 25, in to_thread
    return await loop.run_in_executor(None, func_call)
           ^^^^^^^^^^^^^^^^^^^^^^^^^^^^^^^^^^^^^^^^^^^
  File "/home/codespace/.python/current/lib/python3.12/concurrent/futures/thread.py", line 58, in run
    result = self.fn(*self.args, **self.kwargs)
             ^^^^^^^^^^^^^^^^^^^^^^^^^^^^^^^^^^
  File "/workspaces/Kalshi_alg/V1.py", line 820, in amend_order
    return self.rest_post(f"{self.api_prefix}/portfolio/orders/{order_id}/amend", body)
           ^^^^^^^^^^^^^^^^^^^^^^^^^^^^^^^^^^^^^^^^^^^^^^^^^^^^^^^^^^^^^^^^^^^^^^^^^^^^
  File "/workspaces/Kalshi_alg/V1.py", line 675, in rest_post
    raise RuntimeError(f"POST {path} failed {response.status_code}: {response.text[:500]}")
RuntimeError: POST /trade-api/v2/portfolio/orders/cf27e605-063a-4c99-bc05-c18b93706feb/amend failed 429: {"error":{"code":"too_many_requests","message":"too many requests"}}
23:56:45 INFO REQUOTE_ERROR | error=POST /trade-api/v2/portfolio/orders/cf27e605-063a-4c99-bc05-c18b93706feb/amend failed 429: {"error":{"code":"too_many_requests","message":"too many requests"}}
Traceback (most recent call last):
  File "/workspaces/Kalshi_alg/V1.py", line 1674, in requote_worker
    await self.ensure_side_quote("yes", desired_yes_units)
  File "/workspaces/Kalshi_alg/V1.py", line 1468, in ensure_side_quote
    response = await asyncio.to_thread(
               ^^^^^^^^^^^^^^^^^^^^^^^^
  File "/home/codespace/.python/current/lib/python3.12/asyncio/threads.py", line 25, in to_thread
    return await loop.run_in_executor(None, func_call)
           ^^^^^^^^^^^^^^^^^^^^^^^^^^^^^^^^^^^^^^^^^^^
  File "/home/codespace/.python/current/lib/python3.12/concurrent/futures/thread.py", line 58, in run
    result = self.fn(*self.args, **self.kwargs)
             ^^^^^^^^^^^^^^^^^^^^^^^^^^^^^^^^^^
  File "/workspaces/Kalshi_alg/V1.py", line 820, in amend_order
    return self.rest_post(f"{self.api_prefix}/portfolio/orders/{order_id}/amend", body)
           ^^^^^^^^^^^^^^^^^^^^^^^^^^^^^^^^^^^^^^^^^^^^^^^^^^^^^^^^^^^^^^^^^^^^^^^^^^^^
  File "/workspaces/Kalshi_alg/V1.py", line 675, in rest_post
    raise RuntimeError(f"POST {path} failed {response.status_code}: {response.text[:500]}")
RuntimeError: POST /trade-api/v2/portfolio/orders/cf27e605-063a-4c99-bc05-c18b93706feb/amend failed 429: {"error":{"code":"too_many_requests","message":"too many requests"}}
23:56:46 INFO REQUOTE_ERROR | error=POST /trade-api/v2/portfolio/orders/cf27e605-063a-4c99-bc05-c18b93706feb/amend failed 429: {"error":{"code":"too_many_requests","message":"too many requests"}}
Traceback (most recent call last):
  File "/workspaces/Kalshi_alg/V1.py", line 1674, in requote_worker
    await self.ensure_side_quote("yes", desired_yes_units)
  File "/workspaces/Kalshi_alg/V1.py", line 1468, in ensure_side_quote
    response = await asyncio.to_thread(
               ^^^^^^^^^^^^^^^^^^^^^^^^
  File "/home/codespace/.python/current/lib/python3.12/asyncio/threads.py", line 25, in to_thread
    return await loop.run_in_executor(None, func_call)
           ^^^^^^^^^^^^^^^^^^^^^^^^^^^^^^^^^^^^^^^^^^^
  File "/home/codespace/.python/current/lib/python3.12/concurrent/futures/thread.py", line 58, in run
    result = self.fn(*self.args, **self.kwargs)
             ^^^^^^^^^^^^^^^^^^^^^^^^^^^^^^^^^^
  File "/workspaces/Kalshi_alg/V1.py", line 820, in amend_order
    return self.rest_post(f"{self.api_prefix}/portfolio/orders/{order_id}/amend", body)
           ^^^^^^^^^^^^^^^^^^^^^^^^^^^^^^^^^^^^^^^^^^^^^^^^^^^^^^^^^^^^^^^^^^^^^^^^^^^^
  File "/workspaces/Kalshi_alg/V1.py", line 675, in rest_post
    raise RuntimeError(f"POST {path} failed {response.status_code}: {response.text[:500]}")
RuntimeError: POST /trade-api/v2/portfolio/orders/cf27e605-063a-4c99-bc05-c18b93706feb/amend failed 429: {"error":{"code":"too_many_requests","message":"too many requests"}}
23:56:46 INFO AMEND_OK | side=yes price_dollars=0.5100 total_fillable_contracts=9.00 order_id=cf27e605-063a-4c99-bc05-c18b93706feb
23:56:47 INFO REQUOTE_ERROR | error=POST /trade-api/v2/portfolio/orders/cf27e605-063a-4c99-bc05-c18b93706feb/amend failed 429: {"error":{"code":"too_many_requests","message":"too many requests"}}
Traceback (most recent call last):
  File "/workspaces/Kalshi_alg/V1.py", line 1674, in requote_worker
    await self.ensure_side_quote("yes", desired_yes_units)
  File "/workspaces/Kalshi_alg/V1.py", line 1468, in ensure_side_quote
    response = await asyncio.to_thread(
               ^^^^^^^^^^^^^^^^^^^^^^^^
  File "/home/codespace/.python/current/lib/python3.12/asyncio/threads.py", line 25, in to_thread
    return await loop.run_in_executor(None, func_call)
           ^^^^^^^^^^^^^^^^^^^^^^^^^^^^^^^^^^^^^^^^^^^
  File "/home/codespace/.python/current/lib/python3.12/concurrent/futures/thread.py", line 58, in run
    result = self.fn(*self.args, **self.kwargs)
             ^^^^^^^^^^^^^^^^^^^^^^^^^^^^^^^^^^
  File "/workspaces/Kalshi_alg/V1.py", line 820, in amend_order
    return self.rest_post(f"{self.api_prefix}/portfolio/orders/{order_id}/amend", body)
           ^^^^^^^^^^^^^^^^^^^^^^^^^^^^^^^^^^^^^^^^^^^^^^^^^^^^^^^^^^^^^^^^^^^^^^^^^^^^
  File "/workspaces/Kalshi_alg/V1.py", line 675, in rest_post
    raise RuntimeError(f"POST {path} failed {response.status_code}: {response.text[:500]}")
RuntimeError: POST /trade-api/v2/portfolio/orders/cf27e605-063a-4c99-bc05-c18b93706feb/amend failed 429: {"error":{"code":"too_many_requests","message":"too many requests"}}
23:56:47 INFO AMEND_OK | side=yes price_dollars=0.5300 total_fillable_contracts=9.00 order_id=cf27e605-063a-4c99-bc05-c18b93706feb
23:56:48 INFO REQUOTE_ERROR | error=POST /trade-api/v2/portfolio/orders/cf27e605-063a-4c99-bc05-c18b93706feb/amend failed 429: {"error":{"code":"too_many_requests","message":"too many requests"}}
Traceback (most recent call last):
  File "/workspaces/Kalshi_alg/V1.py", line 1674, in requote_worker
    await self.ensure_side_quote("yes", desired_yes_units)
  File "/workspaces/Kalshi_alg/V1.py", line 1468, in ensure_side_quote
    response = await asyncio.to_thread(
               ^^^^^^^^^^^^^^^^^^^^^^^^
  File "/home/codespace/.python/current/lib/python3.12/asyncio/threads.py", line 25, in to_thread
    return await loop.run_in_executor(None, func_call)
           ^^^^^^^^^^^^^^^^^^^^^^^^^^^^^^^^^^^^^^^^^^^
  File "/home/codespace/.python/current/lib/python3.12/concurrent/futures/thread.py", line 58, in run
    result = self.fn(*self.args, **self.kwargs)
             ^^^^^^^^^^^^^^^^^^^^^^^^^^^^^^^^^^
  File "/workspaces/Kalshi_alg/V1.py", line 820, in amend_order
    return self.rest_post(f"{self.api_prefix}/portfolio/orders/{order_id}/amend", body)
           ^^^^^^^^^^^^^^^^^^^^^^^^^^^^^^^^^^^^^^^^^^^^^^^^^^^^^^^^^^^^^^^^^^^^^^^^^^^^
  File "/workspaces/Kalshi_alg/V1.py", line 675, in rest_post
    raise RuntimeError(f"POST {path} failed {response.status_code}: {response.text[:500]}")
RuntimeError: POST /trade-api/v2/portfolio/orders/cf27e605-063a-4c99-bc05-c18b93706feb/amend failed 429: {"error":{"code":"too_many_requests","message":"too many requests"}}
23:56:48 INFO REQUOTE_ERROR | error=POST /trade-api/v2/portfolio/orders/cf27e605-063a-4c99-bc05-c18b93706feb/amend failed 429: {"error":{"code":"too_many_requests","message":"too many requests"}}
Traceback (most recent call last):
  File "/workspaces/Kalshi_alg/V1.py", line 1674, in requote_worker
    await self.ensure_side_quote("yes", desired_yes_units)
  File "/workspaces/Kalshi_alg/V1.py", line 1468, in ensure_side_quote
    response = await asyncio.to_thread(
               ^^^^^^^^^^^^^^^^^^^^^^^^
  File "/home/codespace/.python/current/lib/python3.12/asyncio/threads.py", line 25, in to_thread
    return await loop.run_in_executor(None, func_call)
           ^^^^^^^^^^^^^^^^^^^^^^^^^^^^^^^^^^^^^^^^^^^
  File "/home/codespace/.python/current/lib/python3.12/concurrent/futures/thread.py", line 58, in run
    result = self.fn(*self.args, **self.kwargs)
             ^^^^^^^^^^^^^^^^^^^^^^^^^^^^^^^^^^
  File "/workspaces/Kalshi_alg/V1.py", line 820, in amend_order
    return self.rest_post(f"{self.api_prefix}/portfolio/orders/{order_id}/amend", body)
           ^^^^^^^^^^^^^^^^^^^^^^^^^^^^^^^^^^^^^^^^^^^^^^^^^^^^^^^^^^^^^^^^^^^^^^^^^^^^
  File "/workspaces/Kalshi_alg/V1.py", line 675, in rest_post
    raise RuntimeError(f"POST {path} failed {response.status_code}: {response.text[:500]}")
RuntimeError: POST /trade-api/v2/portfolio/orders/cf27e605-063a-4c99-bc05-c18b93706feb/amend failed 429: {"error":{"code":"too_many_requests","message":"too many requests"}}
23:56:48 INFO AMEND_OK | side=yes price_dollars=0.3100 total_fillable_contracts=15.00 order_id=cf27e605-063a-4c99-bc05-c18b93706feb
23:56:49 INFO AMEND_OK | side=yes price_dollars=0.3200 total_fillable_contracts=15.00 order_id=cf27e605-063a-4c99-bc05-c18b93706feb
23:56:49 INFO QUEUE_POSITION | side=yes order_id=cf27e605-063a-4c99-bc05-c18b93706feb ahead_contracts=0.00
23:56:50 INFO AMEND_OK | side=yes price_dollars=0.3400 total_fillable_contracts=14.00 order_id=cf27e605-063a-4c99-bc05-c18b93706feb
23:56:51 INFO AMEND_OK | side=yes price_dollars=0.5000 total_fillable_contracts=9.00 order_id=cf27e605-063a-4c99-bc05-c18b93706feb
23:56:54 INFO AMEND_OK | side=yes price_dollars=0.5100 total_fillable_contracts=9.00 order_id=cf27e605-063a-4c99-bc05-c18b93706feb
23:56:59 INFO AMEND_OK | side=yes price_dollars=0.5300 total_fillable_contracts=9.00 order_id=cf27e605-063a-4c99-bc05-c18b93706feb
23:57:05 INFO QUEUE_POSITION | side=yes order_id=cf27e605-063a-4c99-bc05-c18b93706feb ahead_contracts=0.00
23:57:13 INFO AMEND_OK | side=yes price_dollars=0.5200 total_fillable_contracts=9.00 order_id=cf27e605-063a-4c99-bc05-c18b93706feb
23:57:14 INFO AMEND_OK | side=yes price_dollars=0.5100 total_fillable_contracts=9.00 order_id=cf27e605-063a-4c99-bc05-c18b93706feb
23:57:15 INFO AMEND_OK | side=yes price_dollars=0.5000 total_fillable_contracts=9.00 order_id=cf27e605-063a-4c99-bc05-c18b93706feb
23:57:20 INFO QUEUE_POSITION | side=yes order_id=cf27e605-063a-4c99-bc05-c18b93706feb ahead_contracts=0.00
23:57:31 INFO AMEND_OK | side=yes price_dollars=0.5200 total_fillable_contracts=9.00 order_id=cf27e605-063a-4c99-bc05-c18b93706feb
23:57:35 INFO QUEUE_POSITION | side=yes order_id=cf27e605-063a-4c99-bc05-c18b93706feb ahead_contracts=57.00
23:57:50 INFO QUEUE_POSITION | side=yes order_id=cf27e605-063a-4c99-bc05-c18b93706feb ahead_contracts=38.00
23:58:05 INFO QUEUE_POSITION | side=yes order_id=cf27e605-063a-4c99-bc05-c18b93706feb ahead_contracts=38.00
23:58:20 INFO QUEUE_POSITION | side=yes order_id=cf27e605-063a-4c99-bc05-c18b93706feb ahead_contracts=0.00
23:58:28 INFO AMEND_OK | side=yes price_dollars=0.5100 total_fillable_contracts=9.00 order_id=cf27e605-063a-4c99-bc05-c18b93706feb
23:58:29 INFO AMEND_OK | side=yes price_dollars=0.5000 total_fillable_contracts=9.00 order_id=cf27e605-063a-4c99-bc05-c18b93706feb
23:58:30 INFO AMEND_OK | side=yes price_dollars=0.4500 total_fillable_contracts=11.00 order_id=cf27e605-063a-4c99-bc05-c18b93706feb
23:58:31 INFO AMEND_OK | side=yes price_dollars=0.4600 total_fillable_contracts=10.00 order_id=cf27e605-063a-4c99-bc05-c18b93706feb
23:58:35 INFO QUEUE_POSITION | side=yes order_id=cf27e605-063a-4c99-bc05-c18b93706feb ahead_contracts=0.00
23:58:42 INFO AMEND_OK | side=yes price_dollars=0.4500 total_fillable_contracts=11.00 order_id=cf27e605-063a-4c99-bc05-c18b93706feb
23:58:43 INFO REQUOTE_ERROR | error=POST /trade-api/v2/portfolio/orders/cf27e605-063a-4c99-bc05-c18b93706feb/amend failed 429: {"error":{"code":"too_many_requests","message":"too many requests"}}
Traceback (most recent call last):
  File "/workspaces/Kalshi_alg/V1.py", line 1674, in requote_worker
    await self.ensure_side_quote("yes", desired_yes_units)
  File "/workspaces/Kalshi_alg/V1.py", line 1468, in ensure_side_quote
    response = await asyncio.to_thread(
               ^^^^^^^^^^^^^^^^^^^^^^^^
  File "/home/codespace/.python/current/lib/python3.12/asyncio/threads.py", line 25, in to_thread
    return await loop.run_in_executor(None, func_call)
           ^^^^^^^^^^^^^^^^^^^^^^^^^^^^^^^^^^^^^^^^^^^
  File "/home/codespace/.python/current/lib/python3.12/concurrent/futures/thread.py", line 58, in run
    result = self.fn(*self.args, **self.kwargs)
             ^^^^^^^^^^^^^^^^^^^^^^^^^^^^^^^^^^
  File "/workspaces/Kalshi_alg/V1.py", line 820, in amend_order
    return self.rest_post(f"{self.api_prefix}/portfolio/orders/{order_id}/amend", body)
           ^^^^^^^^^^^^^^^^^^^^^^^^^^^^^^^^^^^^^^^^^^^^^^^^^^^^^^^^^^^^^^^^^^^^^^^^^^^^
  File "/workspaces/Kalshi_alg/V1.py", line 675, in rest_post
    raise RuntimeError(f"POST {path} failed {response.status_code}: {response.text[:500]}")
RuntimeError: POST /trade-api/v2/portfolio/orders/cf27e605-063a-4c99-bc05-c18b93706feb/amend failed 429: {"error":{"code":"too_many_requests","message":"too many requests"}}
23:58:43 INFO REQUOTE_ERROR | error=POST /trade-api/v2/portfolio/orders/cf27e605-063a-4c99-bc05-c18b93706feb/amend failed 429: {"error":{"code":"too_many_requests","message":"too many requests"}}
Traceback (most recent call last):
  File "/workspaces/Kalshi_alg/V1.py", line 1674, in requote_worker
    await self.ensure_side_quote("yes", desired_yes_units)
  File "/workspaces/Kalshi_alg/V1.py", line 1468, in ensure_side_quote
    response = await asyncio.to_thread(
               ^^^^^^^^^^^^^^^^^^^^^^^^
  File "/home/codespace/.python/current/lib/python3.12/asyncio/threads.py", line 25, in to_thread
    return await loop.run_in_executor(None, func_call)
           ^^^^^^^^^^^^^^^^^^^^^^^^^^^^^^^^^^^^^^^^^^^
  File "/home/codespace/.python/current/lib/python3.12/concurrent/futures/thread.py", line 58, in run
    result = self.fn(*self.args, **self.kwargs)
             ^^^^^^^^^^^^^^^^^^^^^^^^^^^^^^^^^^
  File "/workspaces/Kalshi_alg/V1.py", line 820, in amend_order
    return self.rest_post(f"{self.api_prefix}/portfolio/orders/{order_id}/amend", body)
           ^^^^^^^^^^^^^^^^^^^^^^^^^^^^^^^^^^^^^^^^^^^^^^^^^^^^^^^^^^^^^^^^^^^^^^^^^^^^
  File "/workspaces/Kalshi_alg/V1.py", line 675, in rest_post
    raise RuntimeError(f"POST {path} failed {response.status_code}: {response.text[:500]}")
RuntimeError: POST /trade-api/v2/portfolio/orders/cf27e605-063a-4c99-bc05-c18b93706feb/amend failed 429: {"error":{"code":"too_many_requests","message":"too many requests"}}
23:58:44 INFO AMEND_OK | side=yes price_dollars=0.4400 total_fillable_contracts=11.00 order_id=cf27e605-063a-4c99-bc05-c18b93706feb
23:58:45 INFO AMEND_OK | side=yes price_dollars=0.4300 total_fillable_contracts=11.00 order_id=cf27e605-063a-4c99-bc05-c18b93706feb
23:58:49 INFO AMEND_OK | side=yes price_dollars=0.4200 total_fillable_contracts=11.00 order_id=cf27e605-063a-4c99-bc05-c18b93706feb
23:58:50 INFO QUEUE_POSITION | side=yes order_id=cf27e605-063a-4c99-bc05-c18b93706feb ahead_contracts=0.00
23:58:51 INFO AMEND_OK | side=yes price_dollars=0.4100 total_fillable_contracts=12.00 order_id=cf27e605-063a-4c99-bc05-c18b93706feb
23:59:05 INFO QUEUE_POSITION | side=yes order_id=cf27e605-063a-4c99-bc05-c18b93706feb ahead_contracts=0.00
23:59:12 INFO AMEND_OK | side=yes price_dollars=0.4300 total_fillable_contracts=11.00 order_id=cf27e605-063a-4c99-bc05-c18b93706feb
23:59:20 INFO QUEUE_POSITION | side=yes order_id=cf27e605-063a-4c99-bc05-c18b93706feb ahead_contracts=34.00
23:59:30 INFO AMEND_OK | side=yes price_dollars=0.4100 total_fillable_contracts=12.00 order_id=cf27e605-063a-4c99-bc05-c18b93706feb
23:59:35 INFO QUEUE_POSITION | side=yes order_id=cf27e605-063a-4c99-bc05-c18b93706feb ahead_contracts=0.00
23:59:36 INFO AMEND_OK | side=yes price_dollars=0.4000 total_fillable_contracts=12.00 order_id=cf27e605-063a-4c99-bc05-c18b93706feb
23:59:40 INFO AMEND_OK | side=yes price_dollars=0.4200 total_fillable_contracts=11.00 order_id=cf27e605-063a-4c99-bc05-c18b93706feb
23:59:41 INFO AMEND_OK | side=yes price_dollars=0.4100 total_fillable_contracts=12.00 order_id=cf27e605-063a-4c99-bc05-c18b93706feb
23:59:50 INFO QUEUE_POSITION | side=yes order_id=cf27e605-063a-4c99-bc05-c18b93706feb ahead_contracts=70.00
23:59:59 INFO CANCEL_REQUESTED | side=yes reason=refresh_expiring_quote order_id=cf27e605-063a-4c99-bc05-c18b93706feb
23:59:59 INFO ORDER_NOT_RESTING | side=yes status=canceled order_id=cf27e605-063a-4c99-bc05-c18b93706feb
23:59:59 INFO CREATE_OK | side=yes price_dollars=0.4100 remaining_contracts=12.00 order_id=b6a9f575-bca4-4816-9e5f-735f792670a0
00:00:00 INFO AMEND_OK | side=yes price_dollars=0.4200 total_fillable_contracts=11.00 order_id=b6a9f575-bca4-4816-9e5f-735f792670a0
00:00:01 INFO AMEND_OK | side=yes price_dollars=0.4300 total_fillable_contracts=11.00 order_id=b6a9f575-bca4-4816-9e5f-735f792670a0
00:00:02 INFO AMEND_OK | side=yes price_dollars=0.4200 total_fillable_contracts=11.00 order_id=b6a9f575-bca4-4816-9e5f-735f792670a0
00:00:03 INFO AMEND_OK | side=yes price_dollars=0.4300 total_fillable_contracts=11.00 order_id=b6a9f575-bca4-4816-9e5f-735f792670a0
00:00:04 INFO AMEND_OK | side=yes price_dollars=0.4500 total_fillable_contracts=11.00 order_id=b6a9f575-bca4-4816-9e5f-735f792670a0
00:00:05 INFO AMEND_OK | side=yes price_dollars=0.4000 total_fillable_contracts=12.00 order_id=b6a9f575-bca4-4816-9e5f-735f792670a0
00:00:05 INFO CREATE_OK | side=no price_dollars=0.5200 remaining_contracts=9.00 order_id=3d655048-bd07-4d57-a04e-a8e745dfb246
00:00:05 INFO QUEUE_POSITION | side=yes order_id=b6a9f575-bca4-4816-9e5f-735f792670a0 ahead_contracts=70.00
00:00:05 INFO QUEUE_POSITION | side=no order_id=3d655048-bd07-4d57-a04e-a8e745dfb246 ahead_contracts=19.00
00:00:06 INFO AMEND_OK | side=yes price_dollars=0.3900 total_fillable_contracts=12.00 order_id=b6a9f575-bca4-4816-9e5f-735f792670a0
00:00:07 INFO AMEND_OK | side=no price_dollars=0.5300 total_fillable_contracts=9.00 order_id=3d655048-bd07-4d57-a04e-a8e745dfb246
00:00:08 INFO AMEND_OK | side=no price_dollars=0.5100 total_fillable_contracts=9.00 order_id=3d655048-bd07-4d57-a04e-a8e745dfb246
00:00:09 INFO AMEND_OK | side=no price_dollars=0.5300 total_fillable_contracts=9.00 order_id=3d655048-bd07-4d57-a04e-a8e745dfb246
00:00:10 INFO AMEND_OK | side=no price_dollars=0.5100 total_fillable_contracts=9.00 order_id=3d655048-bd07-4d57-a04e-a8e745dfb246
00:00:11 INFO AMEND_OK | side=no price_dollars=0.5300 total_fillable_contracts=9.00 order_id=3d655048-bd07-4d57-a04e-a8e745dfb246
00:00:17 INFO AMEND_OK | side=no price_dollars=0.5200 total_fillable_contracts=9.00 order_id=3d655048-bd07-4d57-a04e-a8e745dfb246
00:00:18 INFO AMEND_OK | side=yes price_dollars=0.4000 total_fillable_contracts=12.00 order_id=b6a9f575-bca4-4816-9e5f-735f792670a0
00:00:18 INFO AMEND_OK | side=no price_dollars=0.3900 total_fillable_contracts=12.00 order_id=3d655048-bd07-4d57-a04e-a8e745dfb246
00:00:19 INFO AMEND_OK | side=yes price_dollars=0.4200 total_fillable_contracts=11.00 order_id=b6a9f575-bca4-4816-9e5f-735f792670a0
00:00:19 INFO AMEND_OK | side=no price_dollars=0.4100 total_fillable_contracts=12.00 order_id=3d655048-bd07-4d57-a04e-a8e745dfb246
00:00:20 INFO QUEUE_POSITION | side=yes order_id=b6a9f575-bca4-4816-9e5f-735f792670a0 ahead_contracts=5.00
00:00:20 INFO QUEUE_POSITION | side=no order_id=3d655048-bd07-4d57-a04e-a8e745dfb246 ahead_contracts=0.00
00:00:20 INFO AMEND_OK | side=yes price_dollars=0.4300 total_fillable_contracts=11.00 order_id=b6a9f575-bca4-4816-9e5f-735f792670a0
00:00:21 INFO AMEND_OK | side=yes price_dollars=0.4400 total_fillable_contracts=11.00 order_id=b6a9f575-bca4-4816-9e5f-735f792670a0
00:00:21 INFO AMEND_OK | side=no price_dollars=0.4200 total_fillable_contracts=11.00 order_id=3d655048-bd07-4d57-a04e-a8e745dfb246
00:00:22 INFO AMEND_OK | side=yes price_dollars=0.4500 total_fillable_contracts=11.00 order_id=b6a9f575-bca4-4816-9e5f-735f792670a0
00:00:23 INFO AMEND_OK | side=yes price_dollars=0.4400 total_fillable_contracts=11.00 order_id=b6a9f575-bca4-4816-9e5f-735f792670a0
00:00:24 INFO AMEND_OK | side=no price_dollars=0.4400 total_fillable_contracts=11.00 order_id=3d655048-bd07-4d57-a04e-a8e745dfb246
00:00:25 INFO AMEND_OK | side=yes price_dollars=0.4300 total_fillable_contracts=11.00 order_id=b6a9f575-bca4-4816-9e5f-735f792670a0
00:00:26 INFO AMEND_OK | side=no price_dollars=0.4500 total_fillable_contracts=11.00 order_id=3d655048-bd07-4d57-a04e-a8e745dfb246
00:00:27 INFO AMEND_OK | side=yes price_dollars=0.4400 total_fillable_contracts=11.00 order_id=b6a9f575-bca4-4816-9e5f-735f792670a0
00:00:27 INFO AMEND_OK | side=no price_dollars=0.4600 total_fillable_contracts=10.00 order_id=3d655048-bd07-4d57-a04e-a8e745dfb246
00:00:28 INFO AMEND_OK | side=yes price_dollars=0.4300 total_fillable_contracts=11.00 order_id=b6a9f575-bca4-4816-9e5f-735f792670a0
00:00:28 INFO AMEND_OK | side=no price_dollars=0.4500 total_fillable_contracts=11.00 order_id=3d655048-bd07-4d57-a04e-a8e745dfb246
00:00:32 INFO AMEND_OK | side=no price_dollars=0.4900 total_fillable_contracts=10.00 order_id=3d655048-bd07-4d57-a04e-a8e745dfb246
00:00:33 INFO AMEND_OK | side=no price_dollars=0.4800 total_fillable_contracts=10.00 order_id=3d655048-bd07-4d57-a04e-a8e745dfb246
00:00:34 INFO AMEND_OK | side=no price_dollars=0.5000 total_fillable_contracts=9.00 order_id=3d655048-bd07-4d57-a04e-a8e745dfb246
00:00:35 INFO AMEND_OK | side=no price_dollars=0.5100 total_fillable_contracts=9.00 order_id=3d655048-bd07-4d57-a04e-a8e745dfb246
00:00:35 INFO QUEUE_POSITION | side=yes order_id=b6a9f575-bca4-4816-9e5f-735f792670a0 ahead_contracts=0.00
00:00:35 INFO QUEUE_POSITION | side=no order_id=3d655048-bd07-4d57-a04e-a8e745dfb246 ahead_contracts=0.00
00:00:37 INFO AMEND_OK | side=yes price_dollars=0.4200 total_fillable_contracts=11.00 order_id=b6a9f575-bca4-4816-9e5f-735f792670a0
00:00:38 INFO AMEND_OK | side=yes price_dollars=0.4100 total_fillable_contracts=12.00 order_id=b6a9f575-bca4-4816-9e5f-735f792670a0
00:00:38 INFO AMEND_OK | side=no price_dollars=0.5300 total_fillable_contracts=9.00 order_id=3d655048-bd07-4d57-a04e-a8e745dfb246
00:00:39 INFO AMEND_OK | side=yes price_dollars=0.4000 total_fillable_contracts=12.00 order_id=b6a9f575-bca4-4816-9e5f-735f792670a0
00:00:39 INFO AMEND_OK | side=no price_dollars=0.5200 total_fillable_contracts=9.00 order_id=3d655048-bd07-4d57-a04e-a8e745dfb246
00:00:40 INFO ORDER_NOT_RESTING | side=yes status=executed order_id=b6a9f575-bca4-4816-9e5f-735f792670a0
00:00:40 INFO CREATE_OK | side=yes price_dollars=0.4000 remaining_contracts=12.00 order_id=1726a5d7-6971-405d-94a1-d27083d687c4
00:00:41 INFO AMEND_OK | side=yes price_dollars=0.3800 total_fillable_contracts=13.00 order_id=1726a5d7-6971-405d-94a1-d27083d687c4
00:00:45 INFO AMEND_OK | side=yes price_dollars=0.3900 total_fillable_contracts=12.00 order_id=1726a5d7-6971-405d-94a1-d27083d687c4
00:00:47 INFO AMEND_OK | side=yes price_dollars=0.4000 total_fillable_contracts=12.00 order_id=1726a5d7-6971-405d-94a1-d27083d687c4
00:00:48 INFO AMEND_OK | side=yes price_dollars=0.4100 total_fillable_contracts=12.00 order_id=1726a5d7-6971-405d-94a1-d27083d687c4
00:00:50 INFO QUEUE_POSITION | side=yes order_id=1726a5d7-6971-405d-94a1-d27083d687c4 ahead_contracts=9.00
00:00:50 INFO QUEUE_POSITION | side=no order_id=3d655048-bd07-4d57-a04e-a8e745dfb246 ahead_contracts=0.00
00:01:05 INFO QUEUE_POSITION | side=yes order_id=1726a5d7-6971-405d-94a1-d27083d687c4 ahead_contracts=0.00
00:01:05 INFO QUEUE_POSITION | side=no order_id=3d655048-bd07-4d57-a04e-a8e745dfb246 ahead_contracts=0.00
00:01:20 INFO QUEUE_POSITION | side=yes order_id=1726a5d7-6971-405d-94a1-d27083d687c4 ahead_contracts=0.00
00:01:20 INFO QUEUE_POSITION | side=no order_id=3d655048-bd07-4d57-a04e-a8e745dfb246 ahead_contracts=0.00
00:01:36 INFO QUEUE_POSITION | side=yes order_id=1726a5d7-6971-405d-94a1-d27083d687c4 ahead_contracts=0.00
00:01:36 INFO QUEUE_POSITION | side=no order_id=3d655048-bd07-4d57-a04e-a8e745dfb246 ahead_contracts=0.00
00:01:45 INFO ORDER_NOT_RESTING | side=no status=executed order_id=3d655048-bd07-4d57-a04e-a8e745dfb246
00:01:45 INFO AMEND_OK | side=yes price_dollars=0.4300 total_fillable_contracts=11.00 order_id=1726a5d7-6971-405d-94a1-d27083d687c4
00:01:45 INFO CREATE_OK | side=no price_dollars=0.5300 remaining_contracts=9.00 order_id=2ab80674-e9ea-4523-a1f1-a8cd733daaf3
00:01:46 INFO AMEND_OK | side=yes price_dollars=0.4200 total_fillable_contracts=11.00 order_id=1726a5d7-6971-405d-94a1-d27083d687c4
00:01:46 INFO AMEND_OK | side=no price_dollars=0.5200 total_fillable_contracts=9.00 order_id=2ab80674-e9ea-4523-a1f1-a8cd733daaf3
00:01:51 INFO QUEUE_POSITION | side=yes order_id=1726a5d7-6971-405d-94a1-d27083d687c4 ahead_contracts=70.00
00:01:51 INFO QUEUE_POSITION | side=no order_id=2ab80674-e9ea-4523-a1f1-a8cd733daaf3 ahead_contracts=0.00
00:01:57 INFO AMEND_OK | side=no price_dollars=0.5100 total_fillable_contracts=9.00 order_id=2ab80674-e9ea-4523-a1f1-a8cd733daaf3
00:02:03 INFO AMEND_OK | side=yes price_dollars=0.4300 total_fillable_contracts=11.00 order_id=1726a5d7-6971-405d-94a1-d27083d687c4
00:02:03 INFO AMEND_OK | side=no price_dollars=0.5000 total_fillable_contracts=9.00 order_id=2ab80674-e9ea-4523-a1f1-a8cd733daaf3
00:02:04 INFO AMEND_OK | side=no price_dollars=0.4900 total_fillable_contracts=10.00 order_id=2ab80674-e9ea-4523-a1f1-a8cd733daaf3
00:02:05 INFO AMEND_OK | side=no price_dollars=0.4800 total_fillable_contracts=10.00 order_id=2ab80674-e9ea-4523-a1f1-a8cd733daaf3
00:02:06 INFO QUEUE_POSITION | side=yes order_id=1726a5d7-6971-405d-94a1-d27083d687c4 ahead_contracts=0.00
00:02:06 INFO QUEUE_POSITION | side=no order_id=2ab80674-e9ea-4523-a1f1-a8cd733daaf3 ahead_contracts=0.00
00:02:10 INFO AMEND_OK | side=no price_dollars=0.4700 total_fillable_contracts=10.00 order_id=2ab80674-e9ea-4523-a1f1-a8cd733daaf3
00:02:11 INFO AMEND_OK | side=yes price_dollars=0.4400 total_fillable_contracts=11.00 order_id=1726a5d7-6971-405d-94a1-d27083d687c4
00:02:11 INFO AMEND_OK | side=no price_dollars=0.4600 total_fillable_contracts=10.00 order_id=2ab80674-e9ea-4523-a1f1-a8cd733daaf3
00:02:12 INFO AMEND_OK | side=no price_dollars=0.4500 total_fillable_contracts=11.00 order_id=2ab80674-e9ea-4523-a1f1-a8cd733daaf3
00:02:13 INFO AMEND_OK | side=no price_dollars=0.4400 total_fillable_contracts=11.00 order_id=2ab80674-e9ea-4523-a1f1-a8cd733daaf3
00:02:14 INFO AMEND_OK | side=no price_dollars=0.4300 total_fillable_contracts=11.00 order_id=2ab80674-e9ea-4523-a1f1-a8cd733daaf3
00:02:15 INFO AMEND_OK | side=no price_dollars=0.4200 total_fillable_contracts=11.00 order_id=2ab80674-e9ea-4523-a1f1-a8cd733daaf3
00:02:21 INFO QUEUE_POSITION | side=yes order_id=1726a5d7-6971-405d-94a1-d27083d687c4 ahead_contracts=0.00
00:02:21 INFO QUEUE_POSITION | side=no order_id=2ab80674-e9ea-4523-a1f1-a8cd733daaf3 ahead_contracts=0.00
00:02:24 INFO AMEND_OK | side=yes price_dollars=0.4500 total_fillable_contracts=11.00 order_id=1726a5d7-6971-405d-94a1-d27083d687c4
00:02:24 INFO AMEND_OK | side=no price_dollars=0.4400 total_fillable_contracts=11.00 order_id=2ab80674-e9ea-4523-a1f1-a8cd733daaf3
00:02:36 INFO QUEUE_POSITION | side=yes order_id=1726a5d7-6971-405d-94a1-d27083d687c4 ahead_contracts=0.00
00:02:36 INFO QUEUE_POSITION | side=no order_id=2ab80674-e9ea-4523-a1f1-a8cd733daaf3 ahead_contracts=21.00
00:02:44 INFO AMEND_OK | side=yes price_dollars=0.4400 total_fillable_contracts=11.00 order_id=1726a5d7-6971-405d-94a1-d27083d687c4
00:02:44 INFO AMEND_OK | side=no price_dollars=0.5100 total_fillable_contracts=9.00 order_id=2ab80674-e9ea-4523-a1f1-a8cd733daaf3
00:02:45 INFO AMEND_OK | side=yes price_dollars=0.3900 total_fillable_contracts=12.00 order_id=1726a5d7-6971-405d-94a1-d27083d687c4
00:02:50 INFO AMEND_OK | side=yes price_dollars=0.4000 total_fillable_contracts=12.00 order_id=1726a5d7-6971-405d-94a1-d27083d687c4
00:02:51 INFO QUEUE_POSITION | side=yes order_id=1726a5d7-6971-405d-94a1-d27083d687c4 ahead_contracts=55.00
00:02:51 INFO QUEUE_POSITION | side=no order_id=2ab80674-e9ea-4523-a1f1-a8cd733daaf3 ahead_contracts=0.00
00:02:57 INFO AMEND_OK | side=no price_dollars=0.5000 total_fillable_contracts=9.00 order_id=2ab80674-e9ea-4523-a1f1-a8cd733daaf3
00:02:58 INFO AMEND_OK | side=no price_dollars=0.4900 total_fillable_contracts=10.00 order_id=2ab80674-e9ea-4523-a1f1-a8cd733daaf3
00:02:59 INFO AMEND_OK | side=no price_dollars=0.5200 total_fillable_contracts=9.00 order_id=2ab80674-e9ea-4523-a1f1-a8cd733daaf3
00:03:00 INFO AMEND_OK | side=yes price_dollars=0.3900 total_fillable_contracts=12.00 order_id=1726a5d7-6971-405d-94a1-d27083d687c4
00:03:00 INFO AMEND_OK | side=no price_dollars=0.5600 total_fillable_contracts=8.00 order_id=2ab80674-e9ea-4523-a1f1-a8cd733daaf3
00:03:01 INFO AMEND_OK | side=yes price_dollars=0.3800 total_fillable_contracts=13.00 order_id=1726a5d7-6971-405d-94a1-d27083d687c4
00:03:01 INFO AMEND_OK | side=no price_dollars=0.4600 total_fillable_contracts=10.00 order_id=2ab80674-e9ea-4523-a1f1-a8cd733daaf3
00:03:02 INFO AMEND_OK | side=yes price_dollars=0.3900 total_fillable_contracts=12.00 order_id=1726a5d7-6971-405d-94a1-d27083d687c4
00:03:02 INFO AMEND_OK | side=no price_dollars=0.5000 total_fillable_contracts=9.00 order_id=2ab80674-e9ea-4523-a1f1-a8cd733daaf3
00:03:03 INFO AMEND_OK | side=yes price_dollars=0.3800 total_fillable_contracts=13.00 order_id=1726a5d7-6971-405d-94a1-d27083d687c4
00:03:03 INFO AMEND_OK | side=no price_dollars=0.5400 total_fillable_contracts=9.00 order_id=2ab80674-e9ea-4523-a1f1-a8cd733daaf3
00:03:05 INFO AMEND_OK | side=no price_dollars=0.4500 total_fillable_contracts=11.00 order_id=2ab80674-e9ea-4523-a1f1-a8cd733daaf3
00:03:06 INFO QUEUE_POSITION | side=yes order_id=1726a5d7-6971-405d-94a1-d27083d687c4 ahead_contracts=0.00
00:03:06 INFO QUEUE_POSITION | side=no order_id=2ab80674-e9ea-4523-a1f1-a8cd733daaf3 ahead_contracts=0.00
00:03:06 INFO AMEND_OK | side=yes price_dollars=0.3900 total_fillable_contracts=12.00 order_id=1726a5d7-6971-405d-94a1-d27083d687c4
00:03:06 INFO AMEND_OK | side=no price_dollars=0.5000 total_fillable_contracts=9.00 order_id=2ab80674-e9ea-4523-a1f1-a8cd733daaf3
00:03:07 INFO AMEND_OK | side=yes price_dollars=0.4000 total_fillable_contracts=12.00 order_id=1726a5d7-6971-405d-94a1-d27083d687c4
00:03:07 INFO AMEND_OK | side=no price_dollars=0.5200 total_fillable_contracts=9.00 order_id=2ab80674-e9ea-4523-a1f1-a8cd733daaf3
00:03:10 INFO AMEND_OK | side=yes price_dollars=0.3200 total_fillable_contracts=15.00 order_id=1726a5d7-6971-405d-94a1-d27083d687c4
00:03:11 INFO AMEND_OK | side=yes price_dollars=0.3400 total_fillable_contracts=14.00 order_id=1726a5d7-6971-405d-94a1-d27083d687c4
00:03:12 INFO AMEND_OK | side=no price_dollars=0.5300 total_fillable_contracts=9.00 order_id=2ab80674-e9ea-4523-a1f1-a8cd733daaf3
00:03:13 INFO AMEND_OK | side=yes price_dollars=0.3900 total_fillable_contracts=12.00 order_id=1726a5d7-6971-405d-94a1-d27083d687c4
00:03:14 INFO AMEND_OK | side=yes price_dollars=0.3800 total_fillable_contracts=13.00 order_id=1726a5d7-6971-405d-94a1-d27083d687c4
00:03:20 INFO AMEND_OK | side=yes price_dollars=0.3900 total_fillable_contracts=12.00 order_id=1726a5d7-6971-405d-94a1-d27083d687c4
00:03:21 INFO AMEND_OK | side=yes price_dollars=0.4000 total_fillable_contracts=12.00 order_id=1726a5d7-6971-405d-94a1-d27083d687c4
00:03:21 INFO QUEUE_POSITION | side=yes order_id=1726a5d7-6971-405d-94a1-d27083d687c4 ahead_contracts=70.00
00:03:21 INFO QUEUE_POSITION | side=no order_id=2ab80674-e9ea-4523-a1f1-a8cd733daaf3 ahead_contracts=0.00
00:03:23 INFO AMEND_OK | side=yes price_dollars=0.3900 total_fillable_contracts=12.00 order_id=1726a5d7-6971-405d-94a1-d27083d687c4
00:03:23 INFO AMEND_OK | side=no price_dollars=0.5100 total_fillable_contracts=9.00 order_id=2ab80674-e9ea-4523-a1f1-a8cd733daaf3
00:03:24 INFO AMEND_OK | side=yes price_dollars=0.4000 total_fillable_contracts=12.00 order_id=1726a5d7-6971-405d-94a1-d27083d687c4
00:03:24 INFO AMEND_OK | side=no price_dollars=0.5300 total_fillable_contracts=9.00 order_id=2ab80674-e9ea-4523-a1f1-a8cd733daaf3
00:03:28 INFO AMEND_OK | side=yes price_dollars=0.3900 total_fillable_contracts=12.00 order_id=1726a5d7-6971-405d-94a1-d27083d687c4
00:03:29 INFO AMEND_OK | side=yes price_dollars=0.3800 total_fillable_contracts=13.00 order_id=1726a5d7-6971-405d-94a1-d27083d687c4
00:03:36 INFO QUEUE_POSITION | side=yes order_id=1726a5d7-6971-405d-94a1-d27083d687c4 ahead_contracts=0.00
00:03:36 INFO QUEUE_POSITION | side=no order_id=2ab80674-e9ea-4523-a1f1-a8cd733daaf3 ahead_contracts=0.00
00:03:38 INFO AMEND_OK | side=yes price_dollars=0.3700 total_fillable_contracts=13.00 order_id=1726a5d7-6971-405d-94a1-d27083d687c4
00:03:38 INFO AMEND_OK | side=no price_dollars=0.5200 total_fillable_contracts=9.00 order_id=2ab80674-e9ea-4523-a1f1-a8cd733daaf3
00:03:39 INFO AMEND_OK | side=yes price_dollars=0.3600 total_fillable_contracts=13.00 order_id=1726a5d7-6971-405d-94a1-d27083d687c4
00:03:39 INFO AMEND_OK | side=no price_dollars=0.5100 total_fillable_contracts=9.00 order_id=2ab80674-e9ea-4523-a1f1-a8cd733daaf3
00:03:40 INFO AMEND_OK | side=no price_dollars=0.5000 total_fillable_contracts=9.00 order_id=2ab80674-e9ea-4523-a1f1-a8cd733daaf3
00:03:42 INFO AMEND_OK | side=no price_dollars=0.4900 total_fillable_contracts=10.00 order_id=2ab80674-e9ea-4523-a1f1-a8cd733daaf3
00:03:43 INFO AMEND_OK | side=no price_dollars=0.4800 total_fillable_contracts=10.00 order_id=2ab80674-e9ea-4523-a1f1-a8cd733daaf3
00:03:44 INFO AMEND_OK | side=no price_dollars=0.4700 total_fillable_contracts=10.00 order_id=2ab80674-e9ea-4523-a1f1-a8cd733daaf3
00:03:48 INFO AMEND_OK | side=no price_dollars=0.4600 total_fillable_contracts=10.00 order_id=2ab80674-e9ea-4523-a1f1-a8cd733daaf3
00:03:49 INFO AMEND_OK | side=no price_dollars=0.4500 total_fillable_contracts=11.00 order_id=2ab80674-e9ea-4523-a1f1-a8cd733daaf3
00:03:50 INFO AMEND_OK | side=no price_dollars=0.4400 total_fillable_contracts=11.00 order_id=2ab80674-e9ea-4523-a1f1-a8cd733daaf3
00:03:51 INFO QUEUE_POSITION | side=yes order_id=1726a5d7-6971-405d-94a1-d27083d687c4 ahead_contracts=0.00
00:03:51 INFO QUEUE_POSITION | side=no order_id=2ab80674-e9ea-4523-a1f1-a8cd733daaf3 ahead_contracts=0.00
00:03:51 INFO AMEND_OK | side=yes price_dollars=0.3100 total_fillable_contracts=15.00 order_id=1726a5d7-6971-405d-94a1-d27083d687c4
00:03:52 INFO AMEND_OK | side=yes price_dollars=0.3500 total_fillable_contracts=14.00 order_id=1726a5d7-6971-405d-94a1-d27083d687c4
00:03:52 INFO AMEND_OK | side=no price_dollars=0.4500 total_fillable_contracts=11.00 order_id=2ab80674-e9ea-4523-a1f1-a8cd733daaf3
00:03:53 INFO AMEND_OK | side=yes price_dollars=0.3400 total_fillable_contracts=14.00 order_id=1726a5d7-6971-405d-94a1-d27083d687c4
00:03:53 INFO AMEND_OK | side=no price_dollars=0.4600 total_fillable_contracts=10.00 order_id=2ab80674-e9ea-4523-a1f1-a8cd733daaf3
00:03:54 INFO AMEND_OK | side=yes price_dollars=0.3300 total_fillable_contracts=15.00 order_id=1726a5d7-6971-405d-94a1-d27083d687c4
00:03:54 INFO AMEND_OK | side=no price_dollars=0.4500 total_fillable_contracts=11.00 order_id=2ab80674-e9ea-4523-a1f1-a8cd733daaf3
00:03:55 INFO AMEND_OK | side=no price_dollars=0.4300 total_fillable_contracts=11.00 order_id=2ab80674-e9ea-4523-a1f1-a8cd733daaf3
00:03:56 INFO AMEND_OK | side=yes price_dollars=0.3200 total_fillable_contracts=15.00 order_id=1726a5d7-6971-405d-94a1-d27083d687c4
00:03:56 INFO AMEND_OK | side=no price_dollars=0.4200 total_fillable_contracts=11.00 order_id=2ab80674-e9ea-4523-a1f1-a8cd733daaf3
00:03:57 INFO AMEND_OK | side=no price_dollars=0.4300 total_fillable_contracts=11.00 order_id=2ab80674-e9ea-4523-a1f1-a8cd733daaf3
00:04:06 INFO QUEUE_POSITION | side=yes order_id=1726a5d7-6971-405d-94a1-d27083d687c4 ahead_contracts=0.00
00:04:06 INFO QUEUE_POSITION | side=no order_id=2ab80674-e9ea-4523-a1f1-a8cd733daaf3 ahead_contracts=0.00
00:04:12 INFO AMEND_OK | side=no price_dollars=0.6200 total_fillable_contracts=7.00 order_id=2ab80674-e9ea-4523-a1f1-a8cd733daaf3
00:04:16 INFO AMEND_OK | side=no price_dollars=0.6100 total_fillable_contracts=8.00 order_id=2ab80674-e9ea-4523-a1f1-a8cd733daaf3
00:04:21 INFO QUEUE_POSITION | side=yes order_id=1726a5d7-6971-405d-94a1-d27083d687c4 ahead_contracts=0.00
00:04:21 INFO QUEUE_POSITION | side=no order_id=2ab80674-e9ea-4523-a1f1-a8cd733daaf3 ahead_contracts=0.00
00:04:35 INFO CANCEL_REQUESTED | side=yes reason=refresh_expiring_quote order_id=1726a5d7-6971-405d-94a1-d27083d687c4
00:04:35 INFO ORDER_NOT_RESTING | side=yes status=canceled order_id=1726a5d7-6971-405d-94a1-d27083d687c4
00:04:35 INFO CREATE_OK | side=yes price_dollars=0.3200 remaining_contracts=15.00 order_id=f07541b7-3fad-4a8a-87ed-ec824f20437c
00:04:36 INFO QUEUE_POSITION | side=yes order_id=f07541b7-3fad-4a8a-87ed-ec824f20437c ahead_contracts=362.00
00:04:36 INFO QUEUE_POSITION | side=no order_id=2ab80674-e9ea-4523-a1f1-a8cd733daaf3 ahead_contracts=0.00
00:04:51 INFO QUEUE_POSITION | side=yes order_id=f07541b7-3fad-4a8a-87ed-ec824f20437c ahead_contracts=362.00
00:04:51 INFO QUEUE_POSITION | side=no order_id=2ab80674-e9ea-4523-a1f1-a8cd733daaf3 ahead_contracts=0.00
00:05:06 INFO QUEUE_POSITION | side=yes order_id=f07541b7-3fad-4a8a-87ed-ec824f20437c ahead_contracts=362.00
00:05:06 INFO QUEUE_POSITION | side=no order_id=2ab80674-e9ea-4523-a1f1-a8cd733daaf3 ahead_contracts=0.00
00:05:08 INFO AMEND_OK | side=no price_dollars=0.6000 total_fillable_contracts=8.00 order_id=2ab80674-e9ea-4523-a1f1-a8cd733daaf3
00:05:09 INFO AMEND_OK | side=no price_dollars=0.5900 total_fillable_contracts=8.00 order_id=2ab80674-e9ea-4523-a1f1-a8cd733daaf3
00:05:22 INFO QUEUE_POSITION | side=yes order_id=f07541b7-3fad-4a8a-87ed-ec824f20437c ahead_contracts=0.00
00:05:22 INFO QUEUE_POSITION | side=no order_id=2ab80674-e9ea-4523-a1f1-a8cd733daaf3 ahead_contracts=0.00
00:05:36 INFO ORDER_NOT_RESTING | side=no status=executed order_id=2ab80674-e9ea-4523-a1f1-a8cd733daaf3
00:05:37 INFO QUEUE_POSITION | side=yes order_id=f07541b7-3fad-4a8a-87ed-ec824f20437c ahead_contracts=0.00
00:05:37 INFO AMEND_OK | side=yes price_dollars=0.3300 total_fillable_contracts=15.00 order_id=f07541b7-3fad-4a8a-87ed-ec824f20437c
00:05:38 INFO AMEND_OK | side=yes price_dollars=0.3800 total_fillable_contracts=13.00 order_id=f07541b7-3fad-4a8a-87ed-ec824f20437c
00:05:39 INFO AMEND_OK | side=yes price_dollars=0.3900 total_fillable_contracts=12.00 order_id=f07541b7-3fad-4a8a-87ed-ec824f20437c
00:05:45 INFO AMEND_OK | side=yes price_dollars=0.3800 total_fillable_contracts=13.00 order_id=f07541b7-3fad-4a8a-87ed-ec824f20437c
00:05:48 INFO AMEND_OK | side=yes price_dollars=0.3900 total_fillable_contracts=12.00 order_id=f07541b7-3fad-4a8a-87ed-ec824f20437c
00:05:50 INFO AMEND_OK | side=yes price_dollars=0.3200 total_fillable_contracts=15.00 order_id=f07541b7-3fad-4a8a-87ed-ec824f20437c
00:05:52 INFO QUEUE_POSITION | side=yes order_id=f07541b7-3fad-4a8a-87ed-ec824f20437c ahead_contracts=0.00
00:05:52 INFO AMEND_OK | side=yes price_dollars=0.3300 total_fillable_contracts=15.00 order_id=f07541b7-3fad-4a8a-87ed-ec824f20437c
00:05:54 INFO AMEND_OK | side=yes price_dollars=0.3600 total_fillable_contracts=13.00 order_id=f07541b7-3fad-4a8a-87ed-ec824f20437c
00:05:56 INFO AMEND_OK | side=yes price_dollars=0.4600 total_fillable_contracts=10.00 order_id=f07541b7-3fad-4a8a-87ed-ec824f20437c
00:05:57 INFO AMEND_OK | side=yes price_dollars=0.4800 total_fillable_contracts=10.00 order_id=f07541b7-3fad-4a8a-87ed-ec824f20437c
00:06:00 INFO AMEND_OK | side=yes price_dollars=0.4900 total_fillable_contracts=10.00 order_id=f07541b7-3fad-4a8a-87ed-ec824f20437c
00:06:03 INFO AMEND_OK | side=yes price_dollars=0.4800 total_fillable_contracts=10.00 order_id=f07541b7-3fad-4a8a-87ed-ec824f20437c
00:06:05 INFO AMEND_OK | side=yes price_dollars=0.4700 total_fillable_contracts=10.00 order_id=f07541b7-3fad-4a8a-87ed-ec824f20437c
00:06:06 INFO AMEND_OK | side=yes price_dollars=0.4600 total_fillable_contracts=10.00 order_id=f07541b7-3fad-4a8a-87ed-ec824f20437c
00:06:07 INFO QUEUE_POSITION | side=yes order_id=f07541b7-3fad-4a8a-87ed-ec824f20437c ahead_contracts=0.00
00:06:07 INFO AMEND_OK | side=yes price_dollars=0.4500 total_fillable_contracts=11.00 order_id=f07541b7-3fad-4a8a-87ed-ec824f20437c
00:06:09 INFO AMEND_OK | side=yes price_dollars=0.4800 total_fillable_contracts=10.00 order_id=f07541b7-3fad-4a8a-87ed-ec824f20437c
00:06:11 INFO AMEND_OK | side=yes price_dollars=0.4700 total_fillable_contracts=10.00 order_id=f07541b7-3fad-4a8a-87ed-ec824f20437c
00:06:12 INFO AMEND_OK | side=yes price_dollars=0.4600 total_fillable_contracts=10.00 order_id=f07541b7-3fad-4a8a-87ed-ec824f20437c
00:06:13 INFO AMEND_OK | side=yes price_dollars=0.4500 total_fillable_contracts=11.00 order_id=f07541b7-3fad-4a8a-87ed-ec824f20437c
00:06:15 INFO AMEND_OK | side=yes price_dollars=0.6600 total_fillable_contracts=7.00 order_id=f07541b7-3fad-4a8a-87ed-ec824f20437c
00:06:18 INFO AMEND_OK | side=yes price_dollars=0.6900 total_fillable_contracts=7.00 order_id=f07541b7-3fad-4a8a-87ed-ec824f20437c
00:06:19 INFO AMEND_OK | side=yes price_dollars=0.7000 total_fillable_contracts=7.00 order_id=f07541b7-3fad-4a8a-87ed-ec824f20437c
00:06:22 INFO QUEUE_POSITION | side=yes order_id=f07541b7-3fad-4a8a-87ed-ec824f20437c ahead_contracts=0.00
00:06:37 INFO QUEUE_POSITION | side=yes order_id=f07541b7-3fad-4a8a-87ed-ec824f20437c ahead_contracts=0.00
00:06:52 INFO QUEUE_POSITION | side=yes order_id=f07541b7-3fad-4a8a-87ed-ec824f20437c ahead_contracts=0.00
00:07:07 INFO QUEUE_POSITION | side=yes order_id=f07541b7-3fad-4a8a-87ed-ec824f20437c ahead_contracts=0.00
00:07:22 INFO QUEUE_POSITION | side=yes order_id=f07541b7-3fad-4a8a-87ed-ec824f20437c ahead_contracts=0.00
00:07:37 INFO QUEUE_POSITION | side=yes order_id=f07541b7-3fad-4a8a-87ed-ec824f20437c ahead_contracts=0.00
00:07:52 INFO QUEUE_POSITION | side=yes order_id=f07541b7-3fad-4a8a-87ed-ec824f20437c ahead_contracts=0.00
00:08:07 INFO QUEUE_POSITION | side=yes order_id=f07541b7-3fad-4a8a-87ed-ec824f20437c ahead_contracts=0.00
00:08:22 INFO QUEUE_POSITION | side=yes order_id=f07541b7-3fad-4a8a-87ed-ec824f20437c ahead_contracts=0.00
00:08:31 INFO CANCEL_REQUESTED | side=yes reason=refresh_expiring_quote order_id=f07541b7-3fad-4a8a-87ed-ec824f20437c
00:08:31 INFO ORDER_NOT_RESTING | side=yes status=canceled order_id=f07541b7-3fad-4a8a-87ed-ec824f20437c
00:08:31 INFO CREATE_OK | side=yes price_dollars=0.7000 remaining_contracts=7.00 order_id=4c68303b-4037-4f6a-89e2-fd3344d5002a
00:08:35 INFO AMEND_OK | side=yes price_dollars=0.5800 total_fillable_contracts=8.00 order_id=4c68303b-4037-4f6a-89e2-fd3344d5002a
00:08:37 INFO AMEND_OK | side=yes price_dollars=0.6200 total_fillable_contracts=7.00 order_id=4c68303b-4037-4f6a-89e2-fd3344d5002a
00:08:37 INFO QUEUE_POSITION | side=yes order_id=4c68303b-4037-4f6a-89e2-fd3344d5002a ahead_contracts=0.00
00:08:38 INFO AMEND_OK | side=yes price_dollars=0.6400 total_fillable_contracts=7.00 order_id=4c68303b-4037-4f6a-89e2-fd3344d5002a
00:08:39 INFO AMEND_OK | side=yes price_dollars=0.6800 total_fillable_contracts=7.00 order_id=4c68303b-4037-4f6a-89e2-fd3344d5002a
00:08:40 INFO AMEND_OK | side=yes price_dollars=0.6900 total_fillable_contracts=7.00 order_id=4c68303b-4037-4f6a-89e2-fd3344d5002a
00:08:44 INFO AMEND_OK | side=yes price_dollars=0.7100 total_fillable_contracts=6.00 order_id=4c68303b-4037-4f6a-89e2-fd3344d5002a
00:08:45 INFO AMEND_OK | side=yes price_dollars=0.6900 total_fillable_contracts=7.00 order_id=4c68303b-4037-4f6a-89e2-fd3344d5002a
00:08:52 INFO QUEUE_POSITION | side=yes order_id=4c68303b-4037-4f6a-89e2-fd3344d5002a ahead_contracts=0.00
00:09:07 INFO QUEUE_POSITION | side=yes order_id=4c68303b-4037-4f6a-89e2-fd3344d5002a ahead_contracts=0.00
00:09:09 INFO AMEND_OK | side=yes price_dollars=0.5800 total_fillable_contracts=8.00 order_id=4c68303b-4037-4f6a-89e2-fd3344d5002a
00:09:10 INFO AMEND_OK | side=yes price_dollars=0.5900 total_fillable_contracts=8.00 order_id=4c68303b-4037-4f6a-89e2-fd3344d5002a
00:09:12 INFO AMEND_OK | side=yes price_dollars=0.6200 total_fillable_contracts=7.00 order_id=4c68303b-4037-4f6a-89e2-fd3344d5002a
00:09:13 INFO AMEND_OK | side=yes price_dollars=0.5300 total_fillable_contracts=9.00 order_id=4c68303b-4037-4f6a-89e2-fd3344d5002a
00:09:14 INFO AMEND_OK | side=yes price_dollars=0.5200 total_fillable_contracts=9.00 order_id=4c68303b-4037-4f6a-89e2-fd3344d5002a
00:09:16 INFO AMEND_OK | side=yes price_dollars=0.5400 total_fillable_contracts=9.00 order_id=4c68303b-4037-4f6a-89e2-fd3344d5002a
00:09:22 INFO QUEUE_POSITION | side=yes order_id=4c68303b-4037-4f6a-89e2-fd3344d5002a ahead_contracts=0.00
00:09:37 INFO QUEUE_POSITION | side=yes order_id=4c68303b-4037-4f6a-89e2-fd3344d5002a ahead_contracts=0.00
00:09:38 INFO AMEND_OK | side=yes price_dollars=0.5700 total_fillable_contracts=8.00 order_id=4c68303b-4037-4f6a-89e2-fd3344d5002a
00:09:39 INFO AMEND_OK | side=yes price_dollars=0.5600 total_fillable_contracts=8.00 order_id=4c68303b-4037-4f6a-89e2-fd3344d5002a
00:09:41 INFO AMEND_OK | side=yes price_dollars=0.5500 total_fillable_contracts=9.00 order_id=4c68303b-4037-4f6a-89e2-fd3344d5002a
00:09:42 INFO AMEND_OK | side=yes price_dollars=0.5400 total_fillable_contracts=9.00 order_id=4c68303b-4037-4f6a-89e2-fd3344d5002a
00:09:43 INFO AMEND_OK | side=yes price_dollars=0.5300 total_fillable_contracts=9.00 order_id=4c68303b-4037-4f6a-89e2-fd3344d5002a
00:09:44 INFO AMEND_OK | side=yes price_dollars=0.5200 total_fillable_contracts=9.00 order_id=4c68303b-4037-4f6a-89e2-fd3344d5002a
00:09:52 INFO QUEUE_POSITION | side=yes order_id=4c68303b-4037-4f6a-89e2-fd3344d5002a ahead_contracts=0.00
00:09:53 INFO AMEND_OK | side=yes price_dollars=0.5100 total_fillable_contracts=9.00 order_id=4c68303b-4037-4f6a-89e2-fd3344d5002a
00:09:54 INFO AMEND_OK | side=yes price_dollars=0.5000 total_fillable_contracts=9.00 order_id=4c68303b-4037-4f6a-89e2-fd3344d5002a
00:09:55 INFO AMEND_OK | side=yes price_dollars=0.4900 total_fillable_contracts=10.00 order_id=4c68303b-4037-4f6a-89e2-fd3344d5002a
00:09:57 INFO AMEND_OK | side=yes price_dollars=0.4800 total_fillable_contracts=10.00 order_id=4c68303b-4037-4f6a-89e2-fd3344d5002a
00:09:58 INFO AMEND_OK | side=yes price_dollars=0.4700 total_fillable_contracts=10.00 order_id=4c68303b-4037-4f6a-89e2-fd3344d5002a
00:09:59 INFO AMEND_OK | side=yes price_dollars=0.4600 total_fillable_contracts=10.00 order_id=4c68303b-4037-4f6a-89e2-fd3344d5002a
00:10:00 INFO AMEND_OK | side=yes price_dollars=0.4500 total_fillable_contracts=11.00 order_id=4c68303b-4037-4f6a-89e2-fd3344d5002a
00:10:01 INFO AMEND_OK | side=yes price_dollars=0.4400 total_fillable_contracts=11.00 order_id=4c68303b-4037-4f6a-89e2-fd3344d5002a
00:10:07 INFO AMEND_OK | side=yes price_dollars=0.4300 total_fillable_contracts=11.00 order_id=4c68303b-4037-4f6a-89e2-fd3344d5002a
00:10:07 INFO QUEUE_POSITION | side=yes order_id=4c68303b-4037-4f6a-89e2-fd3344d5002a ahead_contracts=0.00
00:10:12 INFO AMEND_OK | side=yes price_dollars=0.4200 total_fillable_contracts=11.00 order_id=4c68303b-4037-4f6a-89e2-fd3344d5002a
00:10:13 INFO AMEND_OK | side=yes price_dollars=0.4300 total_fillable_contracts=11.00 order_id=4c68303b-4037-4f6a-89e2-fd3344d5002a
00:10:21 INFO AMEND_OK | side=yes price_dollars=0.4200 total_fillable_contracts=11.00 order_id=4c68303b-4037-4f6a-89e2-fd3344d5002a
00:10:22 INFO QUEUE_POSITION | side=yes order_id=4c68303b-4037-4f6a-89e2-fd3344d5002a ahead_contracts=950.00
00:10:23 INFO AMEND_OK | side=yes price_dollars=0.4100 total_fillable_contracts=12.00 order_id=4c68303b-4037-4f6a-89e2-fd3344d5002a
00:10:29 INFO AMEND_OK | side=yes price_dollars=0.4500 total_fillable_contracts=11.00 order_id=4c68303b-4037-4f6a-89e2-fd3344d5002a
00:10:30 INFO AMEND_OK | side=yes price_dollars=0.4700 total_fillable_contracts=10.00 order_id=4c68303b-4037-4f6a-89e2-fd3344d5002a
00:10:31 INFO AMEND_OK | side=yes price_dollars=0.4600 total_fillable_contracts=10.00 order_id=4c68303b-4037-4f6a-89e2-fd3344d5002a
00:10:37 INFO AMEND_OK | side=yes price_dollars=0.4500 total_fillable_contracts=11.00 order_id=4c68303b-4037-4f6a-89e2-fd3344d5002a
00:10:37 INFO QUEUE_POSITION | side=yes order_id=4c68303b-4037-4f6a-89e2-fd3344d5002a ahead_contracts=0.00
00:10:39 INFO AMEND_OK | side=yes price_dollars=0.4800 total_fillable_contracts=10.00 order_id=4c68303b-4037-4f6a-89e2-fd3344d5002a
00:10:44 INFO ORDER_NOT_RESTING | side=yes status=executed order_id=4c68303b-4037-4f6a-89e2-fd3344d5002a
00:10:45 INFO CREATE_OK | side=yes price_dollars=0.4800 remaining_contracts=10.00 order_id=97225d7f-adba-4d6f-9ac9-7e9c4275526f
00:10:45 INFO CREATE_OK | side=no price_dollars=0.5000 remaining_contracts=9.00 order_id=122aa33f-5519-42d5-9955-40684623c739
00:10:46 INFO AMEND_OK | side=yes price_dollars=0.4600 total_fillable_contracts=10.00 order_id=97225d7f-adba-4d6f-9ac9-7e9c4275526f
00:10:46 INFO AMEND_OK | side=no price_dollars=0.4700 total_fillable_contracts=10.00 order_id=122aa33f-5519-42d5-9955-40684623c739
00:10:47 INFO AMEND_OK | side=yes price_dollars=0.5000 total_fillable_contracts=9.00 order_id=97225d7f-adba-4d6f-9ac9-7e9c4275526f
00:10:47 INFO AMEND_OK | side=no price_dollars=0.4400 total_fillable_contracts=11.00 order_id=122aa33f-5519-42d5-9955-40684623c739
00:10:48 INFO AMEND_OK | side=yes price_dollars=0.4900 total_fillable_contracts=10.00 order_id=97225d7f-adba-4d6f-9ac9-7e9c4275526f
00:10:49 INFO AMEND_OK | side=yes price_dollars=0.3700 total_fillable_contracts=13.00 order_id=97225d7f-adba-4d6f-9ac9-7e9c4275526f
00:10:49 INFO REQUOTE_ERROR | error=POST /trade-api/v2/portfolio/orders/122aa33f-5519-42d5-9955-40684623c739/amend failed 429: {"error":{"code":"too_many_requests","message":"too many requests"}}
Traceback (most recent call last):
  File "/workspaces/Kalshi_alg/V1.py", line 1675, in requote_worker
    await self.ensure_side_quote("no", desired_no_units)
  File "/workspaces/Kalshi_alg/V1.py", line 1468, in ensure_side_quote
    response = await asyncio.to_thread(
               ^^^^^^^^^^^^^^^^^^^^^^^^
  File "/home/codespace/.python/current/lib/python3.12/asyncio/threads.py", line 25, in to_thread
    return await loop.run_in_executor(None, func_call)
           ^^^^^^^^^^^^^^^^^^^^^^^^^^^^^^^^^^^^^^^^^^^
  File "/home/codespace/.python/current/lib/python3.12/concurrent/futures/thread.py", line 58, in run
    result = self.fn(*self.args, **self.kwargs)
             ^^^^^^^^^^^^^^^^^^^^^^^^^^^^^^^^^^
  File "/workspaces/Kalshi_alg/V1.py", line 820, in amend_order
    return self.rest_post(f"{self.api_prefix}/portfolio/orders/{order_id}/amend", body)
           ^^^^^^^^^^^^^^^^^^^^^^^^^^^^^^^^^^^^^^^^^^^^^^^^^^^^^^^^^^^^^^^^^^^^^^^^^^^^
  File "/workspaces/Kalshi_alg/V1.py", line 675, in rest_post
    raise RuntimeError(f"POST {path} failed {response.status_code}: {response.text[:500]}")
RuntimeError: POST /trade-api/v2/portfolio/orders/122aa33f-5519-42d5-9955-40684623c739/amend failed 429: {"error":{"code":"too_many_requests","message":"too many requests"}}
00:10:49 INFO REQUOTE_ERROR | error=POST /trade-api/v2/portfolio/orders/122aa33f-5519-42d5-9955-40684623c739/amend failed 429: {"error":{"code":"too_many_requests","message":"too many requests"}}
Traceback (most recent call last):
  File "/workspaces/Kalshi_alg/V1.py", line 1675, in requote_worker
    await self.ensure_side_quote("no", desired_no_units)
  File "/workspaces/Kalshi_alg/V1.py", line 1468, in ensure_side_quote
    response = await asyncio.to_thread(
               ^^^^^^^^^^^^^^^^^^^^^^^^
  File "/home/codespace/.python/current/lib/python3.12/asyncio/threads.py", line 25, in to_thread
    return await loop.run_in_executor(None, func_call)
           ^^^^^^^^^^^^^^^^^^^^^^^^^^^^^^^^^^^^^^^^^^^
  File "/home/codespace/.python/current/lib/python3.12/concurrent/futures/thread.py", line 58, in run
    result = self.fn(*self.args, **self.kwargs)
             ^^^^^^^^^^^^^^^^^^^^^^^^^^^^^^^^^^
  File "/workspaces/Kalshi_alg/V1.py", line 820, in amend_order
    return self.rest_post(f"{self.api_prefix}/portfolio/orders/{order_id}/amend", body)
           ^^^^^^^^^^^^^^^^^^^^^^^^^^^^^^^^^^^^^^^^^^^^^^^^^^^^^^^^^^^^^^^^^^^^^^^^^^^^
  File "/workspaces/Kalshi_alg/V1.py", line 675, in rest_post
    raise RuntimeError(f"POST {path} failed {response.status_code}: {response.text[:500]}")
RuntimeError: POST /trade-api/v2/portfolio/orders/122aa33f-5519-42d5-9955-40684623c739/amend failed 429: {"error":{"code":"too_many_requests","message":"too many requests"}}
00:10:49 INFO AMEND_OK | side=no price_dollars=0.4900 total_fillable_contracts=10.00 order_id=122aa33f-5519-42d5-9955-40684623c739
00:10:50 INFO AMEND_OK | side=no price_dollars=0.4800 total_fillable_contracts=10.00 order_id=122aa33f-5519-42d5-9955-40684623c739
00:10:51 INFO AMEND_OK | side=yes price_dollars=0.3800 total_fillable_contracts=13.00 order_id=97225d7f-adba-4d6f-9ac9-7e9c4275526f
00:10:51 INFO AMEND_OK | side=no price_dollars=0.5000 total_fillable_contracts=9.00 order_id=122aa33f-5519-42d5-9955-40684623c739
00:10:51 INFO ORDER_NOT_RESTING | side=no status=executed order_id=122aa33f-5519-42d5-9955-40684623c739
00:10:52 INFO AMEND_OK | side=yes price_dollars=0.4100 total_fillable_contracts=12.00 order_id=97225d7f-adba-4d6f-9ac9-7e9c4275526f
00:10:52 INFO QUEUE_POSITION | side=yes order_id=97225d7f-adba-4d6f-9ac9-7e9c4275526f ahead_contracts=0.00
00:10:53 INFO AMEND_OK | side=yes price_dollars=0.4300 total_fillable_contracts=11.00 order_id=97225d7f-adba-4d6f-9ac9-7e9c4275526f
00:10:54 INFO AMEND_OK | side=yes price_dollars=0.4500 total_fillable_contracts=11.00 order_id=97225d7f-adba-4d6f-9ac9-7e9c4275526f
00:10:55 INFO AMEND_OK | side=yes price_dollars=0.5300 total_fillable_contracts=9.00 order_id=97225d7f-adba-4d6f-9ac9-7e9c4275526f
00:10:56 INFO AMEND_OK | side=yes price_dollars=0.5400 total_fillable_contracts=9.00 order_id=97225d7f-adba-4d6f-9ac9-7e9c4275526f
00:10:58 INFO AMEND_OK | side=yes price_dollars=0.5500 total_fillable_contracts=9.00 order_id=97225d7f-adba-4d6f-9ac9-7e9c4275526f
00:11:07 INFO QUEUE_POSITION | side=yes order_id=97225d7f-adba-4d6f-9ac9-7e9c4275526f ahead_contracts=0.00
00:11:14 INFO AMEND_OK | side=yes price_dollars=0.5600 total_fillable_contracts=8.00 order_id=97225d7f-adba-4d6f-9ac9-7e9c4275526f
00:11:17 INFO AMEND_OK | side=yes price_dollars=0.5900 total_fillable_contracts=8.00 order_id=97225d7f-adba-4d6f-9ac9-7e9c4275526f
00:11:18 INFO AMEND_OK | side=yes price_dollars=0.5800 total_fillable_contracts=8.00 order_id=97225d7f-adba-4d6f-9ac9-7e9c4275526f
00:11:20 INFO AMEND_OK | side=yes price_dollars=0.5700 total_fillable_contracts=8.00 order_id=97225d7f-adba-4d6f-9ac9-7e9c4275526f
00:11:21 INFO AMEND_OK | side=yes price_dollars=0.5600 total_fillable_contracts=8.00 order_id=97225d7f-adba-4d6f-9ac9-7e9c4275526f
00:11:22 INFO AMEND_OK | side=yes price_dollars=0.5500 total_fillable_contracts=9.00 order_id=97225d7f-adba-4d6f-9ac9-7e9c4275526f
00:11:22 INFO QUEUE_POSITION | side=yes order_id=97225d7f-adba-4d6f-9ac9-7e9c4275526f ahead_contracts=0.00
00:11:28 INFO AMEND_OK | side=yes price_dollars=0.5400 total_fillable_contracts=9.00 order_id=97225d7f-adba-4d6f-9ac9-7e9c4275526f
00:11:29 INFO AMEND_OK | side=yes price_dollars=0.5600 total_fillable_contracts=8.00 order_id=97225d7f-adba-4d6f-9ac9-7e9c4275526f
00:11:37 INFO QUEUE_POSITION | side=yes order_id=97225d7f-adba-4d6f-9ac9-7e9c4275526f ahead_contracts=0.00
00:11:41 INFO AMEND_OK | side=yes price_dollars=0.6600 total_fillable_contracts=7.00 order_id=97225d7f-adba-4d6f-9ac9-7e9c4275526f
00:11:42 INFO AMEND_OK | side=yes price_dollars=0.6700 total_fillable_contracts=7.00 order_id=97225d7f-adba-4d6f-9ac9-7e9c4275526f
00:11:53 INFO QUEUE_POSITION | side=yes order_id=97225d7f-adba-4d6f-9ac9-7e9c4275526f ahead_contracts=0.00
00:12:02 INFO AMEND_OK | side=yes price_dollars=0.5600 total_fillable_contracts=8.00 order_id=97225d7f-adba-4d6f-9ac9-7e9c4275526f
00:12:03 INFO AMEND_OK | side=yes price_dollars=0.6800 total_fillable_contracts=7.00 order_id=97225d7f-adba-4d6f-9ac9-7e9c4275526f
00:12:04 INFO AMEND_OK | side=yes price_dollars=0.7100 total_fillable_contracts=6.00 order_id=97225d7f-adba-4d6f-9ac9-7e9c4275526f
00:12:05 INFO AMEND_OK | side=yes price_dollars=0.7200 total_fillable_contracts=6.00 order_id=97225d7f-adba-4d6f-9ac9-7e9c4275526f
00:12:06 INFO AMEND_OK | side=yes price_dollars=0.7100 total_fillable_contracts=6.00 order_id=97225d7f-adba-4d6f-9ac9-7e9c4275526f
00:12:07 INFO AMEND_OK | side=yes price_dollars=0.7000 total_fillable_contracts=7.00 order_id=97225d7f-adba-4d6f-9ac9-7e9c4275526f
00:12:08 INFO QUEUE_POSITION | side=yes order_id=97225d7f-adba-4d6f-9ac9-7e9c4275526f ahead_contracts=0.00
00:12:08 INFO AMEND_OK | side=yes price_dollars=0.6000 total_fillable_contracts=8.00 order_id=97225d7f-adba-4d6f-9ac9-7e9c4275526f
00:12:09 INFO AMEND_OK | side=yes price_dollars=0.6100 total_fillable_contracts=8.00 order_id=97225d7f-adba-4d6f-9ac9-7e9c4275526f
00:12:10 INFO AMEND_OK | side=yes price_dollars=0.6400 total_fillable_contracts=7.00 order_id=97225d7f-adba-4d6f-9ac9-7e9c4275526f
00:12:20 INFO AMEND_OK | side=yes price_dollars=0.6600 total_fillable_contracts=7.00 order_id=97225d7f-adba-4d6f-9ac9-7e9c4275526f
00:12:21 INFO AMEND_OK | side=yes price_dollars=0.6800 total_fillable_contracts=7.00 order_id=97225d7f-adba-4d6f-9ac9-7e9c4275526f
00:12:22 INFO AMEND_OK | side=yes price_dollars=0.7000 total_fillable_contracts=7.00 order_id=97225d7f-adba-4d6f-9ac9-7e9c4275526f
00:12:23 INFO QUEUE_POSITION | side=yes order_id=97225d7f-adba-4d6f-9ac9-7e9c4275526f ahead_contracts=0.00
00:12:23 INFO AMEND_OK | side=yes price_dollars=0.7200 total_fillable_contracts=6.00 order_id=97225d7f-adba-4d6f-9ac9-7e9c4275526f
00:12:24 INFO AMEND_OK | side=yes price_dollars=0.7400 total_fillable_contracts=6.00 order_id=97225d7f-adba-4d6f-9ac9-7e9c4275526f
00:12:25 INFO AMEND_OK | side=yes price_dollars=0.7500 total_fillable_contracts=6.00 order_id=97225d7f-adba-4d6f-9ac9-7e9c4275526f
00:12:38 INFO QUEUE_POSITION | side=yes order_id=97225d7f-adba-4d6f-9ac9-7e9c4275526f ahead_contracts=7.00
00:12:46 INFO AMEND_OK | side=yes price_dollars=0.7400 total_fillable_contracts=6.00 order_id=97225d7f-adba-4d6f-9ac9-7e9c4275526f
00:12:47 INFO AMEND_OK | side=yes price_dollars=0.7300 total_fillable_contracts=6.00 order_id=97225d7f-adba-4d6f-9ac9-7e9c4275526f
00:12:48 INFO AMEND_OK | side=yes price_dollars=0.7200 total_fillable_contracts=6.00 order_id=97225d7f-adba-4d6f-9ac9-7e9c4275526f
00:12:52 INFO AMEND_OK | side=yes price_dollars=0.7300 total_fillable_contracts=6.00 order_id=97225d7f-adba-4d6f-9ac9-7e9c4275526f
00:12:53 INFO AMEND_OK | side=yes price_dollars=0.7400 total_fillable_contracts=6.00 order_id=97225d7f-adba-4d6f-9ac9-7e9c4275526f
00:12:53 INFO QUEUE_POSITION | side=yes order_id=97225d7f-adba-4d6f-9ac9-7e9c4275526f ahead_contracts=7.00
00:13:08 INFO QUEUE_POSITION | side=yes order_id=97225d7f-adba-4d6f-9ac9-7e9c4275526f ahead_contracts=7.00
00:13:23 INFO QUEUE_POSITION | side=yes order_id=97225d7f-adba-4d6f-9ac9-7e9c4275526f ahead_contracts=7.00
00:13:38 INFO QUEUE_POSITION | side=yes order_id=97225d7f-adba-4d6f-9ac9-7e9c4275526f ahead_contracts=7.00
00:13:53 INFO QUEUE_POSITION | side=yes order_id=97225d7f-adba-4d6f-9ac9-7e9c4275526f ahead_contracts=7.00
00:14:08 INFO QUEUE_POSITION | side=yes order_id=97225d7f-adba-4d6f-9ac9-7e9c4275526f ahead_contracts=7.00
00:14:23 INFO QUEUE_POSITION | side=yes order_id=97225d7f-adba-4d6f-9ac9-7e9c4275526f ahead_contracts=7.00
00:14:38 INFO QUEUE_POSITION | side=yes order_id=97225d7f-adba-4d6f-9ac9-7e9c4275526f ahead_contracts=7.00
00:14:40 INFO CANCEL_REQUESTED | side=yes reason=refresh_expiring_quote order_id=97225d7f-adba-4d6f-9ac9-7e9c4275526f
00:14:40 INFO ORDER_NOT_RESTING | side=yes status=canceled order_id=97225d7f-adba-4d6f-9ac9-7e9c4275526f
00:14:40 INFO CREATE_OK | side=yes price_dollars=0.7400 remaining_contracts=6.00 order_id=0ca06605-d868-4fde-9d38-45c7686e9073
00:14:53 INFO QUEUE_POSITION | side=yes order_id=0ca06605-d868-4fde-9d38-45c7686e9073 ahead_contracts=7.00
00:14:57 INFO AMEND_OK | side=yes price_dollars=0.7900 total_fillable_contracts=6.00 order_id=0ca06605-d868-4fde-9d38-45c7686e9073
00:14:59 INFO AMEND_OK | side=yes price_dollars=0.8200 total_fillable_contracts=6.00 order_id=0ca06605-d868-4fde-9d38-45c7686e9073
00:15:01 INFO AMEND_OK | side=yes price_dollars=0.7200 total_fillable_contracts=6.00 order_id=0ca06605-d868-4fde-9d38-45c7686e9073
00:15:02 INFO AMEND_OK | side=yes price_dollars=0.6700 total_fillable_contracts=7.00 order_id=0ca06605-d868-4fde-9d38-45c7686e9073
00:15:05 INFO AMEND_OK | side=yes price_dollars=0.6600 total_fillable_contracts=7.00 order_id=0ca06605-d868-4fde-9d38-45c7686e9073
00:15:06 INFO AMEND_OK | side=yes price_dollars=0.5900 total_fillable_contracts=8.00 order_id=0ca06605-d868-4fde-9d38-45c7686e9073
00:15:08 INFO QUEUE_POSITION | side=yes order_id=0ca06605-d868-4fde-9d38-45c7686e9073 ahead_contracts=55.00
00:15:23 INFO AMEND_OK | side=yes price_dollars=0.7900 total_fillable_contracts=6.00 order_id=0ca06605-d868-4fde-9d38-45c7686e9073
00:15:23 INFO QUEUE_POSITION | side=yes order_id=0ca06605-d868-4fde-9d38-45c7686e9073 ahead_contracts=0.00
00:15:27 INFO AMEND_OK | side=yes price_dollars=0.8000 total_fillable_contracts=6.00 order_id=0ca06605-d868-4fde-9d38-45c7686e9073
00:15:38 INFO QUEUE_POSITION | side=yes order_id=0ca06605-d868-4fde-9d38-45c7686e9073 ahead_contracts=50.00
00:15:41 INFO AMEND_OK | side=yes price_dollars=0.8900 total_fillable_contracts=5.00 order_id=0ca06605-d868-4fde-9d38-45c7686e9073
00:15:42 INFO AMEND_OK | side=yes price_dollars=0.9100 total_fillable_contracts=5.00 order_id=0ca06605-d868-4fde-9d38-45c7686e9073
00:15:43 INFO AMEND_OK | side=yes price_dollars=0.9200 total_fillable_contracts=5.00 order_id=0ca06605-d868-4fde-9d38-45c7686e9073
00:15:45 INFO AMEND_OK | side=yes price_dollars=0.9100 total_fillable_contracts=5.00 order_id=0ca06605-d868-4fde-9d38-45c7686e9073
00:15:47 INFO AMEND_OK | side=yes price_dollars=0.9200 total_fillable_contracts=5.00 order_id=0ca06605-d868-4fde-9d38-45c7686e9073
00:15:48 INFO AMEND_OK | side=yes price_dollars=0.9100 total_fillable_contracts=5.00 order_id=0ca06605-d868-4fde-9d38-45c7686e9073
00:15:50 INFO AMEND_OK | side=yes price_dollars=0.9200 total_fillable_contracts=5.00 order_id=0ca06605-d868-4fde-9d38-45c7686e9073
00:15:51 INFO AMEND_OK | side=yes price_dollars=0.9100 total_fillable_contracts=5.00 order_id=0ca06605-d868-4fde-9d38-45c7686e9073
00:15:53 INFO QUEUE_POSITION | side=yes order_id=0ca06605-d868-4fde-9d38-45c7686e9073 ahead_contracts=0.00
00:15:53 INFO CANCEL_REQUESTED | side=yes reason=quote_disabled order_id=0ca06605-d868-4fde-9d38-45c7686e9073
00:15:53 INFO ORDER_NOT_RESTING | side=yes status=canceled order_id=0ca06605-d868-4fde-9d38-45c7686e9073
00:17:27 INFO CREATE_OK | side=yes price_dollars=0.6400 remaining_contracts=7.00 order_id=f81701dc-da23-4940-b11c-7550f8510be0
00:17:28 INFO CANCEL_REQUESTED | side=yes reason=quote_disabled order_id=f81701dc-da23-4940-b11c-7550f8510be0
00:17:28 INFO ORDER_NOT_RESTING | side=yes status=canceled order_id=f81701dc-da23-4940-b11c-7550f8510be0
00:17:40 INFO CREATE_OK | side=yes price_dollars=0.5800 remaining_contracts=8.00 order_id=5d7ac472-d3e9-4f95-a360-f400f07eb49d
00:17:41 INFO AMEND_OK | side=yes price_dollars=0.5600 total_fillable_contracts=8.00 order_id=5d7ac472-d3e9-4f95-a360-f400f07eb49d
00:17:42 INFO AMEND_OK | side=yes price_dollars=0.6000 total_fillable_contracts=8.00 order_id=5d7ac472-d3e9-4f95-a360-f400f07eb49d
00:17:44 INFO AMEND_OK | side=yes price_dollars=0.5900 total_fillable_contracts=8.00 order_id=5d7ac472-d3e9-4f95-a360-f400f07eb49d
00:17:46 INFO AMEND_OK | side=yes price_dollars=0.6500 total_fillable_contracts=7.00 order_id=5d7ac472-d3e9-4f95-a360-f400f07eb49d
00:17:47 INFO AMEND_OK | side=yes price_dollars=0.6800 total_fillable_contracts=7.00 order_id=5d7ac472-d3e9-4f95-a360-f400f07eb49d
00:17:48 INFO AMEND_OK | side=yes price_dollars=0.6600 total_fillable_contracts=7.00 order_id=5d7ac472-d3e9-4f95-a360-f400f07eb49d
00:17:49 INFO AMEND_OK | side=yes price_dollars=0.6800 total_fillable_contracts=7.00 order_id=5d7ac472-d3e9-4f95-a360-f400f07eb49d
00:17:50 INFO AMEND_OK | side=yes price_dollars=0.5600 total_fillable_contracts=8.00 order_id=5d7ac472-d3e9-4f95-a360-f400f07eb49d
00:17:51 INFO AMEND_OK | side=yes price_dollars=0.5500 total_fillable_contracts=9.00 order_id=5d7ac472-d3e9-4f95-a360-f400f07eb49d
00:17:52 INFO AMEND_OK | side=yes price_dollars=0.5400 total_fillable_contracts=9.00 order_id=5d7ac472-d3e9-4f95-a360-f400f07eb49d
00:17:53 INFO QUEUE_POSITION | side=yes order_id=5d7ac472-d3e9-4f95-a360-f400f07eb49d ahead_contracts=0.00
00:17:54 INFO AMEND_OK | side=yes price_dollars=0.5500 total_fillable_contracts=9.00 order_id=5d7ac472-d3e9-4f95-a360-f400f07eb49d
00:17:55 INFO AMEND_OK | side=yes price_dollars=0.5600 total_fillable_contracts=8.00 order_id=5d7ac472-d3e9-4f95-a360-f400f07eb49d
00:17:56 INFO AMEND_OK | side=yes price_dollars=0.5900 total_fillable_contracts=8.00 order_id=5d7ac472-d3e9-4f95-a360-f400f07eb49d
00:17:57 INFO AMEND_OK | side=yes price_dollars=0.6200 total_fillable_contracts=7.00 order_id=5d7ac472-d3e9-4f95-a360-f400f07eb49d
00:17:58 INFO AMEND_OK | side=yes price_dollars=0.6100 total_fillable_contracts=8.00 order_id=5d7ac472-d3e9-4f95-a360-f400f07eb49d
00:17:59 INFO AMEND_OK | side=yes price_dollars=0.6200 total_fillable_contracts=7.00 order_id=5d7ac472-d3e9-4f95-a360-f400f07eb49d
00:18:00 INFO AMEND_OK | side=yes price_dollars=0.6100 total_fillable_contracts=8.00 order_id=5d7ac472-d3e9-4f95-a360-f400f07eb49d
00:18:01 INFO AMEND_OK | side=yes price_dollars=0.5600 total_fillable_contracts=8.00 order_id=5d7ac472-d3e9-4f95-a360-f400f07eb49d
00:18:02 INFO AMEND_OK | side=yes price_dollars=0.5500 total_fillable_contracts=9.00 order_id=5d7ac472-d3e9-4f95-a360-f400f07eb49d
00:18:03 INFO AMEND_OK | side=yes price_dollars=0.5400 total_fillable_contracts=9.00 order_id=5d7ac472-d3e9-4f95-a360-f400f07eb49d
00:18:08 INFO QUEUE_POSITION | side=yes order_id=5d7ac472-d3e9-4f95-a360-f400f07eb49d ahead_contracts=0.00
00:18:23 INFO QUEUE_POSITION | side=yes order_id=5d7ac472-d3e9-4f95-a360-f400f07eb49d ahead_contracts=0.00
00:18:38 INFO QUEUE_POSITION | side=yes order_id=5d7ac472-d3e9-4f95-a360-f400f07eb49d ahead_contracts=0.00
00:18:50 INFO CANCEL_REQUESTED | side=yes reason=quote_disabled order_id=5d7ac472-d3e9-4f95-a360-f400f07eb49d
00:18:50 INFO ORDER_NOT_RESTING | side=yes status=canceled order_id=5d7ac472-d3e9-4f95-a360-f400f07eb49d

=== START 2026-03-10 00:30:08 ===
CMD: /home/codespace/.python/current/bin/python3 /workspaces/Kalshi_alg/V1.py --ticker KXNCAAMBSPREAD-26MAR09UNOAMCC-AMCC7 --yes-budget-cents 500 --no-budget-cents 500
00:30:08 INFO START | environment=PROD ticker=KXNCAAMBSPREAD-26MAR09UNOAMCC-AMCC7 yes_budget_cents=500 no_budget_cents=500 price_structure=linear_cent fractional_trading=False dry_run=False websocket=wss://api.elections.kalshi.com/trade-api/ws/v2
00:30:08 INFO STARTUP_POSITION | contracts=-14.00
00:30:08 INFO WS_CONNECTED_AND_SUBSCRIBED
Traceback (most recent call last):
  File "/workspaces/Kalshi_alg/V1.py", line 1870, in <module>
    main()
  File "/workspaces/Kalshi_alg/V1.py", line 1866, in main
    asyncio.run(bot.run())
  File "/home/codespace/.python/current/lib/python3.12/asyncio/runners.py", line 194, in run
    return runner.run(main)
           ^^^^^^^^^^^^^^^^
  File "/home/codespace/.python/current/lib/python3.12/asyncio/runners.py", line 118, in run
    return self._loop.run_until_complete(task)
           ^^^^^^^^^^^^^^^^^^^^^^^^^^^^^^^^^^^
  File "/home/codespace/.python/current/lib/python3.12/asyncio/base_events.py", line 671, in run_until_complete
    self.run_forever()
  File "/home/codespace/.python/current/lib/python3.12/asyncio/base_events.py", line 638, in run_forever
    self._run_once()
  File "/home/codespace/.python/current/lib/python3.12/asyncio/base_events.py", line 1933, in _run_once
    event_list = self._selector.select(timeout)
                 ^^^^^^^^^^^^^^^^^^^^^^^^^^^^^^
  File "/home/codespace/.python/current/lib/python3.12/selectors.py", line 468, in select
    fd_event_list = self._selector.poll(timeout, max_ev)
                    ^^^^^^^^^^^^^^^^^^^^^^^^^^^^^^^^^^^^
  File "/home/codespace/.python/current/lib/python3.12/asyncio/runners.py", line 157, in _on_sigint
    raise KeyboardInterrupt()
KeyboardInterrupt
