
=== START 2026-03-09 23:55:59 ===
CMD: /home/codespace/.python/current/bin/python3 /workspaces/Kalshi_alg/V1.py --ticker KXNCAAMBSPREAD-26MAR09UNOAMCC-AMCC4 --yes-budget-cents 500 --no-budget-cents 500
23:55:59 INFO START | environment=PROD ticker=KXNCAAMBSPREAD-26MAR09UNOAMCC-AMCC4 yes_budget_cents=500 no_budget_cents=500 price_structure=linear_cent fractional_trading=False dry_run=False websocket=wss://api.elections.kalshi.com/trade-api/ws/v2
23:55:59 INFO STARTUP_POSITION | contracts=0.00
23:55:59 INFO WS_CONNECTED_AND_SUBSCRIBED
23:55:59 INFO CREATE_OK | side=yes price_dollars=0.6700 remaining_contracts=7.00 order_id=cd850e1c-4496-407e-92a8-ca6e3a638f3c
23:55:59 INFO CREATE_OK | side=no price_dollars=0.3100 remaining_contracts=15.00 order_id=4ac9a048-e90a-4197-afd6-35ad0f55c44d
23:56:01 INFO AMEND_OK | side=yes price_dollars=0.6600 total_fillable_contracts=7.00 order_id=cd850e1c-4496-407e-92a8-ca6e3a638f3c
23:56:01 INFO AMEND_OK | side=no price_dollars=0.2900 total_fillable_contracts=17.00 order_id=4ac9a048-e90a-4197-afd6-35ad0f55c44d
23:56:05 INFO AMEND_OK | side=yes price_dollars=0.5900 total_fillable_contracts=8.00 order_id=cd850e1c-4496-407e-92a8-ca6e3a638f3c
23:56:05 INFO AMEND_OK | side=no price_dollars=0.3000 total_fillable_contracts=16.00 order_id=4ac9a048-e90a-4197-afd6-35ad0f55c44d
23:56:06 INFO AMEND_OK | side=yes price_dollars=0.6500 total_fillable_contracts=7.00 order_id=cd850e1c-4496-407e-92a8-ca6e3a638f3c
23:56:14 INFO QUEUE_POSITION | side=yes order_id=cd850e1c-4496-407e-92a8-ca6e3a638f3c ahead_contracts=0.00
23:56:14 INFO QUEUE_POSITION | side=no order_id=4ac9a048-e90a-4197-afd6-35ad0f55c44d ahead_contracts=0.00
23:56:26 INFO AMEND_OK | side=yes price_dollars=0.6400 total_fillable_contracts=7.00 order_id=cd850e1c-4496-407e-92a8-ca6e3a638f3c
23:56:27 INFO ORDER_NOT_RESTING | side=no status=executed order_id=4ac9a048-e90a-4197-afd6-35ad0f55c44d
23:56:27 INFO AMEND_OK | side=yes price_dollars=0.5400 total_fillable_contracts=9.00 order_id=cd850e1c-4496-407e-92a8-ca6e3a638f3c
23:56:28 INFO AMEND_OK | side=yes price_dollars=0.7100 total_fillable_contracts=6.00 order_id=cd850e1c-4496-407e-92a8-ca6e3a638f3c
23:56:29 INFO AMEND_OK | side=yes price_dollars=0.7200 total_fillable_contracts=6.00 order_id=cd850e1c-4496-407e-92a8-ca6e3a638f3c
23:56:29 INFO QUEUE_POSITION | side=yes order_id=cd850e1c-4496-407e-92a8-ca6e3a638f3c ahead_contracts=0.00
23:56:31 INFO AMEND_OK | side=yes price_dollars=0.7600 total_fillable_contracts=6.00 order_id=cd850e1c-4496-407e-92a8-ca6e3a638f3c
23:56:32 INFO AMEND_OK | side=yes price_dollars=0.7700 total_fillable_contracts=6.00 order_id=cd850e1c-4496-407e-92a8-ca6e3a638f3c
23:56:33 INFO AMEND_OK | side=yes price_dollars=0.7800 total_fillable_contracts=6.00 order_id=cd850e1c-4496-407e-92a8-ca6e3a638f3c
23:56:42 INFO AMEND_OK | side=yes price_dollars=0.7700 total_fillable_contracts=6.00 order_id=cd850e1c-4496-407e-92a8-ca6e3a638f3c
23:56:44 INFO AMEND_OK | side=yes price_dollars=0.7600 total_fillable_contracts=6.00 order_id=cd850e1c-4496-407e-92a8-ca6e3a638f3c
23:56:44 INFO QUEUE_POSITION | side=yes order_id=cd850e1c-4496-407e-92a8-ca6e3a638f3c ahead_contracts=0.00
23:56:45 INFO REQUOTE_ERROR | error=POST /trade-api/v2/portfolio/orders/cd850e1c-4496-407e-92a8-ca6e3a638f3c/amend failed 429: {"error":{"code":"too_many_requests","message":"too many requests"}}
Traceback (most recent call last):
  File "/workspaces/Kalshi_alg/V1.py", line 1674, in requote_worker
    await self.ensure_side_quote("yes", desired_yes_units)
  File "/workspaces/Kalshi_alg/V1.py", line 1468, in ensure_side_quote
    response = await asyncio.to_thread(
               ^^^^^^^^^^^^^^^^^^^^^^^^
  File "/home/codespace/.python/current/lib/python3.12/asyncio/threads.py", line 25, in to_thread
    return await loop.run_in_executor(None, func_call)
           ^^^^^^^^^^^^^^^^^^^^^^^^^^^^^^^^^^^^^^^^^^^
  File "/home/codespace/.python/current/lib/python3.12/concurrent/futures/thread.py", line 58, in run
    result = self.fn(*self.args, **self.kwargs)
             ^^^^^^^^^^^^^^^^^^^^^^^^^^^^^^^^^^
  File "/workspaces/Kalshi_alg/V1.py", line 820, in amend_order
    return self.rest_post(f"{self.api_prefix}/portfolio/orders/{order_id}/amend", body)
           ^^^^^^^^^^^^^^^^^^^^^^^^^^^^^^^^^^^^^^^^^^^^^^^^^^^^^^^^^^^^^^^^^^^^^^^^^^^^
  File "/workspaces/Kalshi_alg/V1.py", line 675, in rest_post
    raise RuntimeError(f"POST {path} failed {response.status_code}: {response.text[:500]}")
RuntimeError: POST /trade-api/v2/portfolio/orders/cd850e1c-4496-407e-92a8-ca6e3a638f3c/amend failed 429: {"error":{"code":"too_many_requests","message":"too many requests"}}
23:56:45 INFO REQUOTE_ERROR | error=POST /trade-api/v2/portfolio/orders/cd850e1c-4496-407e-92a8-ca6e3a638f3c/amend failed 429: {"error":{"code":"too_many_requests","message":"too many requests"}}
Traceback (most recent call last):
  File "/workspaces/Kalshi_alg/V1.py", line 1674, in requote_worker
    await self.ensure_side_quote("yes", desired_yes_units)
  File "/workspaces/Kalshi_alg/V1.py", line 1468, in ensure_side_quote
    response = await asyncio.to_thread(
               ^^^^^^^^^^^^^^^^^^^^^^^^
  File "/home/codespace/.python/current/lib/python3.12/asyncio/threads.py", line 25, in to_thread
    return await loop.run_in_executor(None, func_call)
           ^^^^^^^^^^^^^^^^^^^^^^^^^^^^^^^^^^^^^^^^^^^
  File "/home/codespace/.python/current/lib/python3.12/concurrent/futures/thread.py", line 58, in run
    result = self.fn(*self.args, **self.kwargs)
             ^^^^^^^^^^^^^^^^^^^^^^^^^^^^^^^^^^
  File "/workspaces/Kalshi_alg/V1.py", line 820, in amend_order
    return self.rest_post(f"{self.api_prefix}/portfolio/orders/{order_id}/amend", body)
           ^^^^^^^^^^^^^^^^^^^^^^^^^^^^^^^^^^^^^^^^^^^^^^^^^^^^^^^^^^^^^^^^^^^^^^^^^^^^
  File "/workspaces/Kalshi_alg/V1.py", line 675, in rest_post
    raise RuntimeError(f"POST {path} failed {response.status_code}: {response.text[:500]}")
RuntimeError: POST /trade-api/v2/portfolio/orders/cd850e1c-4496-407e-92a8-ca6e3a638f3c/amend failed 429: {"error":{"code":"too_many_requests","message":"too many requests"}}
23:56:45 INFO AMEND_OK | side=yes price_dollars=0.7200 total_fillable_contracts=6.00 order_id=cd850e1c-4496-407e-92a8-ca6e3a638f3c
23:56:47 INFO REQUOTE_ERROR | error=POST /trade-api/v2/portfolio/orders/cd850e1c-4496-407e-92a8-ca6e3a638f3c/amend failed 429: {"error":{"code":"too_many_requests","message":"too many requests"}}
Traceback (most recent call last):
  File "/workspaces/Kalshi_alg/V1.py", line 1674, in requote_worker
    await self.ensure_side_quote("yes", desired_yes_units)
  File "/workspaces/Kalshi_alg/V1.py", line 1468, in ensure_side_quote
    response = await asyncio.to_thread(
               ^^^^^^^^^^^^^^^^^^^^^^^^
  File "/home/codespace/.python/current/lib/python3.12/asyncio/threads.py", line 25, in to_thread
    return await loop.run_in_executor(None, func_call)
           ^^^^^^^^^^^^^^^^^^^^^^^^^^^^^^^^^^^^^^^^^^^
  File "/home/codespace/.python/current/lib/python3.12/concurrent/futures/thread.py", line 58, in run
    result = self.fn(*self.args, **self.kwargs)
             ^^^^^^^^^^^^^^^^^^^^^^^^^^^^^^^^^^
  File "/workspaces/Kalshi_alg/V1.py", line 820, in amend_order
    return self.rest_post(f"{self.api_prefix}/portfolio/orders/{order_id}/amend", body)
           ^^^^^^^^^^^^^^^^^^^^^^^^^^^^^^^^^^^^^^^^^^^^^^^^^^^^^^^^^^^^^^^^^^^^^^^^^^^^
  File "/workspaces/Kalshi_alg/V1.py", line 675, in rest_post
    raise RuntimeError(f"POST {path} failed {response.status_code}: {response.text[:500]}")
RuntimeError: POST /trade-api/v2/portfolio/orders/cd850e1c-4496-407e-92a8-ca6e3a638f3c/amend failed 429: {"error":{"code":"too_many_requests","message":"too many requests"}}
23:56:47 INFO REQUOTE_ERROR | error=POST /trade-api/v2/portfolio/orders/cd850e1c-4496-407e-92a8-ca6e3a638f3c/amend failed 429: {"error":{"code":"too_many_requests","message":"too many requests"}}
Traceback (most recent call last):
  File "/workspaces/Kalshi_alg/V1.py", line 1674, in requote_worker
    await self.ensure_side_quote("yes", desired_yes_units)
  File "/workspaces/Kalshi_alg/V1.py", line 1468, in ensure_side_quote
    response = await asyncio.to_thread(
               ^^^^^^^^^^^^^^^^^^^^^^^^
  File "/home/codespace/.python/current/lib/python3.12/asyncio/threads.py", line 25, in to_thread
    return await loop.run_in_executor(None, func_call)
           ^^^^^^^^^^^^^^^^^^^^^^^^^^^^^^^^^^^^^^^^^^^
  File "/home/codespace/.python/current/lib/python3.12/concurrent/futures/thread.py", line 58, in run
    result = self.fn(*self.args, **self.kwargs)
             ^^^^^^^^^^^^^^^^^^^^^^^^^^^^^^^^^^
  File "/workspaces/Kalshi_alg/V1.py", line 820, in amend_order
    return self.rest_post(f"{self.api_prefix}/portfolio/orders/{order_id}/amend", body)
           ^^^^^^^^^^^^^^^^^^^^^^^^^^^^^^^^^^^^^^^^^^^^^^^^^^^^^^^^^^^^^^^^^^^^^^^^^^^^
  File "/workspaces/Kalshi_alg/V1.py", line 675, in rest_post
    raise RuntimeError(f"POST {path} failed {response.status_code}: {response.text[:500]}")
RuntimeError: POST /trade-api/v2/portfolio/orders/cd850e1c-4496-407e-92a8-ca6e3a638f3c/amend failed 429: {"error":{"code":"too_many_requests","message":"too many requests"}}
23:56:47 INFO AMEND_OK | side=yes price_dollars=0.5200 total_fillable_contracts=9.00 order_id=cd850e1c-4496-407e-92a8-ca6e3a638f3c
23:56:48 INFO AMEND_OK | side=yes price_dollars=0.5100 total_fillable_contracts=9.00 order_id=cd850e1c-4496-407e-92a8-ca6e3a638f3c
23:56:49 INFO AMEND_OK | side=yes price_dollars=0.5400 total_fillable_contracts=9.00 order_id=cd850e1c-4496-407e-92a8-ca6e3a638f3c
23:56:50 INFO AMEND_OK | side=yes price_dollars=0.6800 total_fillable_contracts=7.00 order_id=cd850e1c-4496-407e-92a8-ca6e3a638f3c
23:57:00 INFO QUEUE_POSITION | side=yes order_id=cd850e1c-4496-407e-92a8-ca6e3a638f3c ahead_contracts=0.00
23:57:15 INFO QUEUE_POSITION | side=yes order_id=cd850e1c-4496-407e-92a8-ca6e3a638f3c ahead_contracts=0.00
23:57:30 INFO QUEUE_POSITION | side=yes order_id=cd850e1c-4496-407e-92a8-ca6e3a638f3c ahead_contracts=0.00
23:57:30 INFO AMEND_OK | side=yes price_dollars=0.7100 total_fillable_contracts=6.00 order_id=cd850e1c-4496-407e-92a8-ca6e3a638f3c
23:57:31 INFO AMEND_OK | side=yes price_dollars=0.7200 total_fillable_contracts=6.00 order_id=cd850e1c-4496-407e-92a8-ca6e3a638f3c
23:57:45 INFO QUEUE_POSITION | side=yes order_id=cd850e1c-4496-407e-92a8-ca6e3a638f3c ahead_contracts=0.00
23:57:59 INFO AMEND_OK | side=yes price_dollars=0.7100 total_fillable_contracts=6.00 order_id=cd850e1c-4496-407e-92a8-ca6e3a638f3c
23:58:00 INFO QUEUE_POSITION | side=yes order_id=cd850e1c-4496-407e-92a8-ca6e3a638f3c ahead_contracts=0.00
23:58:07 INFO AMEND_OK | side=yes price_dollars=0.7000 total_fillable_contracts=7.00 order_id=cd850e1c-4496-407e-92a8-ca6e3a638f3c
23:58:08 INFO AMEND_OK | side=yes price_dollars=0.7100 total_fillable_contracts=6.00 order_id=cd850e1c-4496-407e-92a8-ca6e3a638f3c
23:58:15 INFO QUEUE_POSITION | side=yes order_id=cd850e1c-4496-407e-92a8-ca6e3a638f3c ahead_contracts=0.00
23:58:29 INFO AMEND_OK | side=yes price_dollars=0.6600 total_fillable_contracts=7.00 order_id=cd850e1c-4496-407e-92a8-ca6e3a638f3c
23:58:30 INFO QUEUE_POSITION | side=yes order_id=cd850e1c-4496-407e-92a8-ca6e3a638f3c ahead_contracts=0.00
23:58:30 INFO AMEND_OK | side=yes price_dollars=0.7000 total_fillable_contracts=7.00 order_id=cd850e1c-4496-407e-92a8-ca6e3a638f3c
23:58:32 INFO AMEND_OK | side=yes price_dollars=0.6600 total_fillable_contracts=7.00 order_id=cd850e1c-4496-407e-92a8-ca6e3a638f3c
23:58:45 INFO QUEUE_POSITION | side=yes order_id=cd850e1c-4496-407e-92a8-ca6e3a638f3c ahead_contracts=0.00
23:58:47 INFO AMEND_OK | side=yes price_dollars=0.5700 total_fillable_contracts=8.00 order_id=cd850e1c-4496-407e-92a8-ca6e3a638f3c
23:59:00 INFO QUEUE_POSITION | side=yes order_id=cd850e1c-4496-407e-92a8-ca6e3a638f3c ahead_contracts=380.00
23:59:15 INFO QUEUE_POSITION | side=yes order_id=cd850e1c-4496-407e-92a8-ca6e3a638f3c ahead_contracts=380.00
23:59:30 INFO QUEUE_POSITION | side=yes order_id=cd850e1c-4496-407e-92a8-ca6e3a638f3c ahead_contracts=0.00
23:59:45 INFO QUEUE_POSITION | side=yes order_id=cd850e1c-4496-407e-92a8-ca6e3a638f3c ahead_contracts=0.00
23:59:54 INFO CANCEL_REQUESTED | side=yes reason=refresh_expiring_quote order_id=cd850e1c-4496-407e-92a8-ca6e3a638f3c
23:59:54 INFO ORDER_NOT_RESTING | side=yes status=canceled order_id=cd850e1c-4496-407e-92a8-ca6e3a638f3c
23:59:54 INFO CREATE_OK | side=yes price_dollars=0.5700 remaining_contracts=8.00 order_id=46ce25ff-77ea-4975-85c7-cac226598d61
23:59:56 INFO AMEND_OK | side=yes price_dollars=0.5600 total_fillable_contracts=8.00 order_id=46ce25ff-77ea-4975-85c7-cac226598d61
23:59:57 INFO AMEND_OK | side=yes price_dollars=0.5500 total_fillable_contracts=9.00 order_id=46ce25ff-77ea-4975-85c7-cac226598d61
23:59:58 INFO AMEND_OK | side=yes price_dollars=0.0300 total_fillable_contracts=165.00 order_id=46ce25ff-77ea-4975-85c7-cac226598d61
23:59:59 INFO AMEND_OK | side=yes price_dollars=0.6100 total_fillable_contracts=8.00 order_id=46ce25ff-77ea-4975-85c7-cac226598d61
00:00:00 INFO QUEUE_POSITION | side=yes order_id=46ce25ff-77ea-4975-85c7-cac226598d61 ahead_contracts=0.00
00:00:05 INFO AMEND_OK | side=yes price_dollars=0.5100 total_fillable_contracts=9.00 order_id=46ce25ff-77ea-4975-85c7-cac226598d61
00:00:07 INFO AMEND_OK | side=yes price_dollars=0.5700 total_fillable_contracts=8.00 order_id=46ce25ff-77ea-4975-85c7-cac226598d61
00:00:08 INFO AMEND_OK | side=yes price_dollars=0.5800 total_fillable_contracts=8.00 order_id=46ce25ff-77ea-4975-85c7-cac226598d61
00:00:15 INFO QUEUE_POSITION | side=yes order_id=46ce25ff-77ea-4975-85c7-cac226598d61 ahead_contracts=0.00
00:00:15 INFO AMEND_OK | side=yes price_dollars=0.5900 total_fillable_contracts=8.00 order_id=46ce25ff-77ea-4975-85c7-cac226598d61
00:00:23 INFO AMEND_OK | side=yes price_dollars=0.6100 total_fillable_contracts=8.00 order_id=46ce25ff-77ea-4975-85c7-cac226598d61
00:00:25 INFO AMEND_OK | side=yes price_dollars=0.6200 total_fillable_contracts=7.00 order_id=46ce25ff-77ea-4975-85c7-cac226598d61
00:00:29 INFO AMEND_OK | side=yes price_dollars=0.6100 total_fillable_contracts=8.00 order_id=46ce25ff-77ea-4975-85c7-cac226598d61
00:00:30 INFO QUEUE_POSITION | side=yes order_id=46ce25ff-77ea-4975-85c7-cac226598d61 ahead_contracts=0.00
00:00:45 INFO QUEUE_POSITION | side=yes order_id=46ce25ff-77ea-4975-85c7-cac226598d61 ahead_contracts=0.00
00:01:00 INFO QUEUE_POSITION | side=yes order_id=46ce25ff-77ea-4975-85c7-cac226598d61 ahead_contracts=0.00
00:01:15 INFO QUEUE_POSITION | side=yes order_id=46ce25ff-77ea-4975-85c7-cac226598d61 ahead_contracts=0.00
00:01:30 INFO QUEUE_POSITION | side=yes order_id=46ce25ff-77ea-4975-85c7-cac226598d61 ahead_contracts=0.00
00:01:45 INFO QUEUE_POSITION | side=yes order_id=46ce25ff-77ea-4975-85c7-cac226598d61 ahead_contracts=0.00
00:02:00 INFO QUEUE_POSITION | side=yes order_id=46ce25ff-77ea-4975-85c7-cac226598d61 ahead_contracts=0.00
00:02:15 INFO QUEUE_POSITION | side=yes order_id=46ce25ff-77ea-4975-85c7-cac226598d61 ahead_contracts=0.00
00:02:30 INFO QUEUE_POSITION | side=yes order_id=46ce25ff-77ea-4975-85c7-cac226598d61 ahead_contracts=0.00
00:02:45 INFO QUEUE_POSITION | side=yes order_id=46ce25ff-77ea-4975-85c7-cac226598d61 ahead_contracts=0.00
00:02:56 INFO AMEND_OK | side=yes price_dollars=0.5600 total_fillable_contracts=8.00 order_id=46ce25ff-77ea-4975-85c7-cac226598d61
00:03:00 INFO QUEUE_POSITION | side=yes order_id=46ce25ff-77ea-4975-85c7-cac226598d61 ahead_contracts=0.00
00:03:15 INFO QUEUE_POSITION | side=yes order_id=46ce25ff-77ea-4975-85c7-cac226598d61 ahead_contracts=0.00
00:03:20 INFO AMEND_OK | side=yes price_dollars=0.6100 total_fillable_contracts=8.00 order_id=46ce25ff-77ea-4975-85c7-cac226598d61
00:03:21 INFO AMEND_OK | side=yes price_dollars=0.6200 total_fillable_contracts=7.00 order_id=46ce25ff-77ea-4975-85c7-cac226598d61
00:03:28 INFO AMEND_OK | side=yes price_dollars=0.6300 total_fillable_contracts=7.00 order_id=46ce25ff-77ea-4975-85c7-cac226598d61
00:03:30 INFO QUEUE_POSITION | side=yes order_id=46ce25ff-77ea-4975-85c7-cac226598d61 ahead_contracts=0.00
00:03:31 INFO AMEND_OK | side=yes price_dollars=0.5500 total_fillable_contracts=9.00 order_id=46ce25ff-77ea-4975-85c7-cac226598d61
00:03:32 INFO AMEND_OK | side=yes price_dollars=0.5100 total_fillable_contracts=9.00 order_id=46ce25ff-77ea-4975-85c7-cac226598d61
00:03:33 INFO AMEND_OK | side=yes price_dollars=0.4500 total_fillable_contracts=11.00 order_id=46ce25ff-77ea-4975-85c7-cac226598d61
00:03:34 INFO AMEND_OK | side=yes price_dollars=0.3800 total_fillable_contracts=13.00 order_id=46ce25ff-77ea-4975-85c7-cac226598d61
00:03:35 INFO AMEND_OK | side=yes price_dollars=0.5000 total_fillable_contracts=9.00 order_id=46ce25ff-77ea-4975-85c7-cac226598d61
00:03:36 INFO AMEND_OK | side=yes price_dollars=0.5600 total_fillable_contracts=8.00 order_id=46ce25ff-77ea-4975-85c7-cac226598d61
00:03:38 INFO AMEND_OK | side=yes price_dollars=0.5500 total_fillable_contracts=9.00 order_id=46ce25ff-77ea-4975-85c7-cac226598d61
00:03:39 INFO AMEND_OK | side=yes price_dollars=0.4600 total_fillable_contracts=10.00 order_id=46ce25ff-77ea-4975-85c7-cac226598d61
00:03:40 INFO AMEND_OK | side=yes price_dollars=0.4400 total_fillable_contracts=11.00 order_id=46ce25ff-77ea-4975-85c7-cac226598d61
00:03:43 INFO AMEND_OK | side=yes price_dollars=0.4300 total_fillable_contracts=11.00 order_id=46ce25ff-77ea-4975-85c7-cac226598d61
00:03:44 INFO AMEND_OK | side=yes price_dollars=0.5000 total_fillable_contracts=9.00 order_id=46ce25ff-77ea-4975-85c7-cac226598d61
00:03:46 INFO QUEUE_POSITION | side=yes order_id=46ce25ff-77ea-4975-85c7-cac226598d61 ahead_contracts=0.00
00:03:50 INFO CANCEL_REQUESTED | side=yes reason=refresh_expiring_quote order_id=46ce25ff-77ea-4975-85c7-cac226598d61
00:03:50 INFO ORDER_NOT_RESTING | side=yes status=canceled order_id=46ce25ff-77ea-4975-85c7-cac226598d61
00:03:50 INFO CREATE_OK | side=yes price_dollars=0.5000 remaining_contracts=9.00 order_id=ed33edcb-9618-4a91-9190-e758521c0658
00:04:01 INFO QUEUE_POSITION | side=yes order_id=ed33edcb-9618-4a91-9190-e758521c0658 ahead_contracts=0.00
00:04:12 INFO AMEND_OK | side=yes price_dollars=0.5400 total_fillable_contracts=9.00 order_id=ed33edcb-9618-4a91-9190-e758521c0658
00:04:15 INFO AMEND_OK | side=yes price_dollars=0.5300 total_fillable_contracts=9.00 order_id=ed33edcb-9618-4a91-9190-e758521c0658
00:04:16 INFO QUEUE_POSITION | side=yes order_id=ed33edcb-9618-4a91-9190-e758521c0658 ahead_contracts=38.00
00:04:16 INFO AMEND_OK | side=yes price_dollars=0.5400 total_fillable_contracts=9.00 order_id=ed33edcb-9618-4a91-9190-e758521c0658
00:04:17 INFO AMEND_OK | side=yes price_dollars=0.5300 total_fillable_contracts=9.00 order_id=ed33edcb-9618-4a91-9190-e758521c0658
00:04:31 INFO QUEUE_POSITION | side=yes order_id=ed33edcb-9618-4a91-9190-e758521c0658 ahead_contracts=38.00
00:04:42 INFO AMEND_OK | side=yes price_dollars=0.5400 total_fillable_contracts=9.00 order_id=ed33edcb-9618-4a91-9190-e758521c0658
00:04:43 INFO AMEND_OK | side=yes price_dollars=0.5600 total_fillable_contracts=8.00 order_id=ed33edcb-9618-4a91-9190-e758521c0658
00:04:46 INFO QUEUE_POSITION | side=yes order_id=ed33edcb-9618-4a91-9190-e758521c0658 ahead_contracts=1500.00
00:05:01 INFO QUEUE_POSITION | side=yes order_id=ed33edcb-9618-4a91-9190-e758521c0658 ahead_contracts=1500.00
00:05:02 INFO AMEND_OK | side=yes price_dollars=0.5500 total_fillable_contracts=9.00 order_id=ed33edcb-9618-4a91-9190-e758521c0658
00:05:03 INFO AMEND_OK | side=yes price_dollars=0.5600 total_fillable_contracts=8.00 order_id=ed33edcb-9618-4a91-9190-e758521c0658
00:05:08 INFO AMEND_OK | side=yes price_dollars=0.5400 total_fillable_contracts=9.00 order_id=ed33edcb-9618-4a91-9190-e758521c0658
00:05:09 INFO AMEND_OK | side=yes price_dollars=0.3800 total_fillable_contracts=13.00 order_id=ed33edcb-9618-4a91-9190-e758521c0658
00:05:12 INFO AMEND_OK | side=yes price_dollars=0.5300 total_fillable_contracts=9.00 order_id=ed33edcb-9618-4a91-9190-e758521c0658
00:05:16 INFO QUEUE_POSITION | side=yes order_id=ed33edcb-9618-4a91-9190-e758521c0658 ahead_contracts=0.00
00:05:23 INFO AMEND_OK | side=yes price_dollars=0.5200 total_fillable_contracts=9.00 order_id=ed33edcb-9618-4a91-9190-e758521c0658
00:05:24 INFO AMEND_OK | side=yes price_dollars=0.4000 total_fillable_contracts=12.00 order_id=ed33edcb-9618-4a91-9190-e758521c0658
00:05:25 INFO AMEND_OK | side=yes price_dollars=0.3900 total_fillable_contracts=12.00 order_id=ed33edcb-9618-4a91-9190-e758521c0658
00:05:31 INFO QUEUE_POSITION | side=yes order_id=ed33edcb-9618-4a91-9190-e758521c0658 ahead_contracts=0.00
00:05:37 INFO AMEND_OK | side=yes price_dollars=0.5400 total_fillable_contracts=9.00 order_id=ed33edcb-9618-4a91-9190-e758521c0658
00:05:40 INFO AMEND_OK | side=yes price_dollars=0.5500 total_fillable_contracts=9.00 order_id=ed33edcb-9618-4a91-9190-e758521c0658
00:05:42 INFO AMEND_OK | side=yes price_dollars=0.5700 total_fillable_contracts=8.00 order_id=ed33edcb-9618-4a91-9190-e758521c0658
00:05:45 INFO AMEND_OK | side=yes price_dollars=0.5900 total_fillable_contracts=8.00 order_id=ed33edcb-9618-4a91-9190-e758521c0658
00:05:46 INFO QUEUE_POSITION | side=yes order_id=ed33edcb-9618-4a91-9190-e758521c0658 ahead_contracts=0.00
00:05:47 INFO AMEND_OK | side=yes price_dollars=0.6200 total_fillable_contracts=7.00 order_id=ed33edcb-9618-4a91-9190-e758521c0658
00:05:49 INFO AMEND_OK | side=yes price_dollars=0.6400 total_fillable_contracts=7.00 order_id=ed33edcb-9618-4a91-9190-e758521c0658
00:05:50 INFO AMEND_OK | side=yes price_dollars=0.6500 total_fillable_contracts=7.00 order_id=ed33edcb-9618-4a91-9190-e758521c0658
00:05:57 INFO AMEND_OK | side=yes price_dollars=0.8200 total_fillable_contracts=6.00 order_id=ed33edcb-9618-4a91-9190-e758521c0658
00:05:58 INFO AMEND_OK | side=yes price_dollars=0.8300 total_fillable_contracts=5.00 order_id=ed33edcb-9618-4a91-9190-e758521c0658
00:06:01 INFO QUEUE_POSITION | side=yes order_id=ed33edcb-9618-4a91-9190-e758521c0658 ahead_contracts=3000.00
00:06:15 INFO AMEND_OK | side=yes price_dollars=0.8400 total_fillable_contracts=5.00 order_id=ed33edcb-9618-4a91-9190-e758521c0658
00:06:16 INFO AMEND_OK | side=yes price_dollars=0.8500 total_fillable_contracts=5.00 order_id=ed33edcb-9618-4a91-9190-e758521c0658
00:06:16 INFO QUEUE_POSITION | side=yes order_id=ed33edcb-9618-4a91-9190-e758521c0658 ahead_contracts=0.00
00:06:31 INFO QUEUE_POSITION | side=yes order_id=ed33edcb-9618-4a91-9190-e758521c0658 ahead_contracts=0.00
00:06:46 INFO QUEUE_POSITION | side=yes order_id=ed33edcb-9618-4a91-9190-e758521c0658 ahead_contracts=0.00
00:07:01 INFO QUEUE_POSITION | side=yes order_id=ed33edcb-9618-4a91-9190-e758521c0658 ahead_contracts=0.00
00:07:16 INFO QUEUE_POSITION | side=yes order_id=ed33edcb-9618-4a91-9190-e758521c0658 ahead_contracts=0.00
00:07:31 INFO QUEUE_POSITION | side=yes order_id=ed33edcb-9618-4a91-9190-e758521c0658 ahead_contracts=0.00
00:07:46 INFO QUEUE_POSITION | side=yes order_id=ed33edcb-9618-4a91-9190-e758521c0658 ahead_contracts=0.00
00:07:50 INFO ORDER_NOT_RESTING | side=yes status=canceled order_id=ed33edcb-9618-4a91-9190-e758521c0658
00:07:50 INFO CREATE_OK | side=yes price_dollars=0.8700 remaining_contracts=5.00 order_id=bf5c7bfb-3bfe-4b3e-a458-4b9aaa1327d2
00:07:51 INFO AMEND_OK | side=yes price_dollars=0.8600 total_fillable_contracts=5.00 order_id=bf5c7bfb-3bfe-4b3e-a458-4b9aaa1327d2
00:08:01 INFO QUEUE_POSITION | side=yes order_id=bf5c7bfb-3bfe-4b3e-a458-4b9aaa1327d2 ahead_contracts=3000.00
00:08:16 INFO QUEUE_POSITION | side=yes order_id=bf5c7bfb-3bfe-4b3e-a458-4b9aaa1327d2 ahead_contracts=3000.00
00:08:31 INFO QUEUE_POSITION | side=yes order_id=bf5c7bfb-3bfe-4b3e-a458-4b9aaa1327d2 ahead_contracts=3000.00
00:08:35 INFO AMEND_OK | side=yes price_dollars=0.8500 total_fillable_contracts=5.00 order_id=bf5c7bfb-3bfe-4b3e-a458-4b9aaa1327d2
00:08:39 INFO AMEND_OK | side=yes price_dollars=0.8900 total_fillable_contracts=5.00 order_id=bf5c7bfb-3bfe-4b3e-a458-4b9aaa1327d2
00:08:46 INFO QUEUE_POSITION | side=yes order_id=bf5c7bfb-3bfe-4b3e-a458-4b9aaa1327d2 ahead_contracts=0.00
00:09:01 INFO QUEUE_POSITION | side=yes order_id=bf5c7bfb-3bfe-4b3e-a458-4b9aaa1327d2 ahead_contracts=0.00
00:09:16 INFO QUEUE_POSITION | side=yes order_id=bf5c7bfb-3bfe-4b3e-a458-4b9aaa1327d2 ahead_contracts=0.00
00:09:31 INFO QUEUE_POSITION | side=yes order_id=bf5c7bfb-3bfe-4b3e-a458-4b9aaa1327d2 ahead_contracts=0.00
00:09:46 INFO QUEUE_POSITION | side=yes order_id=bf5c7bfb-3bfe-4b3e-a458-4b9aaa1327d2 ahead_contracts=0.00
00:10:01 INFO QUEUE_POSITION | side=yes order_id=bf5c7bfb-3bfe-4b3e-a458-4b9aaa1327d2 ahead_contracts=0.00
00:10:05 INFO AMEND_OK | side=yes price_dollars=0.7200 total_fillable_contracts=6.00 order_id=bf5c7bfb-3bfe-4b3e-a458-4b9aaa1327d2
00:10:06 INFO AMEND_OK | side=yes price_dollars=0.7500 total_fillable_contracts=6.00 order_id=bf5c7bfb-3bfe-4b3e-a458-4b9aaa1327d2
00:10:07 INFO AMEND_OK | side=yes price_dollars=0.7400 total_fillable_contracts=6.00 order_id=bf5c7bfb-3bfe-4b3e-a458-4b9aaa1327d2
00:10:08 INFO AMEND_OK | side=yes price_dollars=0.7600 total_fillable_contracts=6.00 order_id=bf5c7bfb-3bfe-4b3e-a458-4b9aaa1327d2
00:10:09 INFO AMEND_OK | side=yes price_dollars=0.7100 total_fillable_contracts=6.00 order_id=bf5c7bfb-3bfe-4b3e-a458-4b9aaa1327d2
00:10:10 INFO AMEND_OK | side=yes price_dollars=0.7200 total_fillable_contracts=6.00 order_id=bf5c7bfb-3bfe-4b3e-a458-4b9aaa1327d2
00:10:13 INFO AMEND_OK | side=yes price_dollars=0.7300 total_fillable_contracts=6.00 order_id=bf5c7bfb-3bfe-4b3e-a458-4b9aaa1327d2
00:10:17 INFO QUEUE_POSITION | side=yes order_id=bf5c7bfb-3bfe-4b3e-a458-4b9aaa1327d2 ahead_contracts=1010.00
00:10:29 INFO AMEND_OK | side=yes price_dollars=0.7700 total_fillable_contracts=6.00 order_id=bf5c7bfb-3bfe-4b3e-a458-4b9aaa1327d2
00:10:32 INFO QUEUE_POSITION | side=yes order_id=bf5c7bfb-3bfe-4b3e-a458-4b9aaa1327d2 ahead_contracts=1006.00
00:10:40 INFO AMEND_OK | side=yes price_dollars=0.7800 total_fillable_contracts=6.00 order_id=bf5c7bfb-3bfe-4b3e-a458-4b9aaa1327d2
00:10:41 INFO AMEND_OK | side=yes price_dollars=0.7600 total_fillable_contracts=6.00 order_id=bf5c7bfb-3bfe-4b3e-a458-4b9aaa1327d2
00:10:42 INFO AMEND_OK | side=yes price_dollars=0.7800 total_fillable_contracts=6.00 order_id=bf5c7bfb-3bfe-4b3e-a458-4b9aaa1327d2
00:10:43 INFO AMEND_OK | side=yes price_dollars=0.7600 total_fillable_contracts=6.00 order_id=bf5c7bfb-3bfe-4b3e-a458-4b9aaa1327d2
00:10:44 INFO AMEND_OK | side=yes price_dollars=0.7800 total_fillable_contracts=6.00 order_id=bf5c7bfb-3bfe-4b3e-a458-4b9aaa1327d2
00:10:45 INFO AMEND_OK | side=yes price_dollars=0.7600 total_fillable_contracts=6.00 order_id=bf5c7bfb-3bfe-4b3e-a458-4b9aaa1327d2
00:10:46 INFO AMEND_OK | side=yes price_dollars=0.7800 total_fillable_contracts=6.00 order_id=bf5c7bfb-3bfe-4b3e-a458-4b9aaa1327d2
00:10:47 INFO QUEUE_POSITION | side=yes order_id=bf5c7bfb-3bfe-4b3e-a458-4b9aaa1327d2 ahead_contracts=0.00
00:10:47 INFO AMEND_OK | side=yes price_dollars=0.7900 total_fillable_contracts=6.00 order_id=bf5c7bfb-3bfe-4b3e-a458-4b9aaa1327d2
00:10:48 INFO AMEND_OK | side=yes price_dollars=0.6900 total_fillable_contracts=7.00 order_id=bf5c7bfb-3bfe-4b3e-a458-4b9aaa1327d2
00:10:49 INFO AMEND_OK | side=yes price_dollars=0.7100 total_fillable_contracts=6.00 order_id=bf5c7bfb-3bfe-4b3e-a458-4b9aaa1327d2
00:10:50 INFO AMEND_OK | side=yes price_dollars=0.7200 total_fillable_contracts=6.00 order_id=bf5c7bfb-3bfe-4b3e-a458-4b9aaa1327d2
00:10:57 INFO AMEND_OK | side=yes price_dollars=0.7500 total_fillable_contracts=6.00 order_id=bf5c7bfb-3bfe-4b3e-a458-4b9aaa1327d2
00:10:58 INFO AMEND_OK | side=yes price_dollars=0.7600 total_fillable_contracts=6.00 order_id=bf5c7bfb-3bfe-4b3e-a458-4b9aaa1327d2
00:10:59 INFO AMEND_OK | side=yes price_dollars=0.7800 total_fillable_contracts=6.00 order_id=bf5c7bfb-3bfe-4b3e-a458-4b9aaa1327d2
00:11:00 INFO AMEND_OK | side=yes price_dollars=0.7700 total_fillable_contracts=6.00 order_id=bf5c7bfb-3bfe-4b3e-a458-4b9aaa1327d2
00:11:02 INFO QUEUE_POSITION | side=yes order_id=bf5c7bfb-3bfe-4b3e-a458-4b9aaa1327d2 ahead_contracts=0.00
00:11:05 INFO AMEND_OK | side=yes price_dollars=0.7600 total_fillable_contracts=6.00 order_id=bf5c7bfb-3bfe-4b3e-a458-4b9aaa1327d2
00:11:06 INFO AMEND_OK | side=yes price_dollars=0.7500 total_fillable_contracts=6.00 order_id=bf5c7bfb-3bfe-4b3e-a458-4b9aaa1327d2
00:11:07 INFO AMEND_OK | side=yes price_dollars=0.7600 total_fillable_contracts=6.00 order_id=bf5c7bfb-3bfe-4b3e-a458-4b9aaa1327d2
00:11:10 INFO AMEND_OK | side=yes price_dollars=0.7700 total_fillable_contracts=6.00 order_id=bf5c7bfb-3bfe-4b3e-a458-4b9aaa1327d2
00:11:12 INFO AMEND_OK | side=yes price_dollars=0.7800 total_fillable_contracts=6.00 order_id=bf5c7bfb-3bfe-4b3e-a458-4b9aaa1327d2
00:11:13 INFO AMEND_OK | side=yes price_dollars=0.8000 total_fillable_contracts=6.00 order_id=bf5c7bfb-3bfe-4b3e-a458-4b9aaa1327d2
00:11:15 INFO AMEND_OK | side=yes price_dollars=0.7900 total_fillable_contracts=6.00 order_id=bf5c7bfb-3bfe-4b3e-a458-4b9aaa1327d2
00:11:16 INFO AMEND_OK | side=yes price_dollars=0.8000 total_fillable_contracts=6.00 order_id=bf5c7bfb-3bfe-4b3e-a458-4b9aaa1327d2
00:11:17 INFO QUEUE_POSITION | side=yes order_id=bf5c7bfb-3bfe-4b3e-a458-4b9aaa1327d2 ahead_contracts=0.00
00:11:20 INFO AMEND_OK | side=yes price_dollars=0.7900 total_fillable_contracts=6.00 order_id=bf5c7bfb-3bfe-4b3e-a458-4b9aaa1327d2
00:11:22 INFO AMEND_OK | side=yes price_dollars=0.8000 total_fillable_contracts=6.00 order_id=bf5c7bfb-3bfe-4b3e-a458-4b9aaa1327d2
00:11:23 INFO AMEND_OK | side=yes price_dollars=0.7900 total_fillable_contracts=6.00 order_id=bf5c7bfb-3bfe-4b3e-a458-4b9aaa1327d2
00:11:28 INFO AMEND_OK | side=yes price_dollars=0.8000 total_fillable_contracts=6.00 order_id=bf5c7bfb-3bfe-4b3e-a458-4b9aaa1327d2
00:11:32 INFO AMEND_OK | side=yes price_dollars=0.8200 total_fillable_contracts=6.00 order_id=bf5c7bfb-3bfe-4b3e-a458-4b9aaa1327d2
00:11:32 INFO QUEUE_POSITION | side=yes order_id=bf5c7bfb-3bfe-4b3e-a458-4b9aaa1327d2 ahead_contracts=6.00
00:11:33 INFO AMEND_OK | side=yes price_dollars=0.8400 total_fillable_contracts=5.00 order_id=bf5c7bfb-3bfe-4b3e-a458-4b9aaa1327d2
00:11:34 INFO AMEND_OK | side=yes price_dollars=0.8500 total_fillable_contracts=5.00 order_id=bf5c7bfb-3bfe-4b3e-a458-4b9aaa1327d2
00:11:35 INFO AMEND_OK | side=yes price_dollars=0.8700 total_fillable_contracts=5.00 order_id=bf5c7bfb-3bfe-4b3e-a458-4b9aaa1327d2
00:11:40 INFO AMEND_OK | side=yes price_dollars=0.8800 total_fillable_contracts=5.00 order_id=bf5c7bfb-3bfe-4b3e-a458-4b9aaa1327d2
00:11:45 INFO CANCEL_REQUESTED | side=yes reason=refresh_expiring_quote order_id=bf5c7bfb-3bfe-4b3e-a458-4b9aaa1327d2
00:11:45 INFO ORDER_NOT_RESTING | side=yes status=canceled order_id=bf5c7bfb-3bfe-4b3e-a458-4b9aaa1327d2
00:11:45 INFO CREATE_OK | side=yes price_dollars=0.8800 remaining_contracts=5.00 order_id=77b38c6f-32b5-4724-a77c-86a5d87d6584
00:11:46 INFO AMEND_OK | side=yes price_dollars=0.8700 total_fillable_contracts=5.00 order_id=77b38c6f-32b5-4724-a77c-86a5d87d6584
00:11:47 INFO QUEUE_POSITION | side=yes order_id=77b38c6f-32b5-4724-a77c-86a5d87d6584 ahead_contracts=0.00
00:11:47 INFO AMEND_OK | side=yes price_dollars=0.8900 total_fillable_contracts=5.00 order_id=77b38c6f-32b5-4724-a77c-86a5d87d6584
00:11:48 INFO AMEND_OK | side=yes price_dollars=0.8800 total_fillable_contracts=5.00 order_id=77b38c6f-32b5-4724-a77c-86a5d87d6584
00:11:56 INFO AMEND_OK | side=yes price_dollars=0.8700 total_fillable_contracts=5.00 order_id=77b38c6f-32b5-4724-a77c-86a5d87d6584
00:11:57 INFO AMEND_OK | side=yes price_dollars=0.7800 total_fillable_contracts=6.00 order_id=77b38c6f-32b5-4724-a77c-86a5d87d6584
00:11:58 INFO AMEND_OK | side=yes price_dollars=0.7900 total_fillable_contracts=6.00 order_id=77b38c6f-32b5-4724-a77c-86a5d87d6584
00:11:59 INFO AMEND_OK | side=yes price_dollars=0.8100 total_fillable_contracts=6.00 order_id=77b38c6f-32b5-4724-a77c-86a5d87d6584
00:12:02 INFO QUEUE_POSITION | side=yes order_id=77b38c6f-32b5-4724-a77c-86a5d87d6584 ahead_contracts=0.00
00:12:07 INFO AMEND_OK | side=yes price_dollars=0.8200 total_fillable_contracts=6.00 order_id=77b38c6f-32b5-4724-a77c-86a5d87d6584
00:12:09 INFO AMEND_OK | side=yes price_dollars=0.8300 total_fillable_contracts=5.00 order_id=77b38c6f-32b5-4724-a77c-86a5d87d6584
00:12:17 INFO QUEUE_POSITION | side=yes order_id=77b38c6f-32b5-4724-a77c-86a5d87d6584 ahead_contracts=0.00
00:12:18 INFO AMEND_OK | side=yes price_dollars=0.8400 total_fillable_contracts=5.00 order_id=77b38c6f-32b5-4724-a77c-86a5d87d6584
00:12:19 INFO AMEND_OK | side=yes price_dollars=0.8700 total_fillable_contracts=5.00 order_id=77b38c6f-32b5-4724-a77c-86a5d87d6584
00:12:20 INFO AMEND_OK | side=yes price_dollars=0.8900 total_fillable_contracts=5.00 order_id=77b38c6f-32b5-4724-a77c-86a5d87d6584
00:12:21 INFO REQUOTE_ERROR | error=POST /trade-api/v2/portfolio/orders/77b38c6f-32b5-4724-a77c-86a5d87d6584/amend failed 429: {"error":{"code":"too_many_requests","message":"too many requests"}}
Traceback (most recent call last):
  File "/workspaces/Kalshi_alg/V1.py", line 1674, in requote_worker
    await self.ensure_side_quote("yes", desired_yes_units)
  File "/workspaces/Kalshi_alg/V1.py", line 1468, in ensure_side_quote
    response = await asyncio.to_thread(
               ^^^^^^^^^^^^^^^^^^^^^^^^
  File "/home/codespace/.python/current/lib/python3.12/asyncio/threads.py", line 25, in to_thread
    return await loop.run_in_executor(None, func_call)
           ^^^^^^^^^^^^^^^^^^^^^^^^^^^^^^^^^^^^^^^^^^^
  File "/home/codespace/.python/current/lib/python3.12/concurrent/futures/thread.py", line 58, in run
    result = self.fn(*self.args, **self.kwargs)
             ^^^^^^^^^^^^^^^^^^^^^^^^^^^^^^^^^^
  File "/workspaces/Kalshi_alg/V1.py", line 820, in amend_order
    return self.rest_post(f"{self.api_prefix}/portfolio/orders/{order_id}/amend", body)
           ^^^^^^^^^^^^^^^^^^^^^^^^^^^^^^^^^^^^^^^^^^^^^^^^^^^^^^^^^^^^^^^^^^^^^^^^^^^^
  File "/workspaces/Kalshi_alg/V1.py", line 675, in rest_post
    raise RuntimeError(f"POST {path} failed {response.status_code}: {response.text[:500]}")
RuntimeError: POST /trade-api/v2/portfolio/orders/77b38c6f-32b5-4724-a77c-86a5d87d6584/amend failed 429: {"error":{"code":"too_many_requests","message":"too many requests"}}
00:12:21 INFO REQUOTE_ERROR | error=POST /trade-api/v2/portfolio/orders/77b38c6f-32b5-4724-a77c-86a5d87d6584/amend failed 429: {"error":{"code":"too_many_requests","message":"too many requests"}}
Traceback (most recent call last):
  File "/workspaces/Kalshi_alg/V1.py", line 1674, in requote_worker
    await self.ensure_side_quote("yes", desired_yes_units)
  File "/workspaces/Kalshi_alg/V1.py", line 1468, in ensure_side_quote
    response = await asyncio.to_thread(
               ^^^^^^^^^^^^^^^^^^^^^^^^
  File "/home/codespace/.python/current/lib/python3.12/asyncio/threads.py", line 25, in to_thread
    return await loop.run_in_executor(None, func_call)
           ^^^^^^^^^^^^^^^^^^^^^^^^^^^^^^^^^^^^^^^^^^^
  File "/home/codespace/.python/current/lib/python3.12/concurrent/futures/thread.py", line 58, in run
    result = self.fn(*self.args, **self.kwargs)
             ^^^^^^^^^^^^^^^^^^^^^^^^^^^^^^^^^^
  File "/workspaces/Kalshi_alg/V1.py", line 820, in amend_order
    return self.rest_post(f"{self.api_prefix}/portfolio/orders/{order_id}/amend", body)
           ^^^^^^^^^^^^^^^^^^^^^^^^^^^^^^^^^^^^^^^^^^^^^^^^^^^^^^^^^^^^^^^^^^^^^^^^^^^^
  File "/workspaces/Kalshi_alg/V1.py", line 675, in rest_post
    raise RuntimeError(f"POST {path} failed {response.status_code}: {response.text[:500]}")
RuntimeError: POST /trade-api/v2/portfolio/orders/77b38c6f-32b5-4724-a77c-86a5d87d6584/amend failed 429: {"error":{"code":"too_many_requests","message":"too many requests"}}
00:12:22 INFO AMEND_OK | side=yes price_dollars=0.8800 total_fillable_contracts=5.00 order_id=77b38c6f-32b5-4724-a77c-86a5d87d6584
00:12:32 INFO QUEUE_POSITION | side=yes order_id=77b38c6f-32b5-4724-a77c-86a5d87d6584 ahead_contracts=6.00
00:12:46 INFO AMEND_OK | side=yes price_dollars=0.8700 total_fillable_contracts=5.00 order_id=77b38c6f-32b5-4724-a77c-86a5d87d6584
00:12:47 INFO QUEUE_POSITION | side=yes order_id=77b38c6f-32b5-4724-a77c-86a5d87d6584 ahead_contracts=0.00
00:12:48 INFO AMEND_OK | side=yes price_dollars=0.8600 total_fillable_contracts=5.00 order_id=77b38c6f-32b5-4724-a77c-86a5d87d6584
00:12:49 INFO AMEND_OK | side=yes price_dollars=0.8500 total_fillable_contracts=5.00 order_id=77b38c6f-32b5-4724-a77c-86a5d87d6584
00:12:50 INFO AMEND_OK | side=yes price_dollars=0.8600 total_fillable_contracts=5.00 order_id=77b38c6f-32b5-4724-a77c-86a5d87d6584
00:12:52 INFO AMEND_OK | side=yes price_dollars=0.8800 total_fillable_contracts=5.00 order_id=77b38c6f-32b5-4724-a77c-86a5d87d6584
00:13:02 INFO QUEUE_POSITION | side=yes order_id=77b38c6f-32b5-4724-a77c-86a5d87d6584 ahead_contracts=0.00
00:13:17 INFO QUEUE_POSITION | side=yes order_id=77b38c6f-32b5-4724-a77c-86a5d87d6584 ahead_contracts=0.00
00:13:32 INFO QUEUE_POSITION | side=yes order_id=77b38c6f-32b5-4724-a77c-86a5d87d6584 ahead_contracts=0.00
00:13:47 INFO QUEUE_POSITION | side=yes order_id=77b38c6f-32b5-4724-a77c-86a5d87d6584 ahead_contracts=0.00
00:14:02 INFO QUEUE_POSITION | side=yes order_id=77b38c6f-32b5-4724-a77c-86a5d87d6584 ahead_contracts=0.00
00:14:15 INFO AMEND_OK | side=yes price_dollars=0.8900 total_fillable_contracts=5.00 order_id=77b38c6f-32b5-4724-a77c-86a5d87d6584
00:14:17 INFO QUEUE_POSITION | side=yes order_id=77b38c6f-32b5-4724-a77c-86a5d87d6584 ahead_contracts=6.00
00:14:32 INFO QUEUE_POSITION | side=yes order_id=77b38c6f-32b5-4724-a77c-86a5d87d6584 ahead_contracts=6.00
00:14:33 INFO AMEND_OK | side=yes price_dollars=0.8800 total_fillable_contracts=5.00 order_id=77b38c6f-32b5-4724-a77c-86a5d87d6584
00:14:34 INFO AMEND_OK | side=yes price_dollars=0.8900 total_fillable_contracts=5.00 order_id=77b38c6f-32b5-4724-a77c-86a5d87d6584
00:14:38 INFO AMEND_OK | side=yes price_dollars=0.9000 total_fillable_contracts=5.00 order_id=77b38c6f-32b5-4724-a77c-86a5d87d6584
00:14:39 INFO AMEND_OK | side=yes price_dollars=0.9100 total_fillable_contracts=5.00 order_id=77b38c6f-32b5-4724-a77c-86a5d87d6584
00:14:47 INFO QUEUE_POSITION | side=yes order_id=77b38c6f-32b5-4724-a77c-86a5d87d6584 ahead_contracts=0.00
00:14:56 INFO AMEND_OK | side=yes price_dollars=0.9200 total_fillable_contracts=5.00 order_id=77b38c6f-32b5-4724-a77c-86a5d87d6584
00:14:58 INFO CANCEL_REQUESTED | side=yes reason=quote_disabled order_id=77b38c6f-32b5-4724-a77c-86a5d87d6584
00:14:58 INFO ORDER_NOT_RESTING | side=yes status=canceled order_id=77b38c6f-32b5-4724-a77c-86a5d87d6584

=== START 2026-03-10 00:30:03 ===
CMD: /home/codespace/.python/current/bin/python3 /workspaces/Kalshi_alg/V1.py --ticker KXNCAAMBSPREAD-26MAR09UNOAMCC-AMCC4 --yes-budget-cents 500 --no-budget-cents 500
00:30:03 INFO START | environment=PROD ticker=KXNCAAMBSPREAD-26MAR09UNOAMCC-AMCC4 yes_budget_cents=500 no_budget_cents=500 price_structure=linear_cent fractional_trading=False dry_run=False websocket=wss://api.elections.kalshi.com/trade-api/ws/v2
00:30:03 INFO STARTUP_POSITION | contracts=-16.00
00:30:03 INFO WS_CONNECTED_AND_SUBSCRIBED
Traceback (most recent call last):
  File "/workspaces/Kalshi_alg/V1.py", line 1870, in <module>
    main()
  File "/workspaces/Kalshi_alg/V1.py", line 1866, in main
    asyncio.run(bot.run())
  File "/home/codespace/.python/current/lib/python3.12/asyncio/runners.py", line 194, in run
    return runner.run(main)
           ^^^^^^^^^^^^^^^^
  File "/home/codespace/.python/current/lib/python3.12/asyncio/runners.py", line 118, in run
    return self._loop.run_until_complete(task)
           ^^^^^^^^^^^^^^^^^^^^^^^^^^^^^^^^^^^
  File "/home/codespace/.python/current/lib/python3.12/asyncio/base_events.py", line 671, in run_until_complete
    self.run_forever()
  File "/home/codespace/.python/current/lib/python3.12/asyncio/base_events.py", line 638, in run_forever
    self._run_once()
  File "/home/codespace/.python/current/lib/python3.12/asyncio/base_events.py", line 1933, in _run_once
    event_list = self._selector.select(timeout)
                 ^^^^^^^^^^^^^^^^^^^^^^^^^^^^^^
  File "/home/codespace/.python/current/lib/python3.12/selectors.py", line 468, in select
    fd_event_list = self._selector.poll(timeout, max_ev)
                    ^^^^^^^^^^^^^^^^^^^^^^^^^^^^^^^^^^^^
  File "/home/codespace/.python/current/lib/python3.12/asyncio/runners.py", line 157, in _on_sigint
    raise KeyboardInterrupt()
KeyboardInterrupt
