
=== START 2026-03-08 04:23:53 ===
CMD: /home/codespace/.python/current/bin/python3 /workspaces/Kalshi_alg/V1.py --ticker KXNCAAMBTOTAL-26MAR07UNDUST-153 --yes-budget-cents 1000 --no-budget-cents 1000
04:23:55 INFO START | environment=PROD ticker=KXNCAAMBTOTAL-26MAR07UNDUST-153 yes_budget_cents=1000 no_budget_cents=1000 price_structure=linear_cent fractional_trading=False dry_run=False websocket=wss://api.elections.kalshi.com/trade-api/ws/v2
04:23:55 INFO STARTUP_POSITION | contracts=0.00
04:23:55 INFO WS_CONNECTED_AND_SUBSCRIBED
04:23:55 INFO CREATE_OK | side=yes price_dollars=0.2900 remaining_contracts=34.00 order_id=33cad0bd-0503-4efe-8e2e-a6246d1fdde6
04:23:55 INFO CREATE_OK | side=no price_dollars=0.6700 remaining_contracts=14.00 order_id=56f28fa2-16f3-4860-a571-d0227d962979
04:23:55 INFO AMEND_OK | side=yes price_dollars=0.2800 total_fillable_contracts=35.00 order_id=33cad0bd-0503-4efe-8e2e-a6246d1fdde6
04:23:55 INFO AMEND_OK | side=no price_dollars=0.6600 total_fillable_contracts=15.00 order_id=56f28fa2-16f3-4860-a571-d0227d962979
04:24:10 INFO QUEUE_POSITION | side=yes order_id=33cad0bd-0503-4efe-8e2e-a6246d1fdde6 ahead_contracts=6000.00
04:24:10 INFO QUEUE_POSITION | side=no order_id=56f28fa2-16f3-4860-a571-d0227d962979 ahead_contracts=320.00
04:24:25 INFO QUEUE_POSITION | side=yes order_id=33cad0bd-0503-4efe-8e2e-a6246d1fdde6 ahead_contracts=6000.00
04:24:25 INFO QUEUE_POSITION | side=no order_id=56f28fa2-16f3-4860-a571-d0227d962979 ahead_contracts=320.00
04:24:40 INFO QUEUE_POSITION | side=yes order_id=33cad0bd-0503-4efe-8e2e-a6246d1fdde6 ahead_contracts=6000.00
04:24:40 INFO QUEUE_POSITION | side=no order_id=56f28fa2-16f3-4860-a571-d0227d962979 ahead_contracts=320.00
04:24:54 INFO ORDER_NOT_RESTING | side=no status=canceled order_id=56f28fa2-16f3-4860-a571-d0227d962979
04:24:54 INFO ORDER_NOT_RESTING | side=yes status=canceled order_id=33cad0bd-0503-4efe-8e2e-a6246d1fdde6
04:24:54 INFO REQUOTE_ERROR | error=POST /trade-api/v2/portfolio/orders failed 429: {"error":{"code":"too_many_requests","message":"too many requests"}}
Traceback (most recent call last):
  File "/workspaces/Kalshi_alg/V1.py", line 1674, in requote_worker
    await self.ensure_side_quote("yes", desired_yes_units)
  File "/workspaces/Kalshi_alg/V1.py", line 1437, in ensure_side_quote
    response = await asyncio.to_thread(
               ^^^^^^^^^^^^^^^^^^^^^^^^
  File "/home/codespace/.python/current/lib/python3.12/asyncio/threads.py", line 25, in to_thread
    return await loop.run_in_executor(None, func_call)
           ^^^^^^^^^^^^^^^^^^^^^^^^^^^^^^^^^^^^^^^^^^^
  File "/home/codespace/.python/current/lib/python3.12/concurrent/futures/thread.py", line 58, in run
    result = self.fn(*self.args, **self.kwargs)
             ^^^^^^^^^^^^^^^^^^^^^^^^^^^^^^^^^^
  File "/workspaces/Kalshi_alg/V1.py", line 776, in create_order
    return self.rest_post(f"{self.api_prefix}/portfolio/orders", body)
           ^^^^^^^^^^^^^^^^^^^^^^^^^^^^^^^^^^^^^^^^^^^^^^^^^^^^^^^^^^^
  File "/workspaces/Kalshi_alg/V1.py", line 675, in rest_post
    raise RuntimeError(f"POST {path} failed {response.status_code}: {response.text[:500]}")
RuntimeError: POST /trade-api/v2/portfolio/orders failed 429: {"error":{"code":"too_many_requests","message":"too many requests"}}
04:24:58 INFO REQUOTE_ERROR | error=POST /trade-api/v2/portfolio/orders failed 429: {"error":{"code":"too_many_requests","message":"too many requests"}}
Traceback (most recent call last):
  File "/workspaces/Kalshi_alg/V1.py", line 1674, in requote_worker
    await self.ensure_side_quote("yes", desired_yes_units)
  File "/workspaces/Kalshi_alg/V1.py", line 1437, in ensure_side_quote
    response = await asyncio.to_thread(
               ^^^^^^^^^^^^^^^^^^^^^^^^
  File "/home/codespace/.python/current/lib/python3.12/asyncio/threads.py", line 25, in to_thread
    return await loop.run_in_executor(None, func_call)
           ^^^^^^^^^^^^^^^^^^^^^^^^^^^^^^^^^^^^^^^^^^^
  File "/home/codespace/.python/current/lib/python3.12/concurrent/futures/thread.py", line 58, in run
    result = self.fn(*self.args, **self.kwargs)
             ^^^^^^^^^^^^^^^^^^^^^^^^^^^^^^^^^^
  File "/workspaces/Kalshi_alg/V1.py", line 776, in create_order
    return self.rest_post(f"{self.api_prefix}/portfolio/orders", body)
           ^^^^^^^^^^^^^^^^^^^^^^^^^^^^^^^^^^^^^^^^^^^^^^^^^^^^^^^^^^^
  File "/workspaces/Kalshi_alg/V1.py", line 675, in rest_post
    raise RuntimeError(f"POST {path} failed {response.status_code}: {response.text[:500]}")
RuntimeError: POST /trade-api/v2/portfolio/orders failed 429: {"error":{"code":"too_many_requests","message":"too many requests"}}
04:25:02 INFO REQUOTE_ERROR | error=POST /trade-api/v2/portfolio/orders failed 429: {"error":{"code":"too_many_requests","message":"too many requests"}}
Traceback (most recent call last):
  File "/workspaces/Kalshi_alg/V1.py", line 1674, in requote_worker
    await self.ensure_side_quote("yes", desired_yes_units)
  File "/workspaces/Kalshi_alg/V1.py", line 1437, in ensure_side_quote
    response = await asyncio.to_thread(
               ^^^^^^^^^^^^^^^^^^^^^^^^
  File "/home/codespace/.python/current/lib/python3.12/asyncio/threads.py", line 25, in to_thread
    return await loop.run_in_executor(None, func_call)
           ^^^^^^^^^^^^^^^^^^^^^^^^^^^^^^^^^^^^^^^^^^^
  File "/home/codespace/.python/current/lib/python3.12/concurrent/futures/thread.py", line 58, in run
    result = self.fn(*self.args, **self.kwargs)
             ^^^^^^^^^^^^^^^^^^^^^^^^^^^^^^^^^^
  File "/workspaces/Kalshi_alg/V1.py", line 776, in create_order
    return self.rest_post(f"{self.api_prefix}/portfolio/orders", body)
           ^^^^^^^^^^^^^^^^^^^^^^^^^^^^^^^^^^^^^^^^^^^^^^^^^^^^^^^^^^^
  File "/workspaces/Kalshi_alg/V1.py", line 675, in rest_post
    raise RuntimeError(f"POST {path} failed {response.status_code}: {response.text[:500]}")
RuntimeError: POST /trade-api/v2/portfolio/orders failed 429: {"error":{"code":"too_many_requests","message":"too many requests"}}
04:25:43 INFO REQUOTE_ERROR | error=POST /trade-api/v2/portfolio/orders failed 429: {"error":{"code":"too_many_requests","message":"too many requests"}}
Traceback (most recent call last):
  File "/workspaces/Kalshi_alg/V1.py", line 1674, in requote_worker
    await self.ensure_side_quote("yes", desired_yes_units)
  File "/workspaces/Kalshi_alg/V1.py", line 1437, in ensure_side_quote
    response = await asyncio.to_thread(
               ^^^^^^^^^^^^^^^^^^^^^^^^
  File "/home/codespace/.python/current/lib/python3.12/asyncio/threads.py", line 25, in to_thread
    return await loop.run_in_executor(None, func_call)
           ^^^^^^^^^^^^^^^^^^^^^^^^^^^^^^^^^^^^^^^^^^^
  File "/home/codespace/.python/current/lib/python3.12/concurrent/futures/thread.py", line 58, in run
    result = self.fn(*self.args, **self.kwargs)
             ^^^^^^^^^^^^^^^^^^^^^^^^^^^^^^^^^^
  File "/workspaces/Kalshi_alg/V1.py", line 776, in create_order
    return self.rest_post(f"{self.api_prefix}/portfolio/orders", body)
           ^^^^^^^^^^^^^^^^^^^^^^^^^^^^^^^^^^^^^^^^^^^^^^^^^^^^^^^^^^^
  File "/workspaces/Kalshi_alg/V1.py", line 675, in rest_post
    raise RuntimeError(f"POST {path} failed {response.status_code}: {response.text[:500]}")
RuntimeError: POST /trade-api/v2/portfolio/orders failed 429: {"error":{"code":"too_many_requests","message":"too many requests"}}
04:25:43 INFO REQUOTE_ERROR | error=POST /trade-api/v2/portfolio/orders failed 429: {"error":{"code":"too_many_requests","message":"too many requests"}}
Traceback (most recent call last):
  File "/workspaces/Kalshi_alg/V1.py", line 1674, in requote_worker
    await self.ensure_side_quote("yes", desired_yes_units)
  File "/workspaces/Kalshi_alg/V1.py", line 1437, in ensure_side_quote
    response = await asyncio.to_thread(
               ^^^^^^^^^^^^^^^^^^^^^^^^
  File "/home/codespace/.python/current/lib/python3.12/asyncio/threads.py", line 25, in to_thread
    return await loop.run_in_executor(None, func_call)
           ^^^^^^^^^^^^^^^^^^^^^^^^^^^^^^^^^^^^^^^^^^^
  File "/home/codespace/.python/current/lib/python3.12/concurrent/futures/thread.py", line 58, in run
    result = self.fn(*self.args, **self.kwargs)
             ^^^^^^^^^^^^^^^^^^^^^^^^^^^^^^^^^^
  File "/workspaces/Kalshi_alg/V1.py", line 776, in create_order
    return self.rest_post(f"{self.api_prefix}/portfolio/orders", body)
           ^^^^^^^^^^^^^^^^^^^^^^^^^^^^^^^^^^^^^^^^^^^^^^^^^^^^^^^^^^^
  File "/workspaces/Kalshi_alg/V1.py", line 675, in rest_post
    raise RuntimeError(f"POST {path} failed {response.status_code}: {response.text[:500]}")
RuntimeError: POST /trade-api/v2/portfolio/orders failed 429: {"error":{"code":"too_many_requests","message":"too many requests"}}
04:25:44 INFO REQUOTE_ERROR | error=POST /trade-api/v2/portfolio/orders failed 429: {"error":{"code":"too_many_requests","message":"too many requests"}}
Traceback (most recent call last):
  File "/workspaces/Kalshi_alg/V1.py", line 1674, in requote_worker
    await self.ensure_side_quote("yes", desired_yes_units)
  File "/workspaces/Kalshi_alg/V1.py", line 1437, in ensure_side_quote
    response = await asyncio.to_thread(
               ^^^^^^^^^^^^^^^^^^^^^^^^
  File "/home/codespace/.python/current/lib/python3.12/asyncio/threads.py", line 25, in to_thread
    return await loop.run_in_executor(None, func_call)
           ^^^^^^^^^^^^^^^^^^^^^^^^^^^^^^^^^^^^^^^^^^^
  File "/home/codespace/.python/current/lib/python3.12/concurrent/futures/thread.py", line 58, in run
    result = self.fn(*self.args, **self.kwargs)
             ^^^^^^^^^^^^^^^^^^^^^^^^^^^^^^^^^^
  File "/workspaces/Kalshi_alg/V1.py", line 776, in create_order
    return self.rest_post(f"{self.api_prefix}/portfolio/orders", body)
           ^^^^^^^^^^^^^^^^^^^^^^^^^^^^^^^^^^^^^^^^^^^^^^^^^^^^^^^^^^^
  File "/workspaces/Kalshi_alg/V1.py", line 675, in rest_post
    raise RuntimeError(f"POST {path} failed {response.status_code}: {response.text[:500]}")
RuntimeError: POST /trade-api/v2/portfolio/orders failed 429: {"error":{"code":"too_many_requests","message":"too many requests"}}
04:25:44 INFO REQUOTE_ERROR | error=POST /trade-api/v2/portfolio/orders failed 429: {"error":{"code":"too_many_requests","message":"too many requests"}}
Traceback (most recent call last):
  File "/workspaces/Kalshi_alg/V1.py", line 1674, in requote_worker
    await self.ensure_side_quote("yes", desired_yes_units)
  File "/workspaces/Kalshi_alg/V1.py", line 1437, in ensure_side_quote
    response = await asyncio.to_thread(
               ^^^^^^^^^^^^^^^^^^^^^^^^
  File "/home/codespace/.python/current/lib/python3.12/asyncio/threads.py", line 25, in to_thread
    return await loop.run_in_executor(None, func_call)
           ^^^^^^^^^^^^^^^^^^^^^^^^^^^^^^^^^^^^^^^^^^^
  File "/home/codespace/.python/current/lib/python3.12/concurrent/futures/thread.py", line 58, in run
    result = self.fn(*self.args, **self.kwargs)
             ^^^^^^^^^^^^^^^^^^^^^^^^^^^^^^^^^^
  File "/workspaces/Kalshi_alg/V1.py", line 776, in create_order
    return self.rest_post(f"{self.api_prefix}/portfolio/orders", body)
           ^^^^^^^^^^^^^^^^^^^^^^^^^^^^^^^^^^^^^^^^^^^^^^^^^^^^^^^^^^^
  File "/workspaces/Kalshi_alg/V1.py", line 675, in rest_post
    raise RuntimeError(f"POST {path} failed {response.status_code}: {response.text[:500]}")
RuntimeError: POST /trade-api/v2/portfolio/orders failed 429: {"error":{"code":"too_many_requests","message":"too many requests"}}
04:25:44 INFO REQUOTE_ERROR | error=POST /trade-api/v2/portfolio/orders failed 429: {"error":{"code":"too_many_requests","message":"too many requests"}}
Traceback (most recent call last):
  File "/workspaces/Kalshi_alg/V1.py", line 1674, in requote_worker
    await self.ensure_side_quote("yes", desired_yes_units)
  File "/workspaces/Kalshi_alg/V1.py", line 1437, in ensure_side_quote
    response = await asyncio.to_thread(
               ^^^^^^^^^^^^^^^^^^^^^^^^
  File "/home/codespace/.python/current/lib/python3.12/asyncio/threads.py", line 25, in to_thread
    return await loop.run_in_executor(None, func_call)
           ^^^^^^^^^^^^^^^^^^^^^^^^^^^^^^^^^^^^^^^^^^^
  File "/home/codespace/.python/current/lib/python3.12/concurrent/futures/thread.py", line 58, in run
    result = self.fn(*self.args, **self.kwargs)
             ^^^^^^^^^^^^^^^^^^^^^^^^^^^^^^^^^^
  File "/workspaces/Kalshi_alg/V1.py", line 776, in create_order
    return self.rest_post(f"{self.api_prefix}/portfolio/orders", body)
           ^^^^^^^^^^^^^^^^^^^^^^^^^^^^^^^^^^^^^^^^^^^^^^^^^^^^^^^^^^^
  File "/workspaces/Kalshi_alg/V1.py", line 675, in rest_post
    raise RuntimeError(f"POST {path} failed {response.status_code}: {response.text[:500]}")
RuntimeError: POST /trade-api/v2/portfolio/orders failed 429: {"error":{"code":"too_many_requests","message":"too many requests"}}
04:25:44 INFO REQUOTE_ERROR | error=POST /trade-api/v2/portfolio/orders failed 429: {"error":{"code":"too_many_requests","message":"too many requests"}}
Traceback (most recent call last):
  File "/workspaces/Kalshi_alg/V1.py", line 1674, in requote_worker
    await self.ensure_side_quote("yes", desired_yes_units)
  File "/workspaces/Kalshi_alg/V1.py", line 1437, in ensure_side_quote
    response = await asyncio.to_thread(
               ^^^^^^^^^^^^^^^^^^^^^^^^
  File "/home/codespace/.python/current/lib/python3.12/asyncio/threads.py", line 25, in to_thread
    return await loop.run_in_executor(None, func_call)
           ^^^^^^^^^^^^^^^^^^^^^^^^^^^^^^^^^^^^^^^^^^^
  File "/home/codespace/.python/current/lib/python3.12/concurrent/futures/thread.py", line 58, in run
    result = self.fn(*self.args, **self.kwargs)
             ^^^^^^^^^^^^^^^^^^^^^^^^^^^^^^^^^^
  File "/workspaces/Kalshi_alg/V1.py", line 776, in create_order
    return self.rest_post(f"{self.api_prefix}/portfolio/orders", body)
           ^^^^^^^^^^^^^^^^^^^^^^^^^^^^^^^^^^^^^^^^^^^^^^^^^^^^^^^^^^^
  File "/workspaces/Kalshi_alg/V1.py", line 675, in rest_post
    raise RuntimeError(f"POST {path} failed {response.status_code}: {response.text[:500]}")
RuntimeError: POST /trade-api/v2/portfolio/orders failed 429: {"error":{"code":"too_many_requests","message":"too many requests"}}
04:25:44 INFO REQUOTE_ERROR | error=POST /trade-api/v2/portfolio/orders failed 429: {"error":{"code":"too_many_requests","message":"too many requests"}}
Traceback (most recent call last):
  File "/workspaces/Kalshi_alg/V1.py", line 1674, in requote_worker
    await self.ensure_side_quote("yes", desired_yes_units)
  File "/workspaces/Kalshi_alg/V1.py", line 1437, in ensure_side_quote
    response = await asyncio.to_thread(
               ^^^^^^^^^^^^^^^^^^^^^^^^
  File "/home/codespace/.python/current/lib/python3.12/asyncio/threads.py", line 25, in to_thread
    return await loop.run_in_executor(None, func_call)
           ^^^^^^^^^^^^^^^^^^^^^^^^^^^^^^^^^^^^^^^^^^^
  File "/home/codespace/.python/current/lib/python3.12/concurrent/futures/thread.py", line 58, in run
    result = self.fn(*self.args, **self.kwargs)
             ^^^^^^^^^^^^^^^^^^^^^^^^^^^^^^^^^^
  File "/workspaces/Kalshi_alg/V1.py", line 776, in create_order
    return self.rest_post(f"{self.api_prefix}/portfolio/orders", body)
           ^^^^^^^^^^^^^^^^^^^^^^^^^^^^^^^^^^^^^^^^^^^^^^^^^^^^^^^^^^^
  File "/workspaces/Kalshi_alg/V1.py", line 675, in rest_post
    raise RuntimeError(f"POST {path} failed {response.status_code}: {response.text[:500]}")
RuntimeError: POST /trade-api/v2/portfolio/orders failed 429: {"error":{"code":"too_many_requests","message":"too many requests"}}
04:25:44 INFO REQUOTE_ERROR | error=POST /trade-api/v2/portfolio/orders failed 429: {"error":{"code":"too_many_requests","message":"too many requests"}}
Traceback (most recent call last):
  File "/workspaces/Kalshi_alg/V1.py", line 1674, in requote_worker
    await self.ensure_side_quote("yes", desired_yes_units)
  File "/workspaces/Kalshi_alg/V1.py", line 1437, in ensure_side_quote
    response = await asyncio.to_thread(
               ^^^^^^^^^^^^^^^^^^^^^^^^
  File "/home/codespace/.python/current/lib/python3.12/asyncio/threads.py", line 25, in to_thread
    return await loop.run_in_executor(None, func_call)
           ^^^^^^^^^^^^^^^^^^^^^^^^^^^^^^^^^^^^^^^^^^^
  File "/home/codespace/.python/current/lib/python3.12/concurrent/futures/thread.py", line 58, in run
    result = self.fn(*self.args, **self.kwargs)
             ^^^^^^^^^^^^^^^^^^^^^^^^^^^^^^^^^^
  File "/workspaces/Kalshi_alg/V1.py", line 776, in create_order
    return self.rest_post(f"{self.api_prefix}/portfolio/orders", body)
           ^^^^^^^^^^^^^^^^^^^^^^^^^^^^^^^^^^^^^^^^^^^^^^^^^^^^^^^^^^^
  File "/workspaces/Kalshi_alg/V1.py", line 675, in rest_post
    raise RuntimeError(f"POST {path} failed {response.status_code}: {response.text[:500]}")
RuntimeError: POST /trade-api/v2/portfolio/orders failed 429: {"error":{"code":"too_many_requests","message":"too many requests"}}
04:25:44 INFO REQUOTE_ERROR | error=POST /trade-api/v2/portfolio/orders failed 429: {"error":{"code":"too_many_requests","message":"too many requests"}}
Traceback (most recent call last):
  File "/workspaces/Kalshi_alg/V1.py", line 1674, in requote_worker
    await self.ensure_side_quote("yes", desired_yes_units)
  File "/workspaces/Kalshi_alg/V1.py", line 1437, in ensure_side_quote
    response = await asyncio.to_thread(
               ^^^^^^^^^^^^^^^^^^^^^^^^
  File "/home/codespace/.python/current/lib/python3.12/asyncio/threads.py", line 25, in to_thread
    return await loop.run_in_executor(None, func_call)
           ^^^^^^^^^^^^^^^^^^^^^^^^^^^^^^^^^^^^^^^^^^^
  File "/home/codespace/.python/current/lib/python3.12/concurrent/futures/thread.py", line 58, in run
    result = self.fn(*self.args, **self.kwargs)
             ^^^^^^^^^^^^^^^^^^^^^^^^^^^^^^^^^^
  File "/workspaces/Kalshi_alg/V1.py", line 776, in create_order
    return self.rest_post(f"{self.api_prefix}/portfolio/orders", body)
           ^^^^^^^^^^^^^^^^^^^^^^^^^^^^^^^^^^^^^^^^^^^^^^^^^^^^^^^^^^^
  File "/workspaces/Kalshi_alg/V1.py", line 675, in rest_post
    raise RuntimeError(f"POST {path} failed {response.status_code}: {response.text[:500]}")
RuntimeError: POST /trade-api/v2/portfolio/orders failed 429: {"error":{"code":"too_many_requests","message":"too many requests"}}
04:25:44 INFO REQUOTE_ERROR | error=POST /trade-api/v2/portfolio/orders failed 429: {"error":{"code":"too_many_requests","message":"too many requests"}}
Traceback (most recent call last):
  File "/workspaces/Kalshi_alg/V1.py", line 1674, in requote_worker
    await self.ensure_side_quote("yes", desired_yes_units)
  File "/workspaces/Kalshi_alg/V1.py", line 1437, in ensure_side_quote
    response = await asyncio.to_thread(
               ^^^^^^^^^^^^^^^^^^^^^^^^
  File "/home/codespace/.python/current/lib/python3.12/asyncio/threads.py", line 25, in to_thread
    return await loop.run_in_executor(None, func_call)
           ^^^^^^^^^^^^^^^^^^^^^^^^^^^^^^^^^^^^^^^^^^^
  File "/home/codespace/.python/current/lib/python3.12/concurrent/futures/thread.py", line 58, in run
    result = self.fn(*self.args, **self.kwargs)
             ^^^^^^^^^^^^^^^^^^^^^^^^^^^^^^^^^^
  File "/workspaces/Kalshi_alg/V1.py", line 776, in create_order
    return self.rest_post(f"{self.api_prefix}/portfolio/orders", body)
           ^^^^^^^^^^^^^^^^^^^^^^^^^^^^^^^^^^^^^^^^^^^^^^^^^^^^^^^^^^^
  File "/workspaces/Kalshi_alg/V1.py", line 675, in rest_post
    raise RuntimeError(f"POST {path} failed {response.status_code}: {response.text[:500]}")
RuntimeError: POST /trade-api/v2/portfolio/orders failed 429: {"error":{"code":"too_many_requests","message":"too many requests"}}
04:25:44 INFO REQUOTE_ERROR | error=POST /trade-api/v2/portfolio/orders failed 429: {"error":{"code":"too_many_requests","message":"too many requests"}}
Traceback (most recent call last):
  File "/workspaces/Kalshi_alg/V1.py", line 1674, in requote_worker
    await self.ensure_side_quote("yes", desired_yes_units)
  File "/workspaces/Kalshi_alg/V1.py", line 1437, in ensure_side_quote
    response = await asyncio.to_thread(
               ^^^^^^^^^^^^^^^^^^^^^^^^
  File "/home/codespace/.python/current/lib/python3.12/asyncio/threads.py", line 25, in to_thread
    return await loop.run_in_executor(None, func_call)
           ^^^^^^^^^^^^^^^^^^^^^^^^^^^^^^^^^^^^^^^^^^^
  File "/home/codespace/.python/current/lib/python3.12/concurrent/futures/thread.py", line 58, in run
    result = self.fn(*self.args, **self.kwargs)
             ^^^^^^^^^^^^^^^^^^^^^^^^^^^^^^^^^^
  File "/workspaces/Kalshi_alg/V1.py", line 776, in create_order
    return self.rest_post(f"{self.api_prefix}/portfolio/orders", body)
           ^^^^^^^^^^^^^^^^^^^^^^^^^^^^^^^^^^^^^^^^^^^^^^^^^^^^^^^^^^^
  File "/workspaces/Kalshi_alg/V1.py", line 675, in rest_post
    raise RuntimeError(f"POST {path} failed {response.status_code}: {response.text[:500]}")
RuntimeError: POST /trade-api/v2/portfolio/orders failed 429: {"error":{"code":"too_many_requests","message":"too many requests"}}
04:25:44 INFO REQUOTE_ERROR | error=POST /trade-api/v2/portfolio/orders failed 429: {"error":{"code":"too_many_requests","message":"too many requests"}}
Traceback (most recent call last):
  File "/workspaces/Kalshi_alg/V1.py", line 1674, in requote_worker
    await self.ensure_side_quote("yes", desired_yes_units)
  File "/workspaces/Kalshi_alg/V1.py", line 1437, in ensure_side_quote
    response = await asyncio.to_thread(
               ^^^^^^^^^^^^^^^^^^^^^^^^
  File "/home/codespace/.python/current/lib/python3.12/asyncio/threads.py", line 25, in to_thread
    return await loop.run_in_executor(None, func_call)
           ^^^^^^^^^^^^^^^^^^^^^^^^^^^^^^^^^^^^^^^^^^^
  File "/home/codespace/.python/current/lib/python3.12/concurrent/futures/thread.py", line 58, in run
    result = self.fn(*self.args, **self.kwargs)
             ^^^^^^^^^^^^^^^^^^^^^^^^^^^^^^^^^^
  File "/workspaces/Kalshi_alg/V1.py", line 776, in create_order
    return self.rest_post(f"{self.api_prefix}/portfolio/orders", body)
           ^^^^^^^^^^^^^^^^^^^^^^^^^^^^^^^^^^^^^^^^^^^^^^^^^^^^^^^^^^^
  File "/workspaces/Kalshi_alg/V1.py", line 675, in rest_post
    raise RuntimeError(f"POST {path} failed {response.status_code}: {response.text[:500]}")
RuntimeError: POST /trade-api/v2/portfolio/orders failed 429: {"error":{"code":"too_many_requests","message":"too many requests"}}
04:25:45 INFO REQUOTE_ERROR | error=POST /trade-api/v2/portfolio/orders failed 429: {"error":{"code":"too_many_requests","message":"too many requests"}}
Traceback (most recent call last):
  File "/workspaces/Kalshi_alg/V1.py", line 1674, in requote_worker
    await self.ensure_side_quote("yes", desired_yes_units)
  File "/workspaces/Kalshi_alg/V1.py", line 1437, in ensure_side_quote
    response = await asyncio.to_thread(
               ^^^^^^^^^^^^^^^^^^^^^^^^
  File "/home/codespace/.python/current/lib/python3.12/asyncio/threads.py", line 25, in to_thread
    return await loop.run_in_executor(None, func_call)
           ^^^^^^^^^^^^^^^^^^^^^^^^^^^^^^^^^^^^^^^^^^^
  File "/home/codespace/.python/current/lib/python3.12/concurrent/futures/thread.py", line 58, in run
    result = self.fn(*self.args, **self.kwargs)
             ^^^^^^^^^^^^^^^^^^^^^^^^^^^^^^^^^^
  File "/workspaces/Kalshi_alg/V1.py", line 776, in create_order
    return self.rest_post(f"{self.api_prefix}/portfolio/orders", body)
           ^^^^^^^^^^^^^^^^^^^^^^^^^^^^^^^^^^^^^^^^^^^^^^^^^^^^^^^^^^^
  File "/workspaces/Kalshi_alg/V1.py", line 675, in rest_post
    raise RuntimeError(f"POST {path} failed {response.status_code}: {response.text[:500]}")
RuntimeError: POST /trade-api/v2/portfolio/orders failed 429: {"error":{"code":"too_many_requests","message":"too many requests"}}
04:25:45 INFO REQUOTE_ERROR | error=POST /trade-api/v2/portfolio/orders failed 429: {"error":{"code":"too_many_requests","message":"too many requests"}}
Traceback (most recent call last):
  File "/workspaces/Kalshi_alg/V1.py", line 1674, in requote_worker
    await self.ensure_side_quote("yes", desired_yes_units)
  File "/workspaces/Kalshi_alg/V1.py", line 1437, in ensure_side_quote
    response = await asyncio.to_thread(
               ^^^^^^^^^^^^^^^^^^^^^^^^
  File "/home/codespace/.python/current/lib/python3.12/asyncio/threads.py", line 25, in to_thread
    return await loop.run_in_executor(None, func_call)
           ^^^^^^^^^^^^^^^^^^^^^^^^^^^^^^^^^^^^^^^^^^^
  File "/home/codespace/.python/current/lib/python3.12/concurrent/futures/thread.py", line 58, in run
    result = self.fn(*self.args, **self.kwargs)
             ^^^^^^^^^^^^^^^^^^^^^^^^^^^^^^^^^^
  File "/workspaces/Kalshi_alg/V1.py", line 776, in create_order
    return self.rest_post(f"{self.api_prefix}/portfolio/orders", body)
           ^^^^^^^^^^^^^^^^^^^^^^^^^^^^^^^^^^^^^^^^^^^^^^^^^^^^^^^^^^^
  File "/workspaces/Kalshi_alg/V1.py", line 675, in rest_post
    raise RuntimeError(f"POST {path} failed {response.status_code}: {response.text[:500]}")
RuntimeError: POST /trade-api/v2/portfolio/orders failed 429: {"error":{"code":"too_many_requests","message":"too many requests"}}
04:25:45 INFO REQUOTE_ERROR | error=POST /trade-api/v2/portfolio/orders failed 429: {"error":{"code":"too_many_requests","message":"too many requests"}}
Traceback (most recent call last):
  File "/workspaces/Kalshi_alg/V1.py", line 1674, in requote_worker
    await self.ensure_side_quote("yes", desired_yes_units)
  File "/workspaces/Kalshi_alg/V1.py", line 1437, in ensure_side_quote
    response = await asyncio.to_thread(
               ^^^^^^^^^^^^^^^^^^^^^^^^
  File "/home/codespace/.python/current/lib/python3.12/asyncio/threads.py", line 25, in to_thread
    return await loop.run_in_executor(None, func_call)
           ^^^^^^^^^^^^^^^^^^^^^^^^^^^^^^^^^^^^^^^^^^^
  File "/home/codespace/.python/current/lib/python3.12/concurrent/futures/thread.py", line 58, in run
    result = self.fn(*self.args, **self.kwargs)
             ^^^^^^^^^^^^^^^^^^^^^^^^^^^^^^^^^^
  File "/workspaces/Kalshi_alg/V1.py", line 776, in create_order
    return self.rest_post(f"{self.api_prefix}/portfolio/orders", body)
           ^^^^^^^^^^^^^^^^^^^^^^^^^^^^^^^^^^^^^^^^^^^^^^^^^^^^^^^^^^^
  File "/workspaces/Kalshi_alg/V1.py", line 675, in rest_post
    raise RuntimeError(f"POST {path} failed {response.status_code}: {response.text[:500]}")
RuntimeError: POST /trade-api/v2/portfolio/orders failed 429: {"error":{"code":"too_many_requests","message":"too many requests"}}
04:25:46 INFO REQUOTE_ERROR | error=POST /trade-api/v2/portfolio/orders failed 429: {"error":{"code":"too_many_requests","message":"too many requests"}}
Traceback (most recent call last):
  File "/workspaces/Kalshi_alg/V1.py", line 1674, in requote_worker
    await self.ensure_side_quote("yes", desired_yes_units)
  File "/workspaces/Kalshi_alg/V1.py", line 1437, in ensure_side_quote
    response = await asyncio.to_thread(
               ^^^^^^^^^^^^^^^^^^^^^^^^
  File "/home/codespace/.python/current/lib/python3.12/asyncio/threads.py", line 25, in to_thread
    return await loop.run_in_executor(None, func_call)
           ^^^^^^^^^^^^^^^^^^^^^^^^^^^^^^^^^^^^^^^^^^^
  File "/home/codespace/.python/current/lib/python3.12/concurrent/futures/thread.py", line 58, in run
    result = self.fn(*self.args, **self.kwargs)
             ^^^^^^^^^^^^^^^^^^^^^^^^^^^^^^^^^^
  File "/workspaces/Kalshi_alg/V1.py", line 776, in create_order
    return self.rest_post(f"{self.api_prefix}/portfolio/orders", body)
           ^^^^^^^^^^^^^^^^^^^^^^^^^^^^^^^^^^^^^^^^^^^^^^^^^^^^^^^^^^^
  File "/workspaces/Kalshi_alg/V1.py", line 675, in rest_post
    raise RuntimeError(f"POST {path} failed {response.status_code}: {response.text[:500]}")
RuntimeError: POST /trade-api/v2/portfolio/orders failed 429: {"error":{"code":"too_many_requests","message":"too many requests"}}
04:25:47 INFO CREATE_OK | side=yes price_dollars=0.2500 remaining_contracts=39.00 order_id=e3822d99-4b26-48c9-8e16-c54d21d0e297
04:25:47 INFO CREATE_OK | side=no price_dollars=0.6700 remaining_contracts=14.00 order_id=cfaf646b-156e-45b0-9b8b-bfb4af192691
04:25:48 INFO AMEND_OK | side=no price_dollars=0.6600 total_fillable_contracts=15.00 order_id=cfaf646b-156e-45b0-9b8b-bfb4af192691
04:25:55 INFO QUEUE_POSITION | side=yes order_id=e3822d99-4b26-48c9-8e16-c54d21d0e297 ahead_contracts=300.00
04:25:55 INFO QUEUE_POSITION | side=no order_id=cfaf646b-156e-45b0-9b8b-bfb4af192691 ahead_contracts=300.00
04:25:56 INFO REQUOTE_ERROR | error=POST /trade-api/v2/portfolio/orders/e3822d99-4b26-48c9-8e16-c54d21d0e297/amend failed 429: {"error":{"code":"too_many_requests","message":"too many requests"}}
Traceback (most recent call last):
  File "/workspaces/Kalshi_alg/V1.py", line 1674, in requote_worker
    await self.ensure_side_quote("yes", desired_yes_units)
  File "/workspaces/Kalshi_alg/V1.py", line 1468, in ensure_side_quote
    response = await asyncio.to_thread(
               ^^^^^^^^^^^^^^^^^^^^^^^^
  File "/home/codespace/.python/current/lib/python3.12/asyncio/threads.py", line 25, in to_thread
    return await loop.run_in_executor(None, func_call)
           ^^^^^^^^^^^^^^^^^^^^^^^^^^^^^^^^^^^^^^^^^^^
  File "/home/codespace/.python/current/lib/python3.12/concurrent/futures/thread.py", line 58, in run
    result = self.fn(*self.args, **self.kwargs)
             ^^^^^^^^^^^^^^^^^^^^^^^^^^^^^^^^^^
  File "/workspaces/Kalshi_alg/V1.py", line 820, in amend_order
    return self.rest_post(f"{self.api_prefix}/portfolio/orders/{order_id}/amend", body)
           ^^^^^^^^^^^^^^^^^^^^^^^^^^^^^^^^^^^^^^^^^^^^^^^^^^^^^^^^^^^^^^^^^^^^^^^^^^^^
  File "/workspaces/Kalshi_alg/V1.py", line 675, in rest_post
    raise RuntimeError(f"POST {path} failed {response.status_code}: {response.text[:500]}")
RuntimeError: POST /trade-api/v2/portfolio/orders/e3822d99-4b26-48c9-8e16-c54d21d0e297/amend failed 429: {"error":{"code":"too_many_requests","message":"too many requests"}}
04:25:56 INFO REQUOTE_ERROR | error=POST /trade-api/v2/portfolio/orders/e3822d99-4b26-48c9-8e16-c54d21d0e297/amend failed 429: {"error":{"code":"too_many_requests","message":"too many requests"}}
Traceback (most recent call last):
  File "/workspaces/Kalshi_alg/V1.py", line 1674, in requote_worker
    await self.ensure_side_quote("yes", desired_yes_units)
  File "/workspaces/Kalshi_alg/V1.py", line 1468, in ensure_side_quote
    response = await asyncio.to_thread(
               ^^^^^^^^^^^^^^^^^^^^^^^^
  File "/home/codespace/.python/current/lib/python3.12/asyncio/threads.py", line 25, in to_thread
    return await loop.run_in_executor(None, func_call)
           ^^^^^^^^^^^^^^^^^^^^^^^^^^^^^^^^^^^^^^^^^^^
  File "/home/codespace/.python/current/lib/python3.12/concurrent/futures/thread.py", line 58, in run
    result = self.fn(*self.args, **self.kwargs)
             ^^^^^^^^^^^^^^^^^^^^^^^^^^^^^^^^^^
  File "/workspaces/Kalshi_alg/V1.py", line 820, in amend_order
    return self.rest_post(f"{self.api_prefix}/portfolio/orders/{order_id}/amend", body)
           ^^^^^^^^^^^^^^^^^^^^^^^^^^^^^^^^^^^^^^^^^^^^^^^^^^^^^^^^^^^^^^^^^^^^^^^^^^^^
  File "/workspaces/Kalshi_alg/V1.py", line 675, in rest_post
    raise RuntimeError(f"POST {path} failed {response.status_code}: {response.text[:500]}")
RuntimeError: POST /trade-api/v2/portfolio/orders/e3822d99-4b26-48c9-8e16-c54d21d0e297/amend failed 429: {"error":{"code":"too_many_requests","message":"too many requests"}}
04:25:56 INFO AMEND_OK | side=yes price_dollars=0.2400 total_fillable_contracts=41.00 order_id=e3822d99-4b26-48c9-8e16-c54d21d0e297
04:25:56 INFO REQUOTE_ERROR | error=POST /trade-api/v2/portfolio/orders/cfaf646b-156e-45b0-9b8b-bfb4af192691/amend failed 429: {"error":{"code":"too_many_requests","message":"too many requests"}}
Traceback (most recent call last):
  File "/workspaces/Kalshi_alg/V1.py", line 1675, in requote_worker
    await self.ensure_side_quote("no", desired_no_units)
  File "/workspaces/Kalshi_alg/V1.py", line 1468, in ensure_side_quote
    response = await asyncio.to_thread(
               ^^^^^^^^^^^^^^^^^^^^^^^^
  File "/home/codespace/.python/current/lib/python3.12/asyncio/threads.py", line 25, in to_thread
    return await loop.run_in_executor(None, func_call)
           ^^^^^^^^^^^^^^^^^^^^^^^^^^^^^^^^^^^^^^^^^^^
  File "/home/codespace/.python/current/lib/python3.12/concurrent/futures/thread.py", line 58, in run
    result = self.fn(*self.args, **self.kwargs)
             ^^^^^^^^^^^^^^^^^^^^^^^^^^^^^^^^^^
  File "/workspaces/Kalshi_alg/V1.py", line 820, in amend_order
    return self.rest_post(f"{self.api_prefix}/portfolio/orders/{order_id}/amend", body)
           ^^^^^^^^^^^^^^^^^^^^^^^^^^^^^^^^^^^^^^^^^^^^^^^^^^^^^^^^^^^^^^^^^^^^^^^^^^^^
  File "/workspaces/Kalshi_alg/V1.py", line 675, in rest_post
    raise RuntimeError(f"POST {path} failed {response.status_code}: {response.text[:500]}")
RuntimeError: POST /trade-api/v2/portfolio/orders/cfaf646b-156e-45b0-9b8b-bfb4af192691/amend failed 429: {"error":{"code":"too_many_requests","message":"too many requests"}}
04:25:56 INFO AMEND_OK | side=no price_dollars=0.6700 total_fillable_contracts=14.00 order_id=cfaf646b-156e-45b0-9b8b-bfb4af192691
04:26:04 INFO CANCEL_REQUESTED | side=yes reason=quote_disabled order_id=e3822d99-4b26-48c9-8e16-c54d21d0e297
04:26:04 INFO ORDER_NOT_RESTING | side=yes status=canceled order_id=e3822d99-4b26-48c9-8e16-c54d21d0e297
04:26:04 INFO REQUOTE_ERROR | error=POST /trade-api/v2/portfolio/orders/cfaf646b-156e-45b0-9b8b-bfb4af192691/amend failed 429: {"error":{"code":"too_many_requests","message":"too many requests"}}
Traceback (most recent call last):
  File "/workspaces/Kalshi_alg/V1.py", line 1675, in requote_worker
    await self.ensure_side_quote("no", desired_no_units)
  File "/workspaces/Kalshi_alg/V1.py", line 1468, in ensure_side_quote
    response = await asyncio.to_thread(
               ^^^^^^^^^^^^^^^^^^^^^^^^
  File "/home/codespace/.python/current/lib/python3.12/asyncio/threads.py", line 25, in to_thread
    return await loop.run_in_executor(None, func_call)
           ^^^^^^^^^^^^^^^^^^^^^^^^^^^^^^^^^^^^^^^^^^^
  File "/home/codespace/.python/current/lib/python3.12/concurrent/futures/thread.py", line 58, in run
    result = self.fn(*self.args, **self.kwargs)
             ^^^^^^^^^^^^^^^^^^^^^^^^^^^^^^^^^^
  File "/workspaces/Kalshi_alg/V1.py", line 820, in amend_order
    return self.rest_post(f"{self.api_prefix}/portfolio/orders/{order_id}/amend", body)
           ^^^^^^^^^^^^^^^^^^^^^^^^^^^^^^^^^^^^^^^^^^^^^^^^^^^^^^^^^^^^^^^^^^^^^^^^^^^^
  File "/workspaces/Kalshi_alg/V1.py", line 675, in rest_post
    raise RuntimeError(f"POST {path} failed {response.status_code}: {response.text[:500]}")
RuntimeError: POST /trade-api/v2/portfolio/orders/cfaf646b-156e-45b0-9b8b-bfb4af192691/amend failed 429: {"error":{"code":"too_many_requests","message":"too many requests"}}
04:26:04 INFO AMEND_OK | side=no price_dollars=0.6800 total_fillable_contracts=14.00 order_id=cfaf646b-156e-45b0-9b8b-bfb4af192691
04:26:04 INFO AMEND_OK | side=no price_dollars=0.6900 total_fillable_contracts=14.00 order_id=cfaf646b-156e-45b0-9b8b-bfb4af192691
04:26:09 INFO AMEND_OK | side=no price_dollars=0.7000 total_fillable_contracts=14.00 order_id=cfaf646b-156e-45b0-9b8b-bfb4af192691
04:26:09 INFO AMEND_OK | side=no price_dollars=0.7100 total_fillable_contracts=14.00 order_id=cfaf646b-156e-45b0-9b8b-bfb4af192691
04:26:10 INFO QUEUE_POSITION | side=no order_id=cfaf646b-156e-45b0-9b8b-bfb4af192691 ahead_contracts=1000.00
04:26:25 INFO QUEUE_POSITION | side=no order_id=cfaf646b-156e-45b0-9b8b-bfb4af192691 ahead_contracts=0.00
04:26:32 INFO REQUOTE_ERROR | error=POST /trade-api/v2/portfolio/orders/cfaf646b-156e-45b0-9b8b-bfb4af192691/amend failed 429: {"error":{"code":"too_many_requests","message":"too many requests"}}
Traceback (most recent call last):
  File "/workspaces/Kalshi_alg/V1.py", line 1675, in requote_worker
    await self.ensure_side_quote("no", desired_no_units)
  File "/workspaces/Kalshi_alg/V1.py", line 1468, in ensure_side_quote
    response = await asyncio.to_thread(
               ^^^^^^^^^^^^^^^^^^^^^^^^
  File "/home/codespace/.python/current/lib/python3.12/asyncio/threads.py", line 25, in to_thread
    return await loop.run_in_executor(None, func_call)
           ^^^^^^^^^^^^^^^^^^^^^^^^^^^^^^^^^^^^^^^^^^^
  File "/home/codespace/.python/current/lib/python3.12/concurrent/futures/thread.py", line 58, in run
    result = self.fn(*self.args, **self.kwargs)
             ^^^^^^^^^^^^^^^^^^^^^^^^^^^^^^^^^^
  File "/workspaces/Kalshi_alg/V1.py", line 820, in amend_order
    return self.rest_post(f"{self.api_prefix}/portfolio/orders/{order_id}/amend", body)
           ^^^^^^^^^^^^^^^^^^^^^^^^^^^^^^^^^^^^^^^^^^^^^^^^^^^^^^^^^^^^^^^^^^^^^^^^^^^^
  File "/workspaces/Kalshi_alg/V1.py", line 675, in rest_post
    raise RuntimeError(f"POST {path} failed {response.status_code}: {response.text[:500]}")
RuntimeError: POST /trade-api/v2/portfolio/orders/cfaf646b-156e-45b0-9b8b-bfb4af192691/amend failed 429: {"error":{"code":"too_many_requests","message":"too many requests"}}
04:26:32 INFO REQUOTE_ERROR | error=POST /trade-api/v2/portfolio/orders/cfaf646b-156e-45b0-9b8b-bfb4af192691/amend failed 429: {"error":{"code":"too_many_requests","message":"too many requests"}}
Traceback (most recent call last):
  File "/workspaces/Kalshi_alg/V1.py", line 1675, in requote_worker
    await self.ensure_side_quote("no", desired_no_units)
  File "/workspaces/Kalshi_alg/V1.py", line 1468, in ensure_side_quote
    response = await asyncio.to_thread(
               ^^^^^^^^^^^^^^^^^^^^^^^^
  File "/home/codespace/.python/current/lib/python3.12/asyncio/threads.py", line 25, in to_thread
    return await loop.run_in_executor(None, func_call)
           ^^^^^^^^^^^^^^^^^^^^^^^^^^^^^^^^^^^^^^^^^^^
  File "/home/codespace/.python/current/lib/python3.12/concurrent/futures/thread.py", line 58, in run
    result = self.fn(*self.args, **self.kwargs)
             ^^^^^^^^^^^^^^^^^^^^^^^^^^^^^^^^^^
  File "/workspaces/Kalshi_alg/V1.py", line 820, in amend_order
    return self.rest_post(f"{self.api_prefix}/portfolio/orders/{order_id}/amend", body)
           ^^^^^^^^^^^^^^^^^^^^^^^^^^^^^^^^^^^^^^^^^^^^^^^^^^^^^^^^^^^^^^^^^^^^^^^^^^^^
  File "/workspaces/Kalshi_alg/V1.py", line 675, in rest_post
    raise RuntimeError(f"POST {path} failed {response.status_code}: {response.text[:500]}")
RuntimeError: POST /trade-api/v2/portfolio/orders/cfaf646b-156e-45b0-9b8b-bfb4af192691/amend failed 429: {"error":{"code":"too_many_requests","message":"too many requests"}}
04:26:32 INFO REQUOTE_ERROR | error=POST /trade-api/v2/portfolio/orders/cfaf646b-156e-45b0-9b8b-bfb4af192691/amend failed 429: {"error":{"code":"too_many_requests","message":"too many requests"}}
Traceback (most recent call last):
  File "/workspaces/Kalshi_alg/V1.py", line 1675, in requote_worker
    await self.ensure_side_quote("no", desired_no_units)
  File "/workspaces/Kalshi_alg/V1.py", line 1468, in ensure_side_quote
    response = await asyncio.to_thread(
               ^^^^^^^^^^^^^^^^^^^^^^^^
  File "/home/codespace/.python/current/lib/python3.12/asyncio/threads.py", line 25, in to_thread
    return await loop.run_in_executor(None, func_call)
           ^^^^^^^^^^^^^^^^^^^^^^^^^^^^^^^^^^^^^^^^^^^
  File "/home/codespace/.python/current/lib/python3.12/concurrent/futures/thread.py", line 58, in run
    result = self.fn(*self.args, **self.kwargs)
             ^^^^^^^^^^^^^^^^^^^^^^^^^^^^^^^^^^
  File "/workspaces/Kalshi_alg/V1.py", line 820, in amend_order
    return self.rest_post(f"{self.api_prefix}/portfolio/orders/{order_id}/amend", body)
           ^^^^^^^^^^^^^^^^^^^^^^^^^^^^^^^^^^^^^^^^^^^^^^^^^^^^^^^^^^^^^^^^^^^^^^^^^^^^
  File "/workspaces/Kalshi_alg/V1.py", line 675, in rest_post
    raise RuntimeError(f"POST {path} failed {response.status_code}: {response.text[:500]}")
RuntimeError: POST /trade-api/v2/portfolio/orders/cfaf646b-156e-45b0-9b8b-bfb4af192691/amend failed 429: {"error":{"code":"too_many_requests","message":"too many requests"}}
04:26:32 INFO REQUOTE_ERROR | error=POST /trade-api/v2/portfolio/orders/cfaf646b-156e-45b0-9b8b-bfb4af192691/amend failed 429: {"error":{"code":"too_many_requests","message":"too many requests"}}
Traceback (most recent call last):
  File "/workspaces/Kalshi_alg/V1.py", line 1675, in requote_worker
    await self.ensure_side_quote("no", desired_no_units)
  File "/workspaces/Kalshi_alg/V1.py", line 1468, in ensure_side_quote
    response = await asyncio.to_thread(
               ^^^^^^^^^^^^^^^^^^^^^^^^
  File "/home/codespace/.python/current/lib/python3.12/asyncio/threads.py", line 25, in to_thread
    return await loop.run_in_executor(None, func_call)
           ^^^^^^^^^^^^^^^^^^^^^^^^^^^^^^^^^^^^^^^^^^^
  File "/home/codespace/.python/current/lib/python3.12/concurrent/futures/thread.py", line 58, in run
    result = self.fn(*self.args, **self.kwargs)
             ^^^^^^^^^^^^^^^^^^^^^^^^^^^^^^^^^^
  File "/workspaces/Kalshi_alg/V1.py", line 820, in amend_order
    return self.rest_post(f"{self.api_prefix}/portfolio/orders/{order_id}/amend", body)
           ^^^^^^^^^^^^^^^^^^^^^^^^^^^^^^^^^^^^^^^^^^^^^^^^^^^^^^^^^^^^^^^^^^^^^^^^^^^^
  File "/workspaces/Kalshi_alg/V1.py", line 675, in rest_post
    raise RuntimeError(f"POST {path} failed {response.status_code}: {response.text[:500]}")
RuntimeError: POST /trade-api/v2/portfolio/orders/cfaf646b-156e-45b0-9b8b-bfb4af192691/amend failed 429: {"error":{"code":"too_many_requests","message":"too many requests"}}
04:26:33 INFO REQUOTE_ERROR | error=POST /trade-api/v2/portfolio/orders/cfaf646b-156e-45b0-9b8b-bfb4af192691/amend failed 429: {"error":{"code":"too_many_requests","message":"too many requests"}}
Traceback (most recent call last):
  File "/workspaces/Kalshi_alg/V1.py", line 1675, in requote_worker
    await self.ensure_side_quote("no", desired_no_units)
  File "/workspaces/Kalshi_alg/V1.py", line 1468, in ensure_side_quote
    response = await asyncio.to_thread(
               ^^^^^^^^^^^^^^^^^^^^^^^^
  File "/home/codespace/.python/current/lib/python3.12/asyncio/threads.py", line 25, in to_thread
    return await loop.run_in_executor(None, func_call)
           ^^^^^^^^^^^^^^^^^^^^^^^^^^^^^^^^^^^^^^^^^^^
  File "/home/codespace/.python/current/lib/python3.12/concurrent/futures/thread.py", line 58, in run
    result = self.fn(*self.args, **self.kwargs)
             ^^^^^^^^^^^^^^^^^^^^^^^^^^^^^^^^^^
  File "/workspaces/Kalshi_alg/V1.py", line 820, in amend_order
    return self.rest_post(f"{self.api_prefix}/portfolio/orders/{order_id}/amend", body)
           ^^^^^^^^^^^^^^^^^^^^^^^^^^^^^^^^^^^^^^^^^^^^^^^^^^^^^^^^^^^^^^^^^^^^^^^^^^^^
  File "/workspaces/Kalshi_alg/V1.py", line 675, in rest_post
    raise RuntimeError(f"POST {path} failed {response.status_code}: {response.text[:500]}")
RuntimeError: POST /trade-api/v2/portfolio/orders/cfaf646b-156e-45b0-9b8b-bfb4af192691/amend failed 429: {"error":{"code":"too_many_requests","message":"too many requests"}}
04:26:33 INFO REQUOTE_ERROR | error=POST /trade-api/v2/portfolio/orders/cfaf646b-156e-45b0-9b8b-bfb4af192691/amend failed 429: {"error":{"code":"too_many_requests","message":"too many requests"}}
Traceback (most recent call last):
  File "/workspaces/Kalshi_alg/V1.py", line 1675, in requote_worker
    await self.ensure_side_quote("no", desired_no_units)
  File "/workspaces/Kalshi_alg/V1.py", line 1468, in ensure_side_quote
    response = await asyncio.to_thread(
               ^^^^^^^^^^^^^^^^^^^^^^^^
  File "/home/codespace/.python/current/lib/python3.12/asyncio/threads.py", line 25, in to_thread
    return await loop.run_in_executor(None, func_call)
           ^^^^^^^^^^^^^^^^^^^^^^^^^^^^^^^^^^^^^^^^^^^
  File "/home/codespace/.python/current/lib/python3.12/concurrent/futures/thread.py", line 58, in run
    result = self.fn(*self.args, **self.kwargs)
             ^^^^^^^^^^^^^^^^^^^^^^^^^^^^^^^^^^
  File "/workspaces/Kalshi_alg/V1.py", line 820, in amend_order
    return self.rest_post(f"{self.api_prefix}/portfolio/orders/{order_id}/amend", body)
           ^^^^^^^^^^^^^^^^^^^^^^^^^^^^^^^^^^^^^^^^^^^^^^^^^^^^^^^^^^^^^^^^^^^^^^^^^^^^
  File "/workspaces/Kalshi_alg/V1.py", line 675, in rest_post
    raise RuntimeError(f"POST {path} failed {response.status_code}: {response.text[:500]}")
RuntimeError: POST /trade-api/v2/portfolio/orders/cfaf646b-156e-45b0-9b8b-bfb4af192691/amend failed 429: {"error":{"code":"too_many_requests","message":"too many requests"}}
04:26:40 INFO QUEUE_POSITION | side=no order_id=cfaf646b-156e-45b0-9b8b-bfb4af192691 ahead_contracts=0.00
04:26:46 INFO REQUOTE_ERROR | error=DELETE /trade-api/v2/portfolio/orders/cfaf646b-156e-45b0-9b8b-bfb4af192691 failed 429: {"error":{"code":"too_many_requests","message":"too many requests"}}
Traceback (most recent call last):
  File "/workspaces/Kalshi_alg/V1.py", line 1675, in requote_worker
    await self.ensure_side_quote("no", desired_no_units)
  File "/workspaces/Kalshi_alg/V1.py", line 1406, in ensure_side_quote
    await self.cancel_side_quote(side, reason="refresh_expiring_quote", reset_quote_cycle=False)
  File "/workspaces/Kalshi_alg/V1.py", line 1383, in cancel_side_quote
    await asyncio.to_thread(self.api_client.cancel_order, order_id=order_id)
  File "/home/codespace/.python/current/lib/python3.12/asyncio/threads.py", line 25, in to_thread
    return await loop.run_in_executor(None, func_call)
           ^^^^^^^^^^^^^^^^^^^^^^^^^^^^^^^^^^^^^^^^^^^
  File "/home/codespace/.python/current/lib/python3.12/concurrent/futures/thread.py", line 58, in run
    result = self.fn(*self.args, **self.kwargs)
             ^^^^^^^^^^^^^^^^^^^^^^^^^^^^^^^^^^
  File "/workspaces/Kalshi_alg/V1.py", line 848, in cancel_order
    return self.rest_delete(
           ^^^^^^^^^^^^^^^^^
  File "/workspaces/Kalshi_alg/V1.py", line 688, in rest_delete
    raise RuntimeError(f"DELETE {path} failed {response.status_code}: {response.text[:500]}")
RuntimeError: DELETE /trade-api/v2/portfolio/orders/cfaf646b-156e-45b0-9b8b-bfb4af192691 failed 429: {"error":{"code":"too_many_requests","message":"too many requests"}}
04:26:46 INFO REQUOTE_ERROR | error=DELETE /trade-api/v2/portfolio/orders/cfaf646b-156e-45b0-9b8b-bfb4af192691 failed 429: {"error":{"code":"too_many_requests","message":"too many requests"}}
Traceback (most recent call last):
  File "/workspaces/Kalshi_alg/V1.py", line 1675, in requote_worker
    await self.ensure_side_quote("no", desired_no_units)
  File "/workspaces/Kalshi_alg/V1.py", line 1406, in ensure_side_quote
    await self.cancel_side_quote(side, reason="refresh_expiring_quote", reset_quote_cycle=False)
  File "/workspaces/Kalshi_alg/V1.py", line 1383, in cancel_side_quote
    await asyncio.to_thread(self.api_client.cancel_order, order_id=order_id)
  File "/home/codespace/.python/current/lib/python3.12/asyncio/threads.py", line 25, in to_thread
    return await loop.run_in_executor(None, func_call)
           ^^^^^^^^^^^^^^^^^^^^^^^^^^^^^^^^^^^^^^^^^^^
  File "/home/codespace/.python/current/lib/python3.12/concurrent/futures/thread.py", line 58, in run
    result = self.fn(*self.args, **self.kwargs)
             ^^^^^^^^^^^^^^^^^^^^^^^^^^^^^^^^^^
  File "/workspaces/Kalshi_alg/V1.py", line 848, in cancel_order
    return self.rest_delete(
           ^^^^^^^^^^^^^^^^^
  File "/workspaces/Kalshi_alg/V1.py", line 688, in rest_delete
    raise RuntimeError(f"DELETE {path} failed {response.status_code}: {response.text[:500]}")
RuntimeError: DELETE /trade-api/v2/portfolio/orders/cfaf646b-156e-45b0-9b8b-bfb4af192691 failed 429: {"error":{"code":"too_many_requests","message":"too many requests"}}
04:26:46 INFO REQUOTE_ERROR | error=DELETE /trade-api/v2/portfolio/orders/cfaf646b-156e-45b0-9b8b-bfb4af192691 failed 429: {"error":{"code":"too_many_requests","message":"too many requests"}}
Traceback (most recent call last):
  File "/workspaces/Kalshi_alg/V1.py", line 1675, in requote_worker
    await self.ensure_side_quote("no", desired_no_units)
  File "/workspaces/Kalshi_alg/V1.py", line 1406, in ensure_side_quote
    await self.cancel_side_quote(side, reason="refresh_expiring_quote", reset_quote_cycle=False)
  File "/workspaces/Kalshi_alg/V1.py", line 1383, in cancel_side_quote
    await asyncio.to_thread(self.api_client.cancel_order, order_id=order_id)
  File "/home/codespace/.python/current/lib/python3.12/asyncio/threads.py", line 25, in to_thread
    return await loop.run_in_executor(None, func_call)
           ^^^^^^^^^^^^^^^^^^^^^^^^^^^^^^^^^^^^^^^^^^^
  File "/home/codespace/.python/current/lib/python3.12/concurrent/futures/thread.py", line 58, in run
    result = self.fn(*self.args, **self.kwargs)
             ^^^^^^^^^^^^^^^^^^^^^^^^^^^^^^^^^^
  File "/workspaces/Kalshi_alg/V1.py", line 848, in cancel_order
    return self.rest_delete(
           ^^^^^^^^^^^^^^^^^
  File "/workspaces/Kalshi_alg/V1.py", line 688, in rest_delete
    raise RuntimeError(f"DELETE {path} failed {response.status_code}: {response.text[:500]}")
RuntimeError: DELETE /trade-api/v2/portfolio/orders/cfaf646b-156e-45b0-9b8b-bfb4af192691 failed 429: {"error":{"code":"too_many_requests","message":"too many requests"}}
04:26:46 INFO REQUOTE_ERROR | error=DELETE /trade-api/v2/portfolio/orders/cfaf646b-156e-45b0-9b8b-bfb4af192691 failed 429: {"error":{"code":"too_many_requests","message":"too many requests"}}
Traceback (most recent call last):
  File "/workspaces/Kalshi_alg/V1.py", line 1675, in requote_worker
    await self.ensure_side_quote("no", desired_no_units)
  File "/workspaces/Kalshi_alg/V1.py", line 1406, in ensure_side_quote
    await self.cancel_side_quote(side, reason="refresh_expiring_quote", reset_quote_cycle=False)
  File "/workspaces/Kalshi_alg/V1.py", line 1383, in cancel_side_quote
    await asyncio.to_thread(self.api_client.cancel_order, order_id=order_id)
  File "/home/codespace/.python/current/lib/python3.12/asyncio/threads.py", line 25, in to_thread
    return await loop.run_in_executor(None, func_call)
           ^^^^^^^^^^^^^^^^^^^^^^^^^^^^^^^^^^^^^^^^^^^
  File "/home/codespace/.python/current/lib/python3.12/concurrent/futures/thread.py", line 58, in run
    result = self.fn(*self.args, **self.kwargs)
             ^^^^^^^^^^^^^^^^^^^^^^^^^^^^^^^^^^
  File "/workspaces/Kalshi_alg/V1.py", line 848, in cancel_order
    return self.rest_delete(
           ^^^^^^^^^^^^^^^^^
  File "/workspaces/Kalshi_alg/V1.py", line 688, in rest_delete
    raise RuntimeError(f"DELETE {path} failed {response.status_code}: {response.text[:500]}")
RuntimeError: DELETE /trade-api/v2/portfolio/orders/cfaf646b-156e-45b0-9b8b-bfb4af192691 failed 429: {"error":{"code":"too_many_requests","message":"too many requests"}}
04:26:46 INFO REQUOTE_ERROR | error=DELETE /trade-api/v2/portfolio/orders/cfaf646b-156e-45b0-9b8b-bfb4af192691 failed 429: {"error":{"code":"too_many_requests","message":"too many requests"}}
Traceback (most recent call last):
  File "/workspaces/Kalshi_alg/V1.py", line 1675, in requote_worker
    await self.ensure_side_quote("no", desired_no_units)
  File "/workspaces/Kalshi_alg/V1.py", line 1406, in ensure_side_quote
    await self.cancel_side_quote(side, reason="refresh_expiring_quote", reset_quote_cycle=False)
  File "/workspaces/Kalshi_alg/V1.py", line 1383, in cancel_side_quote
    await asyncio.to_thread(self.api_client.cancel_order, order_id=order_id)
  File "/home/codespace/.python/current/lib/python3.12/asyncio/threads.py", line 25, in to_thread
    return await loop.run_in_executor(None, func_call)
           ^^^^^^^^^^^^^^^^^^^^^^^^^^^^^^^^^^^^^^^^^^^
  File "/home/codespace/.python/current/lib/python3.12/concurrent/futures/thread.py", line 58, in run
    result = self.fn(*self.args, **self.kwargs)
             ^^^^^^^^^^^^^^^^^^^^^^^^^^^^^^^^^^
  File "/workspaces/Kalshi_alg/V1.py", line 848, in cancel_order
    return self.rest_delete(
           ^^^^^^^^^^^^^^^^^
  File "/workspaces/Kalshi_alg/V1.py", line 688, in rest_delete
    raise RuntimeError(f"DELETE {path} failed {response.status_code}: {response.text[:500]}")
RuntimeError: DELETE /trade-api/v2/portfolio/orders/cfaf646b-156e-45b0-9b8b-bfb4af192691 failed 429: {"error":{"code":"too_many_requests","message":"too many requests"}}
04:26:46 INFO REQUOTE_ERROR | error=DELETE /trade-api/v2/portfolio/orders/cfaf646b-156e-45b0-9b8b-bfb4af192691 failed 429: {"error":{"code":"too_many_requests","message":"too many requests"}}
Traceback (most recent call last):
  File "/workspaces/Kalshi_alg/V1.py", line 1675, in requote_worker
    await self.ensure_side_quote("no", desired_no_units)
  File "/workspaces/Kalshi_alg/V1.py", line 1406, in ensure_side_quote
    await self.cancel_side_quote(side, reason="refresh_expiring_quote", reset_quote_cycle=False)
  File "/workspaces/Kalshi_alg/V1.py", line 1383, in cancel_side_quote
    await asyncio.to_thread(self.api_client.cancel_order, order_id=order_id)
  File "/home/codespace/.python/current/lib/python3.12/asyncio/threads.py", line 25, in to_thread
    return await loop.run_in_executor(None, func_call)
           ^^^^^^^^^^^^^^^^^^^^^^^^^^^^^^^^^^^^^^^^^^^
  File "/home/codespace/.python/current/lib/python3.12/concurrent/futures/thread.py", line 58, in run
    result = self.fn(*self.args, **self.kwargs)
             ^^^^^^^^^^^^^^^^^^^^^^^^^^^^^^^^^^
  File "/workspaces/Kalshi_alg/V1.py", line 848, in cancel_order
    return self.rest_delete(
           ^^^^^^^^^^^^^^^^^
  File "/workspaces/Kalshi_alg/V1.py", line 688, in rest_delete
    raise RuntimeError(f"DELETE {path} failed {response.status_code}: {response.text[:500]}")
RuntimeError: DELETE /trade-api/v2/portfolio/orders/cfaf646b-156e-45b0-9b8b-bfb4af192691 failed 429: {"error":{"code":"too_many_requests","message":"too many requests"}}
04:26:46 INFO CANCEL_REQUESTED | side=no reason=refresh_expiring_quote order_id=cfaf646b-156e-45b0-9b8b-bfb4af192691
04:26:46 INFO ORDER_NOT_RESTING | side=no status=canceled order_id=cfaf646b-156e-45b0-9b8b-bfb4af192691
04:26:46 INFO REQUOTE_ERROR | error=POST /trade-api/v2/portfolio/orders failed 429: {"error":{"code":"too_many_requests","message":"too many requests"}}
Traceback (most recent call last):
  File "/workspaces/Kalshi_alg/V1.py", line 1675, in requote_worker
    await self.ensure_side_quote("no", desired_no_units)
  File "/workspaces/Kalshi_alg/V1.py", line 1437, in ensure_side_quote
    response = await asyncio.to_thread(
               ^^^^^^^^^^^^^^^^^^^^^^^^
  File "/home/codespace/.python/current/lib/python3.12/asyncio/threads.py", line 25, in to_thread
    return await loop.run_in_executor(None, func_call)
           ^^^^^^^^^^^^^^^^^^^^^^^^^^^^^^^^^^^^^^^^^^^
  File "/home/codespace/.python/current/lib/python3.12/concurrent/futures/thread.py", line 58, in run
    result = self.fn(*self.args, **self.kwargs)
             ^^^^^^^^^^^^^^^^^^^^^^^^^^^^^^^^^^
  File "/workspaces/Kalshi_alg/V1.py", line 776, in create_order
    return self.rest_post(f"{self.api_prefix}/portfolio/orders", body)
           ^^^^^^^^^^^^^^^^^^^^^^^^^^^^^^^^^^^^^^^^^^^^^^^^^^^^^^^^^^^
  File "/workspaces/Kalshi_alg/V1.py", line 675, in rest_post
    raise RuntimeError(f"POST {path} failed {response.status_code}: {response.text[:500]}")
RuntimeError: POST /trade-api/v2/portfolio/orders failed 429: {"error":{"code":"too_many_requests","message":"too many requests"}}
04:26:46 INFO REQUOTE_ERROR | error=POST /trade-api/v2/portfolio/orders failed 429: {"error":{"code":"too_many_requests","message":"too many requests"}}
Traceback (most recent call last):
  File "/workspaces/Kalshi_alg/V1.py", line 1675, in requote_worker
    await self.ensure_side_quote("no", desired_no_units)
  File "/workspaces/Kalshi_alg/V1.py", line 1437, in ensure_side_quote
    response = await asyncio.to_thread(
               ^^^^^^^^^^^^^^^^^^^^^^^^
  File "/home/codespace/.python/current/lib/python3.12/asyncio/threads.py", line 25, in to_thread
    return await loop.run_in_executor(None, func_call)
           ^^^^^^^^^^^^^^^^^^^^^^^^^^^^^^^^^^^^^^^^^^^
  File "/home/codespace/.python/current/lib/python3.12/concurrent/futures/thread.py", line 58, in run
    result = self.fn(*self.args, **self.kwargs)
             ^^^^^^^^^^^^^^^^^^^^^^^^^^^^^^^^^^
  File "/workspaces/Kalshi_alg/V1.py", line 776, in create_order
    return self.rest_post(f"{self.api_prefix}/portfolio/orders", body)
           ^^^^^^^^^^^^^^^^^^^^^^^^^^^^^^^^^^^^^^^^^^^^^^^^^^^^^^^^^^^
  File "/workspaces/Kalshi_alg/V1.py", line 675, in rest_post
    raise RuntimeError(f"POST {path} failed {response.status_code}: {response.text[:500]}")
RuntimeError: POST /trade-api/v2/portfolio/orders failed 429: {"error":{"code":"too_many_requests","message":"too many requests"}}
04:26:46 INFO CREATE_OK | side=no price_dollars=0.7200 remaining_contracts=13.00 order_id=215cbcd0-68c8-482c-bb1c-c555c85e124c
04:26:46 INFO AMEND_OK | side=no price_dollars=0.4900 total_fillable_contracts=20.00 order_id=215cbcd0-68c8-482c-bb1c-c555c85e124c
04:26:48 INFO REQUOTE_ERROR | error=POST /trade-api/v2/portfolio/orders/215cbcd0-68c8-482c-bb1c-c555c85e124c/amend failed 429: {"error":{"code":"too_many_requests","message":"too many requests"}}
Traceback (most recent call last):
  File "/workspaces/Kalshi_alg/V1.py", line 1675, in requote_worker
    await self.ensure_side_quote("no", desired_no_units)
  File "/workspaces/Kalshi_alg/V1.py", line 1468, in ensure_side_quote
    response = await asyncio.to_thread(
               ^^^^^^^^^^^^^^^^^^^^^^^^
  File "/home/codespace/.python/current/lib/python3.12/asyncio/threads.py", line 25, in to_thread
    return await loop.run_in_executor(None, func_call)
           ^^^^^^^^^^^^^^^^^^^^^^^^^^^^^^^^^^^^^^^^^^^
  File "/home/codespace/.python/current/lib/python3.12/concurrent/futures/thread.py", line 58, in run
    result = self.fn(*self.args, **self.kwargs)
             ^^^^^^^^^^^^^^^^^^^^^^^^^^^^^^^^^^
  File "/workspaces/Kalshi_alg/V1.py", line 820, in amend_order
    return self.rest_post(f"{self.api_prefix}/portfolio/orders/{order_id}/amend", body)
           ^^^^^^^^^^^^^^^^^^^^^^^^^^^^^^^^^^^^^^^^^^^^^^^^^^^^^^^^^^^^^^^^^^^^^^^^^^^^
  File "/workspaces/Kalshi_alg/V1.py", line 675, in rest_post
    raise RuntimeError(f"POST {path} failed {response.status_code}: {response.text[:500]}")
RuntimeError: POST /trade-api/v2/portfolio/orders/215cbcd0-68c8-482c-bb1c-c555c85e124c/amend failed 429: {"error":{"code":"too_many_requests","message":"too many requests"}}
04:26:48 INFO REQUOTE_ERROR | error=POST /trade-api/v2/portfolio/orders/215cbcd0-68c8-482c-bb1c-c555c85e124c/amend failed 429: {"error":{"code":"too_many_requests","message":"too many requests"}}
Traceback (most recent call last):
  File "/workspaces/Kalshi_alg/V1.py", line 1675, in requote_worker
    await self.ensure_side_quote("no", desired_no_units)
  File "/workspaces/Kalshi_alg/V1.py", line 1468, in ensure_side_quote
    response = await asyncio.to_thread(
               ^^^^^^^^^^^^^^^^^^^^^^^^
  File "/home/codespace/.python/current/lib/python3.12/asyncio/threads.py", line 25, in to_thread
    return await loop.run_in_executor(None, func_call)
           ^^^^^^^^^^^^^^^^^^^^^^^^^^^^^^^^^^^^^^^^^^^
  File "/home/codespace/.python/current/lib/python3.12/concurrent/futures/thread.py", line 58, in run
    result = self.fn(*self.args, **self.kwargs)
             ^^^^^^^^^^^^^^^^^^^^^^^^^^^^^^^^^^
  File "/workspaces/Kalshi_alg/V1.py", line 820, in amend_order
    return self.rest_post(f"{self.api_prefix}/portfolio/orders/{order_id}/amend", body)
           ^^^^^^^^^^^^^^^^^^^^^^^^^^^^^^^^^^^^^^^^^^^^^^^^^^^^^^^^^^^^^^^^^^^^^^^^^^^^
  File "/workspaces/Kalshi_alg/V1.py", line 675, in rest_post
    raise RuntimeError(f"POST {path} failed {response.status_code}: {response.text[:500]}")
RuntimeError: POST /trade-api/v2/portfolio/orders/215cbcd0-68c8-482c-bb1c-c555c85e124c/amend failed 429: {"error":{"code":"too_many_requests","message":"too many requests"}}
04:26:53 INFO REQUOTE_ERROR | error=POST /trade-api/v2/portfolio/orders/215cbcd0-68c8-482c-bb1c-c555c85e124c/amend failed 429: {"error":{"code":"too_many_requests","message":"too many requests"}}
Traceback (most recent call last):
  File "/workspaces/Kalshi_alg/V1.py", line 1675, in requote_worker
    await self.ensure_side_quote("no", desired_no_units)
  File "/workspaces/Kalshi_alg/V1.py", line 1468, in ensure_side_quote
    response = await asyncio.to_thread(
               ^^^^^^^^^^^^^^^^^^^^^^^^
  File "/home/codespace/.python/current/lib/python3.12/asyncio/threads.py", line 25, in to_thread
    return await loop.run_in_executor(None, func_call)
           ^^^^^^^^^^^^^^^^^^^^^^^^^^^^^^^^^^^^^^^^^^^
  File "/home/codespace/.python/current/lib/python3.12/concurrent/futures/thread.py", line 58, in run
    result = self.fn(*self.args, **self.kwargs)
             ^^^^^^^^^^^^^^^^^^^^^^^^^^^^^^^^^^
  File "/workspaces/Kalshi_alg/V1.py", line 820, in amend_order
    return self.rest_post(f"{self.api_prefix}/portfolio/orders/{order_id}/amend", body)
           ^^^^^^^^^^^^^^^^^^^^^^^^^^^^^^^^^^^^^^^^^^^^^^^^^^^^^^^^^^^^^^^^^^^^^^^^^^^^
  File "/workspaces/Kalshi_alg/V1.py", line 675, in rest_post
    raise RuntimeError(f"POST {path} failed {response.status_code}: {response.text[:500]}")
RuntimeError: POST /trade-api/v2/portfolio/orders/215cbcd0-68c8-482c-bb1c-c555c85e124c/amend failed 429: {"error":{"code":"too_many_requests","message":"too many requests"}}
04:26:53 INFO REQUOTE_ERROR | error=POST /trade-api/v2/portfolio/orders/215cbcd0-68c8-482c-bb1c-c555c85e124c/amend failed 429: {"error":{"code":"too_many_requests","message":"too many requests"}}
Traceback (most recent call last):
  File "/workspaces/Kalshi_alg/V1.py", line 1675, in requote_worker
    await self.ensure_side_quote("no", desired_no_units)
  File "/workspaces/Kalshi_alg/V1.py", line 1468, in ensure_side_quote
    response = await asyncio.to_thread(
               ^^^^^^^^^^^^^^^^^^^^^^^^
  File "/home/codespace/.python/current/lib/python3.12/asyncio/threads.py", line 25, in to_thread
    return await loop.run_in_executor(None, func_call)
           ^^^^^^^^^^^^^^^^^^^^^^^^^^^^^^^^^^^^^^^^^^^
  File "/home/codespace/.python/current/lib/python3.12/concurrent/futures/thread.py", line 58, in run
    result = self.fn(*self.args, **self.kwargs)
             ^^^^^^^^^^^^^^^^^^^^^^^^^^^^^^^^^^
  File "/workspaces/Kalshi_alg/V1.py", line 820, in amend_order
    return self.rest_post(f"{self.api_prefix}/portfolio/orders/{order_id}/amend", body)
           ^^^^^^^^^^^^^^^^^^^^^^^^^^^^^^^^^^^^^^^^^^^^^^^^^^^^^^^^^^^^^^^^^^^^^^^^^^^^
  File "/workspaces/Kalshi_alg/V1.py", line 675, in rest_post
    raise RuntimeError(f"POST {path} failed {response.status_code}: {response.text[:500]}")
RuntimeError: POST /trade-api/v2/portfolio/orders/215cbcd0-68c8-482c-bb1c-c555c85e124c/amend failed 429: {"error":{"code":"too_many_requests","message":"too many requests"}}
04:26:53 INFO REQUOTE_ERROR | error=POST /trade-api/v2/portfolio/orders/215cbcd0-68c8-482c-bb1c-c555c85e124c/amend failed 429: {"error":{"code":"too_many_requests","message":"too many requests"}}
Traceback (most recent call last):
  File "/workspaces/Kalshi_alg/V1.py", line 1675, in requote_worker
    await self.ensure_side_quote("no", desired_no_units)
  File "/workspaces/Kalshi_alg/V1.py", line 1468, in ensure_side_quote
    response = await asyncio.to_thread(
               ^^^^^^^^^^^^^^^^^^^^^^^^
  File "/home/codespace/.python/current/lib/python3.12/asyncio/threads.py", line 25, in to_thread
    return await loop.run_in_executor(None, func_call)
           ^^^^^^^^^^^^^^^^^^^^^^^^^^^^^^^^^^^^^^^^^^^
  File "/home/codespace/.python/current/lib/python3.12/concurrent/futures/thread.py", line 58, in run
    result = self.fn(*self.args, **self.kwargs)
             ^^^^^^^^^^^^^^^^^^^^^^^^^^^^^^^^^^
  File "/workspaces/Kalshi_alg/V1.py", line 820, in amend_order
    return self.rest_post(f"{self.api_prefix}/portfolio/orders/{order_id}/amend", body)
           ^^^^^^^^^^^^^^^^^^^^^^^^^^^^^^^^^^^^^^^^^^^^^^^^^^^^^^^^^^^^^^^^^^^^^^^^^^^^
  File "/workspaces/Kalshi_alg/V1.py", line 675, in rest_post
    raise RuntimeError(f"POST {path} failed {response.status_code}: {response.text[:500]}")
RuntimeError: POST /trade-api/v2/portfolio/orders/215cbcd0-68c8-482c-bb1c-c555c85e124c/amend failed 429: {"error":{"code":"too_many_requests","message":"too many requests"}}
04:26:53 INFO REQUOTE_ERROR | error=POST /trade-api/v2/portfolio/orders/215cbcd0-68c8-482c-bb1c-c555c85e124c/amend failed 429: {"error":{"code":"too_many_requests","message":"too many requests"}}
Traceback (most recent call last):
  File "/workspaces/Kalshi_alg/V1.py", line 1675, in requote_worker
    await self.ensure_side_quote("no", desired_no_units)
  File "/workspaces/Kalshi_alg/V1.py", line 1468, in ensure_side_quote
    response = await asyncio.to_thread(
               ^^^^^^^^^^^^^^^^^^^^^^^^
  File "/home/codespace/.python/current/lib/python3.12/asyncio/threads.py", line 25, in to_thread
    return await loop.run_in_executor(None, func_call)
           ^^^^^^^^^^^^^^^^^^^^^^^^^^^^^^^^^^^^^^^^^^^
  File "/home/codespace/.python/current/lib/python3.12/concurrent/futures/thread.py", line 58, in run
    result = self.fn(*self.args, **self.kwargs)
             ^^^^^^^^^^^^^^^^^^^^^^^^^^^^^^^^^^
  File "/workspaces/Kalshi_alg/V1.py", line 820, in amend_order
    return self.rest_post(f"{self.api_prefix}/portfolio/orders/{order_id}/amend", body)
           ^^^^^^^^^^^^^^^^^^^^^^^^^^^^^^^^^^^^^^^^^^^^^^^^^^^^^^^^^^^^^^^^^^^^^^^^^^^^
  File "/workspaces/Kalshi_alg/V1.py", line 675, in rest_post
    raise RuntimeError(f"POST {path} failed {response.status_code}: {response.text[:500]}")
RuntimeError: POST /trade-api/v2/portfolio/orders/215cbcd0-68c8-482c-bb1c-c555c85e124c/amend failed 429: {"error":{"code":"too_many_requests","message":"too many requests"}}
04:26:53 INFO AMEND_OK | side=no price_dollars=0.6800 total_fillable_contracts=14.00 order_id=215cbcd0-68c8-482c-bb1c-c555c85e124c
04:26:54 INFO REQUOTE_ERROR | error=POST /trade-api/v2/portfolio/orders/215cbcd0-68c8-482c-bb1c-c555c85e124c/amend failed 429: {"error":{"code":"too_many_requests","message":"too many requests"}}
Traceback (most recent call last):
  File "/workspaces/Kalshi_alg/V1.py", line 1675, in requote_worker
    await self.ensure_side_quote("no", desired_no_units)
  File "/workspaces/Kalshi_alg/V1.py", line 1468, in ensure_side_quote
    response = await asyncio.to_thread(
               ^^^^^^^^^^^^^^^^^^^^^^^^
  File "/home/codespace/.python/current/lib/python3.12/asyncio/threads.py", line 25, in to_thread
    return await loop.run_in_executor(None, func_call)
           ^^^^^^^^^^^^^^^^^^^^^^^^^^^^^^^^^^^^^^^^^^^
  File "/home/codespace/.python/current/lib/python3.12/concurrent/futures/thread.py", line 58, in run
    result = self.fn(*self.args, **self.kwargs)
             ^^^^^^^^^^^^^^^^^^^^^^^^^^^^^^^^^^
  File "/workspaces/Kalshi_alg/V1.py", line 820, in amend_order
    return self.rest_post(f"{self.api_prefix}/portfolio/orders/{order_id}/amend", body)
           ^^^^^^^^^^^^^^^^^^^^^^^^^^^^^^^^^^^^^^^^^^^^^^^^^^^^^^^^^^^^^^^^^^^^^^^^^^^^
  File "/workspaces/Kalshi_alg/V1.py", line 675, in rest_post
    raise RuntimeError(f"POST {path} failed {response.status_code}: {response.text[:500]}")
RuntimeError: POST /trade-api/v2/portfolio/orders/215cbcd0-68c8-482c-bb1c-c555c85e124c/amend failed 429: {"error":{"code":"too_many_requests","message":"too many requests"}}
04:26:54 INFO REQUOTE_ERROR | error=POST /trade-api/v2/portfolio/orders/215cbcd0-68c8-482c-bb1c-c555c85e124c/amend failed 429: {"error":{"code":"too_many_requests","message":"too many requests"}}
Traceback (most recent call last):
  File "/workspaces/Kalshi_alg/V1.py", line 1675, in requote_worker
    await self.ensure_side_quote("no", desired_no_units)
  File "/workspaces/Kalshi_alg/V1.py", line 1468, in ensure_side_quote
    response = await asyncio.to_thread(
               ^^^^^^^^^^^^^^^^^^^^^^^^
  File "/home/codespace/.python/current/lib/python3.12/asyncio/threads.py", line 25, in to_thread
    return await loop.run_in_executor(None, func_call)
           ^^^^^^^^^^^^^^^^^^^^^^^^^^^^^^^^^^^^^^^^^^^
  File "/home/codespace/.python/current/lib/python3.12/concurrent/futures/thread.py", line 58, in run
    result = self.fn(*self.args, **self.kwargs)
             ^^^^^^^^^^^^^^^^^^^^^^^^^^^^^^^^^^
  File "/workspaces/Kalshi_alg/V1.py", line 820, in amend_order
    return self.rest_post(f"{self.api_prefix}/portfolio/orders/{order_id}/amend", body)
           ^^^^^^^^^^^^^^^^^^^^^^^^^^^^^^^^^^^^^^^^^^^^^^^^^^^^^^^^^^^^^^^^^^^^^^^^^^^^
  File "/workspaces/Kalshi_alg/V1.py", line 675, in rest_post
    raise RuntimeError(f"POST {path} failed {response.status_code}: {response.text[:500]}")
RuntimeError: POST /trade-api/v2/portfolio/orders/215cbcd0-68c8-482c-bb1c-c555c85e124c/amend failed 429: {"error":{"code":"too_many_requests","message":"too many requests"}}
04:26:55 INFO AMEND_OK | side=no price_dollars=0.7100 total_fillable_contracts=14.00 order_id=215cbcd0-68c8-482c-bb1c-c555c85e124c
04:26:55 INFO AMEND_OK | side=no price_dollars=0.7200 total_fillable_contracts=13.00 order_id=215cbcd0-68c8-482c-bb1c-c555c85e124c
04:26:55 INFO QUEUE_POSITION | side=no order_id=215cbcd0-68c8-482c-bb1c-c555c85e124c ahead_contracts=1320.00
04:27:10 INFO QUEUE_POSITION | side=no order_id=215cbcd0-68c8-482c-bb1c-c555c85e124c ahead_contracts=320.00
04:27:25 INFO QUEUE_POSITION | side=no order_id=215cbcd0-68c8-482c-bb1c-c555c85e124c ahead_contracts=0.00
04:27:27 INFO ORDER_NOT_RESTING | side=no status=canceled order_id=215cbcd0-68c8-482c-bb1c-c555c85e124c
04:27:27 INFO REQUOTE_ERROR | error=POST /trade-api/v2/portfolio/orders failed 429: {"error":{"code":"too_many_requests","message":"too many requests"}}
Traceback (most recent call last):
  File "/workspaces/Kalshi_alg/V1.py", line 1675, in requote_worker
    await self.ensure_side_quote("no", desired_no_units)
  File "/workspaces/Kalshi_alg/V1.py", line 1437, in ensure_side_quote
    response = await asyncio.to_thread(
               ^^^^^^^^^^^^^^^^^^^^^^^^
  File "/home/codespace/.python/current/lib/python3.12/asyncio/threads.py", line 25, in to_thread
    return await loop.run_in_executor(None, func_call)
           ^^^^^^^^^^^^^^^^^^^^^^^^^^^^^^^^^^^^^^^^^^^
  File "/home/codespace/.python/current/lib/python3.12/concurrent/futures/thread.py", line 58, in run
    result = self.fn(*self.args, **self.kwargs)
             ^^^^^^^^^^^^^^^^^^^^^^^^^^^^^^^^^^
  File "/workspaces/Kalshi_alg/V1.py", line 776, in create_order
    return self.rest_post(f"{self.api_prefix}/portfolio/orders", body)
           ^^^^^^^^^^^^^^^^^^^^^^^^^^^^^^^^^^^^^^^^^^^^^^^^^^^^^^^^^^^
  File "/workspaces/Kalshi_alg/V1.py", line 675, in rest_post
    raise RuntimeError(f"POST {path} failed {response.status_code}: {response.text[:500]}")
RuntimeError: POST /trade-api/v2/portfolio/orders failed 429: {"error":{"code":"too_many_requests","message":"too many requests"}}
04:27:28 INFO REQUOTE_ERROR | error=POST /trade-api/v2/portfolio/orders failed 429: {"error":{"code":"too_many_requests","message":"too many requests"}}
Traceback (most recent call last):
  File "/workspaces/Kalshi_alg/V1.py", line 1675, in requote_worker
    await self.ensure_side_quote("no", desired_no_units)
  File "/workspaces/Kalshi_alg/V1.py", line 1437, in ensure_side_quote
    response = await asyncio.to_thread(
               ^^^^^^^^^^^^^^^^^^^^^^^^
  File "/home/codespace/.python/current/lib/python3.12/asyncio/threads.py", line 25, in to_thread
    return await loop.run_in_executor(None, func_call)
           ^^^^^^^^^^^^^^^^^^^^^^^^^^^^^^^^^^^^^^^^^^^
  File "/home/codespace/.python/current/lib/python3.12/concurrent/futures/thread.py", line 58, in run
    result = self.fn(*self.args, **self.kwargs)
             ^^^^^^^^^^^^^^^^^^^^^^^^^^^^^^^^^^
  File "/workspaces/Kalshi_alg/V1.py", line 776, in create_order
    return self.rest_post(f"{self.api_prefix}/portfolio/orders", body)
           ^^^^^^^^^^^^^^^^^^^^^^^^^^^^^^^^^^^^^^^^^^^^^^^^^^^^^^^^^^^
  File "/workspaces/Kalshi_alg/V1.py", line 675, in rest_post
    raise RuntimeError(f"POST {path} failed {response.status_code}: {response.text[:500]}")
RuntimeError: POST /trade-api/v2/portfolio/orders failed 429: {"error":{"code":"too_many_requests","message":"too many requests"}}
04:27:28 INFO REQUOTE_ERROR | error=POST /trade-api/v2/portfolio/orders failed 400: {"error":{"code":"insufficient_balance","message":"insufficient balance","service":"exchange"}}
Traceback (most recent call last):
  File "/workspaces/Kalshi_alg/V1.py", line 1675, in requote_worker
    await self.ensure_side_quote("no", desired_no_units)
  File "/workspaces/Kalshi_alg/V1.py", line 1437, in ensure_side_quote
    response = await asyncio.to_thread(
               ^^^^^^^^^^^^^^^^^^^^^^^^
  File "/home/codespace/.python/current/lib/python3.12/asyncio/threads.py", line 25, in to_thread
    return await loop.run_in_executor(None, func_call)
           ^^^^^^^^^^^^^^^^^^^^^^^^^^^^^^^^^^^^^^^^^^^
  File "/home/codespace/.python/current/lib/python3.12/concurrent/futures/thread.py", line 58, in run
    result = self.fn(*self.args, **self.kwargs)
             ^^^^^^^^^^^^^^^^^^^^^^^^^^^^^^^^^^
  File "/workspaces/Kalshi_alg/V1.py", line 776, in create_order
    return self.rest_post(f"{self.api_prefix}/portfolio/orders", body)
           ^^^^^^^^^^^^^^^^^^^^^^^^^^^^^^^^^^^^^^^^^^^^^^^^^^^^^^^^^^^
  File "/workspaces/Kalshi_alg/V1.py", line 675, in rest_post
    raise RuntimeError(f"POST {path} failed {response.status_code}: {response.text[:500]}")
RuntimeError: POST /trade-api/v2/portfolio/orders failed 400: {"error":{"code":"insufficient_balance","message":"insufficient balance","service":"exchange"}}
04:27:28 INFO REQUOTE_ERROR | error=POST /trade-api/v2/portfolio/orders failed 429: {"error":{"code":"too_many_requests","message":"too many requests"}}
Traceback (most recent call last):
  File "/workspaces/Kalshi_alg/V1.py", line 1675, in requote_worker
    await self.ensure_side_quote("no", desired_no_units)
  File "/workspaces/Kalshi_alg/V1.py", line 1437, in ensure_side_quote
    response = await asyncio.to_thread(
               ^^^^^^^^^^^^^^^^^^^^^^^^
  File "/home/codespace/.python/current/lib/python3.12/asyncio/threads.py", line 25, in to_thread
    return await loop.run_in_executor(None, func_call)
           ^^^^^^^^^^^^^^^^^^^^^^^^^^^^^^^^^^^^^^^^^^^
  File "/home/codespace/.python/current/lib/python3.12/concurrent/futures/thread.py", line 58, in run
    result = self.fn(*self.args, **self.kwargs)
             ^^^^^^^^^^^^^^^^^^^^^^^^^^^^^^^^^^
  File "/workspaces/Kalshi_alg/V1.py", line 776, in create_order
    return self.rest_post(f"{self.api_prefix}/portfolio/orders", body)
           ^^^^^^^^^^^^^^^^^^^^^^^^^^^^^^^^^^^^^^^^^^^^^^^^^^^^^^^^^^^
  File "/workspaces/Kalshi_alg/V1.py", line 675, in rest_post
    raise RuntimeError(f"POST {path} failed {response.status_code}: {response.text[:500]}")
RuntimeError: POST /trade-api/v2/portfolio/orders failed 429: {"error":{"code":"too_many_requests","message":"too many requests"}}
04:27:30 INFO REQUOTE_ERROR | error=POST /trade-api/v2/portfolio/orders failed 429: {"error":{"code":"too_many_requests","message":"too many requests"}}
Traceback (most recent call last):
  File "/workspaces/Kalshi_alg/V1.py", line 1675, in requote_worker
    await self.ensure_side_quote("no", desired_no_units)
  File "/workspaces/Kalshi_alg/V1.py", line 1437, in ensure_side_quote
    response = await asyncio.to_thread(
               ^^^^^^^^^^^^^^^^^^^^^^^^
  File "/home/codespace/.python/current/lib/python3.12/asyncio/threads.py", line 25, in to_thread
    return await loop.run_in_executor(None, func_call)
           ^^^^^^^^^^^^^^^^^^^^^^^^^^^^^^^^^^^^^^^^^^^
  File "/home/codespace/.python/current/lib/python3.12/concurrent/futures/thread.py", line 58, in run
    result = self.fn(*self.args, **self.kwargs)
             ^^^^^^^^^^^^^^^^^^^^^^^^^^^^^^^^^^
  File "/workspaces/Kalshi_alg/V1.py", line 776, in create_order
    return self.rest_post(f"{self.api_prefix}/portfolio/orders", body)
           ^^^^^^^^^^^^^^^^^^^^^^^^^^^^^^^^^^^^^^^^^^^^^^^^^^^^^^^^^^^
  File "/workspaces/Kalshi_alg/V1.py", line 675, in rest_post
    raise RuntimeError(f"POST {path} failed {response.status_code}: {response.text[:500]}")
RuntimeError: POST /trade-api/v2/portfolio/orders failed 429: {"error":{"code":"too_many_requests","message":"too many requests"}}
04:27:30 INFO REQUOTE_ERROR | error=POST /trade-api/v2/portfolio/orders failed 429: {"error":{"code":"too_many_requests","message":"too many requests"}}
Traceback (most recent call last):
  File "/workspaces/Kalshi_alg/V1.py", line 1675, in requote_worker
    await self.ensure_side_quote("no", desired_no_units)
  File "/workspaces/Kalshi_alg/V1.py", line 1437, in ensure_side_quote
    response = await asyncio.to_thread(
               ^^^^^^^^^^^^^^^^^^^^^^^^
  File "/home/codespace/.python/current/lib/python3.12/asyncio/threads.py", line 25, in to_thread
    return await loop.run_in_executor(None, func_call)
           ^^^^^^^^^^^^^^^^^^^^^^^^^^^^^^^^^^^^^^^^^^^
  File "/home/codespace/.python/current/lib/python3.12/concurrent/futures/thread.py", line 58, in run
    result = self.fn(*self.args, **self.kwargs)
             ^^^^^^^^^^^^^^^^^^^^^^^^^^^^^^^^^^
  File "/workspaces/Kalshi_alg/V1.py", line 776, in create_order
    return self.rest_post(f"{self.api_prefix}/portfolio/orders", body)
           ^^^^^^^^^^^^^^^^^^^^^^^^^^^^^^^^^^^^^^^^^^^^^^^^^^^^^^^^^^^
  File "/workspaces/Kalshi_alg/V1.py", line 675, in rest_post
    raise RuntimeError(f"POST {path} failed {response.status_code}: {response.text[:500]}")
RuntimeError: POST /trade-api/v2/portfolio/orders failed 429: {"error":{"code":"too_many_requests","message":"too many requests"}}
04:27:30 INFO REQUOTE_ERROR | error=POST /trade-api/v2/portfolio/orders failed 429: {"error":{"code":"too_many_requests","message":"too many requests"}}
Traceback (most recent call last):
  File "/workspaces/Kalshi_alg/V1.py", line 1675, in requote_worker
    await self.ensure_side_quote("no", desired_no_units)
  File "/workspaces/Kalshi_alg/V1.py", line 1437, in ensure_side_quote
    response = await asyncio.to_thread(
               ^^^^^^^^^^^^^^^^^^^^^^^^
  File "/home/codespace/.python/current/lib/python3.12/asyncio/threads.py", line 25, in to_thread
    return await loop.run_in_executor(None, func_call)
           ^^^^^^^^^^^^^^^^^^^^^^^^^^^^^^^^^^^^^^^^^^^
  File "/home/codespace/.python/current/lib/python3.12/concurrent/futures/thread.py", line 58, in run
    result = self.fn(*self.args, **self.kwargs)
             ^^^^^^^^^^^^^^^^^^^^^^^^^^^^^^^^^^
  File "/workspaces/Kalshi_alg/V1.py", line 776, in create_order
    return self.rest_post(f"{self.api_prefix}/portfolio/orders", body)
           ^^^^^^^^^^^^^^^^^^^^^^^^^^^^^^^^^^^^^^^^^^^^^^^^^^^^^^^^^^^
  File "/workspaces/Kalshi_alg/V1.py", line 675, in rest_post
    raise RuntimeError(f"POST {path} failed {response.status_code}: {response.text[:500]}")
RuntimeError: POST /trade-api/v2/portfolio/orders failed 429: {"error":{"code":"too_many_requests","message":"too many requests"}}
04:27:30 INFO REQUOTE_ERROR | error=POST /trade-api/v2/portfolio/orders failed 429: {"error":{"code":"too_many_requests","message":"too many requests"}}
Traceback (most recent call last):
  File "/workspaces/Kalshi_alg/V1.py", line 1675, in requote_worker
    await self.ensure_side_quote("no", desired_no_units)
  File "/workspaces/Kalshi_alg/V1.py", line 1437, in ensure_side_quote
    response = await asyncio.to_thread(
               ^^^^^^^^^^^^^^^^^^^^^^^^
  File "/home/codespace/.python/current/lib/python3.12/asyncio/threads.py", line 25, in to_thread
    return await loop.run_in_executor(None, func_call)
           ^^^^^^^^^^^^^^^^^^^^^^^^^^^^^^^^^^^^^^^^^^^
  File "/home/codespace/.python/current/lib/python3.12/concurrent/futures/thread.py", line 58, in run
    result = self.fn(*self.args, **self.kwargs)
             ^^^^^^^^^^^^^^^^^^^^^^^^^^^^^^^^^^
  File "/workspaces/Kalshi_alg/V1.py", line 776, in create_order
    return self.rest_post(f"{self.api_prefix}/portfolio/orders", body)
           ^^^^^^^^^^^^^^^^^^^^^^^^^^^^^^^^^^^^^^^^^^^^^^^^^^^^^^^^^^^
  File "/workspaces/Kalshi_alg/V1.py", line 675, in rest_post
    raise RuntimeError(f"POST {path} failed {response.status_code}: {response.text[:500]}")
RuntimeError: POST /trade-api/v2/portfolio/orders failed 429: {"error":{"code":"too_many_requests","message":"too many requests"}}
04:27:30 INFO REQUOTE_ERROR | error=POST /trade-api/v2/portfolio/orders failed 429: {"error":{"code":"too_many_requests","message":"too many requests"}}
Traceback (most recent call last):
  File "/workspaces/Kalshi_alg/V1.py", line 1675, in requote_worker
    await self.ensure_side_quote("no", desired_no_units)
  File "/workspaces/Kalshi_alg/V1.py", line 1437, in ensure_side_quote
    response = await asyncio.to_thread(
               ^^^^^^^^^^^^^^^^^^^^^^^^
  File "/home/codespace/.python/current/lib/python3.12/asyncio/threads.py", line 25, in to_thread
    return await loop.run_in_executor(None, func_call)
           ^^^^^^^^^^^^^^^^^^^^^^^^^^^^^^^^^^^^^^^^^^^
  File "/home/codespace/.python/current/lib/python3.12/concurrent/futures/thread.py", line 58, in run
    result = self.fn(*self.args, **self.kwargs)
             ^^^^^^^^^^^^^^^^^^^^^^^^^^^^^^^^^^
  File "/workspaces/Kalshi_alg/V1.py", line 776, in create_order
    return self.rest_post(f"{self.api_prefix}/portfolio/orders", body)
           ^^^^^^^^^^^^^^^^^^^^^^^^^^^^^^^^^^^^^^^^^^^^^^^^^^^^^^^^^^^
  File "/workspaces/Kalshi_alg/V1.py", line 675, in rest_post
    raise RuntimeError(f"POST {path} failed {response.status_code}: {response.text[:500]}")
RuntimeError: POST /trade-api/v2/portfolio/orders failed 429: {"error":{"code":"too_many_requests","message":"too many requests"}}
04:27:30 INFO REQUOTE_ERROR | error=POST /trade-api/v2/portfolio/orders failed 429: {"error":{"code":"too_many_requests","message":"too many requests"}}
Traceback (most recent call last):
  File "/workspaces/Kalshi_alg/V1.py", line 1675, in requote_worker
    await self.ensure_side_quote("no", desired_no_units)
  File "/workspaces/Kalshi_alg/V1.py", line 1437, in ensure_side_quote
    response = await asyncio.to_thread(
               ^^^^^^^^^^^^^^^^^^^^^^^^
  File "/home/codespace/.python/current/lib/python3.12/asyncio/threads.py", line 25, in to_thread
    return await loop.run_in_executor(None, func_call)
           ^^^^^^^^^^^^^^^^^^^^^^^^^^^^^^^^^^^^^^^^^^^
  File "/home/codespace/.python/current/lib/python3.12/concurrent/futures/thread.py", line 58, in run
    result = self.fn(*self.args, **self.kwargs)
             ^^^^^^^^^^^^^^^^^^^^^^^^^^^^^^^^^^
  File "/workspaces/Kalshi_alg/V1.py", line 776, in create_order
    return self.rest_post(f"{self.api_prefix}/portfolio/orders", body)
           ^^^^^^^^^^^^^^^^^^^^^^^^^^^^^^^^^^^^^^^^^^^^^^^^^^^^^^^^^^^
  File "/workspaces/Kalshi_alg/V1.py", line 675, in rest_post
    raise RuntimeError(f"POST {path} failed {response.status_code}: {response.text[:500]}")
RuntimeError: POST /trade-api/v2/portfolio/orders failed 429: {"error":{"code":"too_many_requests","message":"too many requests"}}
04:27:30 INFO REQUOTE_ERROR | error=POST /trade-api/v2/portfolio/orders failed 429: {"error":{"code":"too_many_requests","message":"too many requests"}}
Traceback (most recent call last):
  File "/workspaces/Kalshi_alg/V1.py", line 1675, in requote_worker
    await self.ensure_side_quote("no", desired_no_units)
  File "/workspaces/Kalshi_alg/V1.py", line 1437, in ensure_side_quote
    response = await asyncio.to_thread(
               ^^^^^^^^^^^^^^^^^^^^^^^^
  File "/home/codespace/.python/current/lib/python3.12/asyncio/threads.py", line 25, in to_thread
    return await loop.run_in_executor(None, func_call)
           ^^^^^^^^^^^^^^^^^^^^^^^^^^^^^^^^^^^^^^^^^^^
  File "/home/codespace/.python/current/lib/python3.12/concurrent/futures/thread.py", line 58, in run
    result = self.fn(*self.args, **self.kwargs)
             ^^^^^^^^^^^^^^^^^^^^^^^^^^^^^^^^^^
  File "/workspaces/Kalshi_alg/V1.py", line 776, in create_order
    return self.rest_post(f"{self.api_prefix}/portfolio/orders", body)
           ^^^^^^^^^^^^^^^^^^^^^^^^^^^^^^^^^^^^^^^^^^^^^^^^^^^^^^^^^^^
  File "/workspaces/Kalshi_alg/V1.py", line 675, in rest_post
    raise RuntimeError(f"POST {path} failed {response.status_code}: {response.text[:500]}")
RuntimeError: POST /trade-api/v2/portfolio/orders failed 429: {"error":{"code":"too_many_requests","message":"too many requests"}}
04:27:30 INFO REQUOTE_ERROR | error=POST /trade-api/v2/portfolio/orders failed 429: {"error":{"code":"too_many_requests","message":"too many requests"}}
Traceback (most recent call last):
  File "/workspaces/Kalshi_alg/V1.py", line 1675, in requote_worker
    await self.ensure_side_quote("no", desired_no_units)
  File "/workspaces/Kalshi_alg/V1.py", line 1437, in ensure_side_quote
    response = await asyncio.to_thread(
               ^^^^^^^^^^^^^^^^^^^^^^^^
  File "/home/codespace/.python/current/lib/python3.12/asyncio/threads.py", line 25, in to_thread
    return await loop.run_in_executor(None, func_call)
           ^^^^^^^^^^^^^^^^^^^^^^^^^^^^^^^^^^^^^^^^^^^
  File "/home/codespace/.python/current/lib/python3.12/concurrent/futures/thread.py", line 58, in run
    result = self.fn(*self.args, **self.kwargs)
             ^^^^^^^^^^^^^^^^^^^^^^^^^^^^^^^^^^
  File "/workspaces/Kalshi_alg/V1.py", line 776, in create_order
    return self.rest_post(f"{self.api_prefix}/portfolio/orders", body)
           ^^^^^^^^^^^^^^^^^^^^^^^^^^^^^^^^^^^^^^^^^^^^^^^^^^^^^^^^^^^
  File "/workspaces/Kalshi_alg/V1.py", line 675, in rest_post
    raise RuntimeError(f"POST {path} failed {response.status_code}: {response.text[:500]}")
RuntimeError: POST /trade-api/v2/portfolio/orders failed 429: {"error":{"code":"too_many_requests","message":"too many requests"}}
04:27:30 INFO REQUOTE_ERROR | error=POST /trade-api/v2/portfolio/orders failed 429: {"error":{"code":"too_many_requests","message":"too many requests"}}
Traceback (most recent call last):
  File "/workspaces/Kalshi_alg/V1.py", line 1675, in requote_worker
    await self.ensure_side_quote("no", desired_no_units)
  File "/workspaces/Kalshi_alg/V1.py", line 1437, in ensure_side_quote
    response = await asyncio.to_thread(
               ^^^^^^^^^^^^^^^^^^^^^^^^
  File "/home/codespace/.python/current/lib/python3.12/asyncio/threads.py", line 25, in to_thread
    return await loop.run_in_executor(None, func_call)
           ^^^^^^^^^^^^^^^^^^^^^^^^^^^^^^^^^^^^^^^^^^^
  File "/home/codespace/.python/current/lib/python3.12/concurrent/futures/thread.py", line 58, in run
    result = self.fn(*self.args, **self.kwargs)
             ^^^^^^^^^^^^^^^^^^^^^^^^^^^^^^^^^^
  File "/workspaces/Kalshi_alg/V1.py", line 776, in create_order
    return self.rest_post(f"{self.api_prefix}/portfolio/orders", body)
           ^^^^^^^^^^^^^^^^^^^^^^^^^^^^^^^^^^^^^^^^^^^^^^^^^^^^^^^^^^^
  File "/workspaces/Kalshi_alg/V1.py", line 675, in rest_post
    raise RuntimeError(f"POST {path} failed {response.status_code}: {response.text[:500]}")
RuntimeError: POST /trade-api/v2/portfolio/orders failed 429: {"error":{"code":"too_many_requests","message":"too many requests"}}
04:27:31 INFO REQUOTE_ERROR | error=POST /trade-api/v2/portfolio/orders failed 429: {"error":{"code":"too_many_requests","message":"too many requests"}}
Traceback (most recent call last):
  File "/workspaces/Kalshi_alg/V1.py", line 1675, in requote_worker
    await self.ensure_side_quote("no", desired_no_units)
  File "/workspaces/Kalshi_alg/V1.py", line 1437, in ensure_side_quote
    response = await asyncio.to_thread(
               ^^^^^^^^^^^^^^^^^^^^^^^^
  File "/home/codespace/.python/current/lib/python3.12/asyncio/threads.py", line 25, in to_thread
    return await loop.run_in_executor(None, func_call)
           ^^^^^^^^^^^^^^^^^^^^^^^^^^^^^^^^^^^^^^^^^^^
  File "/home/codespace/.python/current/lib/python3.12/concurrent/futures/thread.py", line 58, in run
    result = self.fn(*self.args, **self.kwargs)
             ^^^^^^^^^^^^^^^^^^^^^^^^^^^^^^^^^^
  File "/workspaces/Kalshi_alg/V1.py", line 776, in create_order
    return self.rest_post(f"{self.api_prefix}/portfolio/orders", body)
           ^^^^^^^^^^^^^^^^^^^^^^^^^^^^^^^^^^^^^^^^^^^^^^^^^^^^^^^^^^^
  File "/workspaces/Kalshi_alg/V1.py", line 675, in rest_post
    raise RuntimeError(f"POST {path} failed {response.status_code}: {response.text[:500]}")
RuntimeError: POST /trade-api/v2/portfolio/orders failed 429: {"error":{"code":"too_many_requests","message":"too many requests"}}
04:27:31 INFO REQUOTE_ERROR | error=POST /trade-api/v2/portfolio/orders failed 429: {"error":{"code":"too_many_requests","message":"too many requests"}}
Traceback (most recent call last):
  File "/workspaces/Kalshi_alg/V1.py", line 1675, in requote_worker
    await self.ensure_side_quote("no", desired_no_units)
  File "/workspaces/Kalshi_alg/V1.py", line 1437, in ensure_side_quote
    response = await asyncio.to_thread(
               ^^^^^^^^^^^^^^^^^^^^^^^^
  File "/home/codespace/.python/current/lib/python3.12/asyncio/threads.py", line 25, in to_thread
    return await loop.run_in_executor(None, func_call)
           ^^^^^^^^^^^^^^^^^^^^^^^^^^^^^^^^^^^^^^^^^^^
  File "/home/codespace/.python/current/lib/python3.12/concurrent/futures/thread.py", line 58, in run
    result = self.fn(*self.args, **self.kwargs)
             ^^^^^^^^^^^^^^^^^^^^^^^^^^^^^^^^^^
  File "/workspaces/Kalshi_alg/V1.py", line 776, in create_order
    return self.rest_post(f"{self.api_prefix}/portfolio/orders", body)
           ^^^^^^^^^^^^^^^^^^^^^^^^^^^^^^^^^^^^^^^^^^^^^^^^^^^^^^^^^^^
  File "/workspaces/Kalshi_alg/V1.py", line 675, in rest_post
    raise RuntimeError(f"POST {path} failed {response.status_code}: {response.text[:500]}")
RuntimeError: POST /trade-api/v2/portfolio/orders failed 429: {"error":{"code":"too_many_requests","message":"too many requests"}}
04:27:34 INFO REQUOTE_ERROR | error=POST /trade-api/v2/portfolio/orders failed 429: {"error":{"code":"too_many_requests","message":"too many requests"}}
Traceback (most recent call last):
  File "/workspaces/Kalshi_alg/V1.py", line 1675, in requote_worker
    await self.ensure_side_quote("no", desired_no_units)
  File "/workspaces/Kalshi_alg/V1.py", line 1437, in ensure_side_quote
    response = await asyncio.to_thread(
               ^^^^^^^^^^^^^^^^^^^^^^^^
  File "/home/codespace/.python/current/lib/python3.12/asyncio/threads.py", line 25, in to_thread
    return await loop.run_in_executor(None, func_call)
           ^^^^^^^^^^^^^^^^^^^^^^^^^^^^^^^^^^^^^^^^^^^
  File "/home/codespace/.python/current/lib/python3.12/concurrent/futures/thread.py", line 58, in run
    result = self.fn(*self.args, **self.kwargs)
             ^^^^^^^^^^^^^^^^^^^^^^^^^^^^^^^^^^
  File "/workspaces/Kalshi_alg/V1.py", line 776, in create_order
    return self.rest_post(f"{self.api_prefix}/portfolio/orders", body)
           ^^^^^^^^^^^^^^^^^^^^^^^^^^^^^^^^^^^^^^^^^^^^^^^^^^^^^^^^^^^
  File "/workspaces/Kalshi_alg/V1.py", line 675, in rest_post
    raise RuntimeError(f"POST {path} failed {response.status_code}: {response.text[:500]}")
RuntimeError: POST /trade-api/v2/portfolio/orders failed 429: {"error":{"code":"too_many_requests","message":"too many requests"}}
04:27:35 INFO CREATE_OK | side=no price_dollars=0.7200 remaining_contracts=13.00 order_id=1250ee96-f0e0-4fc0-aeea-bd2f2fda39f3
04:27:35 INFO REQUOTE_ERROR | error=POST /trade-api/v2/portfolio/orders/1250ee96-f0e0-4fc0-aeea-bd2f2fda39f3/amend failed 429: {"error":{"code":"too_many_requests","message":"too many requests"}}
Traceback (most recent call last):
  File "/workspaces/Kalshi_alg/V1.py", line 1675, in requote_worker
    await self.ensure_side_quote("no", desired_no_units)
  File "/workspaces/Kalshi_alg/V1.py", line 1468, in ensure_side_quote
    response = await asyncio.to_thread(
               ^^^^^^^^^^^^^^^^^^^^^^^^
  File "/home/codespace/.python/current/lib/python3.12/asyncio/threads.py", line 25, in to_thread
    return await loop.run_in_executor(None, func_call)
           ^^^^^^^^^^^^^^^^^^^^^^^^^^^^^^^^^^^^^^^^^^^
  File "/home/codespace/.python/current/lib/python3.12/concurrent/futures/thread.py", line 58, in run
    result = self.fn(*self.args, **self.kwargs)
             ^^^^^^^^^^^^^^^^^^^^^^^^^^^^^^^^^^
  File "/workspaces/Kalshi_alg/V1.py", line 820, in amend_order
    return self.rest_post(f"{self.api_prefix}/portfolio/orders/{order_id}/amend", body)
           ^^^^^^^^^^^^^^^^^^^^^^^^^^^^^^^^^^^^^^^^^^^^^^^^^^^^^^^^^^^^^^^^^^^^^^^^^^^^
  File "/workspaces/Kalshi_alg/V1.py", line 675, in rest_post
    raise RuntimeError(f"POST {path} failed {response.status_code}: {response.text[:500]}")
RuntimeError: POST /trade-api/v2/portfolio/orders/1250ee96-f0e0-4fc0-aeea-bd2f2fda39f3/amend failed 429: {"error":{"code":"too_many_requests","message":"too many requests"}}
04:27:35 INFO AMEND_OK | side=no price_dollars=0.7000 total_fillable_contracts=14.00 order_id=1250ee96-f0e0-4fc0-aeea-bd2f2fda39f3
04:27:40 INFO QUEUE_POSITION | side=no order_id=1250ee96-f0e0-4fc0-aeea-bd2f2fda39f3 ahead_contracts=1020.00
04:27:43 INFO CREATE_OK | side=yes price_dollars=0.2500 remaining_contracts=39.00 order_id=69ace567-b1ff-4e09-9ee0-2edb5cb39d8b
04:27:43 INFO AMEND_OK | side=yes price_dollars=0.2400 total_fillable_contracts=41.00 order_id=69ace567-b1ff-4e09-9ee0-2edb5cb39d8b
Traceback (most recent call last):
  File "/workspaces/Kalshi_alg/V1.py", line 1870, in <module>
    main()
  File "/workspaces/Kalshi_alg/V1.py", line 1866, in main
    asyncio.run(bot.run())
  File "/home/codespace/.python/current/lib/python3.12/asyncio/runners.py", line 194, in run
    return runner.run(main)
           ^^^^^^^^^^^^^^^^
  File "/home/codespace/.python/current/lib/python3.12/asyncio/runners.py", line 118, in run
    return self._loop.run_until_complete(task)
           ^^^^^^^^^^^^^^^^^^^^^^^^^^^^^^^^^^^
  File "/home/codespace/.python/current/lib/python3.12/asyncio/base_events.py", line 671, in run_until_complete
    self.run_forever()
  File "/home/codespace/.python/current/lib/python3.12/asyncio/base_events.py", line 638, in run_forever
    self._run_once()
  File "/home/codespace/.python/current/lib/python3.12/asyncio/base_events.py", line 1933, in _run_once
    event_list = self._selector.select(timeout)
                 ^^^^^^^^^^^^^^^^^^^^^^^^^^^^^^
  File "/home/codespace/.python/current/lib/python3.12/selectors.py", line 468, in select
    fd_event_list = self._selector.poll(timeout, max_ev)
                    ^^^^^^^^^^^^^^^^^^^^^^^^^^^^^^^^^^^^
  File "/home/codespace/.python/current/lib/python3.12/asyncio/runners.py", line 157, in _on_sigint
    raise KeyboardInterrupt()
KeyboardInterrupt
