
=== START 2026-03-09 23:56:19 ===
CMD: /home/codespace/.python/current/bin/python3 /workspaces/Kalshi_alg/V1.py --ticker KXNHLTOTAL-26MAR09NYRPHI-6 --yes-budget-cents 500 --no-budget-cents 500
23:56:19 INFO START | environment=PROD ticker=KXNHLTOTAL-26MAR09NYRPHI-6 yes_budget_cents=500 no_budget_cents=500 price_structure=linear_cent fractional_trading=False dry_run=False websocket=wss://api.elections.kalshi.com/trade-api/ws/v2
23:56:19 INFO STARTUP_POSITION | contracts=0.00
23:56:19 INFO WS_CONNECTED_AND_SUBSCRIBED
23:56:19 INFO CREATE_OK | side=yes price_dollars=0.5600 remaining_contracts=8.00 order_id=54c1a9c6-c1fb-4e3c-b127-53bd713e2310
23:56:19 INFO CREATE_OK | side=no price_dollars=0.4000 remaining_contracts=12.00 order_id=fbf724b5-2d69-4ed4-ac34-068f5470d6a1
23:56:21 INFO AMEND_OK | side=yes price_dollars=0.5400 total_fillable_contracts=9.00 order_id=54c1a9c6-c1fb-4e3c-b127-53bd713e2310
23:56:21 INFO AMEND_OK | side=no price_dollars=0.3800 total_fillable_contracts=13.00 order_id=fbf724b5-2d69-4ed4-ac34-068f5470d6a1
23:56:34 INFO QUEUE_POSITION | side=yes order_id=54c1a9c6-c1fb-4e3c-b127-53bd713e2310 ahead_contracts=150.00
23:56:34 INFO QUEUE_POSITION | side=no order_id=fbf724b5-2d69-4ed4-ac34-068f5470d6a1 ahead_contracts=0.00
23:56:49 INFO QUEUE_POSITION | side=yes order_id=54c1a9c6-c1fb-4e3c-b127-53bd713e2310 ahead_contracts=150.00
23:56:49 INFO QUEUE_POSITION | side=no order_id=fbf724b5-2d69-4ed4-ac34-068f5470d6a1 ahead_contracts=0.00
23:57:05 INFO QUEUE_POSITION | side=yes order_id=54c1a9c6-c1fb-4e3c-b127-53bd713e2310 ahead_contracts=150.00
23:57:05 INFO QUEUE_POSITION | side=no order_id=fbf724b5-2d69-4ed4-ac34-068f5470d6a1 ahead_contracts=0.00
23:57:20 INFO QUEUE_POSITION | side=yes order_id=54c1a9c6-c1fb-4e3c-b127-53bd713e2310 ahead_contracts=150.00
23:57:20 INFO QUEUE_POSITION | side=no order_id=fbf724b5-2d69-4ed4-ac34-068f5470d6a1 ahead_contracts=0.00
23:57:35 INFO QUEUE_POSITION | side=yes order_id=54c1a9c6-c1fb-4e3c-b127-53bd713e2310 ahead_contracts=150.00
23:57:35 INFO QUEUE_POSITION | side=no order_id=fbf724b5-2d69-4ed4-ac34-068f5470d6a1 ahead_contracts=0.00
23:57:50 INFO QUEUE_POSITION | side=yes order_id=54c1a9c6-c1fb-4e3c-b127-53bd713e2310 ahead_contracts=150.00
23:57:50 INFO QUEUE_POSITION | side=no order_id=fbf724b5-2d69-4ed4-ac34-068f5470d6a1 ahead_contracts=0.00
23:58:05 INFO QUEUE_POSITION | side=yes order_id=54c1a9c6-c1fb-4e3c-b127-53bd713e2310 ahead_contracts=150.00
23:58:05 INFO QUEUE_POSITION | side=no order_id=fbf724b5-2d69-4ed4-ac34-068f5470d6a1 ahead_contracts=0.00
23:58:20 INFO QUEUE_POSITION | side=yes order_id=54c1a9c6-c1fb-4e3c-b127-53bd713e2310 ahead_contracts=150.00
23:58:20 INFO QUEUE_POSITION | side=no order_id=fbf724b5-2d69-4ed4-ac34-068f5470d6a1 ahead_contracts=0.00
23:58:30 INFO AMEND_OK | side=yes price_dollars=0.5300 total_fillable_contracts=9.00 order_id=54c1a9c6-c1fb-4e3c-b127-53bd713e2310
23:58:30 INFO AMEND_OK | side=no price_dollars=0.3900 total_fillable_contracts=12.00 order_id=fbf724b5-2d69-4ed4-ac34-068f5470d6a1
23:58:35 INFO QUEUE_POSITION | side=yes order_id=54c1a9c6-c1fb-4e3c-b127-53bd713e2310 ahead_contracts=4125.00
23:58:35 INFO QUEUE_POSITION | side=no order_id=fbf724b5-2d69-4ed4-ac34-068f5470d6a1 ahead_contracts=0.00
23:58:36 INFO AMEND_OK | side=yes price_dollars=0.5400 total_fillable_contracts=9.00 order_id=54c1a9c6-c1fb-4e3c-b127-53bd713e2310
23:58:37 INFO AMEND_OK | side=no price_dollars=0.3800 total_fillable_contracts=13.00 order_id=fbf724b5-2d69-4ed4-ac34-068f5470d6a1
23:58:38 INFO AMEND_OK | side=yes price_dollars=0.5300 total_fillable_contracts=9.00 order_id=54c1a9c6-c1fb-4e3c-b127-53bd713e2310
23:58:50 INFO AMEND_OK | side=yes price_dollars=0.5200 total_fillable_contracts=9.00 order_id=54c1a9c6-c1fb-4e3c-b127-53bd713e2310
23:58:50 INFO QUEUE_POSITION | side=yes order_id=54c1a9c6-c1fb-4e3c-b127-53bd713e2310 ahead_contracts=0.00
23:58:50 INFO QUEUE_POSITION | side=no order_id=fbf724b5-2d69-4ed4-ac34-068f5470d6a1 ahead_contracts=0.00
23:58:51 INFO AMEND_OK | side=yes price_dollars=0.5300 total_fillable_contracts=9.00 order_id=54c1a9c6-c1fb-4e3c-b127-53bd713e2310
23:58:59 INFO AMEND_OK | side=yes price_dollars=0.5400 total_fillable_contracts=9.00 order_id=54c1a9c6-c1fb-4e3c-b127-53bd713e2310
23:59:00 INFO AMEND_OK | side=yes price_dollars=0.5300 total_fillable_contracts=9.00 order_id=54c1a9c6-c1fb-4e3c-b127-53bd713e2310
23:59:05 INFO QUEUE_POSITION | side=yes order_id=54c1a9c6-c1fb-4e3c-b127-53bd713e2310 ahead_contracts=4125.00
23:59:05 INFO QUEUE_POSITION | side=no order_id=fbf724b5-2d69-4ed4-ac34-068f5470d6a1 ahead_contracts=0.00
23:59:20 INFO QUEUE_POSITION | side=yes order_id=54c1a9c6-c1fb-4e3c-b127-53bd713e2310 ahead_contracts=4125.00
23:59:20 INFO QUEUE_POSITION | side=no order_id=fbf724b5-2d69-4ed4-ac34-068f5470d6a1 ahead_contracts=0.00
23:59:22 INFO AMEND_OK | side=yes price_dollars=0.5200 total_fillable_contracts=9.00 order_id=54c1a9c6-c1fb-4e3c-b127-53bd713e2310
23:59:23 INFO AMEND_OK | side=yes price_dollars=0.5300 total_fillable_contracts=9.00 order_id=54c1a9c6-c1fb-4e3c-b127-53bd713e2310
23:59:27 INFO AMEND_OK | side=no price_dollars=0.4000 total_fillable_contracts=12.00 order_id=fbf724b5-2d69-4ed4-ac34-068f5470d6a1
23:59:35 INFO QUEUE_POSITION | side=yes order_id=54c1a9c6-c1fb-4e3c-b127-53bd713e2310 ahead_contracts=4125.00
23:59:35 INFO QUEUE_POSITION | side=no order_id=fbf724b5-2d69-4ed4-ac34-068f5470d6a1 ahead_contracts=4062.00
23:59:50 INFO QUEUE_POSITION | side=yes order_id=54c1a9c6-c1fb-4e3c-b127-53bd713e2310 ahead_contracts=4125.00
23:59:50 INFO QUEUE_POSITION | side=no order_id=fbf724b5-2d69-4ed4-ac34-068f5470d6a1 ahead_contracts=4062.00
23:59:58 INFO AMEND_OK | side=yes price_dollars=0.5200 total_fillable_contracts=9.00 order_id=54c1a9c6-c1fb-4e3c-b127-53bd713e2310
23:59:59 INFO AMEND_OK | side=yes price_dollars=0.5300 total_fillable_contracts=9.00 order_id=54c1a9c6-c1fb-4e3c-b127-53bd713e2310
00:00:04 INFO AMEND_OK | side=no price_dollars=0.3900 total_fillable_contracts=12.00 order_id=fbf724b5-2d69-4ed4-ac34-068f5470d6a1
00:00:05 INFO QUEUE_POSITION | side=yes order_id=54c1a9c6-c1fb-4e3c-b127-53bd713e2310 ahead_contracts=4125.00
00:00:05 INFO QUEUE_POSITION | side=no order_id=fbf724b5-2d69-4ed4-ac34-068f5470d6a1 ahead_contracts=0.00
00:00:06 INFO AMEND_OK | side=no price_dollars=0.4000 total_fillable_contracts=12.00 order_id=fbf724b5-2d69-4ed4-ac34-068f5470d6a1
00:00:17 INFO CANCEL_REQUESTED | side=yes reason=refresh_expiring_quote order_id=54c1a9c6-c1fb-4e3c-b127-53bd713e2310
00:00:17 INFO ORDER_NOT_RESTING | side=yes status=canceled order_id=54c1a9c6-c1fb-4e3c-b127-53bd713e2310
00:00:17 INFO CREATE_OK | side=yes price_dollars=0.5300 remaining_contracts=9.00 order_id=58aa1242-e952-408d-976c-66e1e85d3fc1
00:00:17 INFO CANCEL_REQUESTED | side=no reason=refresh_expiring_quote order_id=fbf724b5-2d69-4ed4-ac34-068f5470d6a1
00:00:17 INFO ORDER_NOT_RESTING | side=no status=canceled order_id=fbf724b5-2d69-4ed4-ac34-068f5470d6a1
00:00:17 INFO CREATE_OK | side=no price_dollars=0.4000 remaining_contracts=12.00 order_id=a22316e0-778c-4f62-b8da-eecfba45d0ac
00:00:20 INFO QUEUE_POSITION | side=yes order_id=58aa1242-e952-408d-976c-66e1e85d3fc1 ahead_contracts=4125.00
00:00:20 INFO AMEND_OK | side=no price_dollars=0.3900 total_fillable_contracts=12.00 order_id=a22316e0-778c-4f62-b8da-eecfba45d0ac
00:00:20 INFO QUEUE_POSITION | side=no order_id=a22316e0-778c-4f62-b8da-eecfba45d0ac ahead_contracts=4062.00
00:00:21 INFO AMEND_OK | side=no price_dollars=0.4000 total_fillable_contracts=12.00 order_id=a22316e0-778c-4f62-b8da-eecfba45d0ac
00:00:35 INFO QUEUE_POSITION | side=yes order_id=58aa1242-e952-408d-976c-66e1e85d3fc1 ahead_contracts=4125.00
00:00:36 INFO QUEUE_POSITION | side=no order_id=a22316e0-778c-4f62-b8da-eecfba45d0ac ahead_contracts=4062.00
00:00:43 INFO AMEND_OK | side=no price_dollars=0.3900 total_fillable_contracts=12.00 order_id=a22316e0-778c-4f62-b8da-eecfba45d0ac
00:00:51 INFO QUEUE_POSITION | side=yes order_id=58aa1242-e952-408d-976c-66e1e85d3fc1 ahead_contracts=4125.00
00:00:51 INFO QUEUE_POSITION | side=no order_id=a22316e0-778c-4f62-b8da-eecfba45d0ac ahead_contracts=0.00
00:00:53 INFO AMEND_OK | side=yes price_dollars=0.5200 total_fillable_contracts=9.00 order_id=58aa1242-e952-408d-976c-66e1e85d3fc1
00:00:54 INFO AMEND_OK | side=yes price_dollars=0.5300 total_fillable_contracts=9.00 order_id=58aa1242-e952-408d-976c-66e1e85d3fc1
00:00:54 INFO AMEND_OK | side=no price_dollars=0.4000 total_fillable_contracts=12.00 order_id=a22316e0-778c-4f62-b8da-eecfba45d0ac
00:01:06 INFO QUEUE_POSITION | side=yes order_id=58aa1242-e952-408d-976c-66e1e85d3fc1 ahead_contracts=4125.00
00:01:06 INFO QUEUE_POSITION | side=no order_id=a22316e0-778c-4f62-b8da-eecfba45d0ac ahead_contracts=4062.00
00:01:21 INFO QUEUE_POSITION | side=yes order_id=58aa1242-e952-408d-976c-66e1e85d3fc1 ahead_contracts=4125.00
00:01:21 INFO QUEUE_POSITION | side=no order_id=a22316e0-778c-4f62-b8da-eecfba45d0ac ahead_contracts=4062.00
00:01:36 INFO QUEUE_POSITION | side=yes order_id=58aa1242-e952-408d-976c-66e1e85d3fc1 ahead_contracts=4125.00
00:01:36 INFO QUEUE_POSITION | side=no order_id=a22316e0-778c-4f62-b8da-eecfba45d0ac ahead_contracts=4062.00
00:01:51 INFO QUEUE_POSITION | side=yes order_id=58aa1242-e952-408d-976c-66e1e85d3fc1 ahead_contracts=4125.00
00:01:51 INFO QUEUE_POSITION | side=no order_id=a22316e0-778c-4f62-b8da-eecfba45d0ac ahead_contracts=4062.00
00:02:06 INFO QUEUE_POSITION | side=yes order_id=58aa1242-e952-408d-976c-66e1e85d3fc1 ahead_contracts=4125.00
00:02:06 INFO QUEUE_POSITION | side=no order_id=a22316e0-778c-4f62-b8da-eecfba45d0ac ahead_contracts=4062.00
00:02:21 INFO QUEUE_POSITION | side=yes order_id=58aa1242-e952-408d-976c-66e1e85d3fc1 ahead_contracts=4125.00
00:02:21 INFO QUEUE_POSITION | side=no order_id=a22316e0-778c-4f62-b8da-eecfba45d0ac ahead_contracts=4062.00
00:02:36 INFO QUEUE_POSITION | side=yes order_id=58aa1242-e952-408d-976c-66e1e85d3fc1 ahead_contracts=4125.00
00:02:36 INFO QUEUE_POSITION | side=no order_id=a22316e0-778c-4f62-b8da-eecfba45d0ac ahead_contracts=4062.00
00:02:51 INFO QUEUE_POSITION | side=yes order_id=58aa1242-e952-408d-976c-66e1e85d3fc1 ahead_contracts=4125.00
00:02:51 INFO QUEUE_POSITION | side=no order_id=a22316e0-778c-4f62-b8da-eecfba45d0ac ahead_contracts=4062.00
00:03:06 INFO AMEND_OK | side=yes price_dollars=0.5200 total_fillable_contracts=9.00 order_id=58aa1242-e952-408d-976c-66e1e85d3fc1
00:03:06 INFO QUEUE_POSITION | side=yes order_id=58aa1242-e952-408d-976c-66e1e85d3fc1 ahead_contracts=0.00
00:03:06 INFO QUEUE_POSITION | side=no order_id=a22316e0-778c-4f62-b8da-eecfba45d0ac ahead_contracts=62.00
00:03:07 INFO AMEND_OK | side=yes price_dollars=0.5100 total_fillable_contracts=9.00 order_id=58aa1242-e952-408d-976c-66e1e85d3fc1
00:03:08 INFO AMEND_OK | side=yes price_dollars=0.5000 total_fillable_contracts=9.00 order_id=58aa1242-e952-408d-976c-66e1e85d3fc1
00:03:08 INFO AMEND_OK | side=no price_dollars=0.3800 total_fillable_contracts=13.00 order_id=a22316e0-778c-4f62-b8da-eecfba45d0ac
00:03:09 INFO AMEND_OK | side=no price_dollars=0.3900 total_fillable_contracts=12.00 order_id=a22316e0-778c-4f62-b8da-eecfba45d0ac
00:03:10 INFO AMEND_OK | side=no price_dollars=0.4100 total_fillable_contracts=12.00 order_id=a22316e0-778c-4f62-b8da-eecfba45d0ac
00:03:11 INFO AMEND_OK | side=no price_dollars=0.4200 total_fillable_contracts=11.00 order_id=a22316e0-778c-4f62-b8da-eecfba45d0ac
00:03:12 INFO AMEND_OK | side=no price_dollars=0.4000 total_fillable_contracts=12.00 order_id=a22316e0-778c-4f62-b8da-eecfba45d0ac
00:03:13 INFO AMEND_OK | side=no price_dollars=0.3900 total_fillable_contracts=12.00 order_id=a22316e0-778c-4f62-b8da-eecfba45d0ac
00:03:19 INFO AMEND_OK | side=yes price_dollars=0.5100 total_fillable_contracts=9.00 order_id=58aa1242-e952-408d-976c-66e1e85d3fc1
00:03:20 INFO AMEND_OK | side=yes price_dollars=0.5200 total_fillable_contracts=9.00 order_id=58aa1242-e952-408d-976c-66e1e85d3fc1
00:03:21 INFO AMEND_OK | side=no price_dollars=0.4000 total_fillable_contracts=12.00 order_id=a22316e0-778c-4f62-b8da-eecfba45d0ac
00:03:21 INFO QUEUE_POSITION | side=yes order_id=58aa1242-e952-408d-976c-66e1e85d3fc1 ahead_contracts=4000.00
00:03:21 INFO QUEUE_POSITION | side=no order_id=a22316e0-778c-4f62-b8da-eecfba45d0ac ahead_contracts=62.00
00:03:22 INFO AMEND_OK | side=no price_dollars=0.3900 total_fillable_contracts=12.00 order_id=a22316e0-778c-4f62-b8da-eecfba45d0ac
00:03:26 INFO AMEND_OK | side=no price_dollars=0.4000 total_fillable_contracts=12.00 order_id=a22316e0-778c-4f62-b8da-eecfba45d0ac
00:03:27 INFO AMEND_OK | side=no price_dollars=0.3900 total_fillable_contracts=12.00 order_id=a22316e0-778c-4f62-b8da-eecfba45d0ac
00:03:36 INFO QUEUE_POSITION | side=yes order_id=58aa1242-e952-408d-976c-66e1e85d3fc1 ahead_contracts=4000.00
00:03:36 INFO QUEUE_POSITION | side=no order_id=a22316e0-778c-4f62-b8da-eecfba45d0ac ahead_contracts=0.00
00:03:44 INFO AMEND_OK | side=no price_dollars=0.3600 total_fillable_contracts=13.00 order_id=a22316e0-778c-4f62-b8da-eecfba45d0ac
00:03:45 INFO AMEND_OK | side=no price_dollars=0.3700 total_fillable_contracts=13.00 order_id=a22316e0-778c-4f62-b8da-eecfba45d0ac
00:03:46 INFO AMEND_OK | side=no price_dollars=0.3800 total_fillable_contracts=13.00 order_id=a22316e0-778c-4f62-b8da-eecfba45d0ac
00:03:51 INFO QUEUE_POSITION | side=yes order_id=58aa1242-e952-408d-976c-66e1e85d3fc1 ahead_contracts=4000.00
00:03:51 INFO QUEUE_POSITION | side=no order_id=a22316e0-778c-4f62-b8da-eecfba45d0ac ahead_contracts=0.00
00:04:07 INFO QUEUE_POSITION | side=yes order_id=58aa1242-e952-408d-976c-66e1e85d3fc1 ahead_contracts=4000.00
00:04:07 INFO QUEUE_POSITION | side=no order_id=a22316e0-778c-4f62-b8da-eecfba45d0ac ahead_contracts=0.00
00:04:13 INFO CANCEL_REQUESTED | side=yes reason=refresh_expiring_quote order_id=58aa1242-e952-408d-976c-66e1e85d3fc1
00:04:13 INFO ORDER_NOT_RESTING | side=yes status=canceled order_id=58aa1242-e952-408d-976c-66e1e85d3fc1
00:04:13 INFO CREATE_OK | side=yes price_dollars=0.5200 remaining_contracts=9.00 order_id=054583d3-4f23-4d36-bc00-6e8c1e202999
00:04:13 INFO CANCEL_REQUESTED | side=no reason=refresh_expiring_quote order_id=a22316e0-778c-4f62-b8da-eecfba45d0ac
00:04:13 INFO ORDER_NOT_RESTING | side=no status=canceled order_id=a22316e0-778c-4f62-b8da-eecfba45d0ac
00:04:13 INFO CREATE_OK | side=no price_dollars=0.3800 remaining_contracts=13.00 order_id=04f9c3f4-58f0-46ce-b603-0b61c360883a
00:04:14 INFO AMEND_OK | side=no price_dollars=0.3900 total_fillable_contracts=12.00 order_id=04f9c3f4-58f0-46ce-b603-0b61c360883a
00:04:19 INFO AMEND_OK | side=yes price_dollars=0.5300 total_fillable_contracts=9.00 order_id=054583d3-4f23-4d36-bc00-6e8c1e202999
00:04:19 INFO AMEND_OK | side=no price_dollars=0.3800 total_fillable_contracts=13.00 order_id=04f9c3f4-58f0-46ce-b603-0b61c360883a
00:04:20 INFO AMEND_OK | side=yes price_dollars=0.5600 total_fillable_contracts=8.00 order_id=054583d3-4f23-4d36-bc00-6e8c1e202999
00:04:21 INFO AMEND_OK | side=yes price_dollars=0.5700 total_fillable_contracts=8.00 order_id=054583d3-4f23-4d36-bc00-6e8c1e202999
00:04:22 INFO QUEUE_POSITION | side=yes order_id=054583d3-4f23-4d36-bc00-6e8c1e202999 ahead_contracts=0.00
00:04:22 INFO QUEUE_POSITION | side=no order_id=04f9c3f4-58f0-46ce-b603-0b61c360883a ahead_contracts=0.00
00:04:22 INFO AMEND_OK | side=yes price_dollars=0.5600 total_fillable_contracts=8.00 order_id=054583d3-4f23-4d36-bc00-6e8c1e202999
00:04:23 INFO AMEND_OK | side=yes price_dollars=0.5500 total_fillable_contracts=9.00 order_id=054583d3-4f23-4d36-bc00-6e8c1e202999
00:04:37 INFO QUEUE_POSITION | side=yes order_id=054583d3-4f23-4d36-bc00-6e8c1e202999 ahead_contracts=0.00
00:04:37 INFO QUEUE_POSITION | side=no order_id=04f9c3f4-58f0-46ce-b603-0b61c360883a ahead_contracts=0.00
00:04:46 INFO AMEND_OK | side=no price_dollars=0.3900 total_fillable_contracts=12.00 order_id=04f9c3f4-58f0-46ce-b603-0b61c360883a
00:04:51 INFO AMEND_OK | side=no price_dollars=0.2800 total_fillable_contracts=17.00 order_id=04f9c3f4-58f0-46ce-b603-0b61c360883a
00:04:52 INFO QUEUE_POSITION | side=yes order_id=054583d3-4f23-4d36-bc00-6e8c1e202999 ahead_contracts=0.00
00:04:52 INFO QUEUE_POSITION | side=no order_id=04f9c3f4-58f0-46ce-b603-0b61c360883a ahead_contracts=0.00
00:04:52 INFO AMEND_OK | side=no price_dollars=0.2700 total_fillable_contracts=18.00 order_id=04f9c3f4-58f0-46ce-b603-0b61c360883a
00:04:53 INFO AMEND_OK | side=no price_dollars=0.2600 total_fillable_contracts=19.00 order_id=04f9c3f4-58f0-46ce-b603-0b61c360883a
00:04:54 INFO AMEND_OK | side=yes price_dollars=0.5600 total_fillable_contracts=8.00 order_id=054583d3-4f23-4d36-bc00-6e8c1e202999
00:04:54 INFO AMEND_OK | side=no price_dollars=0.3100 total_fillable_contracts=15.00 order_id=04f9c3f4-58f0-46ce-b603-0b61c360883a
00:04:55 INFO AMEND_OK | side=yes price_dollars=0.5800 total_fillable_contracts=8.00 order_id=054583d3-4f23-4d36-bc00-6e8c1e202999
00:04:56 INFO AMEND_OK | side=no price_dollars=0.3700 total_fillable_contracts=13.00 order_id=04f9c3f4-58f0-46ce-b603-0b61c360883a
00:04:59 INFO AMEND_OK | side=yes price_dollars=0.5700 total_fillable_contracts=8.00 order_id=054583d3-4f23-4d36-bc00-6e8c1e202999
00:04:59 INFO AMEND_OK | side=no price_dollars=0.3800 total_fillable_contracts=13.00 order_id=04f9c3f4-58f0-46ce-b603-0b61c360883a
00:05:01 INFO AMEND_OK | side=yes price_dollars=0.5600 total_fillable_contracts=8.00 order_id=054583d3-4f23-4d36-bc00-6e8c1e202999
00:05:01 INFO AMEND_OK | side=no price_dollars=0.2300 total_fillable_contracts=21.00 order_id=04f9c3f4-58f0-46ce-b603-0b61c360883a
00:05:02 INFO AMEND_OK | side=yes price_dollars=0.5500 total_fillable_contracts=9.00 order_id=054583d3-4f23-4d36-bc00-6e8c1e202999
00:05:03 INFO AMEND_OK | side=yes price_dollars=0.5400 total_fillable_contracts=9.00 order_id=054583d3-4f23-4d36-bc00-6e8c1e202999
00:05:03 INFO AMEND_OK | side=no price_dollars=0.2400 total_fillable_contracts=20.00 order_id=04f9c3f4-58f0-46ce-b603-0b61c360883a
00:05:05 INFO AMEND_OK | side=no price_dollars=0.3800 total_fillable_contracts=13.00 order_id=04f9c3f4-58f0-46ce-b603-0b61c360883a
00:05:06 INFO AMEND_OK | side=no price_dollars=0.3900 total_fillable_contracts=12.00 order_id=04f9c3f4-58f0-46ce-b603-0b61c360883a
00:05:07 INFO QUEUE_POSITION | side=yes order_id=054583d3-4f23-4d36-bc00-6e8c1e202999 ahead_contracts=0.00
00:05:07 INFO QUEUE_POSITION | side=no order_id=04f9c3f4-58f0-46ce-b603-0b61c360883a ahead_contracts=0.00
00:05:08 INFO AMEND_OK | side=yes price_dollars=0.5300 total_fillable_contracts=9.00 order_id=054583d3-4f23-4d36-bc00-6e8c1e202999
00:05:08 INFO AMEND_OK | side=no price_dollars=0.2400 total_fillable_contracts=20.00 order_id=04f9c3f4-58f0-46ce-b603-0b61c360883a
00:05:09 INFO AMEND_OK | side=yes price_dollars=0.5400 total_fillable_contracts=9.00 order_id=054583d3-4f23-4d36-bc00-6e8c1e202999
00:05:09 INFO AMEND_OK | side=no price_dollars=0.2600 total_fillable_contracts=19.00 order_id=04f9c3f4-58f0-46ce-b603-0b61c360883a
00:05:12 INFO AMEND_OK | side=yes price_dollars=0.5700 total_fillable_contracts=8.00 order_id=054583d3-4f23-4d36-bc00-6e8c1e202999
00:05:13 INFO AMEND_OK | side=yes price_dollars=0.5900 total_fillable_contracts=8.00 order_id=054583d3-4f23-4d36-bc00-6e8c1e202999
00:05:14 INFO AMEND_OK | side=yes price_dollars=0.6200 total_fillable_contracts=7.00 order_id=054583d3-4f23-4d36-bc00-6e8c1e202999
00:05:15 INFO AMEND_OK | side=yes price_dollars=0.6100 total_fillable_contracts=8.00 order_id=054583d3-4f23-4d36-bc00-6e8c1e202999
00:05:16 INFO AMEND_OK | side=yes price_dollars=0.6000 total_fillable_contracts=8.00 order_id=054583d3-4f23-4d36-bc00-6e8c1e202999
00:05:16 INFO AMEND_OK | side=no price_dollars=0.3500 total_fillable_contracts=14.00 order_id=04f9c3f4-58f0-46ce-b603-0b61c360883a
00:05:17 INFO AMEND_OK | side=yes price_dollars=0.5200 total_fillable_contracts=9.00 order_id=054583d3-4f23-4d36-bc00-6e8c1e202999
00:05:17 INFO AMEND_OK | side=no price_dollars=0.3700 total_fillable_contracts=13.00 order_id=04f9c3f4-58f0-46ce-b603-0b61c360883a
00:05:18 INFO AMEND_OK | side=yes price_dollars=0.5100 total_fillable_contracts=9.00 order_id=054583d3-4f23-4d36-bc00-6e8c1e202999
00:05:18 INFO AMEND_OK | side=no price_dollars=0.4100 total_fillable_contracts=12.00 order_id=04f9c3f4-58f0-46ce-b603-0b61c360883a
00:05:21 INFO AMEND_OK | side=yes price_dollars=0.5000 total_fillable_contracts=9.00 order_id=054583d3-4f23-4d36-bc00-6e8c1e202999
00:05:22 INFO QUEUE_POSITION | side=yes order_id=054583d3-4f23-4d36-bc00-6e8c1e202999 ahead_contracts=180.00
00:05:22 INFO QUEUE_POSITION | side=no order_id=04f9c3f4-58f0-46ce-b603-0b61c360883a ahead_contracts=0.00
00:05:25 INFO AMEND_OK | side=no price_dollars=0.2300 total_fillable_contracts=21.00 order_id=04f9c3f4-58f0-46ce-b603-0b61c360883a
00:05:26 INFO AMEND_OK | side=yes price_dollars=0.5100 total_fillable_contracts=9.00 order_id=054583d3-4f23-4d36-bc00-6e8c1e202999
00:05:26 INFO AMEND_OK | side=no price_dollars=0.2600 total_fillable_contracts=19.00 order_id=04f9c3f4-58f0-46ce-b603-0b61c360883a
00:05:37 INFO QUEUE_POSITION | side=yes order_id=054583d3-4f23-4d36-bc00-6e8c1e202999 ahead_contracts=0.00
00:05:37 INFO QUEUE_POSITION | side=no order_id=04f9c3f4-58f0-46ce-b603-0b61c360883a ahead_contracts=0.00
00:05:40 INFO AMEND_OK | side=no price_dollars=0.2700 total_fillable_contracts=18.00 order_id=04f9c3f4-58f0-46ce-b603-0b61c360883a
00:05:43 INFO AMEND_OK | side=no price_dollars=0.3000 total_fillable_contracts=16.00 order_id=04f9c3f4-58f0-46ce-b603-0b61c360883a
00:05:45 INFO AMEND_OK | side=no price_dollars=0.3100 total_fillable_contracts=15.00 order_id=04f9c3f4-58f0-46ce-b603-0b61c360883a
00:05:47 INFO AMEND_OK | side=no price_dollars=0.3200 total_fillable_contracts=15.00 order_id=04f9c3f4-58f0-46ce-b603-0b61c360883a
00:05:48 INFO AMEND_OK | side=no price_dollars=0.3300 total_fillable_contracts=15.00 order_id=04f9c3f4-58f0-46ce-b603-0b61c360883a
00:05:50 INFO AMEND_OK | side=no price_dollars=0.4100 total_fillable_contracts=12.00 order_id=04f9c3f4-58f0-46ce-b603-0b61c360883a
00:05:51 INFO AMEND_OK | side=yes price_dollars=0.5000 total_fillable_contracts=9.00 order_id=054583d3-4f23-4d36-bc00-6e8c1e202999
00:05:52 INFO QUEUE_POSITION | side=yes order_id=054583d3-4f23-4d36-bc00-6e8c1e202999 ahead_contracts=180.00
00:05:52 INFO QUEUE_POSITION | side=no order_id=04f9c3f4-58f0-46ce-b603-0b61c360883a ahead_contracts=0.00
00:06:00 INFO AMEND_OK | side=no price_dollars=0.4500 total_fillable_contracts=11.00 order_id=04f9c3f4-58f0-46ce-b603-0b61c360883a
00:06:01 INFO AMEND_OK | side=yes price_dollars=0.4800 total_fillable_contracts=10.00 order_id=054583d3-4f23-4d36-bc00-6e8c1e202999
00:06:07 INFO QUEUE_POSITION | side=yes order_id=054583d3-4f23-4d36-bc00-6e8c1e202999 ahead_contracts=504.00
00:06:07 INFO QUEUE_POSITION | side=no order_id=04f9c3f4-58f0-46ce-b603-0b61c360883a ahead_contracts=0.00
00:06:18 INFO AMEND_OK | side=yes price_dollars=0.4600 total_fillable_contracts=10.00 order_id=054583d3-4f23-4d36-bc00-6e8c1e202999
00:06:22 INFO QUEUE_POSITION | side=yes order_id=054583d3-4f23-4d36-bc00-6e8c1e202999 ahead_contracts=0.00
00:06:22 INFO QUEUE_POSITION | side=no order_id=04f9c3f4-58f0-46ce-b603-0b61c360883a ahead_contracts=0.00
00:06:25 INFO AMEND_OK | side=yes price_dollars=0.4700 total_fillable_contracts=10.00 order_id=054583d3-4f23-4d36-bc00-6e8c1e202999
00:06:26 INFO AMEND_OK | side=yes price_dollars=0.4800 total_fillable_contracts=10.00 order_id=054583d3-4f23-4d36-bc00-6e8c1e202999
00:06:37 INFO QUEUE_POSITION | side=yes order_id=054583d3-4f23-4d36-bc00-6e8c1e202999 ahead_contracts=504.00
00:06:37 INFO QUEUE_POSITION | side=no order_id=04f9c3f4-58f0-46ce-b603-0b61c360883a ahead_contracts=0.00
00:06:40 INFO AMEND_OK | side=yes price_dollars=0.4700 total_fillable_contracts=10.00 order_id=054583d3-4f23-4d36-bc00-6e8c1e202999
00:06:52 INFO QUEUE_POSITION | side=yes order_id=054583d3-4f23-4d36-bc00-6e8c1e202999 ahead_contracts=4000.00
00:06:52 INFO QUEUE_POSITION | side=no order_id=04f9c3f4-58f0-46ce-b603-0b61c360883a ahead_contracts=0.00
00:07:07 INFO QUEUE_POSITION | side=yes order_id=054583d3-4f23-4d36-bc00-6e8c1e202999 ahead_contracts=4000.00
00:07:07 INFO QUEUE_POSITION | side=no order_id=04f9c3f4-58f0-46ce-b603-0b61c360883a ahead_contracts=0.00
00:07:18 INFO AMEND_OK | side=no price_dollars=0.4200 total_fillable_contracts=11.00 order_id=04f9c3f4-58f0-46ce-b603-0b61c360883a
00:07:19 INFO AMEND_OK | side=yes price_dollars=0.4800 total_fillable_contracts=10.00 order_id=054583d3-4f23-4d36-bc00-6e8c1e202999
00:07:22 INFO QUEUE_POSITION | side=yes order_id=054583d3-4f23-4d36-bc00-6e8c1e202999 ahead_contracts=504.00
00:07:22 INFO QUEUE_POSITION | side=no order_id=04f9c3f4-58f0-46ce-b603-0b61c360883a ahead_contracts=0.00
00:07:25 INFO AMEND_OK | side=no price_dollars=0.4000 total_fillable_contracts=12.00 order_id=04f9c3f4-58f0-46ce-b603-0b61c360883a
00:07:26 INFO AMEND_OK | side=no price_dollars=0.4300 total_fillable_contracts=11.00 order_id=04f9c3f4-58f0-46ce-b603-0b61c360883a
00:07:27 INFO AMEND_OK | side=no price_dollars=0.4200 total_fillable_contracts=11.00 order_id=04f9c3f4-58f0-46ce-b603-0b61c360883a
00:07:38 INFO QUEUE_POSITION | side=yes order_id=054583d3-4f23-4d36-bc00-6e8c1e202999 ahead_contracts=504.00
00:07:38 INFO QUEUE_POSITION | side=no order_id=04f9c3f4-58f0-46ce-b603-0b61c360883a ahead_contracts=0.00
00:07:50 INFO AMEND_OK | side=no price_dollars=0.4300 total_fillable_contracts=11.00 order_id=04f9c3f4-58f0-46ce-b603-0b61c360883a
00:07:53 INFO QUEUE_POSITION | side=yes order_id=054583d3-4f23-4d36-bc00-6e8c1e202999 ahead_contracts=504.00
00:07:53 INFO QUEUE_POSITION | side=no order_id=04f9c3f4-58f0-46ce-b603-0b61c360883a ahead_contracts=0.00
00:08:08 INFO QUEUE_POSITION | side=yes order_id=054583d3-4f23-4d36-bc00-6e8c1e202999 ahead_contracts=504.00
00:08:08 INFO QUEUE_POSITION | side=no order_id=04f9c3f4-58f0-46ce-b603-0b61c360883a ahead_contracts=0.00
00:08:08 INFO CANCEL_REQUESTED | side=yes reason=refresh_expiring_quote order_id=054583d3-4f23-4d36-bc00-6e8c1e202999
00:08:08 INFO ORDER_NOT_RESTING | side=yes status=canceled order_id=054583d3-4f23-4d36-bc00-6e8c1e202999
00:08:08 INFO CREATE_OK | side=yes price_dollars=0.4800 remaining_contracts=6.00 order_id=fb56a785-9674-48c8-98b0-7c7ec296cf89
00:08:08 INFO CANCEL_REQUESTED | side=no reason=refresh_expiring_quote order_id=04f9c3f4-58f0-46ce-b603-0b61c360883a
00:08:08 INFO ORDER_NOT_RESTING | side=no status=canceled order_id=04f9c3f4-58f0-46ce-b603-0b61c360883a
00:08:08 INFO CREATE_OK | side=no price_dollars=0.4200 remaining_contracts=11.00 order_id=119bd008-ddd9-4c17-ab46-a758b3a0a55b
00:08:09 INFO AMEND_OK | side=yes price_dollars=0.4800 total_fillable_contracts=2.00 order_id=fb56a785-9674-48c8-98b0-7c7ec296cf89
00:08:09 INFO AMEND_OK | side=no price_dollars=0.4100 total_fillable_contracts=12.00 order_id=119bd008-ddd9-4c17-ab46-a758b3a0a55b
00:08:10 INFO AMEND_OK | side=no price_dollars=0.4000 total_fillable_contracts=12.00 order_id=119bd008-ddd9-4c17-ab46-a758b3a0a55b
00:08:11 INFO AMEND_OK | side=no price_dollars=0.4200 total_fillable_contracts=11.00 order_id=119bd008-ddd9-4c17-ab46-a758b3a0a55b
00:08:12 INFO AMEND_OK | side=no price_dollars=0.4100 total_fillable_contracts=12.00 order_id=119bd008-ddd9-4c17-ab46-a758b3a0a55b
00:08:13 INFO AMEND_OK | side=no price_dollars=0.4000 total_fillable_contracts=12.00 order_id=119bd008-ddd9-4c17-ab46-a758b3a0a55b
00:08:14 INFO AMEND_OK | side=no price_dollars=0.4200 total_fillable_contracts=11.00 order_id=119bd008-ddd9-4c17-ab46-a758b3a0a55b
00:08:15 INFO AMEND_OK | side=yes price_dollars=0.4700 total_fillable_contracts=2.00 order_id=fb56a785-9674-48c8-98b0-7c7ec296cf89
00:08:15 INFO AMEND_OK | side=no price_dollars=0.4400 total_fillable_contracts=11.00 order_id=119bd008-ddd9-4c17-ab46-a758b3a0a55b
00:08:16 INFO AMEND_OK | side=yes price_dollars=0.4900 total_fillable_contracts=2.00 order_id=fb56a785-9674-48c8-98b0-7c7ec296cf89
00:08:23 INFO QUEUE_POSITION | side=yes order_id=fb56a785-9674-48c8-98b0-7c7ec296cf89 ahead_contracts=678.00
00:08:23 INFO QUEUE_POSITION | side=no order_id=119bd008-ddd9-4c17-ab46-a758b3a0a55b ahead_contracts=0.00
00:08:27 INFO AMEND_OK | side=yes price_dollars=0.5000 total_fillable_contracts=1.00 order_id=fb56a785-9674-48c8-98b0-7c7ec296cf89
00:08:32 INFO AMEND_OK | side=yes price_dollars=0.5100 total_fillable_contracts=1.00 order_id=fb56a785-9674-48c8-98b0-7c7ec296cf89
00:08:38 INFO QUEUE_POSITION | side=yes order_id=fb56a785-9674-48c8-98b0-7c7ec296cf89 ahead_contracts=0.00
00:08:38 INFO QUEUE_POSITION | side=no order_id=119bd008-ddd9-4c17-ab46-a758b3a0a55b ahead_contracts=0.00
00:08:43 INFO ORDER_NOT_RESTING | side=no status=executed order_id=119bd008-ddd9-4c17-ab46-a758b3a0a55b
00:08:43 INFO STALE_ORDER_RECOVER | side=no order_id=None
00:08:43 INFO CREATE_OK | side=no price_dollars=0.2300 remaining_contracts=21.00 order_id=8681f1ac-d49c-452d-993e-846d02ba8e13
00:08:44 INFO AMEND_OK | side=no price_dollars=0.4300 total_fillable_contracts=11.00 order_id=8681f1ac-d49c-452d-993e-846d02ba8e13
00:08:45 INFO AMEND_OK | side=yes price_dollars=0.5000 total_fillable_contracts=1.00 order_id=fb56a785-9674-48c8-98b0-7c7ec296cf89
00:08:53 INFO QUEUE_POSITION | side=yes order_id=fb56a785-9674-48c8-98b0-7c7ec296cf89 ahead_contracts=84.00
00:08:53 INFO QUEUE_POSITION | side=no order_id=8681f1ac-d49c-452d-993e-846d02ba8e13 ahead_contracts=0.00
00:08:53 INFO ORDER_NOT_RESTING | side=no status=executed order_id=8681f1ac-d49c-452d-993e-846d02ba8e13
00:09:08 INFO QUEUE_POSITION | side=yes order_id=fb56a785-9674-48c8-98b0-7c7ec296cf89 ahead_contracts=0.00
00:09:23 INFO QUEUE_POSITION | side=yes order_id=fb56a785-9674-48c8-98b0-7c7ec296cf89 ahead_contracts=0.00
00:09:23 INFO AMEND_OK | side=yes price_dollars=0.5100 total_fillable_contracts=1.00 order_id=fb56a785-9674-48c8-98b0-7c7ec296cf89
00:09:28 INFO AMEND_OK | side=yes price_dollars=0.5200 total_fillable_contracts=1.00 order_id=fb56a785-9674-48c8-98b0-7c7ec296cf89
00:09:32 INFO AMEND_OK | side=yes price_dollars=0.5100 total_fillable_contracts=1.00 order_id=fb56a785-9674-48c8-98b0-7c7ec296cf89
00:09:38 INFO QUEUE_POSITION | side=yes order_id=fb56a785-9674-48c8-98b0-7c7ec296cf89 ahead_contracts=669.00
00:09:53 INFO QUEUE_POSITION | side=yes order_id=fb56a785-9674-48c8-98b0-7c7ec296cf89 ahead_contracts=669.00
00:10:08 INFO QUEUE_POSITION | side=yes order_id=fb56a785-9674-48c8-98b0-7c7ec296cf89 ahead_contracts=0.00
00:10:17 INFO AMEND_OK | side=yes price_dollars=0.5000 total_fillable_contracts=1.00 order_id=fb56a785-9674-48c8-98b0-7c7ec296cf89
00:10:18 INFO AMEND_OK | side=yes price_dollars=0.5100 total_fillable_contracts=1.00 order_id=fb56a785-9674-48c8-98b0-7c7ec296cf89
00:10:23 INFO QUEUE_POSITION | side=yes order_id=fb56a785-9674-48c8-98b0-7c7ec296cf89 ahead_contracts=0.00
00:10:30 INFO AMEND_OK | side=yes price_dollars=0.5000 total_fillable_contracts=1.00 order_id=fb56a785-9674-48c8-98b0-7c7ec296cf89
00:10:33 INFO AMEND_OK | side=yes price_dollars=0.4900 total_fillable_contracts=2.00 order_id=fb56a785-9674-48c8-98b0-7c7ec296cf89
00:10:34 INFO AMEND_OK | side=yes price_dollars=0.5000 total_fillable_contracts=1.00 order_id=fb56a785-9674-48c8-98b0-7c7ec296cf89
00:10:35 INFO AMEND_OK | side=yes price_dollars=0.5100 total_fillable_contracts=1.00 order_id=fb56a785-9674-48c8-98b0-7c7ec296cf89
00:10:38 INFO AMEND_OK | side=yes price_dollars=0.5000 total_fillable_contracts=1.00 order_id=fb56a785-9674-48c8-98b0-7c7ec296cf89
00:10:38 INFO QUEUE_POSITION | side=yes order_id=fb56a785-9674-48c8-98b0-7c7ec296cf89 ahead_contracts=7.00
00:10:39 INFO AMEND_OK | side=yes price_dollars=0.5100 total_fillable_contracts=1.00 order_id=fb56a785-9674-48c8-98b0-7c7ec296cf89
00:10:41 INFO AMEND_OK | side=yes price_dollars=0.5000 total_fillable_contracts=1.00 order_id=fb56a785-9674-48c8-98b0-7c7ec296cf89
00:10:48 INFO AMEND_OK | side=yes price_dollars=0.5100 total_fillable_contracts=1.00 order_id=fb56a785-9674-48c8-98b0-7c7ec296cf89
00:10:49 INFO AMEND_OK | side=yes price_dollars=0.5000 total_fillable_contracts=1.00 order_id=fb56a785-9674-48c8-98b0-7c7ec296cf89
00:10:53 INFO QUEUE_POSITION | side=yes order_id=fb56a785-9674-48c8-98b0-7c7ec296cf89 ahead_contracts=36.00
00:10:58 INFO AMEND_OK | side=yes price_dollars=0.4800 total_fillable_contracts=2.00 order_id=fb56a785-9674-48c8-98b0-7c7ec296cf89
00:11:05 INFO AMEND_OK | side=yes price_dollars=0.4900 total_fillable_contracts=2.00 order_id=fb56a785-9674-48c8-98b0-7c7ec296cf89
00:11:08 INFO QUEUE_POSITION | side=yes order_id=fb56a785-9674-48c8-98b0-7c7ec296cf89 ahead_contracts=172.00
00:11:19 INFO AMEND_OK | side=yes price_dollars=0.4800 total_fillable_contracts=2.00 order_id=fb56a785-9674-48c8-98b0-7c7ec296cf89
00:11:23 INFO QUEUE_POSITION | side=yes order_id=fb56a785-9674-48c8-98b0-7c7ec296cf89 ahead_contracts=504.00
00:11:24 INFO AMEND_OK | side=yes price_dollars=0.4900 total_fillable_contracts=2.00 order_id=fb56a785-9674-48c8-98b0-7c7ec296cf89
00:11:26 INFO AMEND_OK | side=yes price_dollars=0.4800 total_fillable_contracts=2.00 order_id=fb56a785-9674-48c8-98b0-7c7ec296cf89
00:11:32 INFO AMEND_OK | side=yes price_dollars=0.5000 total_fillable_contracts=1.00 order_id=fb56a785-9674-48c8-98b0-7c7ec296cf89
00:11:38 INFO AMEND_OK | side=yes price_dollars=0.4900 total_fillable_contracts=2.00 order_id=fb56a785-9674-48c8-98b0-7c7ec296cf89
00:11:38 INFO QUEUE_POSITION | side=yes order_id=fb56a785-9674-48c8-98b0-7c7ec296cf89 ahead_contracts=581.00
00:11:49 INFO AMEND_OK | side=yes price_dollars=0.5000 total_fillable_contracts=1.00 order_id=fb56a785-9674-48c8-98b0-7c7ec296cf89
00:11:50 INFO AMEND_OK | side=yes price_dollars=0.5100 total_fillable_contracts=1.00 order_id=fb56a785-9674-48c8-98b0-7c7ec296cf89
00:11:53 INFO QUEUE_POSITION | side=yes order_id=fb56a785-9674-48c8-98b0-7c7ec296cf89 ahead_contracts=20.00
00:12:03 INFO CANCEL_REQUESTED | side=yes reason=refresh_expiring_quote order_id=fb56a785-9674-48c8-98b0-7c7ec296cf89
00:12:03 INFO ORDER_NOT_RESTING | side=yes status=canceled order_id=fb56a785-9674-48c8-98b0-7c7ec296cf89
00:12:03 INFO CREATE_OK | side=yes price_dollars=0.5100 remaining_contracts=1.00 order_id=6d8cad6a-3fc9-47bd-86d7-f89f96465ec1
00:12:08 INFO QUEUE_POSITION | side=yes order_id=6d8cad6a-3fc9-47bd-86d7-f89f96465ec1 ahead_contracts=0.00
00:12:23 INFO QUEUE_POSITION | side=yes order_id=6d8cad6a-3fc9-47bd-86d7-f89f96465ec1 ahead_contracts=0.00
00:12:24 INFO AMEND_OK | side=yes price_dollars=0.5300 total_fillable_contracts=1.00 order_id=6d8cad6a-3fc9-47bd-86d7-f89f96465ec1
00:12:38 INFO QUEUE_POSITION | side=yes order_id=6d8cad6a-3fc9-47bd-86d7-f89f96465ec1 ahead_contracts=0.00
00:12:43 INFO CANCEL_REQUESTED | side=yes reason=target_size_zero order_id=6d8cad6a-3fc9-47bd-86d7-f89f96465ec1
00:12:43 INFO ORDER_NOT_RESTING | side=yes status=canceled order_id=6d8cad6a-3fc9-47bd-86d7-f89f96465ec1
00:12:44 INFO CREATE_OK | side=yes price_dollars=0.6900 remaining_contracts=7.00 order_id=25efa4e6-a8a2-4de0-8ce5-7e2f31c5a74b
00:12:46 INFO AMEND_OK | side=yes price_dollars=0.6700 total_fillable_contracts=7.00 order_id=25efa4e6-a8a2-4de0-8ce5-7e2f31c5a74b
00:12:47 INFO AMEND_OK | side=yes price_dollars=0.6800 total_fillable_contracts=7.00 order_id=25efa4e6-a8a2-4de0-8ce5-7e2f31c5a74b
00:12:53 INFO AMEND_OK | side=yes price_dollars=0.6900 total_fillable_contracts=7.00 order_id=25efa4e6-a8a2-4de0-8ce5-7e2f31c5a74b
00:12:54 INFO QUEUE_POSITION | side=yes order_id=25efa4e6-a8a2-4de0-8ce5-7e2f31c5a74b ahead_contracts=0.00
00:12:54 INFO AMEND_OK | side=yes price_dollars=0.7000 total_fillable_contracts=7.00 order_id=25efa4e6-a8a2-4de0-8ce5-7e2f31c5a74b
00:13:09 INFO QUEUE_POSITION | side=yes order_id=25efa4e6-a8a2-4de0-8ce5-7e2f31c5a74b ahead_contracts=20.00
00:13:24 INFO QUEUE_POSITION | side=yes order_id=25efa4e6-a8a2-4de0-8ce5-7e2f31c5a74b ahead_contracts=0.00
00:13:39 INFO QUEUE_POSITION | side=yes order_id=25efa4e6-a8a2-4de0-8ce5-7e2f31c5a74b ahead_contracts=0.00
00:13:54 INFO QUEUE_POSITION | side=yes order_id=25efa4e6-a8a2-4de0-8ce5-7e2f31c5a74b ahead_contracts=0.00
00:14:04 INFO AMEND_OK | side=yes price_dollars=0.6900 total_fillable_contracts=7.00 order_id=25efa4e6-a8a2-4de0-8ce5-7e2f31c5a74b
00:14:05 INFO AMEND_OK | side=yes price_dollars=0.5400 total_fillable_contracts=9.00 order_id=25efa4e6-a8a2-4de0-8ce5-7e2f31c5a74b
00:14:07 INFO AMEND_OK | side=yes price_dollars=0.7100 total_fillable_contracts=6.00 order_id=25efa4e6-a8a2-4de0-8ce5-7e2f31c5a74b
00:14:09 INFO QUEUE_POSITION | side=yes order_id=25efa4e6-a8a2-4de0-8ce5-7e2f31c5a74b ahead_contracts=0.00
00:14:24 INFO QUEUE_POSITION | side=yes order_id=25efa4e6-a8a2-4de0-8ce5-7e2f31c5a74b ahead_contracts=0.00
00:14:39 INFO QUEUE_POSITION | side=yes order_id=25efa4e6-a8a2-4de0-8ce5-7e2f31c5a74b ahead_contracts=0.00
00:14:54 INFO QUEUE_POSITION | side=yes order_id=25efa4e6-a8a2-4de0-8ce5-7e2f31c5a74b ahead_contracts=0.00
00:15:03 INFO AMEND_OK | side=yes price_dollars=0.6800 total_fillable_contracts=7.00 order_id=25efa4e6-a8a2-4de0-8ce5-7e2f31c5a74b
00:15:04 INFO AMEND_OK | side=yes price_dollars=0.6900 total_fillable_contracts=7.00 order_id=25efa4e6-a8a2-4de0-8ce5-7e2f31c5a74b
00:15:08 INFO AMEND_OK | side=yes price_dollars=0.7200 total_fillable_contracts=6.00 order_id=25efa4e6-a8a2-4de0-8ce5-7e2f31c5a74b
00:15:09 INFO QUEUE_POSITION | side=yes order_id=25efa4e6-a8a2-4de0-8ce5-7e2f31c5a74b ahead_contracts=0.00
00:15:24 INFO QUEUE_POSITION | side=yes order_id=25efa4e6-a8a2-4de0-8ce5-7e2f31c5a74b ahead_contracts=0.00
00:15:39 INFO QUEUE_POSITION | side=yes order_id=25efa4e6-a8a2-4de0-8ce5-7e2f31c5a74b ahead_contracts=0.00
00:15:54 INFO QUEUE_POSITION | side=yes order_id=25efa4e6-a8a2-4de0-8ce5-7e2f31c5a74b ahead_contracts=0.00
00:16:04 INFO AMEND_OK | side=yes price_dollars=0.6900 total_fillable_contracts=7.00 order_id=25efa4e6-a8a2-4de0-8ce5-7e2f31c5a74b
00:16:05 INFO AMEND_OK | side=yes price_dollars=0.6800 total_fillable_contracts=7.00 order_id=25efa4e6-a8a2-4de0-8ce5-7e2f31c5a74b
00:16:06 INFO AMEND_OK | side=yes price_dollars=0.6500 total_fillable_contracts=7.00 order_id=25efa4e6-a8a2-4de0-8ce5-7e2f31c5a74b
00:16:08 INFO AMEND_OK | side=yes price_dollars=0.7300 total_fillable_contracts=6.00 order_id=25efa4e6-a8a2-4de0-8ce5-7e2f31c5a74b
00:16:09 INFO QUEUE_POSITION | side=yes order_id=25efa4e6-a8a2-4de0-8ce5-7e2f31c5a74b ahead_contracts=0.00
00:16:24 INFO QUEUE_POSITION | side=yes order_id=25efa4e6-a8a2-4de0-8ce5-7e2f31c5a74b ahead_contracts=0.00
00:16:28 INFO ORDER_NOT_RESTING | side=yes status=executed order_id=25efa4e6-a8a2-4de0-8ce5-7e2f31c5a74b
00:16:28 INFO CREATE_OK | side=yes price_dollars=0.6900 remaining_contracts=7.00 order_id=a8b213e9-0e03-4380-a18f-37bc403bde32
00:16:29 INFO AMEND_OK | side=yes price_dollars=0.6800 total_fillable_contracts=7.00 order_id=a8b213e9-0e03-4380-a18f-37bc403bde32
00:16:39 INFO QUEUE_POSITION | side=yes order_id=a8b213e9-0e03-4380-a18f-37bc403bde32 ahead_contracts=0.00
00:16:41 INFO AMEND_OK | side=yes price_dollars=0.7000 total_fillable_contracts=7.00 order_id=a8b213e9-0e03-4380-a18f-37bc403bde32
00:16:54 INFO QUEUE_POSITION | side=yes order_id=a8b213e9-0e03-4380-a18f-37bc403bde32 ahead_contracts=0.00
00:17:09 INFO QUEUE_POSITION | side=yes order_id=a8b213e9-0e03-4380-a18f-37bc403bde32 ahead_contracts=0.00
00:17:10 INFO AMEND_OK | side=yes price_dollars=0.6900 total_fillable_contracts=7.00 order_id=a8b213e9-0e03-4380-a18f-37bc403bde32
00:17:18 INFO AMEND_OK | side=yes price_dollars=0.6800 total_fillable_contracts=7.00 order_id=a8b213e9-0e03-4380-a18f-37bc403bde32
00:17:19 INFO AMEND_OK | side=yes price_dollars=0.6400 total_fillable_contracts=7.00 order_id=a8b213e9-0e03-4380-a18f-37bc403bde32
00:17:21 INFO AMEND_OK | side=yes price_dollars=0.6700 total_fillable_contracts=7.00 order_id=a8b213e9-0e03-4380-a18f-37bc403bde32
00:17:22 INFO AMEND_OK | side=yes price_dollars=0.6800 total_fillable_contracts=7.00 order_id=a8b213e9-0e03-4380-a18f-37bc403bde32
00:17:23 INFO AMEND_OK | side=yes price_dollars=0.6900 total_fillable_contracts=7.00 order_id=a8b213e9-0e03-4380-a18f-37bc403bde32
00:17:24 INFO QUEUE_POSITION | side=yes order_id=a8b213e9-0e03-4380-a18f-37bc403bde32 ahead_contracts=0.00
00:17:39 INFO QUEUE_POSITION | side=yes order_id=a8b213e9-0e03-4380-a18f-37bc403bde32 ahead_contracts=0.00
00:17:54 INFO QUEUE_POSITION | side=yes order_id=a8b213e9-0e03-4380-a18f-37bc403bde32 ahead_contracts=0.00
00:18:09 INFO QUEUE_POSITION | side=yes order_id=a8b213e9-0e03-4380-a18f-37bc403bde32 ahead_contracts=0.00
00:18:24 INFO QUEUE_POSITION | side=yes order_id=a8b213e9-0e03-4380-a18f-37bc403bde32 ahead_contracts=0.00
00:18:39 INFO QUEUE_POSITION | side=yes order_id=a8b213e9-0e03-4380-a18f-37bc403bde32 ahead_contracts=0.00
00:18:54 INFO QUEUE_POSITION | side=yes order_id=a8b213e9-0e03-4380-a18f-37bc403bde32 ahead_contracts=0.00
00:19:09 INFO QUEUE_POSITION | side=yes order_id=a8b213e9-0e03-4380-a18f-37bc403bde32 ahead_contracts=0.00
00:19:24 INFO AMEND_OK | side=yes price_dollars=0.6800 total_fillable_contracts=7.00 order_id=a8b213e9-0e03-4380-a18f-37bc403bde32
00:19:24 INFO QUEUE_POSITION | side=yes order_id=a8b213e9-0e03-4380-a18f-37bc403bde32 ahead_contracts=0.00
00:19:25 INFO AMEND_OK | side=yes price_dollars=0.6700 total_fillable_contracts=7.00 order_id=a8b213e9-0e03-4380-a18f-37bc403bde32
00:19:31 INFO AMEND_OK | side=yes price_dollars=0.6800 total_fillable_contracts=7.00 order_id=a8b213e9-0e03-4380-a18f-37bc403bde32
00:19:33 INFO AMEND_OK | side=yes price_dollars=0.6700 total_fillable_contracts=7.00 order_id=a8b213e9-0e03-4380-a18f-37bc403bde32
00:19:34 INFO AMEND_OK | side=yes price_dollars=0.6800 total_fillable_contracts=7.00 order_id=a8b213e9-0e03-4380-a18f-37bc403bde32
00:19:35 INFO AMEND_OK | side=yes price_dollars=0.6700 total_fillable_contracts=7.00 order_id=a8b213e9-0e03-4380-a18f-37bc403bde32
00:19:37 INFO AMEND_OK | side=yes price_dollars=0.6800 total_fillable_contracts=7.00 order_id=a8b213e9-0e03-4380-a18f-37bc403bde32
00:19:40 INFO QUEUE_POSITION | side=yes order_id=a8b213e9-0e03-4380-a18f-37bc403bde32 ahead_contracts=0.00
00:19:45 INFO AMEND_OK | side=yes price_dollars=0.6700 total_fillable_contracts=7.00 order_id=a8b213e9-0e03-4380-a18f-37bc403bde32
00:19:47 INFO AMEND_OK | side=yes price_dollars=0.6900 total_fillable_contracts=7.00 order_id=a8b213e9-0e03-4380-a18f-37bc403bde32
00:19:48 INFO AMEND_OK | side=yes price_dollars=0.7500 total_fillable_contracts=6.00 order_id=a8b213e9-0e03-4380-a18f-37bc403bde32
00:19:51 INFO AMEND_OK | side=yes price_dollars=0.6900 total_fillable_contracts=7.00 order_id=a8b213e9-0e03-4380-a18f-37bc403bde32
00:19:55 INFO QUEUE_POSITION | side=yes order_id=a8b213e9-0e03-4380-a18f-37bc403bde32 ahead_contracts=0.00
00:20:01 INFO AMEND_OK | side=yes price_dollars=0.7100 total_fillable_contracts=6.00 order_id=a8b213e9-0e03-4380-a18f-37bc403bde32
00:20:02 INFO AMEND_OK | side=yes price_dollars=0.7200 total_fillable_contracts=6.00 order_id=a8b213e9-0e03-4380-a18f-37bc403bde32
00:20:07 INFO AMEND_OK | side=yes price_dollars=0.7300 total_fillable_contracts=6.00 order_id=a8b213e9-0e03-4380-a18f-37bc403bde32
00:20:10 INFO QUEUE_POSITION | side=yes order_id=a8b213e9-0e03-4380-a18f-37bc403bde32 ahead_contracts=82.00
00:20:14 INFO AMEND_OK | side=yes price_dollars=0.7400 total_fillable_contracts=6.00 order_id=a8b213e9-0e03-4380-a18f-37bc403bde32
00:20:17 INFO AMEND_OK | side=yes price_dollars=0.7500 total_fillable_contracts=6.00 order_id=a8b213e9-0e03-4380-a18f-37bc403bde32
00:20:23 INFO CANCEL_REQUESTED | side=yes reason=refresh_expiring_quote order_id=a8b213e9-0e03-4380-a18f-37bc403bde32
00:20:23 INFO ORDER_NOT_RESTING | side=yes status=canceled order_id=a8b213e9-0e03-4380-a18f-37bc403bde32
00:20:23 INFO CREATE_OK | side=yes price_dollars=0.7500 remaining_contracts=6.00 order_id=023b201f-bf28-4b61-849e-147489418573
00:20:25 INFO QUEUE_POSITION | side=yes order_id=023b201f-bf28-4b61-849e-147489418573 ahead_contracts=0.00
00:20:40 INFO QUEUE_POSITION | side=yes order_id=023b201f-bf28-4b61-849e-147489418573 ahead_contracts=0.00
00:20:55 INFO QUEUE_POSITION | side=yes order_id=023b201f-bf28-4b61-849e-147489418573 ahead_contracts=0.00
00:21:10 INFO QUEUE_POSITION | side=yes order_id=023b201f-bf28-4b61-849e-147489418573 ahead_contracts=0.00
00:21:13 INFO AMEND_OK | side=yes price_dollars=0.7600 total_fillable_contracts=6.00 order_id=023b201f-bf28-4b61-849e-147489418573
00:21:14 INFO AMEND_OK | side=yes price_dollars=0.7900 total_fillable_contracts=6.00 order_id=023b201f-bf28-4b61-849e-147489418573
00:21:24 INFO ORDER_NOT_RESTING | side=yes status=executed order_id=023b201f-bf28-4b61-849e-147489418573
00:21:24 INFO CREATE_OK | side=yes price_dollars=0.7500 remaining_contracts=6.00 order_id=0def07e8-cb25-41f2-8bbd-f954b2df0667
00:21:25 INFO QUEUE_POSITION | side=yes order_id=0def07e8-cb25-41f2-8bbd-f954b2df0667 ahead_contracts=586.00
00:21:25 INFO AMEND_OK | side=yes price_dollars=0.7300 total_fillable_contracts=6.00 order_id=0def07e8-cb25-41f2-8bbd-f954b2df0667
00:21:27 INFO AMEND_OK | side=yes price_dollars=0.7400 total_fillable_contracts=6.00 order_id=0def07e8-cb25-41f2-8bbd-f954b2df0667
00:21:31 INFO AMEND_OK | side=yes price_dollars=0.7500 total_fillable_contracts=6.00 order_id=0def07e8-cb25-41f2-8bbd-f954b2df0667
00:21:40 INFO QUEUE_POSITION | side=yes order_id=0def07e8-cb25-41f2-8bbd-f954b2df0667 ahead_contracts=570.00
00:21:49 INFO AMEND_OK | side=yes price_dollars=0.7600 total_fillable_contracts=6.00 order_id=0def07e8-cb25-41f2-8bbd-f954b2df0667
00:21:52 INFO AMEND_OK | side=yes price_dollars=0.7500 total_fillable_contracts=6.00 order_id=0def07e8-cb25-41f2-8bbd-f954b2df0667
00:21:55 INFO QUEUE_POSITION | side=yes order_id=0def07e8-cb25-41f2-8bbd-f954b2df0667 ahead_contracts=0.00
00:22:10 INFO QUEUE_POSITION | side=yes order_id=0def07e8-cb25-41f2-8bbd-f954b2df0667 ahead_contracts=0.00
00:22:25 INFO QUEUE_POSITION | side=yes order_id=0def07e8-cb25-41f2-8bbd-f954b2df0667 ahead_contracts=0.00
00:22:25 INFO AMEND_OK | side=yes price_dollars=0.7600 total_fillable_contracts=6.00 order_id=0def07e8-cb25-41f2-8bbd-f954b2df0667
00:22:26 INFO AMEND_OK | side=yes price_dollars=0.7700 total_fillable_contracts=6.00 order_id=0def07e8-cb25-41f2-8bbd-f954b2df0667
00:22:40 INFO QUEUE_POSITION | side=yes order_id=0def07e8-cb25-41f2-8bbd-f954b2df0667 ahead_contracts=0.00
00:22:55 INFO QUEUE_POSITION | side=yes order_id=0def07e8-cb25-41f2-8bbd-f954b2df0667 ahead_contracts=0.00
00:23:10 INFO QUEUE_POSITION | side=yes order_id=0def07e8-cb25-41f2-8bbd-f954b2df0667 ahead_contracts=0.00
00:23:25 INFO QUEUE_POSITION | side=yes order_id=0def07e8-cb25-41f2-8bbd-f954b2df0667 ahead_contracts=0.00
00:23:40 INFO QUEUE_POSITION | side=yes order_id=0def07e8-cb25-41f2-8bbd-f954b2df0667 ahead_contracts=0.00
00:23:55 INFO QUEUE_POSITION | side=yes order_id=0def07e8-cb25-41f2-8bbd-f954b2df0667 ahead_contracts=0.00
00:24:10 INFO QUEUE_POSITION | side=yes order_id=0def07e8-cb25-41f2-8bbd-f954b2df0667 ahead_contracts=0.00
00:24:25 INFO QUEUE_POSITION | side=yes order_id=0def07e8-cb25-41f2-8bbd-f954b2df0667 ahead_contracts=0.00
00:24:40 INFO QUEUE_POSITION | side=yes order_id=0def07e8-cb25-41f2-8bbd-f954b2df0667 ahead_contracts=0.00
00:24:46 INFO AMEND_OK | side=yes price_dollars=0.7600 total_fillable_contracts=6.00 order_id=0def07e8-cb25-41f2-8bbd-f954b2df0667
00:24:54 INFO AMEND_OK | side=yes price_dollars=0.7700 total_fillable_contracts=6.00 order_id=0def07e8-cb25-41f2-8bbd-f954b2df0667
00:24:55 INFO QUEUE_POSITION | side=yes order_id=0def07e8-cb25-41f2-8bbd-f954b2df0667 ahead_contracts=100.00
00:24:58 INFO AMEND_OK | side=yes price_dollars=0.7600 total_fillable_contracts=6.00 order_id=0def07e8-cb25-41f2-8bbd-f954b2df0667
00:25:03 INFO AMEND_OK | side=yes price_dollars=0.7500 total_fillable_contracts=6.00 order_id=0def07e8-cb25-41f2-8bbd-f954b2df0667
00:25:05 INFO AMEND_OK | side=yes price_dollars=0.7300 total_fillable_contracts=6.00 order_id=0def07e8-cb25-41f2-8bbd-f954b2df0667
00:25:06 INFO AMEND_OK | side=yes price_dollars=0.7500 total_fillable_contracts=6.00 order_id=0def07e8-cb25-41f2-8bbd-f954b2df0667
00:25:10 INFO QUEUE_POSITION | side=yes order_id=0def07e8-cb25-41f2-8bbd-f954b2df0667 ahead_contracts=125.00
00:25:24 INFO ORDER_NOT_RESTING | side=yes status=canceled order_id=0def07e8-cb25-41f2-8bbd-f954b2df0667
00:25:24 INFO CREATE_OK | side=yes price_dollars=0.7700 remaining_contracts=6.00 order_id=f77a6798-f48c-454c-abf4-a0ef80156ed9
00:25:25 INFO AMEND_OK | side=yes price_dollars=0.7500 total_fillable_contracts=6.00 order_id=f77a6798-f48c-454c-abf4-a0ef80156ed9
00:25:25 INFO QUEUE_POSITION | side=yes order_id=f77a6798-f48c-454c-abf4-a0ef80156ed9 ahead_contracts=125.00
00:25:40 INFO QUEUE_POSITION | side=yes order_id=f77a6798-f48c-454c-abf4-a0ef80156ed9 ahead_contracts=125.00
00:25:41 INFO AMEND_OK | side=yes price_dollars=0.7400 total_fillable_contracts=6.00 order_id=f77a6798-f48c-454c-abf4-a0ef80156ed9
00:25:44 INFO AMEND_OK | side=yes price_dollars=0.7600 total_fillable_contracts=6.00 order_id=f77a6798-f48c-454c-abf4-a0ef80156ed9
00:25:55 INFO QUEUE_POSITION | side=yes order_id=f77a6798-f48c-454c-abf4-a0ef80156ed9 ahead_contracts=0.00
00:26:10 INFO QUEUE_POSITION | side=yes order_id=f77a6798-f48c-454c-abf4-a0ef80156ed9 ahead_contracts=0.00
00:26:26 INFO QUEUE_POSITION | side=yes order_id=f77a6798-f48c-454c-abf4-a0ef80156ed9 ahead_contracts=0.00
00:26:41 INFO QUEUE_POSITION | side=yes order_id=f77a6798-f48c-454c-abf4-a0ef80156ed9 ahead_contracts=0.00

=== START 2026-03-10 00:30:23 ===
CMD: /home/codespace/.python/current/bin/python3 /workspaces/Kalshi_alg/V1.py --ticker KXNHLTOTAL-26MAR09NYRPHI-6 --yes-budget-cents 500 --no-budget-cents 500
00:30:23 INFO START | environment=PROD ticker=KXNHLTOTAL-26MAR09NYRPHI-6 yes_budget_cents=500 no_budget_cents=500 price_structure=linear_cent fractional_trading=False dry_run=False websocket=wss://api.elections.kalshi.com/trade-api/ws/v2
00:30:23 INFO STARTUP_POSITION | contracts=0.00
00:30:23 INFO WS_CONNECTED_AND_SUBSCRIBED
00:30:23 INFO CREATE_OK | side=yes price_dollars=0.7300 remaining_contracts=6.00 order_id=c304c4b9-7bbf-44f4-b804-82c14d0df310
00:30:24 INFO AMEND_OK | side=yes price_dollars=0.6900 total_fillable_contracts=7.00 order_id=c304c4b9-7bbf-44f4-b804-82c14d0df310
00:30:25 INFO AMEND_OK | side=yes price_dollars=0.7100 total_fillable_contracts=6.00 order_id=c304c4b9-7bbf-44f4-b804-82c14d0df310
00:30:26 INFO CREATE_OK | side=no price_dollars=0.2300 remaining_contracts=21.00 order_id=3a0a3862-df53-4aa4-9743-e261732a1053
00:30:27 INFO AMEND_OK | side=no price_dollars=0.2100 total_fillable_contracts=23.00 order_id=3a0a3862-df53-4aa4-9743-e261732a1053
00:30:28 INFO AMEND_OK | side=yes price_dollars=0.7200 total_fillable_contracts=6.00 order_id=c304c4b9-7bbf-44f4-b804-82c14d0df310
00:30:28 INFO AMEND_OK | side=no price_dollars=0.2200 total_fillable_contracts=22.00 order_id=3a0a3862-df53-4aa4-9743-e261732a1053
00:30:29 INFO AMEND_OK | side=yes price_dollars=0.7100 total_fillable_contracts=6.00 order_id=c304c4b9-7bbf-44f4-b804-82c14d0df310
00:30:30 INFO AMEND_OK | side=yes price_dollars=0.7200 total_fillable_contracts=6.00 order_id=c304c4b9-7bbf-44f4-b804-82c14d0df310
00:30:32 INFO AMEND_OK | side=no price_dollars=0.2100 total_fillable_contracts=23.00 order_id=3a0a3862-df53-4aa4-9743-e261732a1053
00:30:33 INFO AMEND_OK | side=yes price_dollars=0.7100 total_fillable_contracts=6.00 order_id=c304c4b9-7bbf-44f4-b804-82c14d0df310
00:30:34 INFO AMEND_OK | side=yes price_dollars=0.7200 total_fillable_contracts=6.00 order_id=c304c4b9-7bbf-44f4-b804-82c14d0df310
00:30:38 INFO QUEUE_POSITION | side=yes order_id=c304c4b9-7bbf-44f4-b804-82c14d0df310 ahead_contracts=20.00
00:30:38 INFO QUEUE_POSITION | side=no order_id=3a0a3862-df53-4aa4-9743-e261732a1053 ahead_contracts=0.00
00:30:39 INFO AMEND_OK | side=yes price_dollars=0.7100 total_fillable_contracts=6.00 order_id=c304c4b9-7bbf-44f4-b804-82c14d0df310
00:30:39 INFO AMEND_OK | side=no price_dollars=0.2400 total_fillable_contracts=20.00 order_id=3a0a3862-df53-4aa4-9743-e261732a1053
00:30:40 INFO AMEND_OK | side=yes price_dollars=0.7000 total_fillable_contracts=7.00 order_id=c304c4b9-7bbf-44f4-b804-82c14d0df310
00:30:40 INFO AMEND_OK | side=no price_dollars=0.2500 total_fillable_contracts=19.00 order_id=3a0a3862-df53-4aa4-9743-e261732a1053
00:30:42 INFO AMEND_OK | side=yes price_dollars=0.6900 total_fillable_contracts=7.00 order_id=c304c4b9-7bbf-44f4-b804-82c14d0df310
00:30:52 INFO AMEND_OK | side=no price_dollars=0.2400 total_fillable_contracts=20.00 order_id=3a0a3862-df53-4aa4-9743-e261732a1053
00:30:53 INFO QUEUE_POSITION | side=yes order_id=c304c4b9-7bbf-44f4-b804-82c14d0df310 ahead_contracts=0.00
00:30:53 INFO QUEUE_POSITION | side=no order_id=3a0a3862-df53-4aa4-9743-e261732a1053 ahead_contracts=0.00
00:30:58 INFO AMEND_OK | side=no price_dollars=0.2500 total_fillable_contracts=19.00 order_id=3a0a3862-df53-4aa4-9743-e261732a1053
00:30:59 INFO AMEND_OK | side=yes price_dollars=0.7000 total_fillable_contracts=7.00 order_id=c304c4b9-7bbf-44f4-b804-82c14d0df310
00:31:00 INFO AMEND_OK | side=no price_dollars=0.2400 total_fillable_contracts=20.00 order_id=3a0a3862-df53-4aa4-9743-e261732a1053
00:31:04 INFO AMEND_OK | side=yes price_dollars=0.7100 total_fillable_contracts=6.00 order_id=c304c4b9-7bbf-44f4-b804-82c14d0df310
00:31:08 INFO QUEUE_POSITION | side=yes order_id=c304c4b9-7bbf-44f4-b804-82c14d0df310 ahead_contracts=0.00
00:31:08 INFO QUEUE_POSITION | side=no order_id=3a0a3862-df53-4aa4-9743-e261732a1053 ahead_contracts=0.00
00:31:19 INFO AMEND_OK | side=no price_dollars=0.2300 total_fillable_contracts=21.00 order_id=3a0a3862-df53-4aa4-9743-e261732a1053
00:31:22 INFO AMEND_OK | side=yes price_dollars=0.7200 total_fillable_contracts=6.00 order_id=c304c4b9-7bbf-44f4-b804-82c14d0df310
00:31:23 INFO QUEUE_POSITION | side=yes order_id=c304c4b9-7bbf-44f4-b804-82c14d0df310 ahead_contracts=0.00
00:31:23 INFO QUEUE_POSITION | side=no order_id=3a0a3862-df53-4aa4-9743-e261732a1053 ahead_contracts=0.00
00:31:26 INFO AMEND_OK | side=no price_dollars=0.1200 total_fillable_contracts=41.00 order_id=3a0a3862-df53-4aa4-9743-e261732a1053
00:31:27 INFO CANCEL_REQUESTED | side=no reason=quote_disabled order_id=3a0a3862-df53-4aa4-9743-e261732a1053
00:31:27 INFO ORDER_NOT_RESTING | side=no status=canceled order_id=3a0a3862-df53-4aa4-9743-e261732a1053
00:31:29 INFO AMEND_OK | side=yes price_dollars=0.7100 total_fillable_contracts=6.00 order_id=c304c4b9-7bbf-44f4-b804-82c14d0df310
00:31:30 INFO AMEND_OK | side=yes price_dollars=0.5900 total_fillable_contracts=8.00 order_id=c304c4b9-7bbf-44f4-b804-82c14d0df310
00:31:31 INFO AMEND_OK | side=yes price_dollars=0.6100 total_fillable_contracts=8.00 order_id=c304c4b9-7bbf-44f4-b804-82c14d0df310
00:31:32 INFO AMEND_OK | side=yes price_dollars=0.6300 total_fillable_contracts=7.00 order_id=c304c4b9-7bbf-44f4-b804-82c14d0df310
00:31:33 INFO AMEND_OK | side=yes price_dollars=0.6500 total_fillable_contracts=7.00 order_id=c304c4b9-7bbf-44f4-b804-82c14d0df310
00:31:34 INFO AMEND_OK | side=yes price_dollars=0.6400 total_fillable_contracts=7.00 order_id=c304c4b9-7bbf-44f4-b804-82c14d0df310
00:31:35 INFO AMEND_OK | side=yes price_dollars=0.6500 total_fillable_contracts=7.00 order_id=c304c4b9-7bbf-44f4-b804-82c14d0df310
00:31:36 INFO AMEND_OK | side=yes price_dollars=0.6800 total_fillable_contracts=7.00 order_id=c304c4b9-7bbf-44f4-b804-82c14d0df310
00:31:37 INFO AMEND_OK | side=yes price_dollars=0.7100 total_fillable_contracts=6.00 order_id=c304c4b9-7bbf-44f4-b804-82c14d0df310
00:31:38 INFO QUEUE_POSITION | side=yes order_id=c304c4b9-7bbf-44f4-b804-82c14d0df310 ahead_contracts=0.00
00:31:38 INFO AMEND_OK | side=yes price_dollars=0.7400 total_fillable_contracts=6.00 order_id=c304c4b9-7bbf-44f4-b804-82c14d0df310
00:31:40 INFO AMEND_OK | side=yes price_dollars=0.7500 total_fillable_contracts=6.00 order_id=c304c4b9-7bbf-44f4-b804-82c14d0df310
00:31:42 INFO AMEND_OK | side=yes price_dollars=0.6000 total_fillable_contracts=8.00 order_id=c304c4b9-7bbf-44f4-b804-82c14d0df310
00:31:43 INFO AMEND_OK | side=yes price_dollars=0.6400 total_fillable_contracts=7.00 order_id=c304c4b9-7bbf-44f4-b804-82c14d0df310
00:31:44 INFO AMEND_OK | side=yes price_dollars=0.6900 total_fillable_contracts=7.00 order_id=c304c4b9-7bbf-44f4-b804-82c14d0df310
00:31:46 INFO AMEND_OK | side=yes price_dollars=0.6800 total_fillable_contracts=7.00 order_id=c304c4b9-7bbf-44f4-b804-82c14d0df310
00:31:46 INFO CREATE_OK | side=no price_dollars=0.2300 remaining_contracts=21.00 order_id=3fea3fb8-6afd-48f4-a7ef-ff7528a1c2c9
00:31:47 INFO AMEND_OK | side=yes price_dollars=0.7000 total_fillable_contracts=7.00 order_id=c304c4b9-7bbf-44f4-b804-82c14d0df310
00:31:47 INFO AMEND_OK | side=no price_dollars=0.2200 total_fillable_contracts=22.00 order_id=3fea3fb8-6afd-48f4-a7ef-ff7528a1c2c9
00:31:53 INFO QUEUE_POSITION | side=yes order_id=c304c4b9-7bbf-44f4-b804-82c14d0df310 ahead_contracts=200.00
00:31:53 INFO QUEUE_POSITION | side=no order_id=3fea3fb8-6afd-48f4-a7ef-ff7528a1c2c9 ahead_contracts=0.00
00:32:08 INFO QUEUE_POSITION | side=yes order_id=c304c4b9-7bbf-44f4-b804-82c14d0df310 ahead_contracts=200.00
00:32:08 INFO QUEUE_POSITION | side=no order_id=3fea3fb8-6afd-48f4-a7ef-ff7528a1c2c9 ahead_contracts=0.00
00:32:23 INFO QUEUE_POSITION | side=yes order_id=c304c4b9-7bbf-44f4-b804-82c14d0df310 ahead_contracts=200.00
00:32:23 INFO QUEUE_POSITION | side=no order_id=3fea3fb8-6afd-48f4-a7ef-ff7528a1c2c9 ahead_contracts=0.00
00:32:38 INFO QUEUE_POSITION | side=yes order_id=c304c4b9-7bbf-44f4-b804-82c14d0df310 ahead_contracts=200.00
00:32:38 INFO QUEUE_POSITION | side=no order_id=3fea3fb8-6afd-48f4-a7ef-ff7528a1c2c9 ahead_contracts=0.00
00:32:45 INFO AMEND_OK | side=yes price_dollars=0.7100 total_fillable_contracts=6.00 order_id=c304c4b9-7bbf-44f4-b804-82c14d0df310
00:32:46 INFO AMEND_OK | side=yes price_dollars=0.7200 total_fillable_contracts=6.00 order_id=c304c4b9-7bbf-44f4-b804-82c14d0df310
00:32:47 INFO AMEND_OK | side=yes price_dollars=0.7300 total_fillable_contracts=6.00 order_id=c304c4b9-7bbf-44f4-b804-82c14d0df310
00:32:49 INFO AMEND_OK | side=yes price_dollars=0.7200 total_fillable_contracts=6.00 order_id=c304c4b9-7bbf-44f4-b804-82c14d0df310
00:32:50 INFO AMEND_OK | side=yes price_dollars=0.7000 total_fillable_contracts=7.00 order_id=c304c4b9-7bbf-44f4-b804-82c14d0df310
00:32:52 INFO AMEND_OK | side=yes price_dollars=0.7300 total_fillable_contracts=6.00 order_id=c304c4b9-7bbf-44f4-b804-82c14d0df310
00:32:53 INFO AMEND_OK | side=yes price_dollars=0.7200 total_fillable_contracts=6.00 order_id=c304c4b9-7bbf-44f4-b804-82c14d0df310
00:32:54 INFO QUEUE_POSITION | side=yes order_id=c304c4b9-7bbf-44f4-b804-82c14d0df310 ahead_contracts=0.00
00:32:54 INFO QUEUE_POSITION | side=no order_id=3fea3fb8-6afd-48f4-a7ef-ff7528a1c2c9 ahead_contracts=0.00
00:32:54 INFO AMEND_OK | side=yes price_dollars=0.7300 total_fillable_contracts=6.00 order_id=c304c4b9-7bbf-44f4-b804-82c14d0df310
00:32:56 INFO AMEND_OK | side=yes price_dollars=0.7200 total_fillable_contracts=6.00 order_id=c304c4b9-7bbf-44f4-b804-82c14d0df310
00:32:57 INFO AMEND_OK | side=yes price_dollars=0.7300 total_fillable_contracts=6.00 order_id=c304c4b9-7bbf-44f4-b804-82c14d0df310
00:32:58 INFO AMEND_OK | side=no price_dollars=0.2100 total_fillable_contracts=23.00 order_id=3fea3fb8-6afd-48f4-a7ef-ff7528a1c2c9
00:33:05 INFO AMEND_OK | side=yes price_dollars=0.6700 total_fillable_contracts=7.00 order_id=c304c4b9-7bbf-44f4-b804-82c14d0df310
00:33:05 INFO AMEND_OK | side=no price_dollars=0.2200 total_fillable_contracts=22.00 order_id=3fea3fb8-6afd-48f4-a7ef-ff7528a1c2c9
00:33:06 INFO AMEND_OK | side=yes price_dollars=0.6800 total_fillable_contracts=7.00 order_id=c304c4b9-7bbf-44f4-b804-82c14d0df310
00:33:09 INFO QUEUE_POSITION | side=yes order_id=c304c4b9-7bbf-44f4-b804-82c14d0df310 ahead_contracts=0.00
00:33:09 INFO QUEUE_POSITION | side=no order_id=3fea3fb8-6afd-48f4-a7ef-ff7528a1c2c9 ahead_contracts=0.00
00:33:16 INFO AMEND_OK | side=yes price_dollars=0.6900 total_fillable_contracts=7.00 order_id=c304c4b9-7bbf-44f4-b804-82c14d0df310
00:33:24 INFO QUEUE_POSITION | side=yes order_id=c304c4b9-7bbf-44f4-b804-82c14d0df310 ahead_contracts=125.00
00:33:24 INFO QUEUE_POSITION | side=no order_id=3fea3fb8-6afd-48f4-a7ef-ff7528a1c2c9 ahead_contracts=0.00
00:33:34 INFO AMEND_OK | side=yes price_dollars=0.7000 total_fillable_contracts=7.00 order_id=c304c4b9-7bbf-44f4-b804-82c14d0df310
00:33:38 INFO AMEND_OK | side=no price_dollars=0.0600 total_fillable_contracts=82.00 order_id=3fea3fb8-6afd-48f4-a7ef-ff7528a1c2c9
00:33:39 INFO AMEND_OK | side=no price_dollars=0.2000 total_fillable_contracts=24.00 order_id=3fea3fb8-6afd-48f4-a7ef-ff7528a1c2c9
00:33:39 INFO QUEUE_POSITION | side=yes order_id=c304c4b9-7bbf-44f4-b804-82c14d0df310 ahead_contracts=0.00
00:33:39 INFO QUEUE_POSITION | side=no order_id=3fea3fb8-6afd-48f4-a7ef-ff7528a1c2c9 ahead_contracts=0.00
00:33:40 INFO AMEND_OK | side=no price_dollars=0.2100 total_fillable_contracts=23.00 order_id=3fea3fb8-6afd-48f4-a7ef-ff7528a1c2c9
00:33:45 INFO AMEND_OK | side=no price_dollars=0.2200 total_fillable_contracts=22.00 order_id=3fea3fb8-6afd-48f4-a7ef-ff7528a1c2c9
00:33:48 INFO AMEND_OK | side=no price_dollars=0.2300 total_fillable_contracts=21.00 order_id=3fea3fb8-6afd-48f4-a7ef-ff7528a1c2c9
00:33:49 INFO AMEND_OK | side=no price_dollars=0.2200 total_fillable_contracts=22.00 order_id=3fea3fb8-6afd-48f4-a7ef-ff7528a1c2c9
00:33:52 INFO AMEND_OK | side=yes price_dollars=0.6900 total_fillable_contracts=7.00 order_id=c304c4b9-7bbf-44f4-b804-82c14d0df310
00:33:54 INFO QUEUE_POSITION | side=yes order_id=c304c4b9-7bbf-44f4-b804-82c14d0df310 ahead_contracts=125.00
00:33:54 INFO QUEUE_POSITION | side=no order_id=3fea3fb8-6afd-48f4-a7ef-ff7528a1c2c9 ahead_contracts=0.00
00:33:54 INFO AMEND_OK | side=no price_dollars=0.2000 total_fillable_contracts=24.00 order_id=3fea3fb8-6afd-48f4-a7ef-ff7528a1c2c9
00:33:55 INFO AMEND_OK | side=no price_dollars=0.2200 total_fillable_contracts=22.00 order_id=3fea3fb8-6afd-48f4-a7ef-ff7528a1c2c9
00:33:59 INFO AMEND_OK | side=yes price_dollars=0.7000 total_fillable_contracts=7.00 order_id=c304c4b9-7bbf-44f4-b804-82c14d0df310
00:34:03 INFO AMEND_OK | side=no price_dollars=0.2000 total_fillable_contracts=24.00 order_id=3fea3fb8-6afd-48f4-a7ef-ff7528a1c2c9
00:34:04 INFO AMEND_OK | side=no price_dollars=0.2300 total_fillable_contracts=21.00 order_id=3fea3fb8-6afd-48f4-a7ef-ff7528a1c2c9
00:34:07 INFO AMEND_OK | side=no price_dollars=0.0100 total_fillable_contracts=495.00 order_id=3fea3fb8-6afd-48f4-a7ef-ff7528a1c2c9
00:34:08 INFO AMEND_OK | side=yes price_dollars=0.6900 total_fillable_contracts=7.00 order_id=c304c4b9-7bbf-44f4-b804-82c14d0df310
00:34:08 INFO CANCEL_REQUESTED | side=no reason=quote_disabled order_id=3fea3fb8-6afd-48f4-a7ef-ff7528a1c2c9
00:34:08 INFO ORDER_NOT_RESTING | side=no status=canceled order_id=3fea3fb8-6afd-48f4-a7ef-ff7528a1c2c9
00:34:09 INFO QUEUE_POSITION | side=yes order_id=c304c4b9-7bbf-44f4-b804-82c14d0df310 ahead_contracts=0.00
00:34:09 INFO AMEND_OK | side=yes price_dollars=0.6800 total_fillable_contracts=7.00 order_id=c304c4b9-7bbf-44f4-b804-82c14d0df310
00:34:10 INFO AMEND_OK | side=yes price_dollars=0.6700 total_fillable_contracts=7.00 order_id=c304c4b9-7bbf-44f4-b804-82c14d0df310
00:34:12 INFO AMEND_OK | side=yes price_dollars=0.6900 total_fillable_contracts=7.00 order_id=c304c4b9-7bbf-44f4-b804-82c14d0df310
00:34:13 INFO AMEND_OK | side=yes price_dollars=0.6800 total_fillable_contracts=7.00 order_id=c304c4b9-7bbf-44f4-b804-82c14d0df310
00:34:13 INFO CREATE_OK | side=no price_dollars=0.2500 remaining_contracts=19.00 order_id=9ffdbb31-35b9-4aef-bffc-8d0fd85b312b
00:34:14 INFO ORDER_NOT_RESTING | side=no status=executed order_id=9ffdbb31-35b9-4aef-bffc-8d0fd85b312b
00:34:18 INFO CANCEL_REQUESTED | side=yes reason=refresh_expiring_quote order_id=c304c4b9-7bbf-44f4-b804-82c14d0df310
00:34:18 INFO ORDER_NOT_RESTING | side=yes status=canceled order_id=c304c4b9-7bbf-44f4-b804-82c14d0df310
00:34:18 INFO CREATE_OK | side=yes price_dollars=0.6800 remaining_contracts=7.00 order_id=ca1e88b5-bc40-4089-84fd-fa0a0b6e362f
00:34:24 INFO QUEUE_POSITION | side=yes order_id=ca1e88b5-bc40-4089-84fd-fa0a0b6e362f ahead_contracts=125.00
00:34:36 INFO AMEND_OK | side=yes price_dollars=0.6900 total_fillable_contracts=7.00 order_id=ca1e88b5-bc40-4089-84fd-fa0a0b6e362f
00:34:39 INFO QUEUE_POSITION | side=yes order_id=ca1e88b5-bc40-4089-84fd-fa0a0b6e362f ahead_contracts=150.00
00:34:51 INFO AMEND_OK | side=yes price_dollars=0.6800 total_fillable_contracts=7.00 order_id=ca1e88b5-bc40-4089-84fd-fa0a0b6e362f
00:34:52 INFO AMEND_OK | side=yes price_dollars=0.5800 total_fillable_contracts=8.00 order_id=ca1e88b5-bc40-4089-84fd-fa0a0b6e362f
00:34:53 INFO AMEND_OK | side=yes price_dollars=0.6100 total_fillable_contracts=8.00 order_id=ca1e88b5-bc40-4089-84fd-fa0a0b6e362f
00:34:54 INFO QUEUE_POSITION | side=yes order_id=ca1e88b5-bc40-4089-84fd-fa0a0b6e362f ahead_contracts=0.00
00:34:55 INFO AMEND_OK | side=yes price_dollars=0.6300 total_fillable_contracts=7.00 order_id=ca1e88b5-bc40-4089-84fd-fa0a0b6e362f
00:35:00 INFO AMEND_OK | side=yes price_dollars=0.6700 total_fillable_contracts=7.00 order_id=ca1e88b5-bc40-4089-84fd-fa0a0b6e362f
00:35:01 INFO AMEND_OK | side=yes price_dollars=0.6600 total_fillable_contracts=7.00 order_id=ca1e88b5-bc40-4089-84fd-fa0a0b6e362f
00:35:02 INFO AMEND_OK | side=yes price_dollars=0.6800 total_fillable_contracts=7.00 order_id=ca1e88b5-bc40-4089-84fd-fa0a0b6e362f
00:35:03 INFO AMEND_OK | side=yes price_dollars=0.5900 total_fillable_contracts=8.00 order_id=ca1e88b5-bc40-4089-84fd-fa0a0b6e362f
00:35:04 INFO AMEND_OK | side=yes price_dollars=0.6000 total_fillable_contracts=8.00 order_id=ca1e88b5-bc40-4089-84fd-fa0a0b6e362f
00:35:05 INFO AMEND_OK | side=yes price_dollars=0.6100 total_fillable_contracts=8.00 order_id=ca1e88b5-bc40-4089-84fd-fa0a0b6e362f
00:35:06 INFO AMEND_OK | side=yes price_dollars=0.6200 total_fillable_contracts=7.00 order_id=ca1e88b5-bc40-4089-84fd-fa0a0b6e362f
00:35:07 INFO AMEND_OK | side=yes price_dollars=0.6300 total_fillable_contracts=7.00 order_id=ca1e88b5-bc40-4089-84fd-fa0a0b6e362f
00:35:09 INFO QUEUE_POSITION | side=yes order_id=ca1e88b5-bc40-4089-84fd-fa0a0b6e362f ahead_contracts=0.00
00:35:12 INFO AMEND_OK | side=yes price_dollars=0.6600 total_fillable_contracts=7.00 order_id=ca1e88b5-bc40-4089-84fd-fa0a0b6e362f
00:35:13 INFO AMEND_OK | side=yes price_dollars=0.6800 total_fillable_contracts=7.00 order_id=ca1e88b5-bc40-4089-84fd-fa0a0b6e362f
00:35:18 INFO AMEND_OK | side=yes price_dollars=0.6700 total_fillable_contracts=7.00 order_id=ca1e88b5-bc40-4089-84fd-fa0a0b6e362f
00:35:24 INFO QUEUE_POSITION | side=yes order_id=ca1e88b5-bc40-4089-84fd-fa0a0b6e362f ahead_contracts=0.00
00:35:28 INFO AMEND_OK | side=yes price_dollars=0.6800 total_fillable_contracts=7.00 order_id=ca1e88b5-bc40-4089-84fd-fa0a0b6e362f
00:35:29 INFO AMEND_OK | side=yes price_dollars=0.6900 total_fillable_contracts=7.00 order_id=ca1e88b5-bc40-4089-84fd-fa0a0b6e362f
00:35:34 INFO AMEND_OK | side=yes price_dollars=0.6800 total_fillable_contracts=7.00 order_id=ca1e88b5-bc40-4089-84fd-fa0a0b6e362f
00:35:35 INFO AMEND_OK | side=yes price_dollars=0.6900 total_fillable_contracts=7.00 order_id=ca1e88b5-bc40-4089-84fd-fa0a0b6e362f
00:35:39 INFO QUEUE_POSITION | side=yes order_id=ca1e88b5-bc40-4089-84fd-fa0a0b6e362f ahead_contracts=0.00
00:35:46 INFO AMEND_OK | side=yes price_dollars=0.6800 total_fillable_contracts=7.00 order_id=ca1e88b5-bc40-4089-84fd-fa0a0b6e362f
00:35:47 INFO AMEND_OK | side=yes price_dollars=0.6900 total_fillable_contracts=7.00 order_id=ca1e88b5-bc40-4089-84fd-fa0a0b6e362f
00:35:54 INFO QUEUE_POSITION | side=yes order_id=ca1e88b5-bc40-4089-84fd-fa0a0b6e362f ahead_contracts=150.00
00:35:55 INFO AMEND_OK | side=yes price_dollars=0.7000 total_fillable_contracts=7.00 order_id=ca1e88b5-bc40-4089-84fd-fa0a0b6e362f
00:35:56 INFO AMEND_OK | side=yes price_dollars=0.6800 total_fillable_contracts=7.00 order_id=ca1e88b5-bc40-4089-84fd-fa0a0b6e362f
00:35:57 INFO AMEND_OK | side=yes price_dollars=0.6900 total_fillable_contracts=7.00 order_id=ca1e88b5-bc40-4089-84fd-fa0a0b6e362f
00:36:06 INFO AMEND_OK | side=yes price_dollars=0.6800 total_fillable_contracts=7.00 order_id=ca1e88b5-bc40-4089-84fd-fa0a0b6e362f
00:36:07 INFO AMEND_OK | side=yes price_dollars=0.6900 total_fillable_contracts=7.00 order_id=ca1e88b5-bc40-4089-84fd-fa0a0b6e362f
00:36:09 INFO QUEUE_POSITION | side=yes order_id=ca1e88b5-bc40-4089-84fd-fa0a0b6e362f ahead_contracts=0.00
00:36:13 INFO AMEND_OK | side=yes price_dollars=0.6800 total_fillable_contracts=7.00 order_id=ca1e88b5-bc40-4089-84fd-fa0a0b6e362f
00:36:14 INFO AMEND_OK | side=yes price_dollars=0.6700 total_fillable_contracts=7.00 order_id=ca1e88b5-bc40-4089-84fd-fa0a0b6e362f
00:36:15 INFO AMEND_OK | side=yes price_dollars=0.6800 total_fillable_contracts=7.00 order_id=ca1e88b5-bc40-4089-84fd-fa0a0b6e362f
00:36:23 INFO AMEND_OK | side=yes price_dollars=0.6900 total_fillable_contracts=7.00 order_id=ca1e88b5-bc40-4089-84fd-fa0a0b6e362f
00:36:24 INFO QUEUE_POSITION | side=yes order_id=ca1e88b5-bc40-4089-84fd-fa0a0b6e362f ahead_contracts=20.00
00:36:30 INFO AMEND_OK | side=yes price_dollars=0.6800 total_fillable_contracts=7.00 order_id=ca1e88b5-bc40-4089-84fd-fa0a0b6e362f
00:36:31 INFO AMEND_OK | side=yes price_dollars=0.6700 total_fillable_contracts=7.00 order_id=ca1e88b5-bc40-4089-84fd-fa0a0b6e362f
00:36:32 INFO AMEND_OK | side=yes price_dollars=0.6800 total_fillable_contracts=7.00 order_id=ca1e88b5-bc40-4089-84fd-fa0a0b6e362f
00:36:37 INFO AMEND_OK | side=yes price_dollars=0.6700 total_fillable_contracts=7.00 order_id=ca1e88b5-bc40-4089-84fd-fa0a0b6e362f
00:36:39 INFO QUEUE_POSITION | side=yes order_id=ca1e88b5-bc40-4089-84fd-fa0a0b6e362f ahead_contracts=0.00
00:36:42 INFO AMEND_OK | side=yes price_dollars=0.6600 total_fillable_contracts=7.00 order_id=ca1e88b5-bc40-4089-84fd-fa0a0b6e362f
00:36:43 INFO AMEND_OK | side=yes price_dollars=0.6700 total_fillable_contracts=7.00 order_id=ca1e88b5-bc40-4089-84fd-fa0a0b6e362f
00:36:54 INFO QUEUE_POSITION | side=yes order_id=ca1e88b5-bc40-4089-84fd-fa0a0b6e362f ahead_contracts=125.00
00:36:56 INFO AMEND_OK | side=yes price_dollars=0.6600 total_fillable_contracts=7.00 order_id=ca1e88b5-bc40-4089-84fd-fa0a0b6e362f
00:36:57 INFO AMEND_OK | side=yes price_dollars=0.6700 total_fillable_contracts=7.00 order_id=ca1e88b5-bc40-4089-84fd-fa0a0b6e362f
00:37:06 INFO AMEND_OK | side=yes price_dollars=0.6600 total_fillable_contracts=7.00 order_id=ca1e88b5-bc40-4089-84fd-fa0a0b6e362f
00:37:08 INFO AMEND_OK | side=yes price_dollars=0.6700 total_fillable_contracts=7.00 order_id=ca1e88b5-bc40-4089-84fd-fa0a0b6e362f
00:37:09 INFO QUEUE_POSITION | side=yes order_id=ca1e88b5-bc40-4089-84fd-fa0a0b6e362f ahead_contracts=0.00
00:37:11 INFO AMEND_OK | side=yes price_dollars=0.6600 total_fillable_contracts=7.00 order_id=ca1e88b5-bc40-4089-84fd-fa0a0b6e362f
00:37:18 INFO AMEND_OK | side=yes price_dollars=0.6500 total_fillable_contracts=7.00 order_id=ca1e88b5-bc40-4089-84fd-fa0a0b6e362f
00:37:19 INFO AMEND_OK | side=yes price_dollars=0.6600 total_fillable_contracts=7.00 order_id=ca1e88b5-bc40-4089-84fd-fa0a0b6e362f
00:37:24 INFO QUEUE_POSITION | side=yes order_id=ca1e88b5-bc40-4089-84fd-fa0a0b6e362f ahead_contracts=0.00
00:37:25 INFO AMEND_OK | side=yes price_dollars=0.6500 total_fillable_contracts=7.00 order_id=ca1e88b5-bc40-4089-84fd-fa0a0b6e362f
00:37:30 INFO AMEND_OK | side=yes price_dollars=0.6400 total_fillable_contracts=7.00 order_id=ca1e88b5-bc40-4089-84fd-fa0a0b6e362f
00:37:31 INFO AMEND_OK | side=yes price_dollars=0.6500 total_fillable_contracts=7.00 order_id=ca1e88b5-bc40-4089-84fd-fa0a0b6e362f
00:37:39 INFO QUEUE_POSITION | side=yes order_id=ca1e88b5-bc40-4089-84fd-fa0a0b6e362f ahead_contracts=150.00
00:37:54 INFO AMEND_OK | side=yes price_dollars=0.6400 total_fillable_contracts=7.00 order_id=ca1e88b5-bc40-4089-84fd-fa0a0b6e362f
00:37:54 INFO QUEUE_POSITION | side=yes order_id=ca1e88b5-bc40-4089-84fd-fa0a0b6e362f ahead_contracts=100.00
00:37:55 INFO AMEND_OK | side=yes price_dollars=0.6500 total_fillable_contracts=7.00 order_id=ca1e88b5-bc40-4089-84fd-fa0a0b6e362f
00:38:06 INFO AMEND_OK | side=yes price_dollars=0.6400 total_fillable_contracts=7.00 order_id=ca1e88b5-bc40-4089-84fd-fa0a0b6e362f
00:38:07 INFO AMEND_OK | side=yes price_dollars=0.6300 total_fillable_contracts=7.00 order_id=ca1e88b5-bc40-4089-84fd-fa0a0b6e362f
00:38:10 INFO QUEUE_POSITION | side=yes order_id=ca1e88b5-bc40-4089-84fd-fa0a0b6e362f ahead_contracts=0.00
00:38:13 INFO CANCEL_REQUESTED | side=yes reason=refresh_expiring_quote order_id=ca1e88b5-bc40-4089-84fd-fa0a0b6e362f
00:38:13 INFO ORDER_NOT_RESTING | side=yes status=canceled order_id=ca1e88b5-bc40-4089-84fd-fa0a0b6e362f
00:38:13 INFO CREATE_OK | side=yes price_dollars=0.6300 remaining_contracts=7.00 order_id=bbb448e8-ffad-4641-af3f-a57871a86c83
00:38:14 INFO AMEND_OK | side=yes price_dollars=0.6500 total_fillable_contracts=7.00 order_id=bbb448e8-ffad-4641-af3f-a57871a86c83
00:38:16 INFO AMEND_OK | side=yes price_dollars=0.6400 total_fillable_contracts=7.00 order_id=bbb448e8-ffad-4641-af3f-a57871a86c83
00:38:17 INFO AMEND_OK | side=yes price_dollars=0.6500 total_fillable_contracts=7.00 order_id=bbb448e8-ffad-4641-af3f-a57871a86c83
00:38:25 INFO QUEUE_POSITION | side=yes order_id=bbb448e8-ffad-4641-af3f-a57871a86c83 ahead_contracts=150.00
00:38:25 INFO AMEND_OK | side=yes price_dollars=0.6400 total_fillable_contracts=7.00 order_id=bbb448e8-ffad-4641-af3f-a57871a86c83
00:38:26 INFO AMEND_OK | side=yes price_dollars=0.6500 total_fillable_contracts=7.00 order_id=bbb448e8-ffad-4641-af3f-a57871a86c83
00:38:28 INFO AMEND_OK | side=yes price_dollars=0.6700 total_fillable_contracts=7.00 order_id=bbb448e8-ffad-4641-af3f-a57871a86c83
00:38:36 INFO AMEND_OK | side=yes price_dollars=0.6600 total_fillable_contracts=7.00 order_id=bbb448e8-ffad-4641-af3f-a57871a86c83
00:38:38 INFO AMEND_OK | side=yes price_dollars=0.6500 total_fillable_contracts=7.00 order_id=bbb448e8-ffad-4641-af3f-a57871a86c83
00:38:40 INFO QUEUE_POSITION | side=yes order_id=bbb448e8-ffad-4641-af3f-a57871a86c83 ahead_contracts=150.00
00:38:42 INFO AMEND_OK | side=yes price_dollars=0.6700 total_fillable_contracts=7.00 order_id=bbb448e8-ffad-4641-af3f-a57871a86c83
00:38:45 INFO AMEND_OK | side=yes price_dollars=0.6600 total_fillable_contracts=7.00 order_id=bbb448e8-ffad-4641-af3f-a57871a86c83
00:38:46 INFO AMEND_OK | side=yes price_dollars=0.6700 total_fillable_contracts=7.00 order_id=bbb448e8-ffad-4641-af3f-a57871a86c83
00:38:49 INFO AMEND_OK | side=yes price_dollars=0.6600 total_fillable_contracts=7.00 order_id=bbb448e8-ffad-4641-af3f-a57871a86c83
00:38:51 INFO AMEND_OK | side=yes price_dollars=0.6500 total_fillable_contracts=7.00 order_id=bbb448e8-ffad-4641-af3f-a57871a86c83
00:38:52 INFO AMEND_OK | side=yes price_dollars=0.6400 total_fillable_contracts=7.00 order_id=bbb448e8-ffad-4641-af3f-a57871a86c83
00:38:53 INFO AMEND_OK | side=yes price_dollars=0.6300 total_fillable_contracts=7.00 order_id=bbb448e8-ffad-4641-af3f-a57871a86c83
00:38:55 INFO QUEUE_POSITION | side=yes order_id=bbb448e8-ffad-4641-af3f-a57871a86c83 ahead_contracts=125.00
00:39:07 INFO AMEND_OK | side=yes price_dollars=0.6200 total_fillable_contracts=7.00 order_id=bbb448e8-ffad-4641-af3f-a57871a86c83
00:39:08 INFO AMEND_OK | side=yes price_dollars=0.6300 total_fillable_contracts=7.00 order_id=bbb448e8-ffad-4641-af3f-a57871a86c83
00:39:09 INFO AMEND_OK | side=yes price_dollars=0.6200 total_fillable_contracts=7.00 order_id=bbb448e8-ffad-4641-af3f-a57871a86c83
00:39:10 INFO QUEUE_POSITION | side=yes order_id=bbb448e8-ffad-4641-af3f-a57871a86c83 ahead_contracts=0.00
00:39:13 INFO AMEND_OK | side=yes price_dollars=0.6400 total_fillable_contracts=7.00 order_id=bbb448e8-ffad-4641-af3f-a57871a86c83
00:39:14 INFO AMEND_OK | side=yes price_dollars=0.6500 total_fillable_contracts=7.00 order_id=bbb448e8-ffad-4641-af3f-a57871a86c83
00:39:23 INFO AMEND_OK | side=yes price_dollars=0.6400 total_fillable_contracts=7.00 order_id=bbb448e8-ffad-4641-af3f-a57871a86c83
00:39:24 INFO AMEND_OK | side=yes price_dollars=0.6500 total_fillable_contracts=7.00 order_id=bbb448e8-ffad-4641-af3f-a57871a86c83
00:39:25 INFO QUEUE_POSITION | side=yes order_id=bbb448e8-ffad-4641-af3f-a57871a86c83 ahead_contracts=733.00
00:39:40 INFO QUEUE_POSITION | side=yes order_id=bbb448e8-ffad-4641-af3f-a57871a86c83 ahead_contracts=733.00
00:39:50 INFO AMEND_OK | side=yes price_dollars=0.6400 total_fillable_contracts=7.00 order_id=bbb448e8-ffad-4641-af3f-a57871a86c83
00:39:51 INFO AMEND_OK | side=yes price_dollars=0.6500 total_fillable_contracts=7.00 order_id=bbb448e8-ffad-4641-af3f-a57871a86c83
00:39:55 INFO QUEUE_POSITION | side=yes order_id=bbb448e8-ffad-4641-af3f-a57871a86c83 ahead_contracts=125.00
00:40:05 INFO AMEND_OK | side=yes price_dollars=0.6400 total_fillable_contracts=7.00 order_id=bbb448e8-ffad-4641-af3f-a57871a86c83
00:40:08 INFO AMEND_OK | side=yes price_dollars=0.6300 total_fillable_contracts=7.00 order_id=bbb448e8-ffad-4641-af3f-a57871a86c83
00:40:09 INFO AMEND_OK | side=yes price_dollars=0.6200 total_fillable_contracts=7.00 order_id=bbb448e8-ffad-4641-af3f-a57871a86c83
00:40:10 INFO AMEND_OK | side=yes price_dollars=0.6100 total_fillable_contracts=8.00 order_id=bbb448e8-ffad-4641-af3f-a57871a86c83
00:40:10 INFO QUEUE_POSITION | side=yes order_id=bbb448e8-ffad-4641-af3f-a57871a86c83 ahead_contracts=80.00
00:40:11 INFO AMEND_OK | side=yes price_dollars=0.6000 total_fillable_contracts=8.00 order_id=bbb448e8-ffad-4641-af3f-a57871a86c83
00:40:12 INFO AMEND_OK | side=yes price_dollars=0.5900 total_fillable_contracts=8.00 order_id=bbb448e8-ffad-4641-af3f-a57871a86c83
00:40:13 INFO AMEND_OK | side=yes price_dollars=0.6100 total_fillable_contracts=8.00 order_id=bbb448e8-ffad-4641-af3f-a57871a86c83
00:40:16 INFO AMEND_OK | side=yes price_dollars=0.6500 total_fillable_contracts=7.00 order_id=bbb448e8-ffad-4641-af3f-a57871a86c83
00:40:16 INFO ORDER_NOT_RESTING | side=yes status=executed order_id=bbb448e8-ffad-4641-af3f-a57871a86c83
00:40:17 INFO CREATE_OK | side=yes price_dollars=0.6200 remaining_contracts=7.00 order_id=a4674ff9-a47c-4fff-aa77-848cbf0617a8
00:40:21 INFO ORDER_NOT_RESTING | side=yes status=executed order_id=a4674ff9-a47c-4fff-aa77-848cbf0617a8
00:40:22 INFO CREATE_OK | side=yes price_dollars=0.6100 remaining_contracts=8.00 order_id=0d29e9fe-f6fe-471e-a547-bfb56de222d8
00:40:22 INFO CREATE_OK | side=no price_dollars=0.3200 remaining_contracts=15.00 order_id=efc008cc-3bb0-4e28-93be-d480eecdc6b3
00:40:23 INFO AMEND_OK | side=yes price_dollars=0.5900 total_fillable_contracts=8.00 order_id=0d29e9fe-f6fe-471e-a547-bfb56de222d8
00:40:23 INFO AMEND_OK | side=no price_dollars=0.3000 total_fillable_contracts=16.00 order_id=efc008cc-3bb0-4e28-93be-d480eecdc6b3
00:40:25 INFO QUEUE_POSITION | side=yes order_id=0d29e9fe-f6fe-471e-a547-bfb56de222d8 ahead_contracts=0.00
00:40:25 INFO QUEUE_POSITION | side=no order_id=efc008cc-3bb0-4e28-93be-d480eecdc6b3 ahead_contracts=0.00
00:40:25 INFO AMEND_OK | side=yes price_dollars=0.6400 total_fillable_contracts=7.00 order_id=0d29e9fe-f6fe-471e-a547-bfb56de222d8
00:40:25 INFO AMEND_OK | side=no price_dollars=0.2900 total_fillable_contracts=17.00 order_id=efc008cc-3bb0-4e28-93be-d480eecdc6b3
00:40:26 INFO AMEND_OK | side=no price_dollars=0.2800 total_fillable_contracts=17.00 order_id=efc008cc-3bb0-4e28-93be-d480eecdc6b3
00:40:28 INFO AMEND_OK | side=yes price_dollars=0.6500 total_fillable_contracts=7.00 order_id=0d29e9fe-f6fe-471e-a547-bfb56de222d8
00:40:40 INFO QUEUE_POSITION | side=yes order_id=0d29e9fe-f6fe-471e-a547-bfb56de222d8 ahead_contracts=0.00
00:40:40 INFO QUEUE_POSITION | side=no order_id=efc008cc-3bb0-4e28-93be-d480eecdc6b3 ahead_contracts=0.00
00:40:42 INFO AMEND_OK | side=yes price_dollars=0.6400 total_fillable_contracts=7.00 order_id=0d29e9fe-f6fe-471e-a547-bfb56de222d8
00:40:43 INFO ORDER_NOT_RESTING | side=no status=executed order_id=efc008cc-3bb0-4e28-93be-d480eecdc6b3
00:40:43 INFO AMEND_OK | side=yes price_dollars=0.6700 total_fillable_contracts=7.00 order_id=0d29e9fe-f6fe-471e-a547-bfb56de222d8
00:40:46 INFO AMEND_OK | side=yes price_dollars=0.7000 total_fillable_contracts=7.00 order_id=0d29e9fe-f6fe-471e-a547-bfb56de222d8
00:40:47 INFO AMEND_OK | side=yes price_dollars=0.6900 total_fillable_contracts=7.00 order_id=0d29e9fe-f6fe-471e-a547-bfb56de222d8
00:40:53 INFO AMEND_OK | side=yes price_dollars=0.7000 total_fillable_contracts=7.00 order_id=0d29e9fe-f6fe-471e-a547-bfb56de222d8
00:40:54 INFO AMEND_OK | side=yes price_dollars=0.7100 total_fillable_contracts=6.00 order_id=0d29e9fe-f6fe-471e-a547-bfb56de222d8
00:40:55 INFO QUEUE_POSITION | side=yes order_id=0d29e9fe-f6fe-471e-a547-bfb56de222d8 ahead_contracts=0.00
00:40:57 INFO AMEND_OK | side=yes price_dollars=0.7000 total_fillable_contracts=7.00 order_id=0d29e9fe-f6fe-471e-a547-bfb56de222d8
00:41:01 INFO AMEND_OK | side=yes price_dollars=0.6700 total_fillable_contracts=7.00 order_id=0d29e9fe-f6fe-471e-a547-bfb56de222d8
00:41:02 INFO AMEND_OK | side=yes price_dollars=0.6800 total_fillable_contracts=7.00 order_id=0d29e9fe-f6fe-471e-a547-bfb56de222d8
00:41:08 INFO AMEND_OK | side=yes price_dollars=0.7000 total_fillable_contracts=7.00 order_id=0d29e9fe-f6fe-471e-a547-bfb56de222d8
00:41:10 INFO QUEUE_POSITION | side=yes order_id=0d29e9fe-f6fe-471e-a547-bfb56de222d8 ahead_contracts=0.00
00:41:15 INFO AMEND_OK | side=yes price_dollars=0.5700 total_fillable_contracts=8.00 order_id=0d29e9fe-f6fe-471e-a547-bfb56de222d8
00:41:16 INFO AMEND_OK | side=yes price_dollars=0.5900 total_fillable_contracts=8.00 order_id=0d29e9fe-f6fe-471e-a547-bfb56de222d8
00:41:17 INFO AMEND_OK | side=yes price_dollars=0.5800 total_fillable_contracts=8.00 order_id=0d29e9fe-f6fe-471e-a547-bfb56de222d8
00:41:18 INFO AMEND_OK | side=yes price_dollars=0.5700 total_fillable_contracts=8.00 order_id=0d29e9fe-f6fe-471e-a547-bfb56de222d8
00:41:19 INFO AMEND_OK | side=yes price_dollars=0.5800 total_fillable_contracts=8.00 order_id=0d29e9fe-f6fe-471e-a547-bfb56de222d8
00:41:22 INFO AMEND_OK | side=yes price_dollars=0.5700 total_fillable_contracts=8.00 order_id=0d29e9fe-f6fe-471e-a547-bfb56de222d8
00:41:25 INFO QUEUE_POSITION | side=yes order_id=0d29e9fe-f6fe-471e-a547-bfb56de222d8 ahead_contracts=0.00
00:41:33 INFO AMEND_OK | side=yes price_dollars=0.7200 total_fillable_contracts=6.00 order_id=0d29e9fe-f6fe-471e-a547-bfb56de222d8
00:41:35 INFO AMEND_OK | side=yes price_dollars=0.7600 total_fillable_contracts=6.00 order_id=0d29e9fe-f6fe-471e-a547-bfb56de222d8
00:41:40 INFO QUEUE_POSITION | side=yes order_id=0d29e9fe-f6fe-471e-a547-bfb56de222d8 ahead_contracts=0.00
00:41:40 INFO AMEND_OK | side=yes price_dollars=0.7800 total_fillable_contracts=6.00 order_id=0d29e9fe-f6fe-471e-a547-bfb56de222d8
00:41:41 INFO AMEND_OK | side=yes price_dollars=0.7700 total_fillable_contracts=6.00 order_id=0d29e9fe-f6fe-471e-a547-bfb56de222d8
00:41:42 INFO AMEND_OK | side=yes price_dollars=0.7900 total_fillable_contracts=6.00 order_id=0d29e9fe-f6fe-471e-a547-bfb56de222d8
00:41:55 INFO QUEUE_POSITION | side=yes order_id=0d29e9fe-f6fe-471e-a547-bfb56de222d8 ahead_contracts=0.00
00:41:56 INFO AMEND_OK | side=yes price_dollars=0.8000 total_fillable_contracts=6.00 order_id=0d29e9fe-f6fe-471e-a547-bfb56de222d8
00:41:57 INFO AMEND_OK | side=yes price_dollars=0.8100 total_fillable_contracts=6.00 order_id=0d29e9fe-f6fe-471e-a547-bfb56de222d8
00:42:04 INFO AMEND_OK | side=yes price_dollars=0.8900 total_fillable_contracts=5.00 order_id=0d29e9fe-f6fe-471e-a547-bfb56de222d8
00:42:05 INFO CANCEL_REQUESTED | side=yes reason=quote_disabled order_id=0d29e9fe-f6fe-471e-a547-bfb56de222d8
00:42:05 INFO ORDER_NOT_RESTING | side=yes status=canceled order_id=0d29e9fe-f6fe-471e-a547-bfb56de222d8
Traceback (most recent call last):
  File "/home/codespace/.python/current/lib/python3.12/asyncio/runners.py", line 118, in run
    return self._loop.run_until_complete(task)
           ^^^^^^^^^^^^^^^^^^^^^^^^^^^^^^^^^^^
  File "/home/codespace/.python/current/lib/python3.12/asyncio/base_events.py", line 684, in run_until_complete
    return future.result()
           ^^^^^^^^^^^^^^^
  File "/workspaces/Kalshi_alg/V1.py", line 1833, in run
    await self.websocket_main()
  File "/workspaces/Kalshi_alg/V1.py", line 1770, in websocket_main
    async for raw_message in websocket:
  File "/home/codespace/.python/current/lib/python3.12/site-packages/websockets/asyncio/connection.py", line 244, in __aiter__
    yield await self.recv()
          ^^^^^^^^^^^^^^^^^
  File "/home/codespace/.python/current/lib/python3.12/site-packages/websockets/asyncio/connection.py", line 305, in recv
    return await self.recv_messages.get(decode)
           ^^^^^^^^^^^^^^^^^^^^^^^^^^^^^^^^^^^^
  File "/home/codespace/.python/current/lib/python3.12/site-packages/websockets/asyncio/messages.py", line 158, in get
    frame = await self.frames.get(not self.closed)
            ^^^^^^^^^^^^^^^^^^^^^^^^^^^^^^^^^^^^^^
  File "/home/codespace/.python/current/lib/python3.12/site-packages/websockets/asyncio/messages.py", line 51, in get
    await self.get_waiter
asyncio.exceptions.CancelledError

During handling of the above exception, another exception occurred:

Traceback (most recent call last):
  File "/workspaces/Kalshi_alg/V1.py", line 1870, in <module>
    main()
  File "/workspaces/Kalshi_alg/V1.py", line 1866, in main
    asyncio.run(bot.run())
  File "/home/codespace/.python/current/lib/python3.12/asyncio/runners.py", line 194, in run
    return runner.run(main)
           ^^^^^^^^^^^^^^^^
  File "/home/codespace/.python/current/lib/python3.12/asyncio/runners.py", line 123, in run
    raise KeyboardInterrupt()
KeyboardInterrupt
