
=== START 2026-03-08 06:26:22 ===
CMD: /home/codespace/.python/current/bin/python3 /workspaces/Kalshi_alg/V1.py --ticker KXPGATOP10-ARPIPBM26-SSCH --yes-budget-cents 1000 --no-budget-cents 1000
06:26:23 INFO START | environment=PROD ticker=KXPGATOP10-ARPIPBM26-SSCH yes_budget_cents=1000 no_budget_cents=1000 price_structure=linear_cent fractional_trading=False dry_run=False websocket=wss://api.elections.kalshi.com/trade-api/ws/v2
06:26:23 INFO STARTUP_POSITION | contracts=0.00
06:26:24 INFO WS_CONNECTED_AND_SUBSCRIBED
06:26:24 INFO CREATE_OK | side=yes price_dollars=0.2900 remaining_contracts=34.00 order_id=48eaaf09-a37c-40d2-84e8-488dc04e684e
06:26:24 INFO REQUOTE_ERROR | error=POST /trade-api/v2/portfolio/orders failed 429: {"error":{"code":"too_many_requests","message":"too many requests"}}
Traceback (most recent call last):
  File "/workspaces/Kalshi_alg/V1.py", line 1675, in requote_worker
    await self.ensure_side_quote("no", desired_no_units)
  File "/workspaces/Kalshi_alg/V1.py", line 1437, in ensure_side_quote
    response = await asyncio.to_thread(
               ^^^^^^^^^^^^^^^^^^^^^^^^
  File "/home/codespace/.python/current/lib/python3.12/asyncio/threads.py", line 25, in to_thread
    return await loop.run_in_executor(None, func_call)
           ^^^^^^^^^^^^^^^^^^^^^^^^^^^^^^^^^^^^^^^^^^^
  File "/home/codespace/.python/current/lib/python3.12/concurrent/futures/thread.py", line 58, in run
    result = self.fn(*self.args, **self.kwargs)
             ^^^^^^^^^^^^^^^^^^^^^^^^^^^^^^^^^^
  File "/workspaces/Kalshi_alg/V1.py", line 776, in create_order
    return self.rest_post(f"{self.api_prefix}/portfolio/orders", body)
           ^^^^^^^^^^^^^^^^^^^^^^^^^^^^^^^^^^^^^^^^^^^^^^^^^^^^^^^^^^^
  File "/workspaces/Kalshi_alg/V1.py", line 675, in rest_post
    raise RuntimeError(f"POST {path} failed {response.status_code}: {response.text[:500]}")
RuntimeError: POST /trade-api/v2/portfolio/orders failed 429: {"error":{"code":"too_many_requests","message":"too many requests"}}
06:26:24 INFO REQUOTE_ERROR | error=POST /trade-api/v2/portfolio/orders/48eaaf09-a37c-40d2-84e8-488dc04e684e/amend failed 429: {"error":{"code":"too_many_requests","message":"too many requests"}}
Traceback (most recent call last):
  File "/workspaces/Kalshi_alg/V1.py", line 1674, in requote_worker
    await self.ensure_side_quote("yes", desired_yes_units)
  File "/workspaces/Kalshi_alg/V1.py", line 1468, in ensure_side_quote
    response = await asyncio.to_thread(
               ^^^^^^^^^^^^^^^^^^^^^^^^
  File "/home/codespace/.python/current/lib/python3.12/asyncio/threads.py", line 25, in to_thread
    return await loop.run_in_executor(None, func_call)
           ^^^^^^^^^^^^^^^^^^^^^^^^^^^^^^^^^^^^^^^^^^^
  File "/home/codespace/.python/current/lib/python3.12/concurrent/futures/thread.py", line 58, in run
    result = self.fn(*self.args, **self.kwargs)
             ^^^^^^^^^^^^^^^^^^^^^^^^^^^^^^^^^^
  File "/workspaces/Kalshi_alg/V1.py", line 820, in amend_order
    return self.rest_post(f"{self.api_prefix}/portfolio/orders/{order_id}/amend", body)
           ^^^^^^^^^^^^^^^^^^^^^^^^^^^^^^^^^^^^^^^^^^^^^^^^^^^^^^^^^^^^^^^^^^^^^^^^^^^^
  File "/workspaces/Kalshi_alg/V1.py", line 675, in rest_post
    raise RuntimeError(f"POST {path} failed {response.status_code}: {response.text[:500]}")
RuntimeError: POST /trade-api/v2/portfolio/orders/48eaaf09-a37c-40d2-84e8-488dc04e684e/amend failed 429: {"error":{"code":"too_many_requests","message":"too many requests"}}
06:26:38 INFO QUEUE_POSITION | side=yes order_id=48eaaf09-a37c-40d2-84e8-488dc04e684e ahead_contracts=30.00
06:26:53 INFO QUEUE_POSITION | side=yes order_id=48eaaf09-a37c-40d2-84e8-488dc04e684e ahead_contracts=30.00
06:27:09 INFO QUEUE_POSITION | side=yes order_id=48eaaf09-a37c-40d2-84e8-488dc04e684e ahead_contracts=30.00
06:27:24 INFO ORDER_NOT_RESTING | side=yes status=canceled order_id=48eaaf09-a37c-40d2-84e8-488dc04e684e
06:27:24 INFO QUEUE_POSITION | side=yes order_id=None ahead_contracts=30.00
06:27:24 INFO CREATE_OK | side=yes price_dollars=0.2900 remaining_contracts=34.00 order_id=f31152a7-6f7e-43ae-93b3-e4769dce7a6e
06:27:24 INFO CREATE_OK | side=no price_dollars=0.6700 remaining_contracts=14.00 order_id=72860ce0-e8fb-49c7-8b59-59dcd7605906
06:27:24 INFO AMEND_OK | side=yes price_dollars=0.2800 total_fillable_contracts=35.00 order_id=f31152a7-6f7e-43ae-93b3-e4769dce7a6e
06:27:24 INFO REQUOTE_ERROR | error=POST /trade-api/v2/portfolio/orders/72860ce0-e8fb-49c7-8b59-59dcd7605906/amend failed 429: {"error":{"code":"too_many_requests","message":"too many requests"}}
Traceback (most recent call last):
  File "/workspaces/Kalshi_alg/V1.py", line 1675, in requote_worker
    await self.ensure_side_quote("no", desired_no_units)
  File "/workspaces/Kalshi_alg/V1.py", line 1468, in ensure_side_quote
    response = await asyncio.to_thread(
               ^^^^^^^^^^^^^^^^^^^^^^^^
  File "/home/codespace/.python/current/lib/python3.12/asyncio/threads.py", line 25, in to_thread
    return await loop.run_in_executor(None, func_call)
           ^^^^^^^^^^^^^^^^^^^^^^^^^^^^^^^^^^^^^^^^^^^
  File "/home/codespace/.python/current/lib/python3.12/concurrent/futures/thread.py", line 58, in run
    result = self.fn(*self.args, **self.kwargs)
             ^^^^^^^^^^^^^^^^^^^^^^^^^^^^^^^^^^
  File "/workspaces/Kalshi_alg/V1.py", line 820, in amend_order
    return self.rest_post(f"{self.api_prefix}/portfolio/orders/{order_id}/amend", body)
           ^^^^^^^^^^^^^^^^^^^^^^^^^^^^^^^^^^^^^^^^^^^^^^^^^^^^^^^^^^^^^^^^^^^^^^^^^^^^
  File "/workspaces/Kalshi_alg/V1.py", line 675, in rest_post
    raise RuntimeError(f"POST {path} failed {response.status_code}: {response.text[:500]}")
RuntimeError: POST /trade-api/v2/portfolio/orders/72860ce0-e8fb-49c7-8b59-59dcd7605906/amend failed 429: {"error":{"code":"too_many_requests","message":"too many requests"}}
06:27:24 INFO AMEND_OK | side=no price_dollars=0.6600 total_fillable_contracts=15.00 order_id=72860ce0-e8fb-49c7-8b59-59dcd7605906
06:27:39 INFO QUEUE_POSITION | side=yes order_id=f31152a7-6f7e-43ae-93b3-e4769dce7a6e ahead_contracts=100.00
06:27:39 INFO QUEUE_POSITION | side=no order_id=72860ce0-e8fb-49c7-8b59-59dcd7605906 ahead_contracts=100.00
06:27:54 INFO QUEUE_POSITION | side=yes order_id=f31152a7-6f7e-43ae-93b3-e4769dce7a6e ahead_contracts=100.00
06:27:54 INFO QUEUE_POSITION | side=no order_id=72860ce0-e8fb-49c7-8b59-59dcd7605906 ahead_contracts=100.00
06:28:09 INFO QUEUE_POSITION | side=yes order_id=f31152a7-6f7e-43ae-93b3-e4769dce7a6e ahead_contracts=100.00
06:28:09 INFO QUEUE_POSITION | side=no order_id=72860ce0-e8fb-49c7-8b59-59dcd7605906 ahead_contracts=100.00
06:28:24 INFO ORDER_NOT_RESTING | side=yes status=canceled order_id=f31152a7-6f7e-43ae-93b3-e4769dce7a6e
06:28:24 INFO ORDER_NOT_RESTING | side=no status=canceled order_id=72860ce0-e8fb-49c7-8b59-59dcd7605906
06:28:24 INFO CREATE_OK | side=yes price_dollars=0.2900 remaining_contracts=34.00 order_id=5d7ba3e5-40fb-47a1-bc8a-dfb0a38f5d58
06:28:24 INFO CREATE_OK | side=no price_dollars=0.6600 remaining_contracts=15.00 order_id=9daa6797-b189-46b0-8edb-b4c499447048
06:28:24 INFO AMEND_OK | side=yes price_dollars=0.2800 total_fillable_contracts=35.00 order_id=5d7ba3e5-40fb-47a1-bc8a-dfb0a38f5d58
06:28:24 INFO QUEUE_POSITION | side=yes order_id=5d7ba3e5-40fb-47a1-bc8a-dfb0a38f5d58 ahead_contracts=30.00
06:28:24 INFO QUEUE_POSITION | side=no order_id=9daa6797-b189-46b0-8edb-b4c499447048 ahead_contracts=100.00
06:28:39 INFO QUEUE_POSITION | side=yes order_id=5d7ba3e5-40fb-47a1-bc8a-dfb0a38f5d58 ahead_contracts=100.00
06:28:39 INFO QUEUE_POSITION | side=no order_id=9daa6797-b189-46b0-8edb-b4c499447048 ahead_contracts=100.00
06:28:54 INFO QUEUE_POSITION | side=yes order_id=5d7ba3e5-40fb-47a1-bc8a-dfb0a38f5d58 ahead_contracts=100.00
06:28:54 INFO QUEUE_POSITION | side=no order_id=9daa6797-b189-46b0-8edb-b4c499447048 ahead_contracts=100.00
06:29:09 INFO QUEUE_POSITION | side=yes order_id=5d7ba3e5-40fb-47a1-bc8a-dfb0a38f5d58 ahead_contracts=100.00
06:29:09 INFO QUEUE_POSITION | side=no order_id=9daa6797-b189-46b0-8edb-b4c499447048 ahead_contracts=100.00
06:29:24 INFO ORDER_NOT_RESTING | side=yes status=canceled order_id=5d7ba3e5-40fb-47a1-bc8a-dfb0a38f5d58
06:29:24 INFO ORDER_NOT_RESTING | side=no status=canceled order_id=9daa6797-b189-46b0-8edb-b4c499447048
06:29:24 INFO CREATE_OK | side=yes price_dollars=0.2900 remaining_contracts=34.00 order_id=5287ffc1-c5ad-4f08-b71b-b94c250494fa
06:29:24 INFO CREATE_OK | side=no price_dollars=0.6600 remaining_contracts=15.00 order_id=e4f987ca-8337-48b6-93d1-2d4dca8da8fd
06:29:24 INFO AMEND_OK | side=yes price_dollars=0.2800 total_fillable_contracts=35.00 order_id=5287ffc1-c5ad-4f08-b71b-b94c250494fa
06:29:24 INFO QUEUE_POSITION | side=yes order_id=5287ffc1-c5ad-4f08-b71b-b94c250494fa ahead_contracts=100.00
06:29:24 INFO QUEUE_POSITION | side=no order_id=e4f987ca-8337-48b6-93d1-2d4dca8da8fd ahead_contracts=100.00
06:29:39 INFO QUEUE_POSITION | side=yes order_id=5287ffc1-c5ad-4f08-b71b-b94c250494fa ahead_contracts=100.00
06:29:39 INFO QUEUE_POSITION | side=no order_id=e4f987ca-8337-48b6-93d1-2d4dca8da8fd ahead_contracts=100.00
06:29:54 INFO QUEUE_POSITION | side=yes order_id=5287ffc1-c5ad-4f08-b71b-b94c250494fa ahead_contracts=100.00
06:29:54 INFO QUEUE_POSITION | side=no order_id=e4f987ca-8337-48b6-93d1-2d4dca8da8fd ahead_contracts=100.00
06:30:09 INFO QUEUE_POSITION | side=yes order_id=5287ffc1-c5ad-4f08-b71b-b94c250494fa ahead_contracts=100.00
06:30:09 INFO QUEUE_POSITION | side=no order_id=e4f987ca-8337-48b6-93d1-2d4dca8da8fd ahead_contracts=100.00
06:30:24 INFO ORDER_NOT_RESTING | side=yes status=canceled order_id=5287ffc1-c5ad-4f08-b71b-b94c250494fa
06:30:24 INFO ORDER_NOT_RESTING | side=no status=canceled order_id=e4f987ca-8337-48b6-93d1-2d4dca8da8fd
06:30:24 INFO CREATE_OK | side=yes price_dollars=0.2900 remaining_contracts=34.00 order_id=49b19ae2-4823-4dc6-b5f4-545df6ae9650
06:30:24 INFO CREATE_OK | side=no price_dollars=0.6600 remaining_contracts=15.00 order_id=d3135d68-06aa-477c-a074-53981a30a59a
06:30:24 INFO AMEND_OK | side=yes price_dollars=0.2800 total_fillable_contracts=35.00 order_id=49b19ae2-4823-4dc6-b5f4-545df6ae9650
06:30:24 INFO QUEUE_POSITION | side=yes order_id=49b19ae2-4823-4dc6-b5f4-545df6ae9650 ahead_contracts=100.00
06:30:24 INFO QUEUE_POSITION | side=no order_id=d3135d68-06aa-477c-a074-53981a30a59a ahead_contracts=100.00
06:30:39 INFO QUEUE_POSITION | side=yes order_id=49b19ae2-4823-4dc6-b5f4-545df6ae9650 ahead_contracts=100.00
06:30:39 INFO QUEUE_POSITION | side=no order_id=d3135d68-06aa-477c-a074-53981a30a59a ahead_contracts=100.00
06:30:54 INFO QUEUE_POSITION | side=yes order_id=49b19ae2-4823-4dc6-b5f4-545df6ae9650 ahead_contracts=100.00
06:30:55 INFO QUEUE_POSITION | side=no order_id=d3135d68-06aa-477c-a074-53981a30a59a ahead_contracts=100.00
06:31:10 INFO QUEUE_POSITION | side=yes order_id=49b19ae2-4823-4dc6-b5f4-545df6ae9650 ahead_contracts=100.00
06:31:10 INFO QUEUE_POSITION | side=no order_id=d3135d68-06aa-477c-a074-53981a30a59a ahead_contracts=100.00
06:31:24 INFO ORDER_NOT_RESTING | side=no status=canceled order_id=d3135d68-06aa-477c-a074-53981a30a59a
06:31:24 INFO ORDER_NOT_RESTING | side=yes status=canceled order_id=49b19ae2-4823-4dc6-b5f4-545df6ae9650
06:31:24 INFO CANCEL_SKIPPED_ORDER_MISSING | side=yes reason=refresh_expiring_quote order_id=49b19ae2-4823-4dc6-b5f4-545df6ae9650
06:31:24 INFO CREATE_OK | side=yes price_dollars=0.2800 remaining_contracts=35.00 order_id=47d26193-dfe3-4af8-bf9b-01e6915fb18f
06:31:24 INFO CREATE_OK | side=no price_dollars=0.6700 remaining_contracts=14.00 order_id=fa70141e-58bb-47da-875a-60775109b1e0
06:31:24 INFO AMEND_OK | side=no price_dollars=0.6600 total_fillable_contracts=15.00 order_id=fa70141e-58bb-47da-875a-60775109b1e0
06:31:25 INFO QUEUE_POSITION | side=yes order_id=47d26193-dfe3-4af8-bf9b-01e6915fb18f ahead_contracts=100.00
06:31:25 INFO QUEUE_POSITION | side=no order_id=fa70141e-58bb-47da-875a-60775109b1e0 ahead_contracts=100.00
06:31:40 INFO QUEUE_POSITION | side=yes order_id=47d26193-dfe3-4af8-bf9b-01e6915fb18f ahead_contracts=100.00
06:31:40 INFO QUEUE_POSITION | side=no order_id=fa70141e-58bb-47da-875a-60775109b1e0 ahead_contracts=100.00
06:31:55 INFO QUEUE_POSITION | side=yes order_id=47d26193-dfe3-4af8-bf9b-01e6915fb18f ahead_contracts=100.00
06:31:55 INFO QUEUE_POSITION | side=no order_id=fa70141e-58bb-47da-875a-60775109b1e0 ahead_contracts=100.00
06:32:10 INFO QUEUE_POSITION | side=yes order_id=47d26193-dfe3-4af8-bf9b-01e6915fb18f ahead_contracts=0.00
06:32:10 INFO QUEUE_POSITION | side=no order_id=fa70141e-58bb-47da-875a-60775109b1e0 ahead_contracts=0.00
06:32:24 INFO ORDER_NOT_RESTING | side=yes status=canceled order_id=47d26193-dfe3-4af8-bf9b-01e6915fb18f
06:32:24 INFO ORDER_NOT_RESTING | side=no status=canceled order_id=fa70141e-58bb-47da-875a-60775109b1e0
06:32:24 INFO CREATE_OK | side=yes price_dollars=0.2900 remaining_contracts=34.00 order_id=aa022faf-7a1d-4769-b788-7bf636a1f374
06:32:24 INFO CREATE_OK | side=no price_dollars=0.6600 remaining_contracts=15.00 order_id=6ed441dd-9e9d-4ee8-a1a2-c3381a0fd09e
06:32:24 INFO AMEND_OK | side=yes price_dollars=0.2800 total_fillable_contracts=35.00 order_id=aa022faf-7a1d-4769-b788-7bf636a1f374
06:32:25 INFO QUEUE_POSITION | side=yes order_id=aa022faf-7a1d-4769-b788-7bf636a1f374 ahead_contracts=100.00
06:32:25 INFO QUEUE_POSITION | side=no order_id=6ed441dd-9e9d-4ee8-a1a2-c3381a0fd09e ahead_contracts=100.00
06:32:40 INFO QUEUE_POSITION | side=yes order_id=aa022faf-7a1d-4769-b788-7bf636a1f374 ahead_contracts=100.00
06:32:40 INFO QUEUE_POSITION | side=no order_id=6ed441dd-9e9d-4ee8-a1a2-c3381a0fd09e ahead_contracts=100.00
06:32:55 INFO QUEUE_POSITION | side=yes order_id=aa022faf-7a1d-4769-b788-7bf636a1f374 ahead_contracts=100.00
06:32:55 INFO QUEUE_POSITION | side=no order_id=6ed441dd-9e9d-4ee8-a1a2-c3381a0fd09e ahead_contracts=100.00
06:33:10 INFO QUEUE_POSITION | side=yes order_id=aa022faf-7a1d-4769-b788-7bf636a1f374 ahead_contracts=100.00
06:33:10 INFO QUEUE_POSITION | side=no order_id=6ed441dd-9e9d-4ee8-a1a2-c3381a0fd09e ahead_contracts=100.00
06:33:24 INFO ORDER_NOT_RESTING | side=no status=canceled order_id=6ed441dd-9e9d-4ee8-a1a2-c3381a0fd09e
06:33:24 INFO ORDER_NOT_RESTING | side=yes status=canceled order_id=aa022faf-7a1d-4769-b788-7bf636a1f374
06:33:24 INFO CANCEL_SKIPPED_ORDER_MISSING | side=yes reason=refresh_expiring_quote order_id=aa022faf-7a1d-4769-b788-7bf636a1f374
06:33:24 INFO CREATE_OK | side=yes price_dollars=0.2800 remaining_contracts=35.00 order_id=7ef44074-9809-4fba-b92f-57f0230f263f
06:33:24 INFO CREATE_OK | side=no price_dollars=0.6700 remaining_contracts=14.00 order_id=e9798b0e-a7ab-438a-ac4f-da7f956cf03c
06:33:24 INFO AMEND_OK | side=no price_dollars=0.6600 total_fillable_contracts=15.00 order_id=e9798b0e-a7ab-438a-ac4f-da7f956cf03c
06:33:25 INFO QUEUE_POSITION | side=yes order_id=7ef44074-9809-4fba-b92f-57f0230f263f ahead_contracts=100.00
06:33:25 INFO QUEUE_POSITION | side=no order_id=e9798b0e-a7ab-438a-ac4f-da7f956cf03c ahead_contracts=100.00
06:33:40 INFO QUEUE_POSITION | side=yes order_id=7ef44074-9809-4fba-b92f-57f0230f263f ahead_contracts=100.00
06:33:40 INFO QUEUE_POSITION | side=no order_id=e9798b0e-a7ab-438a-ac4f-da7f956cf03c ahead_contracts=100.00
06:33:55 INFO QUEUE_POSITION | side=yes order_id=7ef44074-9809-4fba-b92f-57f0230f263f ahead_contracts=100.00
06:33:55 INFO QUEUE_POSITION | side=no order_id=e9798b0e-a7ab-438a-ac4f-da7f956cf03c ahead_contracts=100.00
06:34:10 INFO QUEUE_POSITION | side=yes order_id=7ef44074-9809-4fba-b92f-57f0230f263f ahead_contracts=100.00
06:34:10 INFO QUEUE_POSITION | side=no order_id=e9798b0e-a7ab-438a-ac4f-da7f956cf03c ahead_contracts=100.00
06:34:24 INFO ORDER_NOT_RESTING | side=yes status=canceled order_id=7ef44074-9809-4fba-b92f-57f0230f263f
06:34:24 INFO ORDER_NOT_RESTING | side=no status=canceled order_id=e9798b0e-a7ab-438a-ac4f-da7f956cf03c
06:34:24 INFO CREATE_OK | side=yes price_dollars=0.2900 remaining_contracts=34.00 order_id=bb4dd1ce-8925-4cdb-b7a0-6230d3908ba2
06:34:24 INFO CREATE_OK | side=no price_dollars=0.6600 remaining_contracts=15.00 order_id=004cf8ae-ac4d-4f34-8565-3d419afea711
06:34:24 INFO AMEND_OK | side=yes price_dollars=0.2800 total_fillable_contracts=35.00 order_id=bb4dd1ce-8925-4cdb-b7a0-6230d3908ba2
06:34:25 INFO QUEUE_POSITION | side=yes order_id=bb4dd1ce-8925-4cdb-b7a0-6230d3908ba2 ahead_contracts=100.00
06:34:25 INFO QUEUE_POSITION | side=no order_id=004cf8ae-ac4d-4f34-8565-3d419afea711 ahead_contracts=100.00
06:34:40 INFO QUEUE_POSITION | side=yes order_id=bb4dd1ce-8925-4cdb-b7a0-6230d3908ba2 ahead_contracts=100.00
06:34:41 INFO QUEUE_POSITION | side=no order_id=004cf8ae-ac4d-4f34-8565-3d419afea711 ahead_contracts=100.00
06:34:56 INFO QUEUE_POSITION | side=yes order_id=bb4dd1ce-8925-4cdb-b7a0-6230d3908ba2 ahead_contracts=100.00
06:34:56 INFO QUEUE_POSITION | side=no order_id=004cf8ae-ac4d-4f34-8565-3d419afea711 ahead_contracts=100.00
06:35:11 INFO QUEUE_POSITION | side=yes order_id=bb4dd1ce-8925-4cdb-b7a0-6230d3908ba2 ahead_contracts=100.00
06:35:11 INFO QUEUE_POSITION | side=no order_id=004cf8ae-ac4d-4f34-8565-3d419afea711 ahead_contracts=100.00
06:35:24 INFO ORDER_NOT_RESTING | side=no status=canceled order_id=004cf8ae-ac4d-4f34-8565-3d419afea711
06:35:24 INFO ORDER_NOT_RESTING | side=yes status=canceled order_id=bb4dd1ce-8925-4cdb-b7a0-6230d3908ba2
06:35:24 INFO CANCEL_SKIPPED_ORDER_MISSING | side=yes reason=refresh_expiring_quote order_id=bb4dd1ce-8925-4cdb-b7a0-6230d3908ba2
06:35:24 INFO CREATE_OK | side=yes price_dollars=0.2800 remaining_contracts=35.00 order_id=31663264-ba1e-4110-9618-828e936aaa3d
06:35:24 INFO CREATE_OK | side=no price_dollars=0.6700 remaining_contracts=14.00 order_id=ee4246a1-0d4d-4134-89b6-55e0b10f7994
06:35:24 INFO AMEND_OK | side=no price_dollars=0.6600 total_fillable_contracts=15.00 order_id=ee4246a1-0d4d-4134-89b6-55e0b10f7994
06:35:26 INFO QUEUE_POSITION | side=yes order_id=31663264-ba1e-4110-9618-828e936aaa3d ahead_contracts=100.00
06:35:26 INFO QUEUE_POSITION | side=no order_id=ee4246a1-0d4d-4134-89b6-55e0b10f7994 ahead_contracts=100.00
06:35:41 INFO QUEUE_POSITION | side=yes order_id=31663264-ba1e-4110-9618-828e936aaa3d ahead_contracts=100.00
06:35:41 INFO QUEUE_POSITION | side=no order_id=ee4246a1-0d4d-4134-89b6-55e0b10f7994 ahead_contracts=100.00
06:35:56 INFO QUEUE_POSITION | side=yes order_id=31663264-ba1e-4110-9618-828e936aaa3d ahead_contracts=100.00
06:35:56 INFO QUEUE_POSITION | side=no order_id=ee4246a1-0d4d-4134-89b6-55e0b10f7994 ahead_contracts=100.00
06:36:11 INFO QUEUE_POSITION | side=yes order_id=31663264-ba1e-4110-9618-828e936aaa3d ahead_contracts=100.00
06:36:11 INFO QUEUE_POSITION | side=no order_id=ee4246a1-0d4d-4134-89b6-55e0b10f7994 ahead_contracts=100.00
06:36:24 INFO ORDER_NOT_RESTING | side=yes status=canceled order_id=31663264-ba1e-4110-9618-828e936aaa3d
06:36:24 INFO ORDER_NOT_RESTING | side=no status=canceled order_id=ee4246a1-0d4d-4134-89b6-55e0b10f7994
06:36:24 INFO CREATE_OK | side=yes price_dollars=0.2900 remaining_contracts=34.00 order_id=dd286647-f7c3-444c-949c-b67ea85c0750
06:36:24 INFO CREATE_OK | side=no price_dollars=0.6700 remaining_contracts=14.00 order_id=e9ba09c0-3f6c-4752-9a0e-57740305f2a3
06:36:24 INFO AMEND_OK | side=yes price_dollars=0.2800 total_fillable_contracts=35.00 order_id=dd286647-f7c3-444c-949c-b67ea85c0750
06:36:24 INFO AMEND_OK | side=no price_dollars=0.6600 total_fillable_contracts=15.00 order_id=e9ba09c0-3f6c-4752-9a0e-57740305f2a3
06:36:26 INFO QUEUE_POSITION | side=yes order_id=dd286647-f7c3-444c-949c-b67ea85c0750 ahead_contracts=100.00
06:36:26 INFO QUEUE_POSITION | side=no order_id=e9ba09c0-3f6c-4752-9a0e-57740305f2a3 ahead_contracts=100.00
06:36:41 INFO QUEUE_POSITION | side=yes order_id=dd286647-f7c3-444c-949c-b67ea85c0750 ahead_contracts=100.00
06:36:41 INFO QUEUE_POSITION | side=no order_id=e9ba09c0-3f6c-4752-9a0e-57740305f2a3 ahead_contracts=100.00
06:36:56 INFO QUEUE_POSITION | side=yes order_id=dd286647-f7c3-444c-949c-b67ea85c0750 ahead_contracts=100.00
06:36:56 INFO QUEUE_POSITION | side=no order_id=e9ba09c0-3f6c-4752-9a0e-57740305f2a3 ahead_contracts=100.00
06:37:11 INFO QUEUE_POSITION | side=yes order_id=dd286647-f7c3-444c-949c-b67ea85c0750 ahead_contracts=100.00
06:37:11 INFO QUEUE_POSITION | side=no order_id=e9ba09c0-3f6c-4752-9a0e-57740305f2a3 ahead_contracts=100.00
06:37:24 INFO ORDER_NOT_RESTING | side=yes status=canceled order_id=dd286647-f7c3-444c-949c-b67ea85c0750
06:37:24 INFO ORDER_NOT_RESTING | side=no status=canceled order_id=e9ba09c0-3f6c-4752-9a0e-57740305f2a3
06:37:24 INFO CREATE_OK | side=yes price_dollars=0.2900 remaining_contracts=34.00 order_id=1d32f326-036f-438c-bd3b-ffec0e0b1c4b
06:37:24 INFO CREATE_OK | side=no price_dollars=0.6600 remaining_contracts=15.00 order_id=ffa29971-af6f-4fad-8d1d-8447dfd07fd8
06:37:24 INFO AMEND_OK | side=yes price_dollars=0.2800 total_fillable_contracts=35.00 order_id=1d32f326-036f-438c-bd3b-ffec0e0b1c4b
06:37:26 INFO QUEUE_POSITION | side=yes order_id=1d32f326-036f-438c-bd3b-ffec0e0b1c4b ahead_contracts=100.00
06:37:26 INFO QUEUE_POSITION | side=no order_id=ffa29971-af6f-4fad-8d1d-8447dfd07fd8 ahead_contracts=2827.00
06:37:41 INFO QUEUE_POSITION | side=yes order_id=1d32f326-036f-438c-bd3b-ffec0e0b1c4b ahead_contracts=100.00
06:37:41 INFO QUEUE_POSITION | side=no order_id=ffa29971-af6f-4fad-8d1d-8447dfd07fd8 ahead_contracts=2827.00
06:37:56 INFO QUEUE_POSITION | side=yes order_id=1d32f326-036f-438c-bd3b-ffec0e0b1c4b ahead_contracts=100.00
06:37:56 INFO QUEUE_POSITION | side=no order_id=ffa29971-af6f-4fad-8d1d-8447dfd07fd8 ahead_contracts=2827.00
06:38:11 INFO QUEUE_POSITION | side=yes order_id=1d32f326-036f-438c-bd3b-ffec0e0b1c4b ahead_contracts=100.00
06:38:11 INFO QUEUE_POSITION | side=no order_id=ffa29971-af6f-4fad-8d1d-8447dfd07fd8 ahead_contracts=2827.00
06:38:24 INFO ORDER_NOT_RESTING | side=no status=canceled order_id=ffa29971-af6f-4fad-8d1d-8447dfd07fd8
06:38:24 INFO ORDER_NOT_RESTING | side=yes status=canceled order_id=1d32f326-036f-438c-bd3b-ffec0e0b1c4b
06:38:24 INFO CREATE_OK | side=yes price_dollars=0.2900 remaining_contracts=34.00 order_id=e7ebe31f-ef4f-421f-8c0a-4afa10cb5506
06:38:24 INFO CREATE_OK | side=no price_dollars=0.6700 remaining_contracts=14.00 order_id=4492e051-bfa0-41c8-8ea0-c9412d3e4264
06:38:24 INFO AMEND_OK | side=yes price_dollars=0.2800 total_fillable_contracts=35.00 order_id=e7ebe31f-ef4f-421f-8c0a-4afa10cb5506
06:38:24 INFO AMEND_OK | side=no price_dollars=0.6600 total_fillable_contracts=15.00 order_id=4492e051-bfa0-41c8-8ea0-c9412d3e4264
06:38:27 INFO QUEUE_POSITION | side=yes order_id=e7ebe31f-ef4f-421f-8c0a-4afa10cb5506 ahead_contracts=100.00
06:38:27 INFO QUEUE_POSITION | side=no order_id=4492e051-bfa0-41c8-8ea0-c9412d3e4264 ahead_contracts=2827.00
06:38:42 INFO QUEUE_POSITION | side=yes order_id=e7ebe31f-ef4f-421f-8c0a-4afa10cb5506 ahead_contracts=100.00
06:38:42 INFO QUEUE_POSITION | side=no order_id=4492e051-bfa0-41c8-8ea0-c9412d3e4264 ahead_contracts=2827.00
06:38:57 INFO QUEUE_POSITION | side=yes order_id=e7ebe31f-ef4f-421f-8c0a-4afa10cb5506 ahead_contracts=100.00
06:38:57 INFO QUEUE_POSITION | side=no order_id=4492e051-bfa0-41c8-8ea0-c9412d3e4264 ahead_contracts=2827.00
06:39:12 INFO QUEUE_POSITION | side=yes order_id=e7ebe31f-ef4f-421f-8c0a-4afa10cb5506 ahead_contracts=100.00
06:39:12 INFO QUEUE_POSITION | side=no order_id=4492e051-bfa0-41c8-8ea0-c9412d3e4264 ahead_contracts=2827.00
06:39:24 INFO ORDER_NOT_RESTING | side=yes status=canceled order_id=e7ebe31f-ef4f-421f-8c0a-4afa10cb5506
06:39:24 INFO ORDER_NOT_RESTING | side=no status=canceled order_id=4492e051-bfa0-41c8-8ea0-c9412d3e4264
06:39:24 INFO CREATE_OK | side=yes price_dollars=0.2900 remaining_contracts=34.00 order_id=30e5ebde-fdac-4025-bfb1-7c6c8726d131
06:39:24 INFO CREATE_OK | side=no price_dollars=0.6600 remaining_contracts=15.00 order_id=2fb6a523-752f-4b63-b0fa-b1823c440b4c
06:39:24 INFO AMEND_OK | side=yes price_dollars=0.2800 total_fillable_contracts=35.00 order_id=30e5ebde-fdac-4025-bfb1-7c6c8726d131
06:39:27 INFO QUEUE_POSITION | side=yes order_id=30e5ebde-fdac-4025-bfb1-7c6c8726d131 ahead_contracts=100.00
06:39:27 INFO QUEUE_POSITION | side=no order_id=2fb6a523-752f-4b63-b0fa-b1823c440b4c ahead_contracts=2827.00
06:39:42 INFO QUEUE_POSITION | side=yes order_id=30e5ebde-fdac-4025-bfb1-7c6c8726d131 ahead_contracts=100.00
06:39:42 INFO QUEUE_POSITION | side=no order_id=2fb6a523-752f-4b63-b0fa-b1823c440b4c ahead_contracts=2827.00
06:39:57 INFO QUEUE_POSITION | side=yes order_id=30e5ebde-fdac-4025-bfb1-7c6c8726d131 ahead_contracts=100.00
06:39:57 INFO QUEUE_POSITION | side=no order_id=2fb6a523-752f-4b63-b0fa-b1823c440b4c ahead_contracts=2827.00
06:40:12 INFO QUEUE_POSITION | side=yes order_id=30e5ebde-fdac-4025-bfb1-7c6c8726d131 ahead_contracts=100.00
06:40:12 INFO QUEUE_POSITION | side=no order_id=2fb6a523-752f-4b63-b0fa-b1823c440b4c ahead_contracts=2827.00
06:40:24 INFO ORDER_NOT_RESTING | side=no status=canceled order_id=2fb6a523-752f-4b63-b0fa-b1823c440b4c
06:40:24 INFO ORDER_NOT_RESTING | side=yes status=canceled order_id=30e5ebde-fdac-4025-bfb1-7c6c8726d131
06:40:24 INFO CREATE_OK | side=yes price_dollars=0.2900 remaining_contracts=34.00 order_id=a260cbec-852e-4667-b3f4-b04635801101
06:40:24 INFO CREATE_OK | side=no price_dollars=0.6700 remaining_contracts=14.00 order_id=a51a02e1-96d8-4e37-b7b3-90a7b08592d1
06:40:24 INFO AMEND_OK | side=yes price_dollars=0.2800 total_fillable_contracts=35.00 order_id=a260cbec-852e-4667-b3f4-b04635801101
06:40:24 INFO AMEND_OK | side=no price_dollars=0.6600 total_fillable_contracts=15.00 order_id=a51a02e1-96d8-4e37-b7b3-90a7b08592d1
06:40:27 INFO QUEUE_POSITION | side=yes order_id=a260cbec-852e-4667-b3f4-b04635801101 ahead_contracts=100.00
06:40:27 INFO QUEUE_POSITION | side=no order_id=a51a02e1-96d8-4e37-b7b3-90a7b08592d1 ahead_contracts=2827.00
06:40:42 INFO QUEUE_POSITION | side=yes order_id=a260cbec-852e-4667-b3f4-b04635801101 ahead_contracts=100.00
06:40:42 INFO QUEUE_POSITION | side=no order_id=a51a02e1-96d8-4e37-b7b3-90a7b08592d1 ahead_contracts=2827.00
06:40:57 INFO QUEUE_POSITION | side=yes order_id=a260cbec-852e-4667-b3f4-b04635801101 ahead_contracts=100.00
06:40:57 INFO QUEUE_POSITION | side=no order_id=a51a02e1-96d8-4e37-b7b3-90a7b08592d1 ahead_contracts=2827.00
06:41:12 INFO QUEUE_POSITION | side=yes order_id=a260cbec-852e-4667-b3f4-b04635801101 ahead_contracts=100.00
06:41:12 INFO QUEUE_POSITION | side=no order_id=a51a02e1-96d8-4e37-b7b3-90a7b08592d1 ahead_contracts=2827.00
06:41:24 INFO ORDER_NOT_RESTING | side=yes status=canceled order_id=a260cbec-852e-4667-b3f4-b04635801101
06:41:24 INFO ORDER_NOT_RESTING | side=no status=canceled order_id=a51a02e1-96d8-4e37-b7b3-90a7b08592d1
06:41:24 INFO CANCEL_SKIPPED_ORDER_MISSING | side=yes reason=refresh_expiring_quote order_id=a260cbec-852e-4667-b3f4-b04635801101
06:41:24 INFO CREATE_OK | side=yes price_dollars=0.2800 remaining_contracts=35.00 order_id=dca8669d-bdbf-4eba-9413-b922647c8162
06:41:24 INFO CREATE_OK | side=no price_dollars=0.6600 remaining_contracts=15.00 order_id=e6f24048-d036-459e-aae0-f77571d6239f
06:41:27 INFO QUEUE_POSITION | side=yes order_id=dca8669d-bdbf-4eba-9413-b922647c8162 ahead_contracts=100.00
06:41:27 INFO QUEUE_POSITION | side=no order_id=e6f24048-d036-459e-aae0-f77571d6239f ahead_contracts=2827.00
06:41:42 INFO QUEUE_POSITION | side=yes order_id=dca8669d-bdbf-4eba-9413-b922647c8162 ahead_contracts=100.00
06:41:42 INFO QUEUE_POSITION | side=no order_id=e6f24048-d036-459e-aae0-f77571d6239f ahead_contracts=2827.00
06:41:57 INFO QUEUE_POSITION | side=yes order_id=dca8669d-bdbf-4eba-9413-b922647c8162 ahead_contracts=100.00
06:41:58 INFO QUEUE_POSITION | side=no order_id=e6f24048-d036-459e-aae0-f77571d6239f ahead_contracts=2827.00
06:42:13 INFO QUEUE_POSITION | side=yes order_id=dca8669d-bdbf-4eba-9413-b922647c8162 ahead_contracts=100.00
06:42:13 INFO QUEUE_POSITION | side=no order_id=e6f24048-d036-459e-aae0-f77571d6239f ahead_contracts=2827.00
06:42:24 INFO ORDER_NOT_RESTING | side=yes status=canceled order_id=dca8669d-bdbf-4eba-9413-b922647c8162
06:42:24 INFO ORDER_NOT_RESTING | side=no status=canceled order_id=e6f24048-d036-459e-aae0-f77571d6239f
06:42:24 INFO CREATE_OK | side=yes price_dollars=0.2900 remaining_contracts=34.00 order_id=a595aa86-4fba-4b40-8f7d-df36a9ea0c40
06:42:24 INFO CREATE_OK | side=no price_dollars=0.6700 remaining_contracts=14.00 order_id=1017f872-3e1c-4d70-95a8-3e6de1de1ed2
06:42:24 INFO AMEND_OK | side=yes price_dollars=0.2800 total_fillable_contracts=35.00 order_id=a595aa86-4fba-4b40-8f7d-df36a9ea0c40
06:42:24 INFO AMEND_OK | side=no price_dollars=0.6600 total_fillable_contracts=15.00 order_id=1017f872-3e1c-4d70-95a8-3e6de1de1ed2
06:42:28 INFO QUEUE_POSITION | side=yes order_id=a595aa86-4fba-4b40-8f7d-df36a9ea0c40 ahead_contracts=100.00
06:42:28 INFO QUEUE_POSITION | side=no order_id=1017f872-3e1c-4d70-95a8-3e6de1de1ed2 ahead_contracts=2827.00
06:42:43 INFO QUEUE_POSITION | side=yes order_id=a595aa86-4fba-4b40-8f7d-df36a9ea0c40 ahead_contracts=100.00
06:42:43 INFO QUEUE_POSITION | side=no order_id=1017f872-3e1c-4d70-95a8-3e6de1de1ed2 ahead_contracts=2827.00
06:42:58 INFO QUEUE_POSITION | side=yes order_id=a595aa86-4fba-4b40-8f7d-df36a9ea0c40 ahead_contracts=100.00
06:42:58 INFO QUEUE_POSITION | side=no order_id=1017f872-3e1c-4d70-95a8-3e6de1de1ed2 ahead_contracts=2827.00
06:43:13 INFO QUEUE_POSITION | side=yes order_id=a595aa86-4fba-4b40-8f7d-df36a9ea0c40 ahead_contracts=0.00
06:43:13 INFO QUEUE_POSITION | side=no order_id=1017f872-3e1c-4d70-95a8-3e6de1de1ed2 ahead_contracts=2727.00
06:43:24 INFO ORDER_NOT_RESTING | side=yes status=canceled order_id=a595aa86-4fba-4b40-8f7d-df36a9ea0c40
06:43:24 INFO ORDER_NOT_RESTING | side=no status=canceled order_id=1017f872-3e1c-4d70-95a8-3e6de1de1ed2
06:43:24 INFO CREATE_OK | side=yes price_dollars=0.2900 remaining_contracts=34.00 order_id=30063ab0-cc79-48db-a97d-fe346ab80297
06:43:24 INFO CREATE_OK | side=no price_dollars=0.6700 remaining_contracts=14.00 order_id=8a0d39af-2adf-4fea-9bf2-96e751017ca3
06:43:24 INFO AMEND_OK | side=yes price_dollars=0.2800 total_fillable_contracts=35.00 order_id=30063ab0-cc79-48db-a97d-fe346ab80297
06:43:24 INFO AMEND_OK | side=no price_dollars=0.6600 total_fillable_contracts=15.00 order_id=8a0d39af-2adf-4fea-9bf2-96e751017ca3
06:43:28 INFO QUEUE_POSITION | side=yes order_id=30063ab0-cc79-48db-a97d-fe346ab80297 ahead_contracts=100.00
06:43:28 INFO QUEUE_POSITION | side=no order_id=8a0d39af-2adf-4fea-9bf2-96e751017ca3 ahead_contracts=2827.00
06:43:43 INFO QUEUE_POSITION | side=yes order_id=30063ab0-cc79-48db-a97d-fe346ab80297 ahead_contracts=100.00
06:43:43 INFO QUEUE_POSITION | side=no order_id=8a0d39af-2adf-4fea-9bf2-96e751017ca3 ahead_contracts=2827.00
06:43:58 INFO QUEUE_POSITION | side=yes order_id=30063ab0-cc79-48db-a97d-fe346ab80297 ahead_contracts=100.00
06:43:58 INFO QUEUE_POSITION | side=no order_id=8a0d39af-2adf-4fea-9bf2-96e751017ca3 ahead_contracts=2827.00
06:44:13 INFO QUEUE_POSITION | side=yes order_id=30063ab0-cc79-48db-a97d-fe346ab80297 ahead_contracts=100.00
06:44:13 INFO QUEUE_POSITION | side=no order_id=8a0d39af-2adf-4fea-9bf2-96e751017ca3 ahead_contracts=2827.00
06:44:24 INFO ORDER_NOT_RESTING | side=yes status=canceled order_id=30063ab0-cc79-48db-a97d-fe346ab80297
06:44:24 INFO ORDER_NOT_RESTING | side=no status=canceled order_id=8a0d39af-2adf-4fea-9bf2-96e751017ca3
06:44:24 INFO CREATE_OK | side=yes price_dollars=0.2900 remaining_contracts=34.00 order_id=f71a7867-912f-429c-b521-b8463eddb02a
06:44:24 INFO CREATE_OK | side=no price_dollars=0.6600 remaining_contracts=15.00 order_id=a542199c-7d71-438d-ae23-797cb4c118bb
06:44:24 INFO AMEND_OK | side=yes price_dollars=0.2800 total_fillable_contracts=35.00 order_id=f71a7867-912f-429c-b521-b8463eddb02a
06:44:28 INFO QUEUE_POSITION | side=yes order_id=f71a7867-912f-429c-b521-b8463eddb02a ahead_contracts=100.00
06:44:28 INFO QUEUE_POSITION | side=no order_id=a542199c-7d71-438d-ae23-797cb4c118bb ahead_contracts=2827.00
06:44:43 INFO QUEUE_POSITION | side=yes order_id=f71a7867-912f-429c-b521-b8463eddb02a ahead_contracts=100.00
06:44:43 INFO QUEUE_POSITION | side=no order_id=a542199c-7d71-438d-ae23-797cb4c118bb ahead_contracts=2827.00
06:44:58 INFO QUEUE_POSITION | side=yes order_id=f71a7867-912f-429c-b521-b8463eddb02a ahead_contracts=100.00
06:44:58 INFO QUEUE_POSITION | side=no order_id=a542199c-7d71-438d-ae23-797cb4c118bb ahead_contracts=2827.00
06:45:13 INFO QUEUE_POSITION | side=yes order_id=f71a7867-912f-429c-b521-b8463eddb02a ahead_contracts=100.00
06:45:13 INFO QUEUE_POSITION | side=no order_id=a542199c-7d71-438d-ae23-797cb4c118bb ahead_contracts=2827.00
06:45:24 INFO ORDER_NOT_RESTING | side=no status=canceled order_id=a542199c-7d71-438d-ae23-797cb4c118bb
06:45:24 INFO ORDER_NOT_RESTING | side=yes status=canceled order_id=f71a7867-912f-429c-b521-b8463eddb02a
06:45:24 INFO CREATE_OK | side=yes price_dollars=0.2900 remaining_contracts=34.00 order_id=782f1cb4-a0df-4393-880c-03afdc57765d
06:45:24 INFO CREATE_OK | side=no price_dollars=0.6700 remaining_contracts=14.00 order_id=90deda78-2812-413f-8763-7fa2f925e36c
06:45:24 INFO AMEND_OK | side=yes price_dollars=0.2800 total_fillable_contracts=35.00 order_id=782f1cb4-a0df-4393-880c-03afdc57765d
06:45:24 INFO AMEND_OK | side=no price_dollars=0.6600 total_fillable_contracts=15.00 order_id=90deda78-2812-413f-8763-7fa2f925e36c
06:45:28 INFO QUEUE_POSITION | side=yes order_id=782f1cb4-a0df-4393-880c-03afdc57765d ahead_contracts=100.00
06:45:28 INFO QUEUE_POSITION | side=no order_id=90deda78-2812-413f-8763-7fa2f925e36c ahead_contracts=2827.00
06:45:44 INFO QUEUE_POSITION | side=yes order_id=782f1cb4-a0df-4393-880c-03afdc57765d ahead_contracts=100.00
06:45:44 INFO QUEUE_POSITION | side=no order_id=90deda78-2812-413f-8763-7fa2f925e36c ahead_contracts=2827.00
06:45:59 INFO QUEUE_POSITION | side=yes order_id=782f1cb4-a0df-4393-880c-03afdc57765d ahead_contracts=100.00
06:45:59 INFO QUEUE_POSITION | side=no order_id=90deda78-2812-413f-8763-7fa2f925e36c ahead_contracts=2827.00
06:46:14 INFO QUEUE_POSITION | side=yes order_id=782f1cb4-a0df-4393-880c-03afdc57765d ahead_contracts=100.00
06:46:14 INFO QUEUE_POSITION | side=no order_id=90deda78-2812-413f-8763-7fa2f925e36c ahead_contracts=2827.00
06:46:24 INFO ORDER_NOT_RESTING | side=yes status=canceled order_id=782f1cb4-a0df-4393-880c-03afdc57765d
06:46:24 INFO ORDER_NOT_RESTING | side=no status=canceled order_id=90deda78-2812-413f-8763-7fa2f925e36c
06:46:24 INFO CREATE_OK | side=yes price_dollars=0.2900 remaining_contracts=34.00 order_id=9b09bc2f-8149-4986-ac01-f32015b0e65e
06:46:24 INFO CREATE_OK | side=no price_dollars=0.6700 remaining_contracts=14.00 order_id=371a2acd-0a9e-45a0-9484-9dca27dc5067
06:46:24 INFO AMEND_OK | side=yes price_dollars=0.2800 total_fillable_contracts=35.00 order_id=9b09bc2f-8149-4986-ac01-f32015b0e65e
06:46:24 INFO AMEND_OK | side=no price_dollars=0.6600 total_fillable_contracts=15.00 order_id=371a2acd-0a9e-45a0-9484-9dca27dc5067
06:46:29 INFO QUEUE_POSITION | side=yes order_id=9b09bc2f-8149-4986-ac01-f32015b0e65e ahead_contracts=100.00
06:46:29 INFO QUEUE_POSITION | side=no order_id=371a2acd-0a9e-45a0-9484-9dca27dc5067 ahead_contracts=2827.00
06:46:44 INFO QUEUE_POSITION | side=yes order_id=9b09bc2f-8149-4986-ac01-f32015b0e65e ahead_contracts=100.00
06:46:44 INFO QUEUE_POSITION | side=no order_id=371a2acd-0a9e-45a0-9484-9dca27dc5067 ahead_contracts=2827.00
06:46:59 INFO QUEUE_POSITION | side=yes order_id=9b09bc2f-8149-4986-ac01-f32015b0e65e ahead_contracts=100.00
06:46:59 INFO QUEUE_POSITION | side=no order_id=371a2acd-0a9e-45a0-9484-9dca27dc5067 ahead_contracts=2827.00
06:47:14 INFO QUEUE_POSITION | side=yes order_id=9b09bc2f-8149-4986-ac01-f32015b0e65e ahead_contracts=100.00
06:47:14 INFO QUEUE_POSITION | side=no order_id=371a2acd-0a9e-45a0-9484-9dca27dc5067 ahead_contracts=2827.00
06:47:24 INFO ORDER_NOT_RESTING | side=yes status=canceled order_id=9b09bc2f-8149-4986-ac01-f32015b0e65e
06:47:24 INFO ORDER_NOT_RESTING | side=no status=canceled order_id=371a2acd-0a9e-45a0-9484-9dca27dc5067
06:47:24 INFO CREATE_OK | side=yes price_dollars=0.2900 remaining_contracts=34.00 order_id=d8b1a854-bb2f-4af0-943e-a3c78c8f5b53
06:47:24 INFO CREATE_OK | side=no price_dollars=0.6700 remaining_contracts=14.00 order_id=f7b36739-24dd-4ee2-afcf-13dc7a12f981
06:47:24 INFO AMEND_OK | side=yes price_dollars=0.2800 total_fillable_contracts=35.00 order_id=d8b1a854-bb2f-4af0-943e-a3c78c8f5b53
06:47:24 INFO AMEND_OK | side=no price_dollars=0.6600 total_fillable_contracts=15.00 order_id=f7b36739-24dd-4ee2-afcf-13dc7a12f981
06:47:29 INFO QUEUE_POSITION | side=yes order_id=d8b1a854-bb2f-4af0-943e-a3c78c8f5b53 ahead_contracts=100.00
06:47:29 INFO QUEUE_POSITION | side=no order_id=f7b36739-24dd-4ee2-afcf-13dc7a12f981 ahead_contracts=2827.00
06:47:44 INFO QUEUE_POSITION | side=yes order_id=d8b1a854-bb2f-4af0-943e-a3c78c8f5b53 ahead_contracts=100.00
06:47:44 INFO QUEUE_POSITION | side=no order_id=f7b36739-24dd-4ee2-afcf-13dc7a12f981 ahead_contracts=2827.00
06:47:59 INFO QUEUE_POSITION | side=yes order_id=d8b1a854-bb2f-4af0-943e-a3c78c8f5b53 ahead_contracts=100.00
06:47:59 INFO QUEUE_POSITION | side=no order_id=f7b36739-24dd-4ee2-afcf-13dc7a12f981 ahead_contracts=2827.00
06:48:14 INFO QUEUE_POSITION | side=yes order_id=d8b1a854-bb2f-4af0-943e-a3c78c8f5b53 ahead_contracts=100.00
06:48:14 INFO QUEUE_POSITION | side=no order_id=f7b36739-24dd-4ee2-afcf-13dc7a12f981 ahead_contracts=2827.00
06:48:24 INFO ORDER_NOT_RESTING | side=no status=canceled order_id=f7b36739-24dd-4ee2-afcf-13dc7a12f981
06:48:24 INFO ORDER_NOT_RESTING | side=yes status=canceled order_id=d8b1a854-bb2f-4af0-943e-a3c78c8f5b53
06:48:24 INFO CANCEL_SKIPPED_ORDER_MISSING | side=yes reason=refresh_expiring_quote order_id=d8b1a854-bb2f-4af0-943e-a3c78c8f5b53
06:48:24 INFO CREATE_OK | side=yes price_dollars=0.2800 remaining_contracts=35.00 order_id=f16b9416-f36e-4db6-bf2d-d7abddea5c3c
06:48:24 INFO CREATE_OK | side=no price_dollars=0.6700 remaining_contracts=14.00 order_id=7921aa61-df54-4df2-a8e2-67208c95e84e
06:48:24 INFO AMEND_OK | side=no price_dollars=0.6600 total_fillable_contracts=15.00 order_id=7921aa61-df54-4df2-a8e2-67208c95e84e
06:48:29 INFO QUEUE_POSITION | side=yes order_id=f16b9416-f36e-4db6-bf2d-d7abddea5c3c ahead_contracts=100.00
06:48:29 INFO QUEUE_POSITION | side=no order_id=7921aa61-df54-4df2-a8e2-67208c95e84e ahead_contracts=2827.00
06:48:44 INFO QUEUE_POSITION | side=yes order_id=f16b9416-f36e-4db6-bf2d-d7abddea5c3c ahead_contracts=100.00
06:48:44 INFO QUEUE_POSITION | side=no order_id=7921aa61-df54-4df2-a8e2-67208c95e84e ahead_contracts=2827.00
06:48:59 INFO QUEUE_POSITION | side=yes order_id=f16b9416-f36e-4db6-bf2d-d7abddea5c3c ahead_contracts=100.00
06:48:59 INFO QUEUE_POSITION | side=no order_id=7921aa61-df54-4df2-a8e2-67208c95e84e ahead_contracts=2827.00
06:49:14 INFO QUEUE_POSITION | side=yes order_id=f16b9416-f36e-4db6-bf2d-d7abddea5c3c ahead_contracts=100.00
06:49:14 INFO QUEUE_POSITION | side=no order_id=7921aa61-df54-4df2-a8e2-67208c95e84e ahead_contracts=2827.00
06:49:24 INFO ORDER_NOT_RESTING | side=no status=canceled order_id=7921aa61-df54-4df2-a8e2-67208c95e84e
06:49:24 INFO ORDER_NOT_RESTING | side=yes status=canceled order_id=f16b9416-f36e-4db6-bf2d-d7abddea5c3c
06:49:24 INFO CANCEL_SKIPPED_ORDER_MISSING | side=yes reason=refresh_expiring_quote order_id=f16b9416-f36e-4db6-bf2d-d7abddea5c3c
06:49:24 INFO CREATE_OK | side=yes price_dollars=0.2800 remaining_contracts=35.00 order_id=7344494d-b52b-41b8-ac61-68def9ed992b
06:49:24 INFO CREATE_OK | side=no price_dollars=0.6700 remaining_contracts=14.00 order_id=9b26be23-fe1c-4b4c-b394-84ab36cab63d
06:49:24 INFO AMEND_OK | side=no price_dollars=0.6600 total_fillable_contracts=15.00 order_id=9b26be23-fe1c-4b4c-b394-84ab36cab63d
06:49:30 INFO QUEUE_POSITION | side=yes order_id=7344494d-b52b-41b8-ac61-68def9ed992b ahead_contracts=100.00
06:49:30 INFO QUEUE_POSITION | side=no order_id=9b26be23-fe1c-4b4c-b394-84ab36cab63d ahead_contracts=2827.00
06:49:45 INFO QUEUE_POSITION | side=yes order_id=7344494d-b52b-41b8-ac61-68def9ed992b ahead_contracts=100.00
06:49:45 INFO QUEUE_POSITION | side=no order_id=9b26be23-fe1c-4b4c-b394-84ab36cab63d ahead_contracts=2827.00
06:50:00 INFO QUEUE_POSITION | side=yes order_id=7344494d-b52b-41b8-ac61-68def9ed992b ahead_contracts=100.00
06:50:00 INFO QUEUE_POSITION | side=no order_id=9b26be23-fe1c-4b4c-b394-84ab36cab63d ahead_contracts=2827.00
06:50:15 INFO QUEUE_POSITION | side=yes order_id=7344494d-b52b-41b8-ac61-68def9ed992b ahead_contracts=100.00
06:50:15 INFO QUEUE_POSITION | side=no order_id=9b26be23-fe1c-4b4c-b394-84ab36cab63d ahead_contracts=2827.00
06:50:24 INFO ORDER_NOT_RESTING | side=no status=canceled order_id=9b26be23-fe1c-4b4c-b394-84ab36cab63d
06:50:24 INFO ORDER_NOT_RESTING | side=yes status=canceled order_id=7344494d-b52b-41b8-ac61-68def9ed992b
06:50:24 INFO CANCEL_SKIPPED_ORDER_MISSING | side=yes reason=refresh_expiring_quote order_id=7344494d-b52b-41b8-ac61-68def9ed992b
06:50:24 INFO CREATE_OK | side=yes price_dollars=0.2800 remaining_contracts=35.00 order_id=9ebf54a6-d0ee-43ab-9776-91416a10d94a
06:50:24 INFO CREATE_OK | side=no price_dollars=0.6700 remaining_contracts=14.00 order_id=eda857c7-0ecb-4fdc-a000-874876058561
06:50:24 INFO AMEND_OK | side=no price_dollars=0.6600 total_fillable_contracts=15.00 order_id=eda857c7-0ecb-4fdc-a000-874876058561
06:50:30 INFO QUEUE_POSITION | side=yes order_id=9ebf54a6-d0ee-43ab-9776-91416a10d94a ahead_contracts=100.00
06:50:30 INFO QUEUE_POSITION | side=no order_id=eda857c7-0ecb-4fdc-a000-874876058561 ahead_contracts=2827.00
06:50:45 INFO QUEUE_POSITION | side=yes order_id=9ebf54a6-d0ee-43ab-9776-91416a10d94a ahead_contracts=100.00
06:50:45 INFO QUEUE_POSITION | side=no order_id=eda857c7-0ecb-4fdc-a000-874876058561 ahead_contracts=2827.00
06:51:00 INFO QUEUE_POSITION | side=yes order_id=9ebf54a6-d0ee-43ab-9776-91416a10d94a ahead_contracts=100.00
06:51:00 INFO QUEUE_POSITION | side=no order_id=eda857c7-0ecb-4fdc-a000-874876058561 ahead_contracts=2827.00
06:51:15 INFO QUEUE_POSITION | side=yes order_id=9ebf54a6-d0ee-43ab-9776-91416a10d94a ahead_contracts=100.00
06:51:15 INFO QUEUE_POSITION | side=no order_id=eda857c7-0ecb-4fdc-a000-874876058561 ahead_contracts=2827.00
06:51:24 INFO ORDER_NOT_RESTING | side=no status=canceled order_id=eda857c7-0ecb-4fdc-a000-874876058561
06:51:24 INFO ORDER_NOT_RESTING | side=yes status=canceled order_id=9ebf54a6-d0ee-43ab-9776-91416a10d94a
06:51:24 INFO CANCEL_SKIPPED_ORDER_MISSING | side=yes reason=refresh_expiring_quote order_id=9ebf54a6-d0ee-43ab-9776-91416a10d94a
06:51:24 INFO CREATE_OK | side=yes price_dollars=0.2800 remaining_contracts=35.00 order_id=937145d4-f6df-4dad-8da3-27251b4abf23
06:51:24 INFO CREATE_OK | side=no price_dollars=0.6700 remaining_contracts=14.00 order_id=6bbb62c2-47ab-4754-bff9-5475c7e21cd0
06:51:24 INFO AMEND_OK | side=no price_dollars=0.6600 total_fillable_contracts=15.00 order_id=6bbb62c2-47ab-4754-bff9-5475c7e21cd0
06:51:30 INFO QUEUE_POSITION | side=yes order_id=937145d4-f6df-4dad-8da3-27251b4abf23 ahead_contracts=100.00
06:51:30 INFO QUEUE_POSITION | side=no order_id=6bbb62c2-47ab-4754-bff9-5475c7e21cd0 ahead_contracts=2827.00
06:51:45 INFO QUEUE_POSITION | side=yes order_id=937145d4-f6df-4dad-8da3-27251b4abf23 ahead_contracts=100.00
06:51:45 INFO QUEUE_POSITION | side=no order_id=6bbb62c2-47ab-4754-bff9-5475c7e21cd0 ahead_contracts=2827.00
06:52:00 INFO QUEUE_POSITION | side=yes order_id=937145d4-f6df-4dad-8da3-27251b4abf23 ahead_contracts=100.00
06:52:00 INFO QUEUE_POSITION | side=no order_id=6bbb62c2-47ab-4754-bff9-5475c7e21cd0 ahead_contracts=2827.00
06:52:15 INFO QUEUE_POSITION | side=yes order_id=937145d4-f6df-4dad-8da3-27251b4abf23 ahead_contracts=100.00
06:52:15 INFO QUEUE_POSITION | side=no order_id=6bbb62c2-47ab-4754-bff9-5475c7e21cd0 ahead_contracts=2827.00
06:52:24 INFO ORDER_NOT_RESTING | side=no status=canceled order_id=6bbb62c2-47ab-4754-bff9-5475c7e21cd0
06:52:24 INFO ORDER_NOT_RESTING | side=yes status=canceled order_id=937145d4-f6df-4dad-8da3-27251b4abf23
06:52:24 INFO CANCEL_SKIPPED_ORDER_MISSING | side=yes reason=refresh_expiring_quote order_id=937145d4-f6df-4dad-8da3-27251b4abf23
06:52:24 INFO CREATE_OK | side=yes price_dollars=0.2800 remaining_contracts=35.00 order_id=6a959c6b-9a2b-479a-b952-56ac487e4c08
06:52:24 INFO CREATE_OK | side=no price_dollars=0.6700 remaining_contracts=14.00 order_id=e41c3564-4ab7-4435-813a-2046d7c121ab
06:52:24 INFO AMEND_OK | side=no price_dollars=0.6600 total_fillable_contracts=15.00 order_id=e41c3564-4ab7-4435-813a-2046d7c121ab
06:52:30 INFO QUEUE_POSITION | side=yes order_id=6a959c6b-9a2b-479a-b952-56ac487e4c08 ahead_contracts=100.00
06:52:30 INFO QUEUE_POSITION | side=no order_id=e41c3564-4ab7-4435-813a-2046d7c121ab ahead_contracts=2827.00
06:52:45 INFO QUEUE_POSITION | side=yes order_id=6a959c6b-9a2b-479a-b952-56ac487e4c08 ahead_contracts=100.00
06:52:45 INFO QUEUE_POSITION | side=no order_id=e41c3564-4ab7-4435-813a-2046d7c121ab ahead_contracts=2827.00
06:53:00 INFO QUEUE_POSITION | side=yes order_id=6a959c6b-9a2b-479a-b952-56ac487e4c08 ahead_contracts=100.00
06:53:00 INFO QUEUE_POSITION | side=no order_id=e41c3564-4ab7-4435-813a-2046d7c121ab ahead_contracts=2827.00
06:53:16 INFO QUEUE_POSITION | side=yes order_id=6a959c6b-9a2b-479a-b952-56ac487e4c08 ahead_contracts=100.00
06:53:16 INFO QUEUE_POSITION | side=no order_id=e41c3564-4ab7-4435-813a-2046d7c121ab ahead_contracts=2827.00
06:53:24 INFO ORDER_NOT_RESTING | side=no status=canceled order_id=e41c3564-4ab7-4435-813a-2046d7c121ab
06:53:24 INFO ORDER_NOT_RESTING | side=yes status=canceled order_id=6a959c6b-9a2b-479a-b952-56ac487e4c08
06:53:24 INFO CANCEL_SKIPPED_ORDER_MISSING | side=yes reason=refresh_expiring_quote order_id=6a959c6b-9a2b-479a-b952-56ac487e4c08
06:53:24 INFO CREATE_OK | side=yes price_dollars=0.2800 remaining_contracts=35.00 order_id=c35625e0-9651-48f9-b3c0-2f990f218f7e
06:53:24 INFO CREATE_OK | side=no price_dollars=0.6700 remaining_contracts=14.00 order_id=6e726e6f-2cd1-422d-a2b9-b27f9a7cfe94
06:53:24 INFO AMEND_OK | side=no price_dollars=0.6600 total_fillable_contracts=15.00 order_id=6e726e6f-2cd1-422d-a2b9-b27f9a7cfe94
06:53:31 INFO QUEUE_POSITION | side=yes order_id=c35625e0-9651-48f9-b3c0-2f990f218f7e ahead_contracts=100.00
06:53:31 INFO QUEUE_POSITION | side=no order_id=6e726e6f-2cd1-422d-a2b9-b27f9a7cfe94 ahead_contracts=2827.00
06:53:46 INFO QUEUE_POSITION | side=yes order_id=c35625e0-9651-48f9-b3c0-2f990f218f7e ahead_contracts=100.00
06:53:46 INFO QUEUE_POSITION | side=no order_id=6e726e6f-2cd1-422d-a2b9-b27f9a7cfe94 ahead_contracts=2827.00
06:54:01 INFO QUEUE_POSITION | side=yes order_id=c35625e0-9651-48f9-b3c0-2f990f218f7e ahead_contracts=100.00
06:54:01 INFO QUEUE_POSITION | side=no order_id=6e726e6f-2cd1-422d-a2b9-b27f9a7cfe94 ahead_contracts=2827.00
06:54:16 INFO QUEUE_POSITION | side=yes order_id=c35625e0-9651-48f9-b3c0-2f990f218f7e ahead_contracts=100.00
06:54:16 INFO QUEUE_POSITION | side=no order_id=6e726e6f-2cd1-422d-a2b9-b27f9a7cfe94 ahead_contracts=2827.00
06:54:24 INFO ORDER_NOT_RESTING | side=no status=canceled order_id=6e726e6f-2cd1-422d-a2b9-b27f9a7cfe94
06:54:24 INFO ORDER_NOT_RESTING | side=yes status=canceled order_id=c35625e0-9651-48f9-b3c0-2f990f218f7e
06:54:24 INFO CREATE_OK | side=yes price_dollars=0.2900 remaining_contracts=34.00 order_id=366e35be-4986-40a6-b5cd-c05273491bc5
06:54:24 INFO CREATE_OK | side=no price_dollars=0.6700 remaining_contracts=14.00 order_id=737695c3-169b-4916-b617-cef028a45363
06:54:24 INFO AMEND_OK | side=yes price_dollars=0.2800 total_fillable_contracts=35.00 order_id=366e35be-4986-40a6-b5cd-c05273491bc5
06:54:24 INFO AMEND_OK | side=no price_dollars=0.6600 total_fillable_contracts=15.00 order_id=737695c3-169b-4916-b617-cef028a45363
06:54:31 INFO QUEUE_POSITION | side=yes order_id=366e35be-4986-40a6-b5cd-c05273491bc5 ahead_contracts=100.00
06:54:31 INFO QUEUE_POSITION | side=no order_id=737695c3-169b-4916-b617-cef028a45363 ahead_contracts=2827.00
06:54:46 INFO QUEUE_POSITION | side=yes order_id=366e35be-4986-40a6-b5cd-c05273491bc5 ahead_contracts=100.00
06:54:46 INFO QUEUE_POSITION | side=no order_id=737695c3-169b-4916-b617-cef028a45363 ahead_contracts=2827.00
06:55:01 INFO QUEUE_POSITION | side=yes order_id=366e35be-4986-40a6-b5cd-c05273491bc5 ahead_contracts=100.00
06:55:01 INFO QUEUE_POSITION | side=no order_id=737695c3-169b-4916-b617-cef028a45363 ahead_contracts=2827.00
06:55:16 INFO QUEUE_POSITION | side=yes order_id=366e35be-4986-40a6-b5cd-c05273491bc5 ahead_contracts=100.00
06:55:16 INFO QUEUE_POSITION | side=no order_id=737695c3-169b-4916-b617-cef028a45363 ahead_contracts=2827.00
06:55:24 INFO ORDER_NOT_RESTING | side=yes status=canceled order_id=366e35be-4986-40a6-b5cd-c05273491bc5
06:55:24 INFO ORDER_NOT_RESTING | side=no status=canceled order_id=737695c3-169b-4916-b617-cef028a45363
06:55:24 INFO CREATE_OK | side=yes price_dollars=0.2900 remaining_contracts=34.00 order_id=4a9940e8-f0a7-49e8-be30-b5901d57256d
06:55:24 INFO CREATE_OK | side=no price_dollars=0.6600 remaining_contracts=15.00 order_id=fd8e9568-42fb-4931-b38d-d1ef7802bf8e
06:55:24 INFO AMEND_OK | side=yes price_dollars=0.2800 total_fillable_contracts=35.00 order_id=4a9940e8-f0a7-49e8-be30-b5901d57256d
06:55:31 INFO QUEUE_POSITION | side=yes order_id=4a9940e8-f0a7-49e8-be30-b5901d57256d ahead_contracts=100.00
06:55:31 INFO QUEUE_POSITION | side=no order_id=fd8e9568-42fb-4931-b38d-d1ef7802bf8e ahead_contracts=2827.00
06:55:46 INFO QUEUE_POSITION | side=yes order_id=4a9940e8-f0a7-49e8-be30-b5901d57256d ahead_contracts=100.00
06:55:46 INFO QUEUE_POSITION | side=no order_id=fd8e9568-42fb-4931-b38d-d1ef7802bf8e ahead_contracts=2827.00
