
=== START 2026-03-08 04:38:40 ===
CMD: /home/codespace/.python/current/bin/python3 /workspaces/Kalshi_alg/V1.py --ticker KXSNLMENTION-26MAR08-NEW --yes-budget-cents 1000 --no-budget-cents 1000
04:38:43 INFO START | environment=PROD ticker=KXSNLMENTION-26MAR08-NEW yes_budget_cents=1000 no_budget_cents=1000 price_structure=linear_cent fractional_trading=False dry_run=False websocket=wss://api.elections.kalshi.com/trade-api/ws/v2
04:38:43 INFO STARTUP_POSITION | contracts=0.00
04:38:44 INFO WS_CONNECTED_AND_SUBSCRIBED
04:38:44 INFO CREATE_OK | side=yes price_dollars=0.5000 remaining_contracts=19.00 order_id=479f760e-6fc6-4919-a868-e6a40ebc33dd
04:38:44 INFO REQUOTE_ERROR | error=POST /trade-api/v2/portfolio/orders failed 429: {"error":{"code":"too_many_requests","message":"too many requests"}}
Traceback (most recent call last):
  File "/workspaces/Kalshi_alg/V1.py", line 1675, in requote_worker
    await self.ensure_side_quote("no", desired_no_units)
  File "/workspaces/Kalshi_alg/V1.py", line 1437, in ensure_side_quote
    response = await asyncio.to_thread(
               ^^^^^^^^^^^^^^^^^^^^^^^^
  File "/home/codespace/.python/current/lib/python3.12/asyncio/threads.py", line 25, in to_thread
    return await loop.run_in_executor(None, func_call)
           ^^^^^^^^^^^^^^^^^^^^^^^^^^^^^^^^^^^^^^^^^^^
  File "/home/codespace/.python/current/lib/python3.12/concurrent/futures/thread.py", line 58, in run
    result = self.fn(*self.args, **self.kwargs)
             ^^^^^^^^^^^^^^^^^^^^^^^^^^^^^^^^^^
  File "/workspaces/Kalshi_alg/V1.py", line 776, in create_order
    return self.rest_post(f"{self.api_prefix}/portfolio/orders", body)
           ^^^^^^^^^^^^^^^^^^^^^^^^^^^^^^^^^^^^^^^^^^^^^^^^^^^^^^^^^^^
  File "/workspaces/Kalshi_alg/V1.py", line 675, in rest_post
    raise RuntimeError(f"POST {path} failed {response.status_code}: {response.text[:500]}")
RuntimeError: POST /trade-api/v2/portfolio/orders failed 429: {"error":{"code":"too_many_requests","message":"too many requests"}}
04:38:44 INFO REQUOTE_ERROR | error=POST /trade-api/v2/portfolio/orders/479f760e-6fc6-4919-a868-e6a40ebc33dd/amend failed 429: {"error":{"code":"too_many_requests","message":"too many requests"}}
Traceback (most recent call last):
  File "/workspaces/Kalshi_alg/V1.py", line 1674, in requote_worker
    await self.ensure_side_quote("yes", desired_yes_units)
  File "/workspaces/Kalshi_alg/V1.py", line 1468, in ensure_side_quote
    response = await asyncio.to_thread(
               ^^^^^^^^^^^^^^^^^^^^^^^^
  File "/home/codespace/.python/current/lib/python3.12/asyncio/threads.py", line 25, in to_thread
    return await loop.run_in_executor(None, func_call)
           ^^^^^^^^^^^^^^^^^^^^^^^^^^^^^^^^^^^^^^^^^^^
  File "/home/codespace/.python/current/lib/python3.12/concurrent/futures/thread.py", line 58, in run
    result = self.fn(*self.args, **self.kwargs)
             ^^^^^^^^^^^^^^^^^^^^^^^^^^^^^^^^^^
  File "/workspaces/Kalshi_alg/V1.py", line 820, in amend_order
    return self.rest_post(f"{self.api_prefix}/portfolio/orders/{order_id}/amend", body)
           ^^^^^^^^^^^^^^^^^^^^^^^^^^^^^^^^^^^^^^^^^^^^^^^^^^^^^^^^^^^^^^^^^^^^^^^^^^^^
  File "/workspaces/Kalshi_alg/V1.py", line 675, in rest_post
    raise RuntimeError(f"POST {path} failed {response.status_code}: {response.text[:500]}")
RuntimeError: POST /trade-api/v2/portfolio/orders/479f760e-6fc6-4919-a868-e6a40ebc33dd/amend failed 429: {"error":{"code":"too_many_requests","message":"too many requests"}}
04:38:44 INFO REQUOTE_ERROR | error=POST /trade-api/v2/portfolio/orders/479f760e-6fc6-4919-a868-e6a40ebc33dd/amend failed 429: {"error":{"code":"too_many_requests","message":"too many requests"}}
Traceback (most recent call last):
  File "/workspaces/Kalshi_alg/V1.py", line 1674, in requote_worker
    await self.ensure_side_quote("yes", desired_yes_units)
  File "/workspaces/Kalshi_alg/V1.py", line 1468, in ensure_side_quote
    response = await asyncio.to_thread(
               ^^^^^^^^^^^^^^^^^^^^^^^^
  File "/home/codespace/.python/current/lib/python3.12/asyncio/threads.py", line 25, in to_thread
    return await loop.run_in_executor(None, func_call)
           ^^^^^^^^^^^^^^^^^^^^^^^^^^^^^^^^^^^^^^^^^^^
  File "/home/codespace/.python/current/lib/python3.12/concurrent/futures/thread.py", line 58, in run
    result = self.fn(*self.args, **self.kwargs)
             ^^^^^^^^^^^^^^^^^^^^^^^^^^^^^^^^^^
  File "/workspaces/Kalshi_alg/V1.py", line 820, in amend_order
    return self.rest_post(f"{self.api_prefix}/portfolio/orders/{order_id}/amend", body)
           ^^^^^^^^^^^^^^^^^^^^^^^^^^^^^^^^^^^^^^^^^^^^^^^^^^^^^^^^^^^^^^^^^^^^^^^^^^^^
  File "/workspaces/Kalshi_alg/V1.py", line 675, in rest_post
    raise RuntimeError(f"POST {path} failed {response.status_code}: {response.text[:500]}")
RuntimeError: POST /trade-api/v2/portfolio/orders/479f760e-6fc6-4919-a868-e6a40ebc33dd/amend failed 429: {"error":{"code":"too_many_requests","message":"too many requests"}}
04:38:44 INFO AMEND_OK | side=yes price_dollars=0.4900 total_fillable_contracts=20.00 order_id=479f760e-6fc6-4919-a868-e6a40ebc33dd
04:38:44 INFO CREATE_OK | side=no price_dollars=0.3700 remaining_contracts=26.00 order_id=d12d32ac-2e98-46b2-ac4d-6bbeaac5c195
04:38:45 INFO AMEND_OK | side=no price_dollars=0.3300 total_fillable_contracts=30.00 order_id=d12d32ac-2e98-46b2-ac4d-6bbeaac5c195
04:38:47 INFO AMEND_OK | side=no price_dollars=0.3400 total_fillable_contracts=29.00 order_id=d12d32ac-2e98-46b2-ac4d-6bbeaac5c195
04:38:48 INFO AMEND_OK | side=no price_dollars=0.3500 total_fillable_contracts=28.00 order_id=d12d32ac-2e98-46b2-ac4d-6bbeaac5c195
04:38:50 INFO AMEND_OK | side=no price_dollars=0.3400 total_fillable_contracts=29.00 order_id=d12d32ac-2e98-46b2-ac4d-6bbeaac5c195
04:38:50 INFO REQUOTE_ERROR | error=POST /trade-api/v2/portfolio/orders/d12d32ac-2e98-46b2-ac4d-6bbeaac5c195/amend failed 429: {"error":{"code":"too_many_requests","message":"too many requests"}}
Traceback (most recent call last):
  File "/workspaces/Kalshi_alg/V1.py", line 1675, in requote_worker
    await self.ensure_side_quote("no", desired_no_units)
  File "/workspaces/Kalshi_alg/V1.py", line 1468, in ensure_side_quote
    response = await asyncio.to_thread(
               ^^^^^^^^^^^^^^^^^^^^^^^^
  File "/home/codespace/.python/current/lib/python3.12/asyncio/threads.py", line 25, in to_thread
    return await loop.run_in_executor(None, func_call)
           ^^^^^^^^^^^^^^^^^^^^^^^^^^^^^^^^^^^^^^^^^^^
  File "/home/codespace/.python/current/lib/python3.12/concurrent/futures/thread.py", line 58, in run
    result = self.fn(*self.args, **self.kwargs)
             ^^^^^^^^^^^^^^^^^^^^^^^^^^^^^^^^^^
  File "/workspaces/Kalshi_alg/V1.py", line 820, in amend_order
    return self.rest_post(f"{self.api_prefix}/portfolio/orders/{order_id}/amend", body)
           ^^^^^^^^^^^^^^^^^^^^^^^^^^^^^^^^^^^^^^^^^^^^^^^^^^^^^^^^^^^^^^^^^^^^^^^^^^^^
  File "/workspaces/Kalshi_alg/V1.py", line 675, in rest_post
    raise RuntimeError(f"POST {path} failed {response.status_code}: {response.text[:500]}")
RuntimeError: POST /trade-api/v2/portfolio/orders/d12d32ac-2e98-46b2-ac4d-6bbeaac5c195/amend failed 429: {"error":{"code":"too_many_requests","message":"too many requests"}}
04:38:50 INFO AMEND_OK | side=no price_dollars=0.3500 total_fillable_contracts=28.00 order_id=d12d32ac-2e98-46b2-ac4d-6bbeaac5c195
04:38:51 INFO AMEND_OK | side=no price_dollars=0.3100 total_fillable_contracts=32.00 order_id=d12d32ac-2e98-46b2-ac4d-6bbeaac5c195
04:38:51 INFO AMEND_OK | side=no price_dollars=0.3200 total_fillable_contracts=31.00 order_id=d12d32ac-2e98-46b2-ac4d-6bbeaac5c195
04:38:52 INFO REQUOTE_ERROR | error=POST /trade-api/v2/portfolio/orders/d12d32ac-2e98-46b2-ac4d-6bbeaac5c195/amend failed 429: {"error":{"code":"too_many_requests","message":"too many requests"}}
Traceback (most recent call last):
  File "/workspaces/Kalshi_alg/V1.py", line 1675, in requote_worker
    await self.ensure_side_quote("no", desired_no_units)
  File "/workspaces/Kalshi_alg/V1.py", line 1468, in ensure_side_quote
    response = await asyncio.to_thread(
               ^^^^^^^^^^^^^^^^^^^^^^^^
  File "/home/codespace/.python/current/lib/python3.12/asyncio/threads.py", line 25, in to_thread
    return await loop.run_in_executor(None, func_call)
           ^^^^^^^^^^^^^^^^^^^^^^^^^^^^^^^^^^^^^^^^^^^
  File "/home/codespace/.python/current/lib/python3.12/concurrent/futures/thread.py", line 58, in run
    result = self.fn(*self.args, **self.kwargs)
             ^^^^^^^^^^^^^^^^^^^^^^^^^^^^^^^^^^
  File "/workspaces/Kalshi_alg/V1.py", line 820, in amend_order
    return self.rest_post(f"{self.api_prefix}/portfolio/orders/{order_id}/amend", body)
           ^^^^^^^^^^^^^^^^^^^^^^^^^^^^^^^^^^^^^^^^^^^^^^^^^^^^^^^^^^^^^^^^^^^^^^^^^^^^
  File "/workspaces/Kalshi_alg/V1.py", line 675, in rest_post
    raise RuntimeError(f"POST {path} failed {response.status_code}: {response.text[:500]}")
RuntimeError: POST /trade-api/v2/portfolio/orders/d12d32ac-2e98-46b2-ac4d-6bbeaac5c195/amend failed 429: {"error":{"code":"too_many_requests","message":"too many requests"}}
04:38:52 INFO AMEND_OK | side=no price_dollars=0.3300 total_fillable_contracts=30.00 order_id=d12d32ac-2e98-46b2-ac4d-6bbeaac5c195
04:38:59 INFO QUEUE_POSITION | side=yes order_id=479f760e-6fc6-4919-a868-e6a40ebc33dd ahead_contracts=72.00
04:38:59 INFO QUEUE_POSITION | side=no order_id=d12d32ac-2e98-46b2-ac4d-6bbeaac5c195 ahead_contracts=43.00
04:39:14 INFO ORDER_NOT_RESTING | side=no status=executed order_id=d12d32ac-2e98-46b2-ac4d-6bbeaac5c195
04:39:14 INFO STALE_ORDER_RECOVER | side=no order_id=None
04:39:14 INFO CREATE_OK | side=no price_dollars=0.3200 remaining_contracts=31.00 order_id=5fc71a4a-9afb-4b3b-993b-b377fc34c9b3
04:39:14 INFO QUEUE_POSITION | side=yes order_id=479f760e-6fc6-4919-a868-e6a40ebc33dd ahead_contracts=72.00
04:39:14 INFO QUEUE_POSITION | side=no order_id=5fc71a4a-9afb-4b3b-993b-b377fc34c9b3 ahead_contracts=0.00
04:39:14 INFO AMEND_OK | side=yes price_dollars=0.5100 total_fillable_contracts=19.00 order_id=479f760e-6fc6-4919-a868-e6a40ebc33dd
04:39:14 INFO AMEND_OK | side=no price_dollars=0.3000 total_fillable_contracts=33.00 order_id=5fc71a4a-9afb-4b3b-993b-b377fc34c9b3
04:39:14 INFO AMEND_OK | side=yes price_dollars=0.5000 total_fillable_contracts=19.00 order_id=479f760e-6fc6-4919-a868-e6a40ebc33dd
04:39:14 INFO AMEND_OK | side=yes price_dollars=0.5100 total_fillable_contracts=19.00 order_id=479f760e-6fc6-4919-a868-e6a40ebc33dd
04:39:14 INFO AMEND_OK | side=yes price_dollars=0.5200 total_fillable_contracts=19.00 order_id=479f760e-6fc6-4919-a868-e6a40ebc33dd
04:39:14 INFO AMEND_OK | side=no price_dollars=0.2600 total_fillable_contracts=38.00 order_id=5fc71a4a-9afb-4b3b-993b-b377fc34c9b3
04:39:15 INFO AMEND_OK | side=yes price_dollars=0.5300 total_fillable_contracts=18.00 order_id=479f760e-6fc6-4919-a868-e6a40ebc33dd
04:39:15 INFO ORDER_NOT_RESTING | side=no status=executed order_id=5fc71a4a-9afb-4b3b-993b-b377fc34c9b3
04:39:15 INFO AMEND_OK | side=yes price_dollars=0.5400 total_fillable_contracts=18.00 order_id=479f760e-6fc6-4919-a868-e6a40ebc33dd
04:39:15 INFO POST_ONLY_RETRY | side=no attempt=1 old_price_dollars=0.2600 next_price_dollars=0.2500
04:39:15 INFO ORDER_NOT_RESTING | side=no status=canceled order_id=6d376b3e-4596-45b6-8542-79e1cb8ae57c
04:39:15 INFO POST_ONLY_RETRY | side=no attempt=2 old_price_dollars=0.2500 next_price_dollars=0.2400
04:39:15 INFO ORDER_NOT_RESTING | side=no status=canceled order_id=367dd2e3-1218-497e-bc73-ac8b6481f0d1
04:39:15 INFO POST_ONLY_RETRY | side=no attempt=3 old_price_dollars=0.2400 next_price_dollars=0.2300
04:39:15 INFO POST_ONLY_COOLDOWN | side=no seconds=1.5
04:39:15 INFO ORDER_NOT_RESTING | side=no status=canceled order_id=38f3cc77-f406-4459-9005-feb2a45b321d
04:39:17 INFO CANCEL_REQUESTED | side=yes reason=quote_disabled order_id=479f760e-6fc6-4919-a868-e6a40ebc33dd
04:39:17 INFO ORDER_NOT_RESTING | side=yes status=canceled order_id=479f760e-6fc6-4919-a868-e6a40ebc33dd
