
=== START 2026-03-08 02:39:08 ===
CMD: /home/codespace/.python/current/bin/python3 /workspaces/Kalshi_alg/V1.py --ticker KXUFCDISTANCE-26MAR07DOBJOH-DIST --yes-budget-cents 500 --no-budget-cents 500
02:39:09 INFO START | environment=PROD ticker=KXUFCDISTANCE-26MAR07DOBJOH-DIST yes_budget_cents=500 no_budget_cents=500 price_structure=linear_cent fractional_trading=False dry_run=False websocket=wss://api.elections.kalshi.com/trade-api/ws/v2
02:39:09 INFO STARTUP_POSITION | contracts=0.00
02:39:09 INFO WS_CONNECTED_AND_SUBSCRIBED
02:39:09 INFO CREATE_OK | side=yes price_dollars=0.3900 remaining_contracts=12.00 order_id=08300fb2-645e-4d24-8bb4-4bf91bae3cf8
02:39:09 INFO CREATE_OK | side=no price_dollars=0.5800 remaining_contracts=8.00 order_id=665b2a3a-66b1-44a9-83cd-16ee512f13fc
02:39:09 INFO AMEND_OK | side=yes price_dollars=0.3800 total_fillable_contracts=13.00 order_id=08300fb2-645e-4d24-8bb4-4bf91bae3cf8
02:39:09 INFO AMEND_OK | side=no price_dollars=0.5700 total_fillable_contracts=8.00 order_id=665b2a3a-66b1-44a9-83cd-16ee512f13fc
02:39:10 INFO AMEND_OK | side=no price_dollars=0.5600 total_fillable_contracts=8.00 order_id=665b2a3a-66b1-44a9-83cd-16ee512f13fc
02:39:11 INFO AMEND_OK | side=yes price_dollars=0.3400 total_fillable_contracts=14.00 order_id=08300fb2-645e-4d24-8bb4-4bf91bae3cf8
02:39:14 INFO AMEND_OK | side=no price_dollars=0.5700 total_fillable_contracts=8.00 order_id=665b2a3a-66b1-44a9-83cd-16ee512f13fc
02:39:15 INFO AMEND_OK | side=no price_dollars=0.5800 total_fillable_contracts=8.00 order_id=665b2a3a-66b1-44a9-83cd-16ee512f13fc
02:39:20 INFO ORDER_NOT_RESTING | side=yes status=executed order_id=08300fb2-645e-4d24-8bb4-4bf91bae3cf8
02:39:20 INFO CREATE_OK | side=yes price_dollars=0.2800 remaining_contracts=17.00 order_id=20c54feb-2172-4b87-96e9-12b3e3598700
02:39:21 INFO AMEND_OK | side=no price_dollars=0.5900 total_fillable_contracts=8.00 order_id=665b2a3a-66b1-44a9-83cd-16ee512f13fc
02:39:21 INFO AMEND_OK | side=yes price_dollars=0.3500 total_fillable_contracts=14.00 order_id=20c54feb-2172-4b87-96e9-12b3e3598700
02:39:21 INFO AMEND_OK | side=no price_dollars=0.5800 total_fillable_contracts=8.00 order_id=665b2a3a-66b1-44a9-83cd-16ee512f13fc
02:39:21 INFO AMEND_OK | side=no price_dollars=0.5900 total_fillable_contracts=8.00 order_id=665b2a3a-66b1-44a9-83cd-16ee512f13fc
02:39:22 INFO AMEND_OK | side=no price_dollars=0.5700 total_fillable_contracts=8.00 order_id=665b2a3a-66b1-44a9-83cd-16ee512f13fc
02:39:22 INFO AMEND_OK | side=no price_dollars=0.5800 total_fillable_contracts=8.00 order_id=665b2a3a-66b1-44a9-83cd-16ee512f13fc
02:39:24 INFO QUEUE_POSITION | side=yes order_id=20c54feb-2172-4b87-96e9-12b3e3598700 ahead_contracts=0.00
02:39:24 INFO QUEUE_POSITION | side=no order_id=665b2a3a-66b1-44a9-83cd-16ee512f13fc ahead_contracts=266.00
02:39:25 INFO AMEND_OK | side=no price_dollars=0.5900 total_fillable_contracts=8.00 order_id=665b2a3a-66b1-44a9-83cd-16ee512f13fc
02:39:27 INFO AMEND_OK | side=no price_dollars=0.5800 total_fillable_contracts=8.00 order_id=665b2a3a-66b1-44a9-83cd-16ee512f13fc
02:39:27 INFO AMEND_OK | side=yes price_dollars=0.3600 total_fillable_contracts=13.00 order_id=20c54feb-2172-4b87-96e9-12b3e3598700
02:39:27 INFO AMEND_OK | side=yes price_dollars=0.3700 total_fillable_contracts=13.00 order_id=20c54feb-2172-4b87-96e9-12b3e3598700
02:39:27 INFO AMEND_OK | side=yes price_dollars=0.3600 total_fillable_contracts=13.00 order_id=20c54feb-2172-4b87-96e9-12b3e3598700
02:39:28 INFO AMEND_OK | side=no price_dollars=0.5900 total_fillable_contracts=8.00 order_id=665b2a3a-66b1-44a9-83cd-16ee512f13fc
02:39:29 INFO ORDER_NOT_RESTING | side=no status=executed order_id=665b2a3a-66b1-44a9-83cd-16ee512f13fc
02:39:29 INFO STALE_ORDER_RECOVER | side=no order_id=None
02:39:29 INFO CREATE_OK | side=no price_dollars=0.5800 remaining_contracts=8.00 order_id=23faf28f-a7d5-4d12-b0e6-085a428058ce
02:39:30 INFO AMEND_OK | side=no price_dollars=0.5900 total_fillable_contracts=8.00 order_id=23faf28f-a7d5-4d12-b0e6-085a428058ce
02:39:30 INFO ORDER_NOT_RESTING | side=yes status=executed order_id=20c54feb-2172-4b87-96e9-12b3e3598700
02:39:30 INFO CREATE_OK | side=yes price_dollars=0.3200 remaining_contracts=15.00 order_id=a39172ed-2d06-40a7-85f2-6c74d10228f9
02:39:31 INFO AMEND_OK | side=yes price_dollars=0.3100 total_fillable_contracts=15.00 order_id=a39172ed-2d06-40a7-85f2-6c74d10228f9
02:39:31 INFO AMEND_OK | side=no price_dollars=0.6000 total_fillable_contracts=8.00 order_id=23faf28f-a7d5-4d12-b0e6-085a428058ce
02:39:31 INFO ORDER_NOT_RESTING | side=no status=executed order_id=23faf28f-a7d5-4d12-b0e6-085a428058ce
02:39:31 INFO CREATE_OK | side=no price_dollars=0.5900 remaining_contracts=8.00 order_id=442b9246-04d9-4454-ba43-23c544803edd
02:39:32 INFO AMEND_OK | side=yes price_dollars=0.3000 total_fillable_contracts=16.00 order_id=a39172ed-2d06-40a7-85f2-6c74d10228f9
02:39:32 INFO AMEND_OK | side=yes price_dollars=0.3100 total_fillable_contracts=15.00 order_id=a39172ed-2d06-40a7-85f2-6c74d10228f9
02:39:32 INFO AMEND_OK | side=yes price_dollars=0.3200 total_fillable_contracts=15.00 order_id=a39172ed-2d06-40a7-85f2-6c74d10228f9
02:39:33 INFO AMEND_OK | side=no price_dollars=0.5800 total_fillable_contracts=8.00 order_id=442b9246-04d9-4454-ba43-23c544803edd
02:39:33 INFO AMEND_OK | side=yes price_dollars=0.3300 total_fillable_contracts=15.00 order_id=a39172ed-2d06-40a7-85f2-6c74d10228f9
02:39:33 INFO AMEND_OK | side=no price_dollars=0.5900 total_fillable_contracts=8.00 order_id=442b9246-04d9-4454-ba43-23c544803edd
02:39:34 INFO AMEND_OK | side=yes price_dollars=0.3500 total_fillable_contracts=14.00 order_id=a39172ed-2d06-40a7-85f2-6c74d10228f9
02:39:35 INFO AMEND_OK | side=no price_dollars=0.6000 total_fillable_contracts=8.00 order_id=442b9246-04d9-4454-ba43-23c544803edd
02:39:39 INFO QUEUE_POSITION | side=yes order_id=a39172ed-2d06-40a7-85f2-6c74d10228f9 ahead_contracts=0.00
02:39:39 INFO QUEUE_POSITION | side=no order_id=442b9246-04d9-4454-ba43-23c544803edd ahead_contracts=105.00
02:39:42 INFO AMEND_OK | side=no price_dollars=0.5900 total_fillable_contracts=8.00 order_id=442b9246-04d9-4454-ba43-23c544803edd
02:39:43 INFO ORDER_NOT_RESTING | side=yes status=executed order_id=a39172ed-2d06-40a7-85f2-6c74d10228f9
02:39:43 INFO CREATE_OK | side=yes price_dollars=0.2700 remaining_contracts=18.00 order_id=5ce6ca93-a0c4-4753-92be-de3f99ca4de9
02:39:43 INFO AMEND_OK | side=no price_dollars=0.6000 total_fillable_contracts=8.00 order_id=442b9246-04d9-4454-ba43-23c544803edd
02:39:43 INFO AMEND_OK | side=yes price_dollars=0.2600 total_fillable_contracts=19.00 order_id=5ce6ca93-a0c4-4753-92be-de3f99ca4de9
02:39:44 INFO AMEND_OK | side=no price_dollars=0.6100 total_fillable_contracts=8.00 order_id=442b9246-04d9-4454-ba43-23c544803edd
02:39:44 INFO AMEND_OK | side=yes price_dollars=0.2500 total_fillable_contracts=19.00 order_id=5ce6ca93-a0c4-4753-92be-de3f99ca4de9
02:39:44 INFO AMEND_OK | side=yes price_dollars=0.2600 total_fillable_contracts=19.00 order_id=5ce6ca93-a0c4-4753-92be-de3f99ca4de9
02:39:45 INFO AMEND_OK | side=yes price_dollars=0.2700 total_fillable_contracts=18.00 order_id=5ce6ca93-a0c4-4753-92be-de3f99ca4de9
02:39:45 INFO AMEND_OK | side=no price_dollars=0.6200 total_fillable_contracts=7.00 order_id=442b9246-04d9-4454-ba43-23c544803edd
02:39:45 INFO AMEND_OK | side=yes price_dollars=0.2600 total_fillable_contracts=19.00 order_id=5ce6ca93-a0c4-4753-92be-de3f99ca4de9
02:39:45 INFO AMEND_OK | side=no price_dollars=0.6300 total_fillable_contracts=7.00 order_id=442b9246-04d9-4454-ba43-23c544803edd
02:39:46 INFO AMEND_OK | side=no price_dollars=0.6400 total_fillable_contracts=7.00 order_id=442b9246-04d9-4454-ba43-23c544803edd
02:39:46 INFO AMEND_OK | side=yes price_dollars=0.2700 total_fillable_contracts=18.00 order_id=5ce6ca93-a0c4-4753-92be-de3f99ca4de9
02:39:46 INFO AMEND_OK | side=no price_dollars=0.6500 total_fillable_contracts=7.00 order_id=442b9246-04d9-4454-ba43-23c544803edd
02:39:47 INFO AMEND_OK | side=yes price_dollars=0.2800 total_fillable_contracts=17.00 order_id=5ce6ca93-a0c4-4753-92be-de3f99ca4de9
02:39:47 INFO AMEND_OK | side=yes price_dollars=0.2900 total_fillable_contracts=17.00 order_id=5ce6ca93-a0c4-4753-92be-de3f99ca4de9
02:39:47 INFO AMEND_OK | side=no price_dollars=0.6600 total_fillable_contracts=7.00 order_id=442b9246-04d9-4454-ba43-23c544803edd
02:39:49 INFO AMEND_OK | side=yes price_dollars=0.2800 total_fillable_contracts=17.00 order_id=5ce6ca93-a0c4-4753-92be-de3f99ca4de9
02:39:50 INFO AMEND_OK | side=no price_dollars=0.6700 total_fillable_contracts=7.00 order_id=442b9246-04d9-4454-ba43-23c544803edd
02:39:51 INFO AMEND_OK | side=yes price_dollars=0.2900 total_fillable_contracts=17.00 order_id=5ce6ca93-a0c4-4753-92be-de3f99ca4de9
02:39:51 INFO AMEND_OK | side=no price_dollars=0.6800 total_fillable_contracts=7.00 order_id=442b9246-04d9-4454-ba43-23c544803edd
02:39:52 INFO ORDER_NOT_RESTING | side=no status=executed order_id=442b9246-04d9-4454-ba43-23c544803edd
02:39:52 INFO AMEND_OK | side=yes price_dollars=0.3000 total_fillable_contracts=16.00 order_id=5ce6ca93-a0c4-4753-92be-de3f99ca4de9
02:39:52 INFO CREATE_OK | side=no price_dollars=0.6100 remaining_contracts=8.00 order_id=190c6c92-54d7-45b7-bee9-833750d6a89b
02:39:53 INFO AMEND_OK | side=no price_dollars=0.6000 total_fillable_contracts=8.00 order_id=190c6c92-54d7-45b7-bee9-833750d6a89b
02:39:53 INFO AMEND_OK | side=yes price_dollars=0.3100 total_fillable_contracts=15.00 order_id=5ce6ca93-a0c4-4753-92be-de3f99ca4de9
02:39:53 INFO AMEND_OK | side=no price_dollars=0.6100 total_fillable_contracts=8.00 order_id=190c6c92-54d7-45b7-bee9-833750d6a89b
02:39:54 INFO AMEND_OK | side=yes price_dollars=0.3200 total_fillable_contracts=15.00 order_id=5ce6ca93-a0c4-4753-92be-de3f99ca4de9
02:39:54 INFO QUEUE_POSITION | side=yes order_id=5ce6ca93-a0c4-4753-92be-de3f99ca4de9 ahead_contracts=123.00
02:39:54 INFO QUEUE_POSITION | side=no order_id=190c6c92-54d7-45b7-bee9-833750d6a89b ahead_contracts=268.00
02:39:55 INFO AMEND_OK | side=yes price_dollars=0.3300 total_fillable_contracts=15.00 order_id=5ce6ca93-a0c4-4753-92be-de3f99ca4de9
02:39:55 INFO AMEND_OK | side=yes price_dollars=0.3400 total_fillable_contracts=14.00 order_id=5ce6ca93-a0c4-4753-92be-de3f99ca4de9
02:39:56 INFO AMEND_OK | side=no price_dollars=0.6200 total_fillable_contracts=7.00 order_id=190c6c92-54d7-45b7-bee9-833750d6a89b
02:40:02 INFO AMEND_OK | side=no price_dollars=0.6000 total_fillable_contracts=8.00 order_id=190c6c92-54d7-45b7-bee9-833750d6a89b
02:40:02 INFO AMEND_OK | side=no price_dollars=0.6100 total_fillable_contracts=8.00 order_id=190c6c92-54d7-45b7-bee9-833750d6a89b
02:40:03 INFO AMEND_OK | side=no price_dollars=0.6000 total_fillable_contracts=8.00 order_id=190c6c92-54d7-45b7-bee9-833750d6a89b
02:40:09 INFO QUEUE_POSITION | side=yes order_id=5ce6ca93-a0c4-4753-92be-de3f99ca4de9 ahead_contracts=0.00
02:40:09 INFO QUEUE_POSITION | side=no order_id=190c6c92-54d7-45b7-bee9-833750d6a89b ahead_contracts=2601.00
02:40:13 INFO AMEND_OK | side=no price_dollars=0.6100 total_fillable_contracts=8.00 order_id=190c6c92-54d7-45b7-bee9-833750d6a89b
02:40:16 INFO AMEND_OK | side=no price_dollars=0.6000 total_fillable_contracts=8.00 order_id=190c6c92-54d7-45b7-bee9-833750d6a89b
02:40:24 INFO QUEUE_POSITION | side=yes order_id=5ce6ca93-a0c4-4753-92be-de3f99ca4de9 ahead_contracts=0.00
02:40:24 INFO QUEUE_POSITION | side=no order_id=190c6c92-54d7-45b7-bee9-833750d6a89b ahead_contracts=2601.00
02:40:29 INFO AMEND_OK | side=no price_dollars=0.5900 total_fillable_contracts=8.00 order_id=190c6c92-54d7-45b7-bee9-833750d6a89b
02:40:38 INFO CANCEL_REQUESTED | side=yes reason=refresh_expiring_quote order_id=5ce6ca93-a0c4-4753-92be-de3f99ca4de9
02:40:38 INFO ORDER_NOT_RESTING | side=yes status=canceled order_id=5ce6ca93-a0c4-4753-92be-de3f99ca4de9
02:40:38 INFO CREATE_OK | side=yes price_dollars=0.3400 remaining_contracts=14.00 order_id=1a3d33f9-8e85-41b2-bd23-c51202ff6d47
02:40:39 INFO QUEUE_POSITION | side=yes order_id=1a3d33f9-8e85-41b2-bd23-c51202ff6d47 ahead_contracts=239.00
02:40:39 INFO QUEUE_POSITION | side=no order_id=190c6c92-54d7-45b7-bee9-833750d6a89b ahead_contracts=1621.00
02:40:44 INFO AMEND_OK | side=yes price_dollars=0.3300 total_fillable_contracts=15.00 order_id=1a3d33f9-8e85-41b2-bd23-c51202ff6d47
02:40:45 INFO AMEND_OK | side=yes price_dollars=0.3400 total_fillable_contracts=14.00 order_id=1a3d33f9-8e85-41b2-bd23-c51202ff6d47
02:40:46 INFO AMEND_OK | side=no price_dollars=0.6000 total_fillable_contracts=8.00 order_id=190c6c92-54d7-45b7-bee9-833750d6a89b
02:40:49 INFO CANCEL_REQUESTED | side=no reason=refresh_expiring_quote order_id=190c6c92-54d7-45b7-bee9-833750d6a89b
02:40:49 INFO ORDER_NOT_RESTING | side=no status=canceled order_id=190c6c92-54d7-45b7-bee9-833750d6a89b
02:40:49 INFO CREATE_OK | side=no price_dollars=0.5900 remaining_contracts=6.00 order_id=f2234ed5-ecb5-4420-881e-4fc3ef2bbca9
02:40:50 INFO AMEND_OK | side=no price_dollars=0.5900 total_fillable_contracts=4.00 order_id=f2234ed5-ecb5-4420-881e-4fc3ef2bbca9
02:40:50 INFO ORDER_NOT_RESTING | side=yes status=executed order_id=1a3d33f9-8e85-41b2-bd23-c51202ff6d47
02:40:50 INFO CREATE_OK | side=yes price_dollars=0.3000 remaining_contracts=16.00 order_id=5f31d8b1-8e2a-45cb-b2f8-88dc8c714fbd
02:40:50 INFO AMEND_OK | side=no price_dollars=0.6000 total_fillable_contracts=4.00 order_id=f2234ed5-ecb5-4420-881e-4fc3ef2bbca9
02:40:50 INFO AMEND_OK | side=no price_dollars=0.6100 total_fillable_contracts=4.00 order_id=f2234ed5-ecb5-4420-881e-4fc3ef2bbca9
02:40:50 INFO AMEND_OK | side=yes price_dollars=0.3100 total_fillable_contracts=15.00 order_id=5f31d8b1-8e2a-45cb-b2f8-88dc8c714fbd
02:40:51 INFO AMEND_OK | side=no price_dollars=0.6200 total_fillable_contracts=3.00 order_id=f2234ed5-ecb5-4420-881e-4fc3ef2bbca9
02:40:52 INFO ORDER_NOT_RESTING | side=no status=executed order_id=f2234ed5-ecb5-4420-881e-4fc3ef2bbca9
02:40:52 INFO STALE_ORDER_RECOVER | side=no order_id=None
02:40:52 INFO CREATE_OK | side=no price_dollars=0.6100 remaining_contracts=8.00 order_id=dc1ab953-c460-4df3-a38e-bca54384d04c
02:40:52 INFO AMEND_OK | side=yes price_dollars=0.3200 total_fillable_contracts=15.00 order_id=5f31d8b1-8e2a-45cb-b2f8-88dc8c714fbd
02:40:52 INFO AMEND_OK | side=no price_dollars=0.6200 total_fillable_contracts=7.00 order_id=dc1ab953-c460-4df3-a38e-bca54384d04c
02:40:52 INFO AMEND_OK | side=yes price_dollars=0.3100 total_fillable_contracts=15.00 order_id=5f31d8b1-8e2a-45cb-b2f8-88dc8c714fbd
02:40:54 INFO QUEUE_POSITION | side=yes order_id=5f31d8b1-8e2a-45cb-b2f8-88dc8c714fbd ahead_contracts=5978.00
02:40:54 INFO QUEUE_POSITION | side=no order_id=dc1ab953-c460-4df3-a38e-bca54384d04c ahead_contracts=12.00
02:40:55 INFO ORDER_NOT_RESTING | side=no status=executed order_id=dc1ab953-c460-4df3-a38e-bca54384d04c
02:40:55 INFO CREATE_OK | side=no price_dollars=0.6200 remaining_contracts=7.00 order_id=8a647cda-1bc7-40bc-b441-233e10b80d2e
02:40:55 INFO AMEND_OK | side=no price_dollars=0.6100 total_fillable_contracts=8.00 order_id=8a647cda-1bc7-40bc-b441-233e10b80d2e
02:40:55 INFO AMEND_OK | side=no price_dollars=0.6200 total_fillable_contracts=7.00 order_id=8a647cda-1bc7-40bc-b441-233e10b80d2e
02:40:56 INFO AMEND_OK | side=no price_dollars=0.6300 total_fillable_contracts=7.00 order_id=8a647cda-1bc7-40bc-b441-233e10b80d2e
02:40:56 INFO AMEND_OK | side=yes price_dollars=0.3200 total_fillable_contracts=15.00 order_id=5f31d8b1-8e2a-45cb-b2f8-88dc8c714fbd
02:40:57 INFO AMEND_OK | side=no price_dollars=0.6200 total_fillable_contracts=7.00 order_id=8a647cda-1bc7-40bc-b441-233e10b80d2e
02:40:57 INFO AMEND_OK | side=no price_dollars=0.6100 total_fillable_contracts=8.00 order_id=8a647cda-1bc7-40bc-b441-233e10b80d2e
02:40:58 INFO AMEND_OK | side=no price_dollars=0.6200 total_fillable_contracts=7.00 order_id=8a647cda-1bc7-40bc-b441-233e10b80d2e
02:40:59 INFO AMEND_OK | side=no price_dollars=0.6300 total_fillable_contracts=7.00 order_id=8a647cda-1bc7-40bc-b441-233e10b80d2e
02:40:59 INFO AMEND_OK | side=no price_dollars=0.6200 total_fillable_contracts=7.00 order_id=8a647cda-1bc7-40bc-b441-233e10b80d2e
02:41:01 INFO AMEND_OK | side=no price_dollars=0.6300 total_fillable_contracts=7.00 order_id=8a647cda-1bc7-40bc-b441-233e10b80d2e
02:41:02 INFO AMEND_OK | side=no price_dollars=0.6200 total_fillable_contracts=7.00 order_id=8a647cda-1bc7-40bc-b441-233e10b80d2e
02:41:09 INFO QUEUE_POSITION | side=yes order_id=5f31d8b1-8e2a-45cb-b2f8-88dc8c714fbd ahead_contracts=55.00
02:41:09 INFO QUEUE_POSITION | side=no order_id=8a647cda-1bc7-40bc-b441-233e10b80d2e ahead_contracts=6.00
02:41:17 INFO ORDER_NOT_RESTING | side=no status=executed order_id=8a647cda-1bc7-40bc-b441-233e10b80d2e
02:41:17 INFO AMEND_OK | side=yes price_dollars=0.3300 total_fillable_contracts=15.00 order_id=5f31d8b1-8e2a-45cb-b2f8-88dc8c714fbd
02:41:17 INFO CREATE_OK | side=no price_dollars=0.6200 remaining_contracts=7.00 order_id=d6bfd952-8e4d-4026-b411-5747005fd712
02:41:17 INFO AMEND_OK | side=no price_dollars=0.6000 total_fillable_contracts=8.00 order_id=d6bfd952-8e4d-4026-b411-5747005fd712
02:41:19 INFO AMEND_OK | side=no price_dollars=0.6100 total_fillable_contracts=8.00 order_id=d6bfd952-8e4d-4026-b411-5747005fd712
02:41:19 INFO AMEND_OK | side=no price_dollars=0.6000 total_fillable_contracts=8.00 order_id=d6bfd952-8e4d-4026-b411-5747005fd712
02:41:21 INFO AMEND_OK | side=no price_dollars=0.6100 total_fillable_contracts=8.00 order_id=d6bfd952-8e4d-4026-b411-5747005fd712
02:41:23 INFO AMEND_OK | side=no price_dollars=0.6000 total_fillable_contracts=8.00 order_id=d6bfd952-8e4d-4026-b411-5747005fd712
02:41:24 INFO AMEND_OK | side=no price_dollars=0.6100 total_fillable_contracts=8.00 order_id=d6bfd952-8e4d-4026-b411-5747005fd712
02:41:24 INFO QUEUE_POSITION | side=yes order_id=5f31d8b1-8e2a-45cb-b2f8-88dc8c714fbd ahead_contracts=20.00
02:41:24 INFO QUEUE_POSITION | side=no order_id=d6bfd952-8e4d-4026-b411-5747005fd712 ahead_contracts=250.00
02:41:28 INFO AMEND_OK | side=no price_dollars=0.6000 total_fillable_contracts=8.00 order_id=d6bfd952-8e4d-4026-b411-5747005fd712
02:41:29 INFO AMEND_OK | side=no price_dollars=0.6100 total_fillable_contracts=8.00 order_id=d6bfd952-8e4d-4026-b411-5747005fd712
02:41:29 INFO AMEND_OK | side=no price_dollars=0.6000 total_fillable_contracts=8.00 order_id=d6bfd952-8e4d-4026-b411-5747005fd712
02:41:30 INFO AMEND_OK | side=no price_dollars=0.6100 total_fillable_contracts=8.00 order_id=d6bfd952-8e4d-4026-b411-5747005fd712
02:41:31 INFO AMEND_OK | side=no price_dollars=0.6000 total_fillable_contracts=8.00 order_id=d6bfd952-8e4d-4026-b411-5747005fd712
02:41:31 INFO AMEND_OK | side=no price_dollars=0.5900 total_fillable_contracts=8.00 order_id=d6bfd952-8e4d-4026-b411-5747005fd712
02:41:31 INFO AMEND_OK | side=yes price_dollars=0.3400 total_fillable_contracts=14.00 order_id=5f31d8b1-8e2a-45cb-b2f8-88dc8c714fbd
02:41:31 INFO AMEND_OK | side=yes price_dollars=0.3600 total_fillable_contracts=13.00 order_id=5f31d8b1-8e2a-45cb-b2f8-88dc8c714fbd
02:41:31 INFO AMEND_OK | side=no price_dollars=0.6000 total_fillable_contracts=8.00 order_id=d6bfd952-8e4d-4026-b411-5747005fd712
02:41:32 INFO AMEND_OK | side=yes price_dollars=0.3500 total_fillable_contracts=14.00 order_id=5f31d8b1-8e2a-45cb-b2f8-88dc8c714fbd
02:41:32 INFO AMEND_OK | side=no price_dollars=0.5900 total_fillable_contracts=8.00 order_id=d6bfd952-8e4d-4026-b411-5747005fd712
02:41:32 INFO AMEND_OK | side=yes price_dollars=0.3600 total_fillable_contracts=13.00 order_id=5f31d8b1-8e2a-45cb-b2f8-88dc8c714fbd
02:41:32 INFO AMEND_OK | side=no price_dollars=0.6000 total_fillable_contracts=8.00 order_id=d6bfd952-8e4d-4026-b411-5747005fd712
02:41:32 INFO AMEND_OK | side=yes price_dollars=0.3500 total_fillable_contracts=14.00 order_id=5f31d8b1-8e2a-45cb-b2f8-88dc8c714fbd
02:41:38 INFO AMEND_OK | side=no price_dollars=0.6100 total_fillable_contracts=8.00 order_id=d6bfd952-8e4d-4026-b411-5747005fd712
02:41:40 INFO QUEUE_POSITION | side=yes order_id=5f31d8b1-8e2a-45cb-b2f8-88dc8c714fbd ahead_contracts=0.00
02:41:40 INFO QUEUE_POSITION | side=no order_id=d6bfd952-8e4d-4026-b411-5747005fd712 ahead_contracts=321.00
02:41:42 INFO AMEND_OK | side=no price_dollars=0.6000 total_fillable_contracts=8.00 order_id=d6bfd952-8e4d-4026-b411-5747005fd712
02:41:44 INFO AMEND_OK | side=yes price_dollars=0.3300 total_fillable_contracts=15.00 order_id=5f31d8b1-8e2a-45cb-b2f8-88dc8c714fbd
02:41:44 INFO AMEND_OK | side=yes price_dollars=0.3200 total_fillable_contracts=15.00 order_id=5f31d8b1-8e2a-45cb-b2f8-88dc8c714fbd
02:41:45 INFO CANCEL_REQUESTED | side=yes reason=refresh_expiring_quote order_id=5f31d8b1-8e2a-45cb-b2f8-88dc8c714fbd
02:41:45 INFO ORDER_NOT_RESTING | side=yes status=canceled order_id=5f31d8b1-8e2a-45cb-b2f8-88dc8c714fbd
02:41:45 INFO CREATE_OK | side=yes price_dollars=0.3500 remaining_contracts=14.00 order_id=03199434-12c8-4e86-9c7f-3853aca3cb74
02:41:47 INFO AMEND_OK | side=no price_dollars=0.5900 total_fillable_contracts=8.00 order_id=d6bfd952-8e4d-4026-b411-5747005fd712
02:41:50 INFO AMEND_OK | side=no price_dollars=0.6000 total_fillable_contracts=8.00 order_id=d6bfd952-8e4d-4026-b411-5747005fd712
02:41:51 INFO AMEND_OK | side=no price_dollars=0.5900 total_fillable_contracts=8.00 order_id=d6bfd952-8e4d-4026-b411-5747005fd712
02:41:54 INFO AMEND_OK | side=yes price_dollars=0.3400 total_fillable_contracts=14.00 order_id=03199434-12c8-4e86-9c7f-3853aca3cb74
02:41:54 INFO AMEND_OK | side=yes price_dollars=0.3300 total_fillable_contracts=15.00 order_id=03199434-12c8-4e86-9c7f-3853aca3cb74
02:41:54 INFO AMEND_OK | side=yes price_dollars=0.3500 total_fillable_contracts=14.00 order_id=03199434-12c8-4e86-9c7f-3853aca3cb74
02:41:55 INFO QUEUE_POSITION | side=yes order_id=03199434-12c8-4e86-9c7f-3853aca3cb74 ahead_contracts=0.00
02:41:55 INFO QUEUE_POSITION | side=no order_id=d6bfd952-8e4d-4026-b411-5747005fd712 ahead_contracts=1621.00
02:41:55 INFO AMEND_OK | side=yes price_dollars=0.3600 total_fillable_contracts=13.00 order_id=03199434-12c8-4e86-9c7f-3853aca3cb74
02:41:55 INFO AMEND_OK | side=yes price_dollars=0.3500 total_fillable_contracts=14.00 order_id=03199434-12c8-4e86-9c7f-3853aca3cb74
02:41:56 INFO AMEND_OK | side=yes price_dollars=0.3800 total_fillable_contracts=13.00 order_id=03199434-12c8-4e86-9c7f-3853aca3cb74
02:41:57 INFO ORDER_NOT_RESTING | side=yes status=executed order_id=03199434-12c8-4e86-9c7f-3853aca3cb74
02:41:57 INFO CREATE_OK | side=yes price_dollars=0.3500 remaining_contracts=14.00 order_id=1a7c8d0a-3e3a-4d8f-80b3-0c8b12274bf1
02:41:57 INFO AMEND_OK | side=no price_dollars=0.6000 total_fillable_contracts=8.00 order_id=d6bfd952-8e4d-4026-b411-5747005fd712
02:41:58 INFO AMEND_OK | side=yes price_dollars=0.3400 total_fillable_contracts=14.00 order_id=1a7c8d0a-3e3a-4d8f-80b3-0c8b12274bf1
02:41:58 INFO AMEND_OK | side=yes price_dollars=0.3300 total_fillable_contracts=15.00 order_id=1a7c8d0a-3e3a-4d8f-80b3-0c8b12274bf1
02:41:58 INFO AMEND_OK | side=yes price_dollars=0.3200 total_fillable_contracts=15.00 order_id=1a7c8d0a-3e3a-4d8f-80b3-0c8b12274bf1
02:41:58 INFO AMEND_OK | side=yes price_dollars=0.3700 total_fillable_contracts=13.00 order_id=1a7c8d0a-3e3a-4d8f-80b3-0c8b12274bf1
02:42:01 INFO AMEND_OK | side=yes price_dollars=0.3400 total_fillable_contracts=14.00 order_id=1a7c8d0a-3e3a-4d8f-80b3-0c8b12274bf1
02:42:01 INFO AMEND_OK | side=no price_dollars=0.6100 total_fillable_contracts=8.00 order_id=d6bfd952-8e4d-4026-b411-5747005fd712
02:42:01 INFO AMEND_OK | side=yes price_dollars=0.3300 total_fillable_contracts=15.00 order_id=1a7c8d0a-3e3a-4d8f-80b3-0c8b12274bf1
02:42:01 INFO AMEND_OK | side=no price_dollars=0.6200 total_fillable_contracts=7.00 order_id=d6bfd952-8e4d-4026-b411-5747005fd712
02:42:02 INFO AMEND_OK | side=yes price_dollars=0.3200 total_fillable_contracts=15.00 order_id=1a7c8d0a-3e3a-4d8f-80b3-0c8b12274bf1
02:42:02 INFO AMEND_OK | side=yes price_dollars=0.3100 total_fillable_contracts=15.00 order_id=1a7c8d0a-3e3a-4d8f-80b3-0c8b12274bf1
02:42:03 INFO AMEND_OK | side=yes price_dollars=0.3400 total_fillable_contracts=14.00 order_id=1a7c8d0a-3e3a-4d8f-80b3-0c8b12274bf1
02:42:05 INFO ORDER_NOT_RESTING | side=no status=executed order_id=d6bfd952-8e4d-4026-b411-5747005fd712
02:42:05 INFO AMEND_OK | side=yes price_dollars=0.3500 total_fillable_contracts=14.00 order_id=1a7c8d0a-3e3a-4d8f-80b3-0c8b12274bf1
02:42:05 INFO CREATE_OK | side=no price_dollars=0.6100 remaining_contracts=8.00 order_id=5c0e2afc-7771-422c-88e7-bdd1d097f52e
02:42:05 INFO AMEND_OK | side=no price_dollars=0.6000 total_fillable_contracts=8.00 order_id=5c0e2afc-7771-422c-88e7-bdd1d097f52e
02:42:06 INFO AMEND_OK | side=yes price_dollars=0.3300 total_fillable_contracts=15.00 order_id=1a7c8d0a-3e3a-4d8f-80b3-0c8b12274bf1
02:42:07 INFO AMEND_OK | side=yes price_dollars=0.3200 total_fillable_contracts=15.00 order_id=1a7c8d0a-3e3a-4d8f-80b3-0c8b12274bf1
02:42:07 INFO AMEND_OK | side=yes price_dollars=0.3300 total_fillable_contracts=15.00 order_id=1a7c8d0a-3e3a-4d8f-80b3-0c8b12274bf1
02:42:07 INFO AMEND_OK | side=no price_dollars=0.6100 total_fillable_contracts=8.00 order_id=5c0e2afc-7771-422c-88e7-bdd1d097f52e
02:42:07 INFO AMEND_OK | side=no price_dollars=0.6000 total_fillable_contracts=8.00 order_id=5c0e2afc-7771-422c-88e7-bdd1d097f52e
02:42:08 INFO AMEND_OK | side=no price_dollars=0.6100 total_fillable_contracts=8.00 order_id=5c0e2afc-7771-422c-88e7-bdd1d097f52e
02:42:10 INFO QUEUE_POSITION | side=yes order_id=1a7c8d0a-3e3a-4d8f-80b3-0c8b12274bf1 ahead_contracts=224.00
02:42:10 INFO QUEUE_POSITION | side=no order_id=5c0e2afc-7771-422c-88e7-bdd1d097f52e ahead_contracts=1577.00
02:42:11 INFO AMEND_OK | side=yes price_dollars=0.3400 total_fillable_contracts=14.00 order_id=1a7c8d0a-3e3a-4d8f-80b3-0c8b12274bf1
02:42:15 INFO AMEND_OK | side=no price_dollars=0.6000 total_fillable_contracts=8.00 order_id=5c0e2afc-7771-422c-88e7-bdd1d097f52e
02:42:16 INFO AMEND_OK | side=yes price_dollars=0.3500 total_fillable_contracts=14.00 order_id=1a7c8d0a-3e3a-4d8f-80b3-0c8b12274bf1
02:42:16 INFO AMEND_OK | side=no price_dollars=0.6100 total_fillable_contracts=8.00 order_id=5c0e2afc-7771-422c-88e7-bdd1d097f52e
02:42:16 INFO AMEND_OK | side=yes price_dollars=0.3200 total_fillable_contracts=15.00 order_id=1a7c8d0a-3e3a-4d8f-80b3-0c8b12274bf1
02:42:16 INFO AMEND_OK | side=no price_dollars=0.6200 total_fillable_contracts=7.00 order_id=5c0e2afc-7771-422c-88e7-bdd1d097f52e
02:42:17 INFO AMEND_OK | side=yes price_dollars=0.3100 total_fillable_contracts=15.00 order_id=1a7c8d0a-3e3a-4d8f-80b3-0c8b12274bf1
02:42:19 INFO AMEND_OK | side=yes price_dollars=0.3200 total_fillable_contracts=15.00 order_id=1a7c8d0a-3e3a-4d8f-80b3-0c8b12274bf1
02:42:20 INFO AMEND_OK | side=no price_dollars=0.6100 total_fillable_contracts=8.00 order_id=5c0e2afc-7771-422c-88e7-bdd1d097f52e
02:42:24 INFO AMEND_OK | side=yes price_dollars=0.3100 total_fillable_contracts=15.00 order_id=1a7c8d0a-3e3a-4d8f-80b3-0c8b12274bf1
02:42:25 INFO QUEUE_POSITION | side=yes order_id=1a7c8d0a-3e3a-4d8f-80b3-0c8b12274bf1 ahead_contracts=5978.00
02:42:25 INFO QUEUE_POSITION | side=no order_id=5c0e2afc-7771-422c-88e7-bdd1d097f52e ahead_contracts=1541.00
02:42:25 INFO AMEND_OK | side=yes price_dollars=0.3200 total_fillable_contracts=15.00 order_id=1a7c8d0a-3e3a-4d8f-80b3-0c8b12274bf1
02:42:31 INFO AMEND_OK | side=no price_dollars=0.6200 total_fillable_contracts=7.00 order_id=5c0e2afc-7771-422c-88e7-bdd1d097f52e
02:42:32 INFO AMEND_OK | side=no price_dollars=0.6300 total_fillable_contracts=7.00 order_id=5c0e2afc-7771-422c-88e7-bdd1d097f52e
02:42:33 INFO AMEND_OK | side=yes price_dollars=0.3100 total_fillable_contracts=15.00 order_id=1a7c8d0a-3e3a-4d8f-80b3-0c8b12274bf1
02:42:40 INFO QUEUE_POSITION | side=yes order_id=1a7c8d0a-3e3a-4d8f-80b3-0c8b12274bf1 ahead_contracts=5978.00
02:42:40 INFO QUEUE_POSITION | side=no order_id=5c0e2afc-7771-422c-88e7-bdd1d097f52e ahead_contracts=0.00
02:42:44 INFO ORDER_NOT_RESTING | side=no status=executed order_id=5c0e2afc-7771-422c-88e7-bdd1d097f52e
02:42:44 INFO CREATE_OK | side=no price_dollars=0.6400 remaining_contracts=7.00 order_id=b515c542-23d9-4288-8523-2be82a06acd3
02:42:44 INFO AMEND_OK | side=no price_dollars=0.6300 total_fillable_contracts=7.00 order_id=b515c542-23d9-4288-8523-2be82a06acd3
02:42:45 INFO AMEND_OK | side=yes price_dollars=0.2900 total_fillable_contracts=17.00 order_id=1a7c8d0a-3e3a-4d8f-80b3-0c8b12274bf1
02:42:45 INFO AMEND_OK | side=yes price_dollars=0.3000 total_fillable_contracts=16.00 order_id=1a7c8d0a-3e3a-4d8f-80b3-0c8b12274bf1
02:42:46 INFO AMEND_OK | side=yes price_dollars=0.2900 total_fillable_contracts=17.00 order_id=1a7c8d0a-3e3a-4d8f-80b3-0c8b12274bf1
02:42:47 INFO AMEND_OK | side=no price_dollars=0.6400 total_fillable_contracts=7.00 order_id=b515c542-23d9-4288-8523-2be82a06acd3
02:42:47 INFO AMEND_OK | side=yes price_dollars=0.3000 total_fillable_contracts=16.00 order_id=1a7c8d0a-3e3a-4d8f-80b3-0c8b12274bf1
02:42:52 INFO CANCEL_REQUESTED | side=yes reason=refresh_expiring_quote order_id=1a7c8d0a-3e3a-4d8f-80b3-0c8b12274bf1
02:42:52 INFO ORDER_NOT_RESTING | side=yes status=canceled order_id=1a7c8d0a-3e3a-4d8f-80b3-0c8b12274bf1
02:42:52 INFO CREATE_OK | side=yes price_dollars=0.3000 remaining_contracts=8.00 order_id=cb89c536-178e-4a92-98a1-23f2477e3815
02:42:52 INFO CANCEL_REQUESTED | side=yes reason=target_size_zero order_id=cb89c536-178e-4a92-98a1-23f2477e3815
02:42:53 INFO ORDER_NOT_RESTING | side=yes status=canceled order_id=cb89c536-178e-4a92-98a1-23f2477e3815
02:42:53 INFO ORDER_NOT_RESTING | side=no status=executed order_id=b515c542-23d9-4288-8523-2be82a06acd3
02:42:53 INFO CREATE_OK | side=yes price_dollars=0.3100 remaining_contracts=15.00 order_id=7d1a67aa-a079-484e-9bc6-7e5ad4fd6029
02:42:53 INFO CREATE_OK | side=no price_dollars=0.6500 remaining_contracts=7.00 order_id=850e6669-f7b9-4aeb-b694-5bddef4bf1e3
02:42:53 INFO AMEND_OK | side=no price_dollars=0.6300 total_fillable_contracts=7.00 order_id=850e6669-f7b9-4aeb-b694-5bddef4bf1e3
02:42:55 INFO QUEUE_POSITION | side=yes order_id=7d1a67aa-a079-484e-9bc6-7e5ad4fd6029 ahead_contracts=5904.00
02:42:55 INFO QUEUE_POSITION | side=no order_id=850e6669-f7b9-4aeb-b694-5bddef4bf1e3 ahead_contracts=0.00
02:42:56 INFO ORDER_NOT_RESTING | side=no status=executed order_id=850e6669-f7b9-4aeb-b694-5bddef4bf1e3
02:42:56 INFO STALE_ORDER_RECOVER | side=no order_id=None
02:42:56 INFO CREATE_OK | side=no price_dollars=0.6200 remaining_contracts=7.00 order_id=30226bb6-6d65-4229-8e65-ce1e9582861e
02:42:56 INFO AMEND_OK | side=no price_dollars=0.6100 total_fillable_contracts=8.00 order_id=30226bb6-6d65-4229-8e65-ce1e9582861e
02:42:56 INFO AMEND_OK | side=yes price_dollars=0.3200 total_fillable_contracts=15.00 order_id=7d1a67aa-a079-484e-9bc6-7e5ad4fd6029
02:42:59 INFO AMEND_OK | side=no price_dollars=0.6200 total_fillable_contracts=7.00 order_id=30226bb6-6d65-4229-8e65-ce1e9582861e
02:43:01 INFO AMEND_OK | side=yes price_dollars=0.3300 total_fillable_contracts=15.00 order_id=7d1a67aa-a079-484e-9bc6-7e5ad4fd6029
02:43:03 INFO AMEND_OK | side=no price_dollars=0.6100 total_fillable_contracts=8.00 order_id=30226bb6-6d65-4229-8e65-ce1e9582861e
02:43:06 INFO ORDER_NOT_RESTING | side=yes status=executed order_id=7d1a67aa-a079-484e-9bc6-7e5ad4fd6029
02:43:06 INFO CREATE_OK | side=yes price_dollars=0.3100 remaining_contracts=15.00 order_id=5c692b14-fe7e-47d0-b8ef-1cb8ad3f2c01
02:43:06 INFO AMEND_OK | side=no price_dollars=0.6200 total_fillable_contracts=7.00 order_id=30226bb6-6d65-4229-8e65-ce1e9582861e
02:43:06 INFO AMEND_OK | side=yes price_dollars=0.3000 total_fillable_contracts=16.00 order_id=5c692b14-fe7e-47d0-b8ef-1cb8ad3f2c01
02:43:06 INFO AMEND_OK | side=yes price_dollars=0.3100 total_fillable_contracts=15.00 order_id=5c692b14-fe7e-47d0-b8ef-1cb8ad3f2c01
02:43:10 INFO QUEUE_POSITION | side=yes order_id=5c692b14-fe7e-47d0-b8ef-1cb8ad3f2c01 ahead_contracts=5904.00
02:43:10 INFO QUEUE_POSITION | side=no order_id=30226bb6-6d65-4229-8e65-ce1e9582861e ahead_contracts=2377.00
02:43:14 INFO AMEND_OK | side=no price_dollars=0.6300 total_fillable_contracts=7.00 order_id=30226bb6-6d65-4229-8e65-ce1e9582861e
02:43:14 INFO ORDER_NOT_RESTING | side=no status=executed order_id=30226bb6-6d65-4229-8e65-ce1e9582861e
02:43:14 INFO AMEND_OK | side=yes price_dollars=0.3200 total_fillable_contracts=15.00 order_id=5c692b14-fe7e-47d0-b8ef-1cb8ad3f2c01
02:43:14 INFO CREATE_OK | side=no price_dollars=0.6200 remaining_contracts=7.00 order_id=fcb19633-a429-408a-a56f-0d45128fd6de
02:43:21 INFO AMEND_OK | side=no price_dollars=0.6100 total_fillable_contracts=8.00 order_id=fcb19633-a429-408a-a56f-0d45128fd6de
02:43:21 INFO AMEND_OK | side=no price_dollars=0.6200 total_fillable_contracts=7.00 order_id=fcb19633-a429-408a-a56f-0d45128fd6de
02:43:24 INFO AMEND_OK | side=no price_dollars=0.6100 total_fillable_contracts=8.00 order_id=fcb19633-a429-408a-a56f-0d45128fd6de
02:43:25 INFO AMEND_OK | side=no price_dollars=0.6200 total_fillable_contracts=7.00 order_id=fcb19633-a429-408a-a56f-0d45128fd6de
02:43:25 INFO QUEUE_POSITION | side=yes order_id=5c692b14-fe7e-47d0-b8ef-1cb8ad3f2c01 ahead_contracts=290.00
02:43:25 INFO QUEUE_POSITION | side=no order_id=fcb19633-a429-408a-a56f-0d45128fd6de ahead_contracts=2317.00
02:43:38 INFO ORDER_NOT_RESTING | side=yes status=executed order_id=5c692b14-fe7e-47d0-b8ef-1cb8ad3f2c01
02:43:38 INFO CREATE_OK | side=yes price_dollars=0.3000 remaining_contracts=16.00 order_id=a8780234-8b00-4082-a8f7-37b946fbfc90
02:43:38 INFO AMEND_OK | side=no price_dollars=0.6300 total_fillable_contracts=7.00 order_id=fcb19633-a429-408a-a56f-0d45128fd6de
02:43:38 INFO AMEND_OK | side=yes price_dollars=0.2900 total_fillable_contracts=17.00 order_id=a8780234-8b00-4082-a8f7-37b946fbfc90
02:43:39 INFO AMEND_OK | side=yes price_dollars=0.3000 total_fillable_contracts=16.00 order_id=a8780234-8b00-4082-a8f7-37b946fbfc90
02:43:39 INFO AMEND_OK | side=no price_dollars=0.6400 total_fillable_contracts=7.00 order_id=fcb19633-a429-408a-a56f-0d45128fd6de
02:43:40 INFO AMEND_OK | side=yes price_dollars=0.3200 total_fillable_contracts=15.00 order_id=a8780234-8b00-4082-a8f7-37b946fbfc90
02:43:40 INFO QUEUE_POSITION | side=yes order_id=a8780234-8b00-4082-a8f7-37b946fbfc90 ahead_contracts=0.00
02:43:40 INFO QUEUE_POSITION | side=no order_id=fcb19633-a429-408a-a56f-0d45128fd6de ahead_contracts=0.00
02:43:43 INFO AMEND_OK | side=no price_dollars=0.6300 total_fillable_contracts=7.00 order_id=fcb19633-a429-408a-a56f-0d45128fd6de
02:43:43 INFO AMEND_OK | side=no price_dollars=0.6400 total_fillable_contracts=7.00 order_id=fcb19633-a429-408a-a56f-0d45128fd6de
02:43:44 INFO AMEND_OK | side=no price_dollars=0.6300 total_fillable_contracts=7.00 order_id=fcb19633-a429-408a-a56f-0d45128fd6de
02:43:45 INFO AMEND_OK | side=no price_dollars=0.6400 total_fillable_contracts=7.00 order_id=fcb19633-a429-408a-a56f-0d45128fd6de
02:43:48 INFO AMEND_OK | side=yes price_dollars=0.3100 total_fillable_contracts=15.00 order_id=a8780234-8b00-4082-a8f7-37b946fbfc90
02:43:50 INFO AMEND_OK | side=yes price_dollars=0.2900 total_fillable_contracts=17.00 order_id=a8780234-8b00-4082-a8f7-37b946fbfc90
02:43:51 INFO AMEND_OK | side=yes price_dollars=0.3200 total_fillable_contracts=15.00 order_id=a8780234-8b00-4082-a8f7-37b946fbfc90
02:43:51 INFO AMEND_OK | side=no price_dollars=0.6500 total_fillable_contracts=7.00 order_id=fcb19633-a429-408a-a56f-0d45128fd6de
02:43:55 INFO AMEND_OK | side=no price_dollars=0.6400 total_fillable_contracts=7.00 order_id=fcb19633-a429-408a-a56f-0d45128fd6de
02:43:55 INFO AMEND_OK | side=no price_dollars=0.6500 total_fillable_contracts=7.00 order_id=fcb19633-a429-408a-a56f-0d45128fd6de
02:43:55 INFO QUEUE_POSITION | side=yes order_id=a8780234-8b00-4082-a8f7-37b946fbfc90 ahead_contracts=0.00
02:43:55 INFO QUEUE_POSITION | side=no order_id=fcb19633-a429-408a-a56f-0d45128fd6de ahead_contracts=224.00
02:44:10 INFO ORDER_NOT_RESTING | side=yes status=executed order_id=a8780234-8b00-4082-a8f7-37b946fbfc90
02:44:10 INFO CREATE_OK | side=yes price_dollars=0.2900 remaining_contracts=17.00 order_id=de977710-4c65-4c53-aa97-e3ee821c2336
02:44:10 INFO CANCEL_REQUESTED | side=no reason=refresh_expiring_quote order_id=fcb19633-a429-408a-a56f-0d45128fd6de
02:44:10 INFO ORDER_NOT_RESTING | side=no status=canceled order_id=fcb19633-a429-408a-a56f-0d45128fd6de
02:44:10 INFO CREATE_OK | side=no price_dollars=0.6600 remaining_contracts=7.00 order_id=8dcc853a-9ad7-469c-b62c-0ac6726e7eb3
02:44:10 INFO AMEND_OK | side=yes price_dollars=0.2800 total_fillable_contracts=17.00 order_id=de977710-4c65-4c53-aa97-e3ee821c2336
02:44:10 INFO QUEUE_POSITION | side=yes order_id=de977710-4c65-4c53-aa97-e3ee821c2336 ahead_contracts=0.00
02:44:10 INFO QUEUE_POSITION | side=no order_id=8dcc853a-9ad7-469c-b62c-0ac6726e7eb3 ahead_contracts=0.00
02:44:10 INFO AMEND_OK | side=no price_dollars=0.6700 total_fillable_contracts=7.00 order_id=8dcc853a-9ad7-469c-b62c-0ac6726e7eb3
02:44:11 INFO AMEND_OK | side=no price_dollars=0.6600 total_fillable_contracts=7.00 order_id=8dcc853a-9ad7-469c-b62c-0ac6726e7eb3
02:44:11 INFO AMEND_OK | side=yes price_dollars=0.2900 total_fillable_contracts=17.00 order_id=de977710-4c65-4c53-aa97-e3ee821c2336
02:44:13 INFO AMEND_OK | side=yes price_dollars=0.3000 total_fillable_contracts=16.00 order_id=de977710-4c65-4c53-aa97-e3ee821c2336
02:44:13 INFO AMEND_OK | side=no price_dollars=0.6500 total_fillable_contracts=7.00 order_id=8dcc853a-9ad7-469c-b62c-0ac6726e7eb3
02:44:14 INFO AMEND_OK | side=no price_dollars=0.6400 total_fillable_contracts=7.00 order_id=8dcc853a-9ad7-469c-b62c-0ac6726e7eb3
02:44:15 INFO AMEND_OK | side=no price_dollars=0.6500 total_fillable_contracts=7.00 order_id=8dcc853a-9ad7-469c-b62c-0ac6726e7eb3
02:44:19 INFO ORDER_NOT_RESTING | side=no status=executed order_id=8dcc853a-9ad7-469c-b62c-0ac6726e7eb3
02:44:19 INFO CREATE_OK | side=no price_dollars=0.6500 remaining_contracts=7.00 order_id=9f93dfa8-8f53-44f2-b508-7a9f3e1130a2
02:44:19 INFO AMEND_OK | side=no price_dollars=0.6400 total_fillable_contracts=7.00 order_id=9f93dfa8-8f53-44f2-b508-7a9f3e1130a2
02:44:25 INFO QUEUE_POSITION | side=yes order_id=de977710-4c65-4c53-aa97-e3ee821c2336 ahead_contracts=0.00
02:44:25 INFO QUEUE_POSITION | side=no order_id=9f93dfa8-8f53-44f2-b508-7a9f3e1130a2 ahead_contracts=0.00
02:44:34 INFO AMEND_OK | side=no price_dollars=0.6500 total_fillable_contracts=7.00 order_id=9f93dfa8-8f53-44f2-b508-7a9f3e1130a2
02:44:40 INFO AMEND_OK | side=no price_dollars=0.6400 total_fillable_contracts=7.00 order_id=9f93dfa8-8f53-44f2-b508-7a9f3e1130a2
02:44:40 INFO QUEUE_POSITION | side=yes order_id=de977710-4c65-4c53-aa97-e3ee821c2336 ahead_contracts=0.00
02:44:40 INFO QUEUE_POSITION | side=no order_id=9f93dfa8-8f53-44f2-b508-7a9f3e1130a2 ahead_contracts=404.00
02:44:41 INFO AMEND_OK | side=yes price_dollars=0.2900 total_fillable_contracts=17.00 order_id=de977710-4c65-4c53-aa97-e3ee821c2336
02:44:43 INFO ORDER_NOT_RESTING | side=no status=executed order_id=9f93dfa8-8f53-44f2-b508-7a9f3e1130a2
02:44:43 INFO CREATE_OK | side=no price_dollars=0.6500 remaining_contracts=7.00 order_id=c679cd64-d8c0-482c-af31-7d3cd65516c3
02:44:48 INFO AMEND_OK | side=yes price_dollars=0.3000 total_fillable_contracts=16.00 order_id=de977710-4c65-4c53-aa97-e3ee821c2336
02:44:54 INFO AMEND_OK | side=no price_dollars=0.6600 total_fillable_contracts=7.00 order_id=c679cd64-d8c0-482c-af31-7d3cd65516c3
02:44:55 INFO QUEUE_POSITION | side=yes order_id=de977710-4c65-4c53-aa97-e3ee821c2336 ahead_contracts=5.00
02:44:56 INFO QUEUE_POSITION | side=no order_id=c679cd64-d8c0-482c-af31-7d3cd65516c3 ahead_contracts=100.00
02:44:58 INFO AMEND_OK | side=no price_dollars=0.6700 total_fillable_contracts=7.00 order_id=c679cd64-d8c0-482c-af31-7d3cd65516c3
02:45:08 INFO CANCEL_REQUESTED | side=yes reason=refresh_expiring_quote order_id=de977710-4c65-4c53-aa97-e3ee821c2336
02:45:08 INFO ORDER_NOT_RESTING | side=yes status=canceled order_id=de977710-4c65-4c53-aa97-e3ee821c2336
02:45:08 INFO CREATE_OK | side=yes price_dollars=0.3000 remaining_contracts=16.00 order_id=8264d456-b89c-44ad-b05d-e2d15c788760
02:45:11 INFO QUEUE_POSITION | side=yes order_id=8264d456-b89c-44ad-b05d-e2d15c788760 ahead_contracts=0.00
02:45:11 INFO QUEUE_POSITION | side=no order_id=c679cd64-d8c0-482c-af31-7d3cd65516c3 ahead_contracts=48.00
02:45:13 INFO AMEND_OK | side=no price_dollars=0.6600 total_fillable_contracts=7.00 order_id=c679cd64-d8c0-482c-af31-7d3cd65516c3
02:45:14 INFO AMEND_OK | side=no price_dollars=0.6700 total_fillable_contracts=7.00 order_id=c679cd64-d8c0-482c-af31-7d3cd65516c3
02:45:20 INFO AMEND_OK | side=no price_dollars=0.6600 total_fillable_contracts=7.00 order_id=c679cd64-d8c0-482c-af31-7d3cd65516c3
02:45:20 INFO AMEND_OK | side=no price_dollars=0.6700 total_fillable_contracts=7.00 order_id=c679cd64-d8c0-482c-af31-7d3cd65516c3
02:45:23 INFO ORDER_NOT_RESTING | side=no status=executed order_id=c679cd64-d8c0-482c-af31-7d3cd65516c3
02:45:23 INFO STALE_ORDER_RECOVER | side=no order_id=None
02:45:23 INFO CREATE_OK | side=no price_dollars=0.6600 remaining_contracts=7.00 order_id=c7bd3439-641b-4578-8d4e-1096a7dd0252
02:45:24 INFO AMEND_OK | side=no price_dollars=0.6700 total_fillable_contracts=7.00 order_id=c7bd3439-641b-4578-8d4e-1096a7dd0252
02:45:26 INFO QUEUE_POSITION | side=yes order_id=8264d456-b89c-44ad-b05d-e2d15c788760 ahead_contracts=0.00
02:45:26 INFO QUEUE_POSITION | side=no order_id=c7bd3439-641b-4578-8d4e-1096a7dd0252 ahead_contracts=10.00
02:45:29 INFO AMEND_OK | side=no price_dollars=0.6600 total_fillable_contracts=7.00 order_id=c7bd3439-641b-4578-8d4e-1096a7dd0252
02:45:32 INFO AMEND_OK | side=no price_dollars=0.6700 total_fillable_contracts=7.00 order_id=c7bd3439-641b-4578-8d4e-1096a7dd0252
02:45:34 INFO AMEND_OK | side=no price_dollars=0.6600 total_fillable_contracts=7.00 order_id=c7bd3439-641b-4578-8d4e-1096a7dd0252
02:45:37 INFO AMEND_OK | side=no price_dollars=0.6700 total_fillable_contracts=7.00 order_id=c7bd3439-641b-4578-8d4e-1096a7dd0252
02:45:39 INFO AMEND_OK | side=no price_dollars=0.6600 total_fillable_contracts=7.00 order_id=c7bd3439-641b-4578-8d4e-1096a7dd0252
02:45:41 INFO QUEUE_POSITION | side=yes order_id=8264d456-b89c-44ad-b05d-e2d15c788760 ahead_contracts=0.00
02:45:41 INFO QUEUE_POSITION | side=no order_id=c7bd3439-641b-4578-8d4e-1096a7dd0252 ahead_contracts=293.00
02:45:41 INFO AMEND_OK | side=yes price_dollars=0.2900 total_fillable_contracts=17.00 order_id=8264d456-b89c-44ad-b05d-e2d15c788760
02:45:42 INFO AMEND_OK | side=no price_dollars=0.6700 total_fillable_contracts=7.00 order_id=c7bd3439-641b-4578-8d4e-1096a7dd0252
02:45:43 INFO AMEND_OK | side=yes price_dollars=0.3000 total_fillable_contracts=16.00 order_id=8264d456-b89c-44ad-b05d-e2d15c788760
02:45:43 INFO AMEND_OK | side=yes price_dollars=0.2900 total_fillable_contracts=17.00 order_id=8264d456-b89c-44ad-b05d-e2d15c788760
02:45:53 INFO ORDER_NOT_RESTING | side=no status=executed order_id=c7bd3439-641b-4578-8d4e-1096a7dd0252
02:45:53 INFO AMEND_OK | side=yes price_dollars=0.3000 total_fillable_contracts=16.00 order_id=8264d456-b89c-44ad-b05d-e2d15c788760
02:45:53 INFO CREATE_OK | side=no price_dollars=0.6700 remaining_contracts=7.00 order_id=c4579146-4fb6-4a54-8161-4d1dada1e98f
02:45:53 INFO AMEND_OK | side=no price_dollars=0.6600 total_fillable_contracts=7.00 order_id=c4579146-4fb6-4a54-8161-4d1dada1e98f
02:45:54 INFO AMEND_OK | side=no price_dollars=0.6700 total_fillable_contracts=7.00 order_id=c4579146-4fb6-4a54-8161-4d1dada1e98f
02:45:56 INFO QUEUE_POSITION | side=yes order_id=8264d456-b89c-44ad-b05d-e2d15c788760 ahead_contracts=0.00
02:45:56 INFO QUEUE_POSITION | side=no order_id=c4579146-4fb6-4a54-8161-4d1dada1e98f ahead_contracts=933.00
02:46:03 INFO CANCEL_REQUESTED | side=yes reason=refresh_expiring_quote order_id=8264d456-b89c-44ad-b05d-e2d15c788760
02:46:03 INFO ORDER_NOT_RESTING | side=yes status=canceled order_id=8264d456-b89c-44ad-b05d-e2d15c788760
02:46:04 INFO CREATE_OK | side=yes price_dollars=0.3000 remaining_contracts=16.00 order_id=53d3871c-f91a-4399-b56c-534c63bfe502
02:46:11 INFO QUEUE_POSITION | side=yes order_id=53d3871c-f91a-4399-b56c-534c63bfe502 ahead_contracts=0.00
02:46:11 INFO QUEUE_POSITION | side=no order_id=c4579146-4fb6-4a54-8161-4d1dada1e98f ahead_contracts=887.00
02:46:15 INFO AMEND_OK | side=yes price_dollars=0.2900 total_fillable_contracts=17.00 order_id=53d3871c-f91a-4399-b56c-534c63bfe502
02:46:22 INFO AMEND_OK | side=yes price_dollars=0.2800 total_fillable_contracts=17.00 order_id=53d3871c-f91a-4399-b56c-534c63bfe502
02:46:23 INFO AMEND_OK | side=yes price_dollars=0.2900 total_fillable_contracts=17.00 order_id=53d3871c-f91a-4399-b56c-534c63bfe502
02:46:25 INFO AMEND_OK | side=yes price_dollars=0.2800 total_fillable_contracts=17.00 order_id=53d3871c-f91a-4399-b56c-534c63bfe502
02:46:26 INFO QUEUE_POSITION | side=yes order_id=53d3871c-f91a-4399-b56c-534c63bfe502 ahead_contracts=0.00
02:46:26 INFO QUEUE_POSITION | side=no order_id=c4579146-4fb6-4a54-8161-4d1dada1e98f ahead_contracts=887.00
02:46:41 INFO QUEUE_POSITION | side=yes order_id=53d3871c-f91a-4399-b56c-534c63bfe502 ahead_contracts=0.00
02:46:41 INFO QUEUE_POSITION | side=no order_id=c4579146-4fb6-4a54-8161-4d1dada1e98f ahead_contracts=887.00
02:46:49 INFO CANCEL_REQUESTED | side=no reason=refresh_expiring_quote order_id=c4579146-4fb6-4a54-8161-4d1dada1e98f
02:46:49 INFO ORDER_NOT_RESTING | side=no status=canceled order_id=c4579146-4fb6-4a54-8161-4d1dada1e98f
02:46:49 INFO CREATE_OK | side=no price_dollars=0.6700 remaining_contracts=7.00 order_id=3a5b083f-1b03-4cbe-a3e8-95e6e3a6f882
02:46:49 INFO AMEND_OK | side=no price_dollars=0.6600 total_fillable_contracts=7.00 order_id=3a5b083f-1b03-4cbe-a3e8-95e6e3a6f882
02:46:56 INFO QUEUE_POSITION | side=yes order_id=53d3871c-f91a-4399-b56c-534c63bfe502 ahead_contracts=0.00
02:46:56 INFO QUEUE_POSITION | side=no order_id=3a5b083f-1b03-4cbe-a3e8-95e6e3a6f882 ahead_contracts=2341.00
02:46:59 INFO CANCEL_REQUESTED | side=yes reason=refresh_expiring_quote order_id=53d3871c-f91a-4399-b56c-534c63bfe502
02:46:59 INFO ORDER_NOT_RESTING | side=yes status=canceled order_id=53d3871c-f91a-4399-b56c-534c63bfe502
02:46:59 INFO CREATE_OK | side=yes price_dollars=0.2800 remaining_contracts=17.00 order_id=a166ee87-d6a9-4d78-b8fe-67702b8629a1
02:47:11 INFO QUEUE_POSITION | side=yes order_id=a166ee87-d6a9-4d78-b8fe-67702b8629a1 ahead_contracts=5.00
02:47:11 INFO QUEUE_POSITION | side=no order_id=3a5b083f-1b03-4cbe-a3e8-95e6e3a6f882 ahead_contracts=2341.00
02:47:26 INFO QUEUE_POSITION | side=yes order_id=a166ee87-d6a9-4d78-b8fe-67702b8629a1 ahead_contracts=5.00
02:47:26 INFO QUEUE_POSITION | side=no order_id=3a5b083f-1b03-4cbe-a3e8-95e6e3a6f882 ahead_contracts=2341.00
02:47:41 INFO AMEND_OK | side=yes price_dollars=0.2900 total_fillable_contracts=17.00 order_id=a166ee87-d6a9-4d78-b8fe-67702b8629a1
02:47:41 INFO QUEUE_POSITION | side=yes order_id=a166ee87-d6a9-4d78-b8fe-67702b8629a1 ahead_contracts=2377.00
02:47:41 INFO QUEUE_POSITION | side=no order_id=3a5b083f-1b03-4cbe-a3e8-95e6e3a6f882 ahead_contracts=2341.00
02:47:44 INFO AMEND_OK | side=yes price_dollars=0.3000 total_fillable_contracts=16.00 order_id=a166ee87-d6a9-4d78-b8fe-67702b8629a1
02:47:44 INFO CANCEL_REQUESTED | side=no reason=refresh_expiring_quote order_id=3a5b083f-1b03-4cbe-a3e8-95e6e3a6f882
02:47:44 INFO ORDER_NOT_RESTING | side=no status=canceled order_id=3a5b083f-1b03-4cbe-a3e8-95e6e3a6f882
02:47:44 INFO CREATE_OK | side=no price_dollars=0.6600 remaining_contracts=7.00 order_id=ad32fa90-ae0b-4122-9b23-0127df33eb8a
02:47:56 INFO QUEUE_POSITION | side=yes order_id=a166ee87-d6a9-4d78-b8fe-67702b8629a1 ahead_contracts=2500.00
02:47:56 INFO QUEUE_POSITION | side=no order_id=ad32fa90-ae0b-4122-9b23-0127df33eb8a ahead_contracts=2341.00
02:47:57 INFO CANCEL_REQUESTED | side=yes reason=refresh_expiring_quote order_id=a166ee87-d6a9-4d78-b8fe-67702b8629a1
02:47:57 INFO ORDER_NOT_RESTING | side=yes status=canceled order_id=a166ee87-d6a9-4d78-b8fe-67702b8629a1
02:47:57 INFO CREATE_OK | side=yes price_dollars=0.3000 remaining_contracts=16.00 order_id=cf724654-0f19-433e-a78a-659fa12a0a8b
02:48:01 INFO AMEND_OK | side=yes price_dollars=0.2900 total_fillable_contracts=17.00 order_id=cf724654-0f19-433e-a78a-659fa12a0a8b
02:48:06 INFO AMEND_OK | side=no price_dollars=0.6700 total_fillable_contracts=7.00 order_id=ad32fa90-ae0b-4122-9b23-0127df33eb8a
02:48:11 INFO AMEND_OK | side=no price_dollars=0.6600 total_fillable_contracts=7.00 order_id=ad32fa90-ae0b-4122-9b23-0127df33eb8a
02:48:11 INFO QUEUE_POSITION | side=yes order_id=cf724654-0f19-433e-a78a-659fa12a0a8b ahead_contracts=2377.00
02:48:11 INFO QUEUE_POSITION | side=no order_id=ad32fa90-ae0b-4122-9b23-0127df33eb8a ahead_contracts=2347.00
02:48:14 INFO AMEND_OK | side=yes price_dollars=0.3000 total_fillable_contracts=16.00 order_id=cf724654-0f19-433e-a78a-659fa12a0a8b
02:48:19 INFO AMEND_OK | side=yes price_dollars=0.2900 total_fillable_contracts=17.00 order_id=cf724654-0f19-433e-a78a-659fa12a0a8b
02:48:24 INFO AMEND_OK | side=yes price_dollars=0.3000 total_fillable_contracts=16.00 order_id=cf724654-0f19-433e-a78a-659fa12a0a8b
02:48:26 INFO QUEUE_POSITION | side=yes order_id=cf724654-0f19-433e-a78a-659fa12a0a8b ahead_contracts=2188.00
02:48:26 INFO QUEUE_POSITION | side=no order_id=ad32fa90-ae0b-4122-9b23-0127df33eb8a ahead_contracts=2341.00
02:48:39 INFO CANCEL_REQUESTED | side=no reason=refresh_expiring_quote order_id=ad32fa90-ae0b-4122-9b23-0127df33eb8a
02:48:39 INFO ORDER_NOT_RESTING | side=no status=canceled order_id=ad32fa90-ae0b-4122-9b23-0127df33eb8a
02:48:39 INFO CREATE_OK | side=no price_dollars=0.6600 remaining_contracts=7.00 order_id=1a7c3c77-57ef-4ef1-b11f-c19fb0a9a984
02:48:42 INFO QUEUE_POSITION | side=yes order_id=cf724654-0f19-433e-a78a-659fa12a0a8b ahead_contracts=2188.00
02:48:42 INFO QUEUE_POSITION | side=no order_id=1a7c3c77-57ef-4ef1-b11f-c19fb0a9a984 ahead_contracts=2341.00
02:48:54 INFO CANCEL_REQUESTED | side=yes reason=refresh_expiring_quote order_id=cf724654-0f19-433e-a78a-659fa12a0a8b
02:48:54 INFO CREATE_OK | side=yes price_dollars=0.2900 remaining_contracts=17.00 order_id=644ecadb-2c39-4ae0-a0b5-0be02c0d3e5a
02:48:54 INFO ORDER_NOT_RESTING | side=yes status=canceled order_id=cf724654-0f19-433e-a78a-659fa12a0a8b
02:48:57 INFO QUEUE_POSITION | side=yes order_id=644ecadb-2c39-4ae0-a0b5-0be02c0d3e5a ahead_contracts=2377.00
02:48:57 INFO QUEUE_POSITION | side=no order_id=1a7c3c77-57ef-4ef1-b11f-c19fb0a9a984 ahead_contracts=2341.00
02:49:08 INFO AMEND_OK | side=yes price_dollars=0.3000 total_fillable_contracts=16.00 order_id=644ecadb-2c39-4ae0-a0b5-0be02c0d3e5a
02:49:12 INFO AMEND_OK | side=yes price_dollars=0.2900 total_fillable_contracts=17.00 order_id=644ecadb-2c39-4ae0-a0b5-0be02c0d3e5a
02:49:12 INFO QUEUE_POSITION | side=yes order_id=644ecadb-2c39-4ae0-a0b5-0be02c0d3e5a ahead_contracts=1960.00
02:49:12 INFO QUEUE_POSITION | side=no order_id=1a7c3c77-57ef-4ef1-b11f-c19fb0a9a984 ahead_contracts=2341.00
02:49:27 INFO QUEUE_POSITION | side=yes order_id=644ecadb-2c39-4ae0-a0b5-0be02c0d3e5a ahead_contracts=2377.00
02:49:27 INFO QUEUE_POSITION | side=no order_id=1a7c3c77-57ef-4ef1-b11f-c19fb0a9a984 ahead_contracts=2341.00
02:49:38 INFO ORDER_NOT_RESTING | side=no status=canceled order_id=1a7c3c77-57ef-4ef1-b11f-c19fb0a9a984
02:49:38 INFO CREATE_OK | side=no price_dollars=0.6700 remaining_contracts=7.00 order_id=be32fa44-b287-4eda-aad5-3de2b7a75183
02:49:39 INFO AMEND_OK | side=no price_dollars=0.6600 total_fillable_contracts=7.00 order_id=be32fa44-b287-4eda-aad5-3de2b7a75183
02:49:42 INFO QUEUE_POSITION | side=yes order_id=644ecadb-2c39-4ae0-a0b5-0be02c0d3e5a ahead_contracts=2377.00
02:49:42 INFO QUEUE_POSITION | side=no order_id=be32fa44-b287-4eda-aad5-3de2b7a75183 ahead_contracts=2347.00
02:49:51 INFO CANCEL_REQUESTED | side=yes reason=refresh_expiring_quote order_id=644ecadb-2c39-4ae0-a0b5-0be02c0d3e5a
02:49:51 INFO ORDER_NOT_RESTING | side=yes status=canceled order_id=644ecadb-2c39-4ae0-a0b5-0be02c0d3e5a
02:49:51 INFO CREATE_OK | side=yes price_dollars=0.2900 remaining_contracts=17.00 order_id=f7b7003c-96dc-41e6-bada-e78572a1fc23
02:49:57 INFO QUEUE_POSITION | side=yes order_id=f7b7003c-96dc-41e6-bada-e78572a1fc23 ahead_contracts=2377.00
02:49:57 INFO QUEUE_POSITION | side=no order_id=be32fa44-b287-4eda-aad5-3de2b7a75183 ahead_contracts=2347.00
02:50:10 INFO AMEND_OK | side=no price_dollars=0.6500 total_fillable_contracts=7.00 order_id=be32fa44-b287-4eda-aad5-3de2b7a75183
02:50:12 INFO QUEUE_POSITION | side=yes order_id=f7b7003c-96dc-41e6-bada-e78572a1fc23 ahead_contracts=0.00
02:50:12 INFO QUEUE_POSITION | side=no order_id=be32fa44-b287-4eda-aad5-3de2b7a75183 ahead_contracts=0.00
02:50:26 INFO AMEND_OK | side=yes price_dollars=0.2800 total_fillable_contracts=17.00 order_id=f7b7003c-96dc-41e6-bada-e78572a1fc23
02:50:26 INFO AMEND_OK | side=yes price_dollars=0.2700 total_fillable_contracts=18.00 order_id=f7b7003c-96dc-41e6-bada-e78572a1fc23
02:50:27 INFO AMEND_OK | side=no price_dollars=0.6600 total_fillable_contracts=7.00 order_id=be32fa44-b287-4eda-aad5-3de2b7a75183
02:50:27 INFO AMEND_OK | side=yes price_dollars=0.2600 total_fillable_contracts=19.00 order_id=f7b7003c-96dc-41e6-bada-e78572a1fc23
02:50:27 INFO QUEUE_POSITION | side=yes order_id=f7b7003c-96dc-41e6-bada-e78572a1fc23 ahead_contracts=0.00
02:50:27 INFO QUEUE_POSITION | side=no order_id=be32fa44-b287-4eda-aad5-3de2b7a75183 ahead_contracts=48.00
02:50:27 INFO AMEND_OK | side=no price_dollars=0.6500 total_fillable_contracts=7.00 order_id=be32fa44-b287-4eda-aad5-3de2b7a75183
02:50:28 INFO AMEND_OK | side=yes price_dollars=0.2700 total_fillable_contracts=18.00 order_id=f7b7003c-96dc-41e6-bada-e78572a1fc23
02:50:28 INFO AMEND_OK | side=no price_dollars=0.6600 total_fillable_contracts=7.00 order_id=be32fa44-b287-4eda-aad5-3de2b7a75183
02:50:28 INFO AMEND_OK | side=yes price_dollars=0.2800 total_fillable_contracts=17.00 order_id=f7b7003c-96dc-41e6-bada-e78572a1fc23
02:50:29 INFO AMEND_OK | side=no price_dollars=0.6500 total_fillable_contracts=7.00 order_id=be32fa44-b287-4eda-aad5-3de2b7a75183
02:50:29 INFO AMEND_OK | side=no price_dollars=0.6600 total_fillable_contracts=7.00 order_id=be32fa44-b287-4eda-aad5-3de2b7a75183
02:50:32 INFO AMEND_OK | side=yes price_dollars=0.2900 total_fillable_contracts=17.00 order_id=f7b7003c-96dc-41e6-bada-e78572a1fc23
02:50:32 INFO AMEND_OK | side=no price_dollars=0.6500 total_fillable_contracts=7.00 order_id=be32fa44-b287-4eda-aad5-3de2b7a75183
02:50:33 INFO CANCEL_REQUESTED | side=no reason=refresh_expiring_quote order_id=be32fa44-b287-4eda-aad5-3de2b7a75183
02:50:33 INFO ORDER_NOT_RESTING | side=no status=canceled order_id=be32fa44-b287-4eda-aad5-3de2b7a75183
02:50:33 INFO CREATE_OK | side=no price_dollars=0.6500 remaining_contracts=7.00 order_id=47cddb04-7f0b-4fb0-a209-ffaedd18c3c7
02:50:33 INFO AMEND_OK | side=no price_dollars=0.6400 total_fillable_contracts=7.00 order_id=47cddb04-7f0b-4fb0-a209-ffaedd18c3c7
02:50:34 INFO AMEND_OK | side=no price_dollars=0.6500 total_fillable_contracts=7.00 order_id=47cddb04-7f0b-4fb0-a209-ffaedd18c3c7
02:50:34 INFO ORDER_NOT_RESTING | side=yes status=executed order_id=f7b7003c-96dc-41e6-bada-e78572a1fc23
02:50:34 INFO CREATE_OK | side=yes price_dollars=0.2600 remaining_contracts=19.00 order_id=83f5b853-cb06-4f0f-a25b-ccac17d5d1b6
02:50:34 INFO AMEND_OK | side=no price_dollars=0.6600 total_fillable_contracts=7.00 order_id=47cddb04-7f0b-4fb0-a209-ffaedd18c3c7
02:50:34 INFO AMEND_OK | side=no price_dollars=0.6700 total_fillable_contracts=7.00 order_id=47cddb04-7f0b-4fb0-a209-ffaedd18c3c7
02:50:34 INFO ORDER_NOT_RESTING | side=no status=executed order_id=47cddb04-7f0b-4fb0-a209-ffaedd18c3c7
02:50:35 INFO CREATE_OK | side=no price_dollars=0.6700 remaining_contracts=7.00 order_id=04f7e670-e970-4cbb-bee3-5407d2d48184
02:50:35 INFO AMEND_OK | side=no price_dollars=0.6600 total_fillable_contracts=7.00 order_id=04f7e670-e970-4cbb-bee3-5407d2d48184
02:50:35 INFO AMEND_OK | side=yes price_dollars=0.2700 total_fillable_contracts=18.00 order_id=83f5b853-cb06-4f0f-a25b-ccac17d5d1b6
02:50:35 INFO AMEND_OK | side=no price_dollars=0.6700 total_fillable_contracts=7.00 order_id=04f7e670-e970-4cbb-bee3-5407d2d48184
02:50:36 INFO AMEND_OK | side=no price_dollars=0.6800 total_fillable_contracts=7.00 order_id=04f7e670-e970-4cbb-bee3-5407d2d48184
02:50:37 INFO ORDER_NOT_RESTING | side=no status=executed order_id=04f7e670-e970-4cbb-bee3-5407d2d48184
02:50:37 INFO AMEND_OK | side=yes price_dollars=0.2800 total_fillable_contracts=17.00 order_id=83f5b853-cb06-4f0f-a25b-ccac17d5d1b6
02:50:37 INFO CREATE_OK | side=no price_dollars=0.6700 remaining_contracts=7.00 order_id=427f0bc4-09ed-437f-8137-2be56e21eb7e
02:50:37 INFO AMEND_OK | side=no price_dollars=0.6600 total_fillable_contracts=7.00 order_id=427f0bc4-09ed-437f-8137-2be56e21eb7e
02:50:37 INFO AMEND_OK | side=no price_dollars=0.6500 total_fillable_contracts=7.00 order_id=427f0bc4-09ed-437f-8137-2be56e21eb7e
02:50:38 INFO AMEND_OK | side=no price_dollars=0.6600 total_fillable_contracts=7.00 order_id=427f0bc4-09ed-437f-8137-2be56e21eb7e
02:50:39 INFO AMEND_OK | side=no price_dollars=0.6500 total_fillable_contracts=7.00 order_id=427f0bc4-09ed-437f-8137-2be56e21eb7e
02:50:41 INFO AMEND_OK | side=no price_dollars=0.6600 total_fillable_contracts=7.00 order_id=427f0bc4-09ed-437f-8137-2be56e21eb7e
02:50:42 INFO QUEUE_POSITION | side=yes order_id=83f5b853-cb06-4f0f-a25b-ccac17d5d1b6 ahead_contracts=0.00
02:50:42 INFO QUEUE_POSITION | side=no order_id=427f0bc4-09ed-437f-8137-2be56e21eb7e ahead_contracts=50.00
02:50:49 INFO AMEND_OK | side=no price_dollars=0.6500 total_fillable_contracts=7.00 order_id=427f0bc4-09ed-437f-8137-2be56e21eb7e
02:50:50 INFO AMEND_OK | side=no price_dollars=0.6600 total_fillable_contracts=7.00 order_id=427f0bc4-09ed-437f-8137-2be56e21eb7e
02:50:51 INFO AMEND_OK | side=yes price_dollars=0.2900 total_fillable_contracts=17.00 order_id=83f5b853-cb06-4f0f-a25b-ccac17d5d1b6
02:50:52 INFO AMEND_OK | side=no price_dollars=0.6500 total_fillable_contracts=7.00 order_id=427f0bc4-09ed-437f-8137-2be56e21eb7e
02:50:54 INFO AMEND_OK | side=yes price_dollars=0.3000 total_fillable_contracts=16.00 order_id=83f5b853-cb06-4f0f-a25b-ccac17d5d1b6
02:50:55 INFO AMEND_OK | side=yes price_dollars=0.3100 total_fillable_contracts=15.00 order_id=83f5b853-cb06-4f0f-a25b-ccac17d5d1b6
02:50:57 INFO QUEUE_POSITION | side=yes order_id=83f5b853-cb06-4f0f-a25b-ccac17d5d1b6 ahead_contracts=60.00
02:50:57 INFO QUEUE_POSITION | side=no order_id=427f0bc4-09ed-437f-8137-2be56e21eb7e ahead_contracts=2439.00
02:50:59 INFO AMEND_OK | side=yes price_dollars=0.3200 total_fillable_contracts=15.00 order_id=83f5b853-cb06-4f0f-a25b-ccac17d5d1b6
02:51:01 INFO AMEND_OK | side=no price_dollars=0.6400 total_fillable_contracts=7.00 order_id=427f0bc4-09ed-437f-8137-2be56e21eb7e
02:51:01 INFO AMEND_OK | side=yes price_dollars=0.3300 total_fillable_contracts=15.00 order_id=83f5b853-cb06-4f0f-a25b-ccac17d5d1b6
02:51:12 INFO QUEUE_POSITION | side=yes order_id=83f5b853-cb06-4f0f-a25b-ccac17d5d1b6 ahead_contracts=0.00
02:51:12 INFO QUEUE_POSITION | side=no order_id=427f0bc4-09ed-437f-8137-2be56e21eb7e ahead_contracts=4645.00
02:51:26 INFO AMEND_OK | side=yes price_dollars=0.3200 total_fillable_contracts=15.00 order_id=83f5b853-cb06-4f0f-a25b-ccac17d5d1b6
02:51:27 INFO AMEND_OK | side=yes price_dollars=0.3300 total_fillable_contracts=15.00 order_id=83f5b853-cb06-4f0f-a25b-ccac17d5d1b6
02:51:27 INFO QUEUE_POSITION | side=yes order_id=83f5b853-cb06-4f0f-a25b-ccac17d5d1b6 ahead_contracts=1.00
02:51:27 INFO QUEUE_POSITION | side=no order_id=427f0bc4-09ed-437f-8137-2be56e21eb7e ahead_contracts=4645.00
02:51:29 INFO CANCEL_REQUESTED | side=yes reason=refresh_expiring_quote order_id=83f5b853-cb06-4f0f-a25b-ccac17d5d1b6
02:51:29 INFO ORDER_NOT_RESTING | side=yes status=canceled order_id=83f5b853-cb06-4f0f-a25b-ccac17d5d1b6
02:51:29 INFO CREATE_OK | side=yes price_dollars=0.3300 remaining_contracts=15.00 order_id=8914ab09-ac79-498a-a0a4-3c86e19dec3f
02:51:32 INFO AMEND_OK | side=yes price_dollars=0.3200 total_fillable_contracts=15.00 order_id=8914ab09-ac79-498a-a0a4-3c86e19dec3f
02:51:32 INFO CANCEL_REQUESTED | side=no reason=refresh_expiring_quote order_id=427f0bc4-09ed-437f-8137-2be56e21eb7e
02:51:32 INFO ORDER_NOT_RESTING | side=no status=canceled order_id=427f0bc4-09ed-437f-8137-2be56e21eb7e
02:51:32 INFO CREATE_OK | side=no price_dollars=0.6400 remaining_contracts=7.00 order_id=22ff8857-cfcd-40e1-aacf-582c135cfed1
02:51:32 INFO AMEND_OK | side=yes price_dollars=0.3100 total_fillable_contracts=15.00 order_id=8914ab09-ac79-498a-a0a4-3c86e19dec3f
02:51:33 INFO AMEND_OK | side=yes price_dollars=0.3300 total_fillable_contracts=15.00 order_id=8914ab09-ac79-498a-a0a4-3c86e19dec3f
02:51:36 INFO AMEND_OK | side=yes price_dollars=0.3100 total_fillable_contracts=15.00 order_id=8914ab09-ac79-498a-a0a4-3c86e19dec3f
02:51:36 INFO AMEND_OK | side=no price_dollars=0.6500 total_fillable_contracts=7.00 order_id=22ff8857-cfcd-40e1-aacf-582c135cfed1
02:51:36 INFO AMEND_OK | side=yes price_dollars=0.2900 total_fillable_contracts=17.00 order_id=8914ab09-ac79-498a-a0a4-3c86e19dec3f
02:51:39 INFO AMEND_OK | side=no price_dollars=0.6600 total_fillable_contracts=7.00 order_id=22ff8857-cfcd-40e1-aacf-582c135cfed1
02:51:39 INFO AMEND_OK | side=yes price_dollars=0.2800 total_fillable_contracts=17.00 order_id=8914ab09-ac79-498a-a0a4-3c86e19dec3f
02:51:42 INFO AMEND_OK | side=yes price_dollars=0.2700 total_fillable_contracts=18.00 order_id=8914ab09-ac79-498a-a0a4-3c86e19dec3f
02:51:42 INFO QUEUE_POSITION | side=yes order_id=8914ab09-ac79-498a-a0a4-3c86e19dec3f ahead_contracts=284.00
02:51:42 INFO QUEUE_POSITION | side=no order_id=22ff8857-cfcd-40e1-aacf-582c135cfed1 ahead_contracts=60.00
02:51:45 INFO ORDER_NOT_RESTING | side=no status=executed order_id=22ff8857-cfcd-40e1-aacf-582c135cfed1
02:51:45 INFO AMEND_OK | side=yes price_dollars=0.2800 total_fillable_contracts=17.00 order_id=8914ab09-ac79-498a-a0a4-3c86e19dec3f
02:51:45 INFO CREATE_OK | side=no price_dollars=0.6500 remaining_contracts=7.00 order_id=17ecfb37-3fa2-4ee6-94a9-ea326f426ce8
02:51:45 INFO AMEND_OK | side=yes price_dollars=0.2900 total_fillable_contracts=17.00 order_id=8914ab09-ac79-498a-a0a4-3c86e19dec3f
02:51:45 INFO AMEND_OK | side=no price_dollars=0.6400 total_fillable_contracts=7.00 order_id=17ecfb37-3fa2-4ee6-94a9-ea326f426ce8
02:51:45 INFO AMEND_OK | side=yes price_dollars=0.3000 total_fillable_contracts=16.00 order_id=8914ab09-ac79-498a-a0a4-3c86e19dec3f
02:51:46 INFO AMEND_OK | side=yes price_dollars=0.3100 total_fillable_contracts=15.00 order_id=8914ab09-ac79-498a-a0a4-3c86e19dec3f
02:51:47 INFO AMEND_OK | side=yes price_dollars=0.3000 total_fillable_contracts=16.00 order_id=8914ab09-ac79-498a-a0a4-3c86e19dec3f
02:51:48 INFO AMEND_OK | side=yes price_dollars=0.2900 total_fillable_contracts=17.00 order_id=8914ab09-ac79-498a-a0a4-3c86e19dec3f
02:51:48 INFO AMEND_OK | side=yes price_dollars=0.2700 total_fillable_contracts=18.00 order_id=8914ab09-ac79-498a-a0a4-3c86e19dec3f
02:51:48 INFO AMEND_OK | side=yes price_dollars=0.2800 total_fillable_contracts=17.00 order_id=8914ab09-ac79-498a-a0a4-3c86e19dec3f
02:51:48 INFO AMEND_OK | side=no price_dollars=0.6500 total_fillable_contracts=7.00 order_id=17ecfb37-3fa2-4ee6-94a9-ea326f426ce8
02:51:48 INFO AMEND_OK | side=yes price_dollars=0.3100 total_fillable_contracts=15.00 order_id=8914ab09-ac79-498a-a0a4-3c86e19dec3f
02:51:49 INFO AMEND_OK | side=yes price_dollars=0.3200 total_fillable_contracts=15.00 order_id=8914ab09-ac79-498a-a0a4-3c86e19dec3f
02:51:49 INFO AMEND_OK | side=no price_dollars=0.6400 total_fillable_contracts=7.00 order_id=17ecfb37-3fa2-4ee6-94a9-ea326f426ce8
02:51:51 INFO ORDER_NOT_RESTING | side=yes status=executed order_id=8914ab09-ac79-498a-a0a4-3c86e19dec3f
02:51:51 INFO CREATE_OK | side=yes price_dollars=0.2800 remaining_contracts=17.00 order_id=d3423206-71f2-4f93-b5e1-bcf52da5852f
02:51:51 INFO AMEND_OK | side=no price_dollars=0.6500 total_fillable_contracts=7.00 order_id=17ecfb37-3fa2-4ee6-94a9-ea326f426ce8
02:51:51 INFO AMEND_OK | side=yes price_dollars=0.2700 total_fillable_contracts=18.00 order_id=d3423206-71f2-4f93-b5e1-bcf52da5852f
02:51:52 INFO AMEND_OK | side=yes price_dollars=0.2800 total_fillable_contracts=17.00 order_id=d3423206-71f2-4f93-b5e1-bcf52da5852f
02:51:52 INFO AMEND_OK | side=yes price_dollars=0.3100 total_fillable_contracts=15.00 order_id=d3423206-71f2-4f93-b5e1-bcf52da5852f
02:51:52 INFO AMEND_OK | side=no price_dollars=0.6600 total_fillable_contracts=7.00 order_id=17ecfb37-3fa2-4ee6-94a9-ea326f426ce8
02:51:54 INFO AMEND_OK | side=yes price_dollars=0.2800 total_fillable_contracts=17.00 order_id=d3423206-71f2-4f93-b5e1-bcf52da5852f
02:51:54 INFO AMEND_OK | side=yes price_dollars=0.2700 total_fillable_contracts=18.00 order_id=d3423206-71f2-4f93-b5e1-bcf52da5852f
02:51:56 INFO AMEND_OK | side=yes price_dollars=0.2600 total_fillable_contracts=19.00 order_id=d3423206-71f2-4f93-b5e1-bcf52da5852f
02:51:57 INFO AMEND_OK | side=yes price_dollars=0.2800 total_fillable_contracts=17.00 order_id=d3423206-71f2-4f93-b5e1-bcf52da5852f
02:51:57 INFO ORDER_NOT_RESTING | side=no status=executed order_id=17ecfb37-3fa2-4ee6-94a9-ea326f426ce8
02:51:57 INFO CREATE_OK | side=no price_dollars=0.6700 remaining_contracts=7.00 order_id=2a18469d-3808-4eda-8793-ce63df005470
02:51:57 INFO ORDER_NOT_RESTING | side=no status=executed order_id=2a18469d-3808-4eda-8793-ce63df005470
02:51:57 INFO AMEND_OK | side=yes price_dollars=0.2900 total_fillable_contracts=17.00 order_id=d3423206-71f2-4f93-b5e1-bcf52da5852f
02:51:57 INFO CREATE_OK | side=no price_dollars=0.6700 remaining_contracts=7.00 order_id=ef357eff-6c27-4b4f-b56b-ee6336e72ca3
02:51:57 INFO QUEUE_POSITION | side=yes order_id=d3423206-71f2-4f93-b5e1-bcf52da5852f ahead_contracts=0.00
02:51:57 INFO QUEUE_POSITION | side=no order_id=ef357eff-6c27-4b4f-b56b-ee6336e72ca3 ahead_contracts=0.00
02:51:58 INFO AMEND_OK | side=no price_dollars=0.6500 total_fillable_contracts=7.00 order_id=ef357eff-6c27-4b4f-b56b-ee6336e72ca3
02:52:06 INFO AMEND_OK | side=no price_dollars=0.6600 total_fillable_contracts=7.00 order_id=ef357eff-6c27-4b4f-b56b-ee6336e72ca3
02:52:08 INFO ORDER_NOT_RESTING | side=no status=executed order_id=ef357eff-6c27-4b4f-b56b-ee6336e72ca3
02:52:08 INFO STALE_ORDER_RECOVER | side=no order_id=None
02:52:08 INFO CREATE_OK | side=no price_dollars=0.6500 remaining_contracts=7.00 order_id=39e2a264-d22c-4500-9dda-b65ffe56188e
02:52:08 INFO AMEND_OK | side=no price_dollars=0.6400 total_fillable_contracts=7.00 order_id=39e2a264-d22c-4500-9dda-b65ffe56188e
02:52:13 INFO QUEUE_POSITION | side=yes order_id=d3423206-71f2-4f93-b5e1-bcf52da5852f ahead_contracts=0.00
02:52:13 INFO QUEUE_POSITION | side=no order_id=39e2a264-d22c-4500-9dda-b65ffe56188e ahead_contracts=4645.00
02:52:28 INFO QUEUE_POSITION | side=yes order_id=d3423206-71f2-4f93-b5e1-bcf52da5852f ahead_contracts=0.00
02:52:28 INFO QUEUE_POSITION | side=no order_id=39e2a264-d22c-4500-9dda-b65ffe56188e ahead_contracts=4645.00
02:52:40 INFO AMEND_OK | side=no price_dollars=0.6500 total_fillable_contracts=7.00 order_id=39e2a264-d22c-4500-9dda-b65ffe56188e
02:52:43 INFO QUEUE_POSITION | side=yes order_id=d3423206-71f2-4f93-b5e1-bcf52da5852f ahead_contracts=0.00
02:52:43 INFO QUEUE_POSITION | side=no order_id=39e2a264-d22c-4500-9dda-b65ffe56188e ahead_contracts=3308.00
02:52:46 INFO CANCEL_REQUESTED | side=yes reason=refresh_expiring_quote order_id=d3423206-71f2-4f93-b5e1-bcf52da5852f
02:52:46 INFO ORDER_NOT_RESTING | side=yes status=canceled order_id=d3423206-71f2-4f93-b5e1-bcf52da5852f
02:52:46 INFO CREATE_OK | side=yes price_dollars=0.2900 remaining_contracts=17.00 order_id=a37e17e0-e6cd-4b87-ae9b-5268a84dcff5
02:52:47 INFO AMEND_OK | side=no price_dollars=0.6400 total_fillable_contracts=7.00 order_id=39e2a264-d22c-4500-9dda-b65ffe56188e
02:52:54 INFO AMEND_OK | side=no price_dollars=0.6500 total_fillable_contracts=7.00 order_id=39e2a264-d22c-4500-9dda-b65ffe56188e
02:52:58 INFO QUEUE_POSITION | side=yes order_id=a37e17e0-e6cd-4b87-ae9b-5268a84dcff5 ahead_contracts=5.00
02:52:58 INFO QUEUE_POSITION | side=no order_id=39e2a264-d22c-4500-9dda-b65ffe56188e ahead_contracts=3067.00
02:52:58 INFO AMEND_OK | side=yes price_dollars=0.3000 total_fillable_contracts=16.00 order_id=a37e17e0-e6cd-4b87-ae9b-5268a84dcff5
02:52:59 INFO AMEND_OK | side=yes price_dollars=0.3100 total_fillable_contracts=15.00 order_id=a37e17e0-e6cd-4b87-ae9b-5268a84dcff5
02:52:59 INFO AMEND_OK | side=yes price_dollars=0.3000 total_fillable_contracts=16.00 order_id=a37e17e0-e6cd-4b87-ae9b-5268a84dcff5
02:53:00 INFO AMEND_OK | side=no price_dollars=0.6400 total_fillable_contracts=7.00 order_id=39e2a264-d22c-4500-9dda-b65ffe56188e
02:53:00 INFO AMEND_OK | side=no price_dollars=0.6500 total_fillable_contracts=7.00 order_id=39e2a264-d22c-4500-9dda-b65ffe56188e
02:53:01 INFO AMEND_OK | side=no price_dollars=0.6400 total_fillable_contracts=7.00 order_id=39e2a264-d22c-4500-9dda-b65ffe56188e
02:53:03 INFO CANCEL_REQUESTED | side=no reason=refresh_expiring_quote order_id=39e2a264-d22c-4500-9dda-b65ffe56188e
02:53:03 INFO ORDER_NOT_RESTING | side=no status=canceled order_id=39e2a264-d22c-4500-9dda-b65ffe56188e
02:53:03 INFO CREATE_OK | side=no price_dollars=0.6400 remaining_contracts=7.00 order_id=995be25a-6113-4896-907f-366fb93cf5f1
02:53:05 INFO AMEND_OK | side=yes price_dollars=0.3100 total_fillable_contracts=15.00 order_id=a37e17e0-e6cd-4b87-ae9b-5268a84dcff5
02:53:08 INFO AMEND_OK | side=no price_dollars=0.6500 total_fillable_contracts=7.00 order_id=995be25a-6113-4896-907f-366fb93cf5f1
02:53:09 INFO AMEND_OK | side=yes price_dollars=0.3200 total_fillable_contracts=15.00 order_id=a37e17e0-e6cd-4b87-ae9b-5268a84dcff5
02:53:09 INFO AMEND_OK | side=no price_dollars=0.6400 total_fillable_contracts=7.00 order_id=995be25a-6113-4896-907f-366fb93cf5f1
02:53:13 INFO QUEUE_POSITION | side=yes order_id=a37e17e0-e6cd-4b87-ae9b-5268a84dcff5 ahead_contracts=50.00
02:53:13 INFO QUEUE_POSITION | side=no order_id=995be25a-6113-4896-907f-366fb93cf5f1 ahead_contracts=4645.00
02:53:20 INFO AMEND_OK | side=no price_dollars=0.6500 total_fillable_contracts=7.00 order_id=995be25a-6113-4896-907f-366fb93cf5f1
02:53:23 INFO AMEND_OK | side=yes price_dollars=0.3100 total_fillable_contracts=15.00 order_id=a37e17e0-e6cd-4b87-ae9b-5268a84dcff5
02:53:25 INFO AMEND_OK | side=yes price_dollars=0.3000 total_fillable_contracts=16.00 order_id=a37e17e0-e6cd-4b87-ae9b-5268a84dcff5
02:53:27 INFO AMEND_OK | side=yes price_dollars=0.3100 total_fillable_contracts=15.00 order_id=a37e17e0-e6cd-4b87-ae9b-5268a84dcff5
02:53:27 INFO AMEND_OK | side=no price_dollars=0.6400 total_fillable_contracts=7.00 order_id=995be25a-6113-4896-907f-366fb93cf5f1
02:53:27 INFO AMEND_OK | side=no price_dollars=0.6500 total_fillable_contracts=7.00 order_id=995be25a-6113-4896-907f-366fb93cf5f1
02:53:28 INFO QUEUE_POSITION | side=yes order_id=a37e17e0-e6cd-4b87-ae9b-5268a84dcff5 ahead_contracts=489.00
02:53:28 INFO QUEUE_POSITION | side=no order_id=995be25a-6113-4896-907f-366fb93cf5f1 ahead_contracts=2121.00
02:53:29 INFO AMEND_OK | side=yes price_dollars=0.3000 total_fillable_contracts=16.00 order_id=a37e17e0-e6cd-4b87-ae9b-5268a84dcff5
02:53:41 INFO CANCEL_REQUESTED | side=yes reason=refresh_expiring_quote order_id=a37e17e0-e6cd-4b87-ae9b-5268a84dcff5
02:53:41 INFO ORDER_NOT_RESTING | side=yes status=canceled order_id=a37e17e0-e6cd-4b87-ae9b-5268a84dcff5
02:53:41 INFO CREATE_OK | side=yes price_dollars=0.3000 remaining_contracts=16.00 order_id=f9ecf826-8d59-4bea-9944-77aa5e90a28f
02:53:43 INFO QUEUE_POSITION | side=yes order_id=f9ecf826-8d59-4bea-9944-77aa5e90a28f ahead_contracts=0.00
02:53:43 INFO QUEUE_POSITION | side=no order_id=995be25a-6113-4896-907f-366fb93cf5f1 ahead_contracts=2121.00
02:53:58 INFO QUEUE_POSITION | side=yes order_id=f9ecf826-8d59-4bea-9944-77aa5e90a28f ahead_contracts=0.00
02:53:58 INFO QUEUE_POSITION | side=no order_id=995be25a-6113-4896-907f-366fb93cf5f1 ahead_contracts=2116.00
02:53:59 INFO CANCEL_REQUESTED | side=no reason=refresh_expiring_quote order_id=995be25a-6113-4896-907f-366fb93cf5f1
02:53:59 INFO ORDER_NOT_RESTING | side=no status=canceled order_id=995be25a-6113-4896-907f-366fb93cf5f1
02:53:59 INFO CREATE_OK | side=no price_dollars=0.6400 remaining_contracts=7.00 order_id=56f6a56d-cc06-4806-a781-ac4fe31019a1
02:54:13 INFO AMEND_OK | side=no price_dollars=0.6500 total_fillable_contracts=7.00 order_id=56f6a56d-cc06-4806-a781-ac4fe31019a1
02:54:13 INFO QUEUE_POSITION | side=yes order_id=f9ecf826-8d59-4bea-9944-77aa5e90a28f ahead_contracts=0.00
02:54:13 INFO QUEUE_POSITION | side=no order_id=56f6a56d-cc06-4806-a781-ac4fe31019a1 ahead_contracts=2796.00
02:54:18 INFO AMEND_OK | side=no price_dollars=0.6400 total_fillable_contracts=7.00 order_id=56f6a56d-cc06-4806-a781-ac4fe31019a1
02:54:22 INFO AMEND_OK | side=yes price_dollars=0.2900 total_fillable_contracts=17.00 order_id=f9ecf826-8d59-4bea-9944-77aa5e90a28f
02:54:22 INFO AMEND_OK | side=yes price_dollars=0.3000 total_fillable_contracts=16.00 order_id=f9ecf826-8d59-4bea-9944-77aa5e90a28f
02:54:28 INFO QUEUE_POSITION | side=yes order_id=f9ecf826-8d59-4bea-9944-77aa5e90a28f ahead_contracts=45.00
02:54:28 INFO QUEUE_POSITION | side=no order_id=56f6a56d-cc06-4806-a781-ac4fe31019a1 ahead_contracts=4645.00
02:54:36 INFO CANCEL_REQUESTED | side=yes reason=refresh_expiring_quote order_id=f9ecf826-8d59-4bea-9944-77aa5e90a28f
02:54:36 INFO ORDER_NOT_RESTING | side=yes status=canceled order_id=f9ecf826-8d59-4bea-9944-77aa5e90a28f
02:54:36 INFO CREATE_OK | side=yes price_dollars=0.3000 remaining_contracts=14.00 order_id=83ef3c47-6817-444a-9a17-d8e1c2ed2c78
02:54:36 INFO AMEND_OK | side=yes price_dollars=0.3000 total_fillable_contracts=12.00 order_id=83ef3c47-6817-444a-9a17-d8e1c2ed2c78
02:54:36 INFO AMEND_OK | side=no price_dollars=0.6500 total_fillable_contracts=7.00 order_id=56f6a56d-cc06-4806-a781-ac4fe31019a1
02:54:39 INFO AMEND_OK | side=yes price_dollars=0.2900 total_fillable_contracts=13.00 order_id=83ef3c47-6817-444a-9a17-d8e1c2ed2c78
02:54:43 INFO QUEUE_POSITION | side=yes order_id=83ef3c47-6817-444a-9a17-d8e1c2ed2c78 ahead_contracts=35.00
02:54:43 INFO QUEUE_POSITION | side=no order_id=56f6a56d-cc06-4806-a781-ac4fe31019a1 ahead_contracts=2306.00
02:54:45 INFO ORDER_NOT_RESTING | side=yes status=executed order_id=83ef3c47-6817-444a-9a17-d8e1c2ed2c78
02:54:45 INFO CREATE_OK | side=yes price_dollars=0.2700 remaining_contracts=18.00 order_id=089d7ad3-7532-473a-8f59-1b43a2b2eaff
02:54:45 INFO AMEND_OK | side=no price_dollars=0.6600 total_fillable_contracts=7.00 order_id=56f6a56d-cc06-4806-a781-ac4fe31019a1
02:54:46 INFO AMEND_OK | side=yes price_dollars=0.2600 total_fillable_contracts=19.00 order_id=089d7ad3-7532-473a-8f59-1b43a2b2eaff
02:54:46 INFO AMEND_OK | side=no price_dollars=0.6700 total_fillable_contracts=7.00 order_id=56f6a56d-cc06-4806-a781-ac4fe31019a1
02:54:48 INFO AMEND_OK | side=yes price_dollars=0.2700 total_fillable_contracts=18.00 order_id=089d7ad3-7532-473a-8f59-1b43a2b2eaff
02:54:49 INFO AMEND_OK | side=no price_dollars=0.6600 total_fillable_contracts=7.00 order_id=56f6a56d-cc06-4806-a781-ac4fe31019a1
02:54:51 INFO AMEND_OK | side=yes price_dollars=0.2600 total_fillable_contracts=19.00 order_id=089d7ad3-7532-473a-8f59-1b43a2b2eaff
02:54:51 INFO AMEND_OK | side=no price_dollars=0.6700 total_fillable_contracts=7.00 order_id=56f6a56d-cc06-4806-a781-ac4fe31019a1
02:54:51 INFO AMEND_OK | side=yes price_dollars=0.2700 total_fillable_contracts=18.00 order_id=089d7ad3-7532-473a-8f59-1b43a2b2eaff
02:54:53 INFO AMEND_OK | side=yes price_dollars=0.2800 total_fillable_contracts=17.00 order_id=089d7ad3-7532-473a-8f59-1b43a2b2eaff
02:54:53 INFO AMEND_OK | side=no price_dollars=0.6600 total_fillable_contracts=7.00 order_id=56f6a56d-cc06-4806-a781-ac4fe31019a1
02:54:54 INFO AMEND_OK | side=no price_dollars=0.6500 total_fillable_contracts=7.00 order_id=56f6a56d-cc06-4806-a781-ac4fe31019a1
02:54:54 INFO CANCEL_REQUESTED | side=no reason=refresh_expiring_quote order_id=56f6a56d-cc06-4806-a781-ac4fe31019a1
02:54:54 INFO ORDER_NOT_RESTING | side=no status=canceled order_id=56f6a56d-cc06-4806-a781-ac4fe31019a1
02:54:54 INFO CREATE_OK | side=no price_dollars=0.6500 remaining_contracts=5.00 order_id=00b1dbb5-179e-4f37-bf46-1414d785e089
Traceback (most recent call last):
  File "/workspaces/Kalshi_alg/V1.py", line 1770, in websocket_main
    async for raw_message in websocket:
  File "/home/codespace/.python/current/lib/python3.12/site-packages/websockets/asyncio/connection.py", line 244, in __aiter__
    yield await self.recv()
          ^^^^^^^^^^^^^^^^^
  File "/home/codespace/.python/current/lib/python3.12/site-packages/websockets/asyncio/connection.py", line 305, in recv
    return await self.recv_messages.get(decode)
           ^^^^^^^^^^^^^^^^^^^^^^^^^^^^^^^^^^^^
  File "/home/codespace/.python/current/lib/python3.12/site-packages/websockets/asyncio/messages.py", line 158, in get
    frame = await self.frames.get(not self.closed)
            ^^^^^^^^^^^^^^^^^^^^^^^^^^^^^^^^^^^^^^
  File "/home/codespace/.python/current/lib/python3.12/site-packages/websockets/asyncio/messages.py", line 51, in get
    await self.get_waiter
asyncio.exceptions.CancelledError

During handling of the above exception, another exception occurred:

Traceback (most recent call last):
  File "/workspaces/Kalshi_alg/V1.py", line 1870, in <module>
    main()
  File "/workspaces/Kalshi_alg/V1.py", line 1866, in main
    asyncio.run(bot.run())
  File "/home/codespace/.python/current/lib/python3.12/asyncio/runners.py", line 194, in run
    return runner.run(main)
           ^^^^^^^^^^^^^^^^
  File "/home/codespace/.python/current/lib/python3.12/asyncio/runners.py", line 118, in run
    return self._loop.run_until_complete(task)
           ^^^^^^^^^^^^^^^^^^^^^^^^^^^^^^^^^^^
  File "/home/codespace/.python/current/lib/python3.12/asyncio/base_events.py", line 671, in run_until_complete
    self.run_forever()
  File "/home/codespace/.python/current/lib/python3.12/asyncio/base_events.py", line 638, in run_forever
    self._run_once()
  File "/home/codespace/.python/current/lib/python3.12/asyncio/base_events.py", line 1971, in _run_once
    handle._run()
  File "/home/codespace/.python/current/lib/python3.12/asyncio/events.py", line 84, in _run
    self._context.run(self._callback, *self._args)
  File "/workspaces/Kalshi_alg/V1.py", line 1833, in run
    await self.websocket_main()
  File "/workspaces/Kalshi_alg/V1.py", line 1729, in websocket_main
    async with connection as websocket:
  File "/home/codespace/.python/current/lib/python3.12/site-packages/websockets/asyncio/client.py", line 598, in __aexit__
    await self.connection.close()
  File "/home/codespace/.python/current/lib/python3.12/site-packages/websockets/asyncio/connection.py", line 641, in close
    async with self.send_context():
  File "/home/codespace/.python/current/lib/python3.12/contextlib.py", line 217, in __aexit__
    await anext(self.gen)
  File "/home/codespace/.python/current/lib/python3.12/site-packages/websockets/asyncio/connection.py", line 919, in send_context
    self.send_data()
  File "/home/codespace/.python/current/lib/python3.12/site-packages/websockets/asyncio/connection.py", line 974, in send_data
    self.transport.write(data)
  File "/home/codespace/.python/current/lib/python3.12/asyncio/sslproto.py", line 218, in write
    self._ssl_protocol._write_appdata((data,))
  File "/home/codespace/.python/current/lib/python3.12/asyncio/sslproto.py", line 690, in _write_appdata
    self._do_write()
  File "/home/codespace/.python/current/lib/python3.12/asyncio/sslproto.py", line 699, in _do_write
    count = self._sslobj.write(data)
            ^^^^^^^^^^^^^^^^^^^^^^^^
  File "/home/codespace/.python/current/lib/python3.12/ssl.py", line 868, in write
    return self._sslobj.write(data)
           ^^^^^^^^^^^^^^^^^^^^^^^^
  File "/home/codespace/.python/current/lib/python3.12/asyncio/runners.py", line 157, in _on_sigint
    raise KeyboardInterrupt()
KeyboardInterrupt
