
=== START 2026-04-30 21:24:44 ===
CMD: /home/codespace/.python/current/bin/python3 /workspaces/Kalshi_alg/V1.py --ticker KXAAAGASD-26MAY01-4.375 --yes-budget-cents 400 --no-budget-cents 400 --watchdog-state-file /workspaces/Kalshi_alg/watchdog_state/KXAAAGASD-26MAY01-4.375.json --watchdog-refresh-seconds 3.0 --watchdog-extreme-stale-seconds 120.0
21:24:44 INFO START | environment=PROD ticker=KXAAAGASD-26MAY01-4.375 yes_budget_cents=400 no_budget_cents=400 price_structure=linear_cent fractional_trading=True dry_run=False websocket=wss://api.elections.kalshi.com/trade-api/ws/v2 reprice_ms=100 expiration_seconds=500 same_side_reentry_cooldown_ms=5000 queue_guard=True watchdog_state_file=/workspaces/Kalshi_alg/watchdog_state/KXAAAGASD-26MAY01-4.375.json watchdog_refresh_seconds=3.0
21:24:44 INFO STARTUP_POSITION | contracts=0.00
21:24:44 INFO FEE_MODEL_SERIES_REFRESH_ERROR | error=GET /trade-api/v2/series/KXAAAGASD-26MAY01-4.375 failed 404: {"error":{"code":"not_found","message":"not found","service":"market-metadata"}} series=KXAAAGASD-26MAY01-4.375
21:24:44 INFO FEE_MODEL_REFRESHED | series=KXAAAGASD-26MAY01-4.375 fee_type=quadratic fee_multiplier=1.0 maker_fee_factor=0.45 upcoming_changes=0
21:24:45 INFO INCENTIVE_MODEL_REFRESHED | ticker=KXAAAGASD-26MAY01-4.375 active_programs=0
21:24:45 INFO WATCHDOG_MODE_CHANGE | ticker=KXAAAGASD-26MAY01-4.375 old_mode=none new_mode=normal reason=normal confidence=0.750
21:24:45 INFO FEE_MODEL_SERIES_REFRESH_ERROR | error=GET /trade-api/v2/series/KXAAAGASD-26MAY01-4.375 failed 404: {"error":{"code":"not_found","message":"not found","service":"market-metadata"}} series=KXAAAGASD-26MAY01-4.375
21:24:45 INFO FEE_MODEL_REFRESHED | series=KXAAAGASD-26MAY01-4.375 fee_type=quadratic fee_multiplier=1.0 maker_fee_factor=0.45 upcoming_changes=0
21:24:45 INFO WS_CONNECTED_AND_SUBSCRIBED
21:24:45 INFO INCENTIVE_MODEL_REFRESHED | ticker=KXAAAGASD-26MAY01-4.375 active_programs=0
21:24:45 INFO MARKET_PROBABILITY_GUARD | active=True best_yes_bid_cents=81 best_no_bid_cents=6 threshold_cents=8
21:24:45 INFO MARKET_QUEUE_COOLDOWN | active=False cooldown_remaining_ms=0
21:24:45 INFO QUOTE_DECISION | side=yes mode=disabled reason=market_probability_guard quote_c=none fair_yes_c=88.00 fair_side_c=88.00 edge_c=0.00 fee_c=0.00 tox_c=1.00 pfill30=0.000 markout_c=1.00 score_hr_c=0.00 bucket=yes|gt4h|bid_heavy|mixed_flow|unknown|wide|normal qpen_c=0.00 live_best_c=81.00 live_best_sz=321.00 exself_best_c=81.00 exself_best_sz=321.00 live_imbalance=0.994 exself_imbalance=0.994 active_order_c=none active_remaining=0.00 queue_ahead=0.00
21:24:45 INFO QUOTE_DECISION | side=no mode=disabled reason=best_bid_floor quote_c=none fair_yes_c=88.00 fair_side_c=12.00 edge_c=0.00 fee_c=0.00 tox_c=1.30 pfill30=0.000 markout_c=1.30 score_hr_c=0.00 bucket=no|gt4h|bid_heavy|mixed_flow|unknown|wide|normal qpen_c=0.00 live_best_c=6.00 live_best_sz=1.00 exself_best_c=6.00 exself_best_sz=1.00 live_imbalance=0.994 exself_imbalance=0.994 active_order_c=none active_remaining=0.00 queue_ahead=0.00
21:25:10 INFO ORDERBOOK_PULL_TOXICITY | side=no removed_contracts=833.33 threshold_contracts=202.80 cooldown_ms=5000 level_distance=1
21:25:10 INFO QUOTE_DECISION | side=yes mode=disabled reason=market_probability_guard quote_c=none fair_yes_c=88.00 fair_side_c=88.00 edge_c=0.00 fee_c=0.00 tox_c=1.00 pfill30=0.000 markout_c=1.00 score_hr_c=0.00 bucket=yes|gt4h|bid_heavy|mixed_flow|unknown|wide|normal qpen_c=0.00 live_best_c=81.00 live_best_sz=321.00 exself_best_c=81.00 exself_best_sz=321.00 live_imbalance=0.994 exself_imbalance=0.994 active_order_c=none active_remaining=0.00 queue_ahead=0.00
21:25:10 INFO QUOTE_DECISION | side=no mode=disabled reason=side_pull_cooldown quote_c=none fair_yes_c=88.00 fair_side_c=12.00 edge_c=0.00 fee_c=0.00 tox_c=40.19 pfill30=0.000 markout_c=40.19 score_hr_c=0.00 bucket=no|gt4h|bid_heavy|mixed_flow|unknown|wide|normal qpen_c=0.00 live_best_c=6.00 live_best_sz=1.00 exself_best_c=6.00 exself_best_sz=1.00 live_imbalance=0.994 exself_imbalance=0.994 active_order_c=none active_remaining=0.00 queue_ahead=0.00
21:25:45 INFO FEE_MODEL_SERIES_REFRESH_ERROR | error=GET /trade-api/v2/series/KXAAAGASD-26MAY01-4.375 failed 404: {"error":{"code":"not_found","message":"not found","service":"market-metadata"}} series=KXAAAGASD-26MAY01-4.375
21:25:45 INFO FEE_MODEL_REFRESHED | series=KXAAAGASD-26MAY01-4.375 fee_type=quadratic fee_multiplier=1.0 maker_fee_factor=0.45 upcoming_changes=0
21:25:45 INFO INCENTIVE_MODEL_REFRESHED | ticker=KXAAAGASD-26MAY01-4.375 active_programs=0
21:26:45 INFO FEE_MODEL_SERIES_REFRESH_ERROR | error=GET /trade-api/v2/series/KXAAAGASD-26MAY01-4.375 failed 404: {"error":{"code":"not_found","message":"not found","service":"market-metadata"}} series=KXAAAGASD-26MAY01-4.375
21:26:45 INFO FEE_MODEL_REFRESHED | series=KXAAAGASD-26MAY01-4.375 fee_type=quadratic fee_multiplier=1.0 maker_fee_factor=0.45 upcoming_changes=0
21:26:45 INFO INCENTIVE_MODEL_REFRESHED | ticker=KXAAAGASD-26MAY01-4.375 active_programs=0
21:27:45 INFO FEE_MODEL_SERIES_REFRESH_ERROR | error=GET /trade-api/v2/series/KXAAAGASD-26MAY01-4.375 failed 404: {"error":{"code":"not_found","message":"not found","service":"market-metadata"}} series=KXAAAGASD-26MAY01-4.375
21:27:45 INFO FEE_MODEL_REFRESHED | series=KXAAAGASD-26MAY01-4.375 fee_type=quadratic fee_multiplier=1.0 maker_fee_factor=0.45 upcoming_changes=0
21:27:45 INFO INCENTIVE_MODEL_REFRESHED | ticker=KXAAAGASD-26MAY01-4.375 active_programs=0
21:28:45 INFO FEE_MODEL_SERIES_REFRESH_ERROR | error=GET /trade-api/v2/series/KXAAAGASD-26MAY01-4.375 failed 404: {"error":{"code":"not_found","message":"not found","service":"market-metadata"}} series=KXAAAGASD-26MAY01-4.375
21:28:45 INFO FEE_MODEL_REFRESHED | series=KXAAAGASD-26MAY01-4.375 fee_type=quadratic fee_multiplier=1.0 maker_fee_factor=0.45 upcoming_changes=0
21:28:45 INFO INCENTIVE_MODEL_REFRESHED | ticker=KXAAAGASD-26MAY01-4.375 active_programs=0
21:29:45 INFO FEE_MODEL_SERIES_REFRESH_ERROR | error=GET /trade-api/v2/series/KXAAAGASD-26MAY01-4.375 failed 404: {"error":{"code":"not_found","message":"not found","service":"market-metadata"}} series=KXAAAGASD-26MAY01-4.375
21:29:45 INFO FEE_MODEL_REFRESHED | series=KXAAAGASD-26MAY01-4.375 fee_type=quadratic fee_multiplier=1.0 maker_fee_factor=0.45 upcoming_changes=0
21:29:46 INFO INCENTIVE_MODEL_REFRESHED | ticker=KXAAAGASD-26MAY01-4.375 active_programs=0
21:30:46 INFO FEE_MODEL_SERIES_REFRESH_ERROR | error=GET /trade-api/v2/series/KXAAAGASD-26MAY01-4.375 failed 404: {"error":{"code":"not_found","message":"not found","service":"market-metadata"}} series=KXAAAGASD-26MAY01-4.375
21:30:46 INFO FEE_MODEL_REFRESHED | series=KXAAAGASD-26MAY01-4.375 fee_type=quadratic fee_multiplier=1.0 maker_fee_factor=0.45 upcoming_changes=0
21:30:46 INFO INCENTIVE_MODEL_REFRESHED | ticker=KXAAAGASD-26MAY01-4.375 active_programs=0
21:31:46 INFO FEE_MODEL_SERIES_REFRESH_ERROR | error=GET /trade-api/v2/series/KXAAAGASD-26MAY01-4.375 failed 404: {"error":{"code":"not_found","message":"not found","service":"market-metadata"}} series=KXAAAGASD-26MAY01-4.375
21:31:46 INFO FEE_MODEL_REFRESHED | series=KXAAAGASD-26MAY01-4.375 fee_type=quadratic fee_multiplier=1.0 maker_fee_factor=0.45 upcoming_changes=0
21:31:46 INFO INCENTIVE_MODEL_REFRESHED | ticker=KXAAAGASD-26MAY01-4.375 active_programs=0
21:32:46 INFO FEE_MODEL_SERIES_REFRESH_ERROR | error=GET /trade-api/v2/series/KXAAAGASD-26MAY01-4.375 failed 404: {"error":{"code":"not_found","message":"not found","service":"market-metadata"}} series=KXAAAGASD-26MAY01-4.375
21:32:46 INFO FEE_MODEL_REFRESHED | series=KXAAAGASD-26MAY01-4.375 fee_type=quadratic fee_multiplier=1.0 maker_fee_factor=0.45 upcoming_changes=0
21:32:46 INFO INCENTIVE_MODEL_REFRESHED | ticker=KXAAAGASD-26MAY01-4.375 active_programs=0
21:33:46 INFO FEE_MODEL_SERIES_REFRESH_ERROR | error=GET /trade-api/v2/series/KXAAAGASD-26MAY01-4.375 failed 404: {"error":{"code":"not_found","message":"not found","service":"market-metadata"}} series=KXAAAGASD-26MAY01-4.375
21:33:46 INFO FEE_MODEL_REFRESHED | series=KXAAAGASD-26MAY01-4.375 fee_type=quadratic fee_multiplier=1.0 maker_fee_factor=0.45 upcoming_changes=0
21:33:46 INFO INCENTIVE_MODEL_REFRESHED | ticker=KXAAAGASD-26MAY01-4.375 active_programs=0
21:34:46 INFO FEE_MODEL_SERIES_REFRESH_ERROR | error=GET /trade-api/v2/series/KXAAAGASD-26MAY01-4.375 failed 404: {"error":{"code":"not_found","message":"not found","service":"market-metadata"}} series=KXAAAGASD-26MAY01-4.375
21:34:46 INFO FEE_MODEL_REFRESHED | series=KXAAAGASD-26MAY01-4.375 fee_type=quadratic fee_multiplier=1.0 maker_fee_factor=0.45 upcoming_changes=0
21:34:47 INFO INCENTIVE_MODEL_REFRESHED | ticker=KXAAAGASD-26MAY01-4.375 active_programs=0
21:35:47 INFO FEE_MODEL_SERIES_REFRESH_ERROR | error=GET /trade-api/v2/series/KXAAAGASD-26MAY01-4.375 failed 404: {"error":{"code":"not_found","message":"not found","service":"market-metadata"}} series=KXAAAGASD-26MAY01-4.375
21:35:47 INFO FEE_MODEL_REFRESHED | series=KXAAAGASD-26MAY01-4.375 fee_type=quadratic fee_multiplier=1.0 maker_fee_factor=0.45 upcoming_changes=0
21:35:47 INFO INCENTIVE_MODEL_REFRESHED | ticker=KXAAAGASD-26MAY01-4.375 active_programs=0
21:36:47 INFO FEE_MODEL_SERIES_REFRESH_ERROR | error=GET /trade-api/v2/series/KXAAAGASD-26MAY01-4.375 failed 404: {"error":{"code":"not_found","message":"not found","service":"market-metadata"}} series=KXAAAGASD-26MAY01-4.375
21:36:47 INFO FEE_MODEL_REFRESHED | series=KXAAAGASD-26MAY01-4.375 fee_type=quadratic fee_multiplier=1.0 maker_fee_factor=0.45 upcoming_changes=0
21:36:47 INFO INCENTIVE_MODEL_REFRESHED | ticker=KXAAAGASD-26MAY01-4.375 active_programs=0
21:37:16 INFO QUOTE_DECISION | side=yes mode=disabled reason=market_probability_guard quote_c=none fair_yes_c=88.00 fair_side_c=88.00 edge_c=0.00 fee_c=0.00 tox_c=1.00 pfill30=0.000 markout_c=1.00 score_hr_c=0.00 bucket=yes|gt4h|bid_heavy|mixed_flow|unknown|wide|normal qpen_c=0.00 live_best_c=81.00 live_best_sz=321.00 exself_best_c=81.00 exself_best_sz=321.00 live_imbalance=0.994 exself_imbalance=0.994 active_order_c=none active_remaining=0.00 queue_ahead=0.00
21:37:16 INFO QUOTE_DECISION | side=no mode=disabled reason=best_bid_floor quote_c=none fair_yes_c=88.00 fair_side_c=12.00 edge_c=0.00 fee_c=0.00 tox_c=1.30 pfill30=0.000 markout_c=1.30 score_hr_c=0.00 bucket=no|gt4h|bid_heavy|mixed_flow|unknown|wide|normal qpen_c=0.00 live_best_c=6.00 live_best_sz=1.00 exself_best_c=6.00 exself_best_sz=1.00 live_imbalance=0.994 exself_imbalance=0.994 active_order_c=none active_remaining=0.00 queue_ahead=0.00
21:37:16 INFO QUOTE_DECISION | side=yes mode=disabled reason=market_probability_guard quote_c=none fair_yes_c=88.00 fair_side_c=88.00 edge_c=0.00 fee_c=0.00 tox_c=1.00 pfill30=0.000 markout_c=1.00 score_hr_c=0.00 bucket=yes|gt4h|bid_heavy|mixed_flow|unknown|wide|normal qpen_c=0.00 live_best_c=82.00 live_best_sz=163.00 exself_best_c=82.00 exself_best_sz=163.00 live_imbalance=0.988 exself_imbalance=0.988 active_order_c=none active_remaining=0.00 queue_ahead=0.00
21:37:16 INFO QUOTE_DECISION | side=no mode=disabled reason=best_bid_floor quote_c=none fair_yes_c=88.00 fair_side_c=12.00 edge_c=0.00 fee_c=0.00 tox_c=1.30 pfill30=0.000 markout_c=1.30 score_hr_c=0.00 bucket=no|gt4h|bid_heavy|mixed_flow|unknown|wide|normal qpen_c=0.00 live_best_c=6.00 live_best_sz=1.00 exself_best_c=6.00 exself_best_sz=1.00 live_imbalance=0.988 exself_imbalance=0.988 active_order_c=none active_remaining=0.00 queue_ahead=0.00
21:37:16 INFO QUOTE_DECISION | side=yes mode=disabled reason=market_probability_guard quote_c=none fair_yes_c=89.00 fair_side_c=89.00 edge_c=0.00 fee_c=0.00 tox_c=1.00 pfill30=0.000 markout_c=1.00 score_hr_c=0.00 bucket=yes|gt4h|bid_heavy|mixed_flow|unknown|wide|normal qpen_c=0.00 live_best_c=82.00 live_best_sz=163.00 exself_best_c=82.00 exself_best_sz=163.00 live_imbalance=0.988 exself_imbalance=0.988 active_order_c=none active_remaining=0.00 queue_ahead=0.00
21:37:16 INFO QUOTE_DECISION | side=no mode=disabled reason=best_bid_floor quote_c=none fair_yes_c=89.00 fair_side_c=11.00 edge_c=0.00 fee_c=0.00 tox_c=1.30 pfill30=0.000 markout_c=1.30 score_hr_c=0.00 bucket=no|gt4h|bid_heavy|mixed_flow|unknown|wide|normal qpen_c=0.00 live_best_c=6.00 live_best_sz=1.00 exself_best_c=6.00 exself_best_sz=1.00 live_imbalance=0.988 exself_imbalance=0.988 active_order_c=none active_remaining=0.00 queue_ahead=0.00
21:37:32 INFO QUOTE_DECISION | side=yes mode=disabled reason=market_probability_guard quote_c=none fair_yes_c=89.00 fair_side_c=89.00 edge_c=0.00 fee_c=0.00 tox_c=1.00 pfill30=0.000 markout_c=1.00 score_hr_c=0.00 bucket=yes|gt4h|bid_heavy|mixed_flow|unknown|wide|normal qpen_c=0.00 live_best_c=82.00 live_best_sz=163.00 exself_best_c=82.00 exself_best_sz=163.00 live_imbalance=0.988 exself_imbalance=0.988 active_order_c=none active_remaining=0.00 queue_ahead=0.00
21:37:32 INFO QUOTE_DECISION | side=no mode=disabled reason=best_bid_floor quote_c=none fair_yes_c=89.00 fair_side_c=11.00 edge_c=0.00 fee_c=0.00 tox_c=1.33 pfill30=0.000 markout_c=1.33 score_hr_c=0.00 bucket=no|gt4h|bid_heavy|mixed_flow|unknown|wide|normal qpen_c=0.00 live_best_c=5.00 live_best_sz=1000.00 exself_best_c=5.00 exself_best_sz=1000.00 live_imbalance=0.988 exself_imbalance=0.988 active_order_c=none active_remaining=0.00 queue_ahead=0.00
21:37:32 INFO QUOTE_DECISION | side=yes mode=disabled reason=market_probability_guard quote_c=none fair_yes_c=89.00 fair_side_c=89.00 edge_c=0.00 fee_c=0.00 tox_c=1.00 pfill30=0.000 markout_c=1.00 score_hr_c=0.00 bucket=yes|gt4h|bid_heavy|mixed_flow|unknown|wide|normal qpen_c=0.00 live_best_c=82.00 live_best_sz=163.00 exself_best_c=82.00 exself_best_sz=163.00 live_imbalance=0.988 exself_imbalance=0.988 active_order_c=none active_remaining=0.00 queue_ahead=0.00
21:37:32 INFO QUOTE_DECISION | side=no mode=disabled reason=best_bid_floor quote_c=none fair_yes_c=89.00 fair_side_c=11.00 edge_c=0.00 fee_c=0.00 tox_c=1.33 pfill30=0.000 markout_c=1.33 score_hr_c=0.00 bucket=no|gt4h|bid_heavy|mixed_flow|unknown|wide|normal qpen_c=0.00 live_best_c=5.00 live_best_sz=1000.00 exself_best_c=5.00 exself_best_sz=1000.00 live_imbalance=0.988 exself_imbalance=0.988 active_order_c=none active_remaining=0.00 queue_ahead=0.00
21:37:32 INFO QUOTE_DECISION | side=yes mode=disabled reason=market_probability_guard quote_c=none fair_yes_c=89.00 fair_side_c=89.00 edge_c=0.00 fee_c=0.00 tox_c=1.22 pfill30=0.000 markout_c=1.22 score_hr_c=0.00 bucket=yes|gt4h|ask_heavy|mixed_flow|unknown|wide|normal qpen_c=0.00 live_best_c=82.00 live_best_sz=163.00 exself_best_c=82.00 exself_best_sz=163.00 live_imbalance=-0.720 exself_imbalance=-0.720 active_order_c=none active_remaining=0.00 queue_ahead=0.00
21:37:32 INFO QUOTE_DECISION | side=no mode=disabled reason=best_bid_floor quote_c=none fair_yes_c=89.00 fair_side_c=11.00 edge_c=0.00 fee_c=0.00 tox_c=1.03 pfill30=0.000 markout_c=1.03 score_hr_c=0.00 bucket=no|gt4h|ask_heavy|mixed_flow|unknown|wide|normal qpen_c=0.00 live_best_c=5.00 live_best_sz=1000.00 exself_best_c=5.00 exself_best_sz=1000.00 live_imbalance=-0.720 exself_imbalance=-0.720 active_order_c=none active_remaining=0.00 queue_ahead=0.00
21:37:37 INFO QUOTE_DECISION | side=yes mode=disabled reason=market_probability_guard quote_c=none fair_yes_c=90.00 fair_side_c=90.00 edge_c=0.00 fee_c=0.00 tox_c=1.22 pfill30=0.000 markout_c=1.22 score_hr_c=0.00 bucket=yes|gt4h|ask_heavy|mixed_flow|unknown|wide|normal qpen_c=0.00 live_best_c=82.00 live_best_sz=163.00 exself_best_c=82.00 exself_best_sz=163.00 live_imbalance=-0.720 exself_imbalance=-0.720 active_order_c=none active_remaining=0.00 queue_ahead=0.00
21:37:37 INFO QUOTE_DECISION | side=no mode=disabled reason=best_bid_floor quote_c=none fair_yes_c=90.00 fair_side_c=10.00 edge_c=0.00 fee_c=0.00 tox_c=1.00 pfill30=0.000 markout_c=1.00 score_hr_c=0.00 bucket=no|gt4h|ask_heavy|mixed_flow|unknown|wide|normal qpen_c=0.00 live_best_c=6.00 live_best_sz=1.00 exself_best_c=6.00 exself_best_sz=1.00 live_imbalance=-0.720 exself_imbalance=-0.720 active_order_c=none active_remaining=0.00 queue_ahead=0.00
21:37:37 INFO QUOTE_DECISION | side=yes mode=disabled reason=market_probability_guard quote_c=none fair_yes_c=90.00 fair_side_c=90.00 edge_c=0.00 fee_c=0.00 tox_c=1.00 pfill30=0.000 markout_c=1.00 score_hr_c=0.00 bucket=yes|gt4h|bid_heavy|mixed_flow|unknown|wide|normal qpen_c=0.00 live_best_c=82.00 live_best_sz=163.00 exself_best_c=82.00 exself_best_sz=163.00 live_imbalance=0.988 exself_imbalance=0.988 active_order_c=none active_remaining=0.00 queue_ahead=0.00
21:37:37 INFO QUOTE_DECISION | side=no mode=disabled reason=best_bid_floor quote_c=none fair_yes_c=90.00 fair_side_c=10.00 edge_c=0.00 fee_c=0.00 tox_c=1.30 pfill30=0.000 markout_c=1.30 score_hr_c=0.00 bucket=no|gt4h|bid_heavy|mixed_flow|unknown|wide|normal qpen_c=0.00 live_best_c=6.00 live_best_sz=1.00 exself_best_c=6.00 exself_best_sz=1.00 live_imbalance=0.988 exself_imbalance=0.988 active_order_c=none active_remaining=0.00 queue_ahead=0.00
21:37:47 INFO FEE_MODEL_SERIES_REFRESH_ERROR | error=GET /trade-api/v2/series/KXAAAGASD-26MAY01-4.375 failed 404: {"error":{"code":"not_found","message":"not found","service":"market-metadata"}} series=KXAAAGASD-26MAY01-4.375
21:37:47 INFO FEE_MODEL_REFRESHED | series=KXAAAGASD-26MAY01-4.375 fee_type=quadratic fee_multiplier=1.0 maker_fee_factor=0.45 upcoming_changes=0
21:37:47 INFO INCENTIVE_MODEL_REFRESHED | ticker=KXAAAGASD-26MAY01-4.375 active_programs=0
21:38:47 INFO FEE_MODEL_SERIES_REFRESH_ERROR | error=GET /trade-api/v2/series/KXAAAGASD-26MAY01-4.375 failed 404: {"error":{"code":"not_found","message":"not found","service":"market-metadata"}} series=KXAAAGASD-26MAY01-4.375
21:38:47 INFO FEE_MODEL_REFRESHED | series=KXAAAGASD-26MAY01-4.375 fee_type=quadratic fee_multiplier=1.0 maker_fee_factor=0.45 upcoming_changes=0
21:38:47 INFO INCENTIVE_MODEL_REFRESHED | ticker=KXAAAGASD-26MAY01-4.375 active_programs=0
21:39:47 INFO FEE_MODEL_SERIES_REFRESH_ERROR | error=GET /trade-api/v2/series/KXAAAGASD-26MAY01-4.375 failed 404: {"error":{"code":"not_found","message":"not found","service":"market-metadata"}} series=KXAAAGASD-26MAY01-4.375
21:39:47 INFO FEE_MODEL_REFRESHED | series=KXAAAGASD-26MAY01-4.375 fee_type=quadratic fee_multiplier=1.0 maker_fee_factor=0.45 upcoming_changes=0
21:39:48 INFO INCENTIVE_MODEL_REFRESHED | ticker=KXAAAGASD-26MAY01-4.375 active_programs=0
21:40:48 INFO FEE_MODEL_SERIES_REFRESH_ERROR | error=GET /trade-api/v2/series/KXAAAGASD-26MAY01-4.375 failed 404: {"error":{"code":"not_found","message":"not found","service":"market-metadata"}} series=KXAAAGASD-26MAY01-4.375
21:40:48 INFO FEE_MODEL_REFRESHED | series=KXAAAGASD-26MAY01-4.375 fee_type=quadratic fee_multiplier=1.0 maker_fee_factor=0.45 upcoming_changes=0
21:40:48 INFO INCENTIVE_MODEL_REFRESHED | ticker=KXAAAGASD-26MAY01-4.375 active_programs=0
21:41:48 INFO FEE_MODEL_SERIES_REFRESH_ERROR | error=GET /trade-api/v2/series/KXAAAGASD-26MAY01-4.375 failed 404: {"error":{"code":"not_found","message":"not found","service":"market-metadata"}} series=KXAAAGASD-26MAY01-4.375
21:41:48 INFO FEE_MODEL_REFRESHED | series=KXAAAGASD-26MAY01-4.375 fee_type=quadratic fee_multiplier=1.0 maker_fee_factor=0.45 upcoming_changes=0
21:41:48 INFO INCENTIVE_MODEL_REFRESHED | ticker=KXAAAGASD-26MAY01-4.375 active_programs=0
21:42:48 INFO FEE_MODEL_SERIES_REFRESH_ERROR | error=GET /trade-api/v2/series/KXAAAGASD-26MAY01-4.375 failed 404: {"error":{"code":"not_found","message":"not found","service":"market-metadata"}} series=KXAAAGASD-26MAY01-4.375
21:42:48 INFO FEE_MODEL_REFRESHED | series=KXAAAGASD-26MAY01-4.375 fee_type=quadratic fee_multiplier=1.0 maker_fee_factor=0.45 upcoming_changes=0
21:42:48 INFO INCENTIVE_MODEL_REFRESHED | ticker=KXAAAGASD-26MAY01-4.375 active_programs=0
21:43:48 INFO FEE_MODEL_SERIES_REFRESH_ERROR | error=GET /trade-api/v2/series/KXAAAGASD-26MAY01-4.375 failed 404: {"error":{"code":"not_found","message":"not found","service":"market-metadata"}} series=KXAAAGASD-26MAY01-4.375
21:43:48 INFO FEE_MODEL_REFRESHED | series=KXAAAGASD-26MAY01-4.375 fee_type=quadratic fee_multiplier=1.0 maker_fee_factor=0.45 upcoming_changes=0
21:43:48 INFO INCENTIVE_MODEL_REFRESHED | ticker=KXAAAGASD-26MAY01-4.375 active_programs=0
21:44:18 INFO QUOTE_DECISION | side=yes mode=disabled reason=market_probability_guard quote_c=none fair_yes_c=90.00 fair_side_c=90.00 edge_c=0.00 fee_c=0.00 tox_c=1.00 pfill30=0.000 markout_c=1.00 score_hr_c=0.00 bucket=yes|gt4h|bid_heavy|mixed_flow|unknown|wide|normal qpen_c=0.00 live_best_c=82.00 live_best_sz=163.00 exself_best_c=82.00 exself_best_sz=163.00 live_imbalance=0.988 exself_imbalance=0.988 active_order_c=none active_remaining=0.00 queue_ahead=0.00
21:44:18 INFO QUOTE_DECISION | side=no mode=disabled reason=best_bid_floor quote_c=none fair_yes_c=90.00 fair_side_c=10.00 edge_c=0.00 fee_c=0.00 tox_c=1.30 pfill30=0.000 markout_c=1.30 score_hr_c=0.00 bucket=no|gt4h|bid_heavy|mixed_flow|unknown|wide|normal qpen_c=0.00 live_best_c=6.00 live_best_sz=1.00 exself_best_c=6.00 exself_best_sz=1.00 live_imbalance=0.988 exself_imbalance=0.988 active_order_c=none active_remaining=0.00 queue_ahead=0.00
21:44:18 INFO QUOTE_DECISION | side=yes mode=disabled reason=market_probability_guard quote_c=none fair_yes_c=90.00 fair_side_c=90.00 edge_c=0.00 fee_c=0.00 tox_c=1.00 pfill30=0.000 markout_c=1.00 score_hr_c=0.00 bucket=yes|gt4h|bid_heavy|mixed_flow|unknown|wide|normal qpen_c=0.00 live_best_c=82.00 live_best_sz=163.00 exself_best_c=82.00 exself_best_sz=163.00 live_imbalance=0.988 exself_imbalance=0.988 active_order_c=none active_remaining=0.00 queue_ahead=0.00
21:44:18 INFO QUOTE_DECISION | side=no mode=disabled reason=best_bid_floor quote_c=none fair_yes_c=90.00 fair_side_c=10.00 edge_c=0.00 fee_c=0.00 tox_c=1.30 pfill30=0.000 markout_c=1.30 score_hr_c=0.00 bucket=no|gt4h|bid_heavy|mixed_flow|unknown|wide|normal qpen_c=0.00 live_best_c=6.00 live_best_sz=1.00 exself_best_c=6.00 exself_best_sz=1.00 live_imbalance=0.988 exself_imbalance=0.988 active_order_c=none active_remaining=0.00 queue_ahead=0.00
21:44:18 INFO QUOTE_DECISION | side=yes mode=disabled reason=market_probability_guard quote_c=none fair_yes_c=90.00 fair_side_c=90.00 edge_c=0.00 fee_c=0.00 tox_c=1.00 pfill30=0.000 markout_c=1.00 score_hr_c=0.00 bucket=yes|gt4h|bid_heavy|mixed_flow|unknown|wide|normal qpen_c=0.00 live_best_c=82.00 live_best_sz=163.00 exself_best_c=82.00 exself_best_sz=163.00 live_imbalance=0.988 exself_imbalance=0.988 active_order_c=none active_remaining=0.00 queue_ahead=0.00
21:44:18 INFO QUOTE_DECISION | side=no mode=disabled reason=best_bid_floor quote_c=none fair_yes_c=90.00 fair_side_c=10.00 edge_c=0.00 fee_c=0.00 tox_c=1.30 pfill30=0.000 markout_c=1.30 score_hr_c=0.00 bucket=no|gt4h|bid_heavy|mixed_flow|unknown|wide|normal qpen_c=0.00 live_best_c=6.00 live_best_sz=1.00 exself_best_c=6.00 exself_best_sz=1.00 live_imbalance=0.988 exself_imbalance=0.988 active_order_c=none active_remaining=0.00 queue_ahead=0.00
21:44:48 INFO FEE_MODEL_SERIES_REFRESH_ERROR | error=GET /trade-api/v2/series/KXAAAGASD-26MAY01-4.375 failed 404: {"error":{"code":"not_found","message":"not found","service":"market-metadata"}} series=KXAAAGASD-26MAY01-4.375
21:44:48 INFO FEE_MODEL_REFRESHED | series=KXAAAGASD-26MAY01-4.375 fee_type=quadratic fee_multiplier=1.0 maker_fee_factor=0.45 upcoming_changes=0
21:44:49 INFO INCENTIVE_MODEL_REFRESHED | ticker=KXAAAGASD-26MAY01-4.375 active_programs=0
21:45:49 INFO FEE_MODEL_SERIES_REFRESH_ERROR | error=GET /trade-api/v2/series/KXAAAGASD-26MAY01-4.375 failed 404: {"error":{"code":"not_found","message":"not found","service":"market-metadata"}} series=KXAAAGASD-26MAY01-4.375
21:45:49 INFO FEE_MODEL_REFRESHED | series=KXAAAGASD-26MAY01-4.375 fee_type=quadratic fee_multiplier=1.0 maker_fee_factor=0.45 upcoming_changes=0
21:45:49 INFO INCENTIVE_MODEL_REFRESHED | ticker=KXAAAGASD-26MAY01-4.375 active_programs=0
21:46:49 INFO FEE_MODEL_SERIES_REFRESH_ERROR | error=GET /trade-api/v2/series/KXAAAGASD-26MAY01-4.375 failed 404: {"error":{"code":"not_found","message":"not found","service":"market-metadata"}} series=KXAAAGASD-26MAY01-4.375
21:46:49 INFO FEE_MODEL_REFRESHED | series=KXAAAGASD-26MAY01-4.375 fee_type=quadratic fee_multiplier=1.0 maker_fee_factor=0.45 upcoming_changes=0
21:46:49 INFO INCENTIVE_MODEL_REFRESHED | ticker=KXAAAGASD-26MAY01-4.375 active_programs=0
21:47:49 INFO FEE_MODEL_SERIES_REFRESH_ERROR | error=GET /trade-api/v2/series/KXAAAGASD-26MAY01-4.375 failed 404: {"error":{"code":"not_found","message":"not found","service":"market-metadata"}} series=KXAAAGASD-26MAY01-4.375
21:47:49 INFO FEE_MODEL_REFRESHED | series=KXAAAGASD-26MAY01-4.375 fee_type=quadratic fee_multiplier=1.0 maker_fee_factor=0.45 upcoming_changes=0
21:47:49 INFO INCENTIVE_MODEL_REFRESHED | ticker=KXAAAGASD-26MAY01-4.375 active_programs=0
21:48:49 INFO FEE_MODEL_SERIES_REFRESH_ERROR | error=GET /trade-api/v2/series/KXAAAGASD-26MAY01-4.375 failed 404: {"error":{"code":"not_found","message":"not found","service":"market-metadata"}} series=KXAAAGASD-26MAY01-4.375
21:48:49 INFO FEE_MODEL_REFRESHED | series=KXAAAGASD-26MAY01-4.375 fee_type=quadratic fee_multiplier=1.0 maker_fee_factor=0.45 upcoming_changes=0
21:48:49 INFO INCENTIVE_MODEL_REFRESHED | ticker=KXAAAGASD-26MAY01-4.375 active_programs=0
21:49:49 INFO FEE_MODEL_SERIES_REFRESH_ERROR | error=GET /trade-api/v2/series/KXAAAGASD-26MAY01-4.375 failed 404: {"error":{"code":"not_found","message":"not found","service":"market-metadata"}} series=KXAAAGASD-26MAY01-4.375
21:49:49 INFO FEE_MODEL_REFRESHED | series=KXAAAGASD-26MAY01-4.375 fee_type=quadratic fee_multiplier=1.0 maker_fee_factor=0.45 upcoming_changes=0
21:49:49 INFO INCENTIVE_MODEL_REFRESHED | ticker=KXAAAGASD-26MAY01-4.375 active_programs=0
21:50:26 INFO QUOTE_DECISION | side=yes mode=disabled reason=market_probability_guard quote_c=none fair_yes_c=90.00 fair_side_c=90.00 edge_c=0.00 fee_c=0.00 tox_c=1.00 pfill30=0.000 markout_c=1.00 score_hr_c=0.00 bucket=yes|gt4h|bid_heavy|mixed_flow|unknown|wide|normal qpen_c=0.00 live_best_c=82.00 live_best_sz=163.00 exself_best_c=82.00 exself_best_sz=163.00 live_imbalance=0.988 exself_imbalance=0.988 active_order_c=none active_remaining=0.00 queue_ahead=0.00
21:50:26 INFO QUOTE_DECISION | side=no mode=disabled reason=best_bid_floor quote_c=none fair_yes_c=90.00 fair_side_c=10.00 edge_c=0.00 fee_c=0.00 tox_c=1.30 pfill30=0.000 markout_c=1.30 score_hr_c=0.00 bucket=no|gt4h|bid_heavy|mixed_flow|unknown|wide|normal qpen_c=0.00 live_best_c=6.00 live_best_sz=1.00 exself_best_c=6.00 exself_best_sz=1.00 live_imbalance=0.988 exself_imbalance=0.988 active_order_c=none active_remaining=0.00 queue_ahead=0.00
21:50:50 INFO FEE_MODEL_SERIES_REFRESH_ERROR | error=GET /trade-api/v2/series/KXAAAGASD-26MAY01-4.375 failed 404: {"error":{"code":"not_found","message":"not found","service":"market-metadata"}} series=KXAAAGASD-26MAY01-4.375
21:50:50 INFO FEE_MODEL_REFRESHED | series=KXAAAGASD-26MAY01-4.375 fee_type=quadratic fee_multiplier=1.0 maker_fee_factor=0.45 upcoming_changes=0
21:50:50 INFO INCENTIVE_MODEL_REFRESHED | ticker=KXAAAGASD-26MAY01-4.375 active_programs=0
21:51:50 INFO FEE_MODEL_SERIES_REFRESH_ERROR | error=GET /trade-api/v2/series/KXAAAGASD-26MAY01-4.375 failed 404: {"error":{"code":"not_found","message":"not found","service":"market-metadata"}} series=KXAAAGASD-26MAY01-4.375
21:51:50 INFO FEE_MODEL_REFRESHED | series=KXAAAGASD-26MAY01-4.375 fee_type=quadratic fee_multiplier=1.0 maker_fee_factor=0.45 upcoming_changes=0
21:51:50 INFO INCENTIVE_MODEL_REFRESHED | ticker=KXAAAGASD-26MAY01-4.375 active_programs=0
21:52:50 INFO FEE_MODEL_SERIES_REFRESH_ERROR | error=GET /trade-api/v2/series/KXAAAGASD-26MAY01-4.375 failed 404: {"error":{"code":"not_found","message":"not found","service":"market-metadata"}} series=KXAAAGASD-26MAY01-4.375
21:52:50 INFO FEE_MODEL_REFRESHED | series=KXAAAGASD-26MAY01-4.375 fee_type=quadratic fee_multiplier=1.0 maker_fee_factor=0.45 upcoming_changes=0
21:52:50 INFO INCENTIVE_MODEL_REFRESHED | ticker=KXAAAGASD-26MAY01-4.375 active_programs=0
21:53:50 INFO FEE_MODEL_SERIES_REFRESH_ERROR | error=GET /trade-api/v2/series/KXAAAGASD-26MAY01-4.375 failed 404: {"error":{"code":"not_found","message":"not found","service":"market-metadata"}} series=KXAAAGASD-26MAY01-4.375
21:53:50 INFO FEE_MODEL_REFRESHED | series=KXAAAGASD-26MAY01-4.375 fee_type=quadratic fee_multiplier=1.0 maker_fee_factor=0.45 upcoming_changes=0
21:53:50 INFO INCENTIVE_MODEL_REFRESHED | ticker=KXAAAGASD-26MAY01-4.375 active_programs=0
21:54:50 INFO FEE_MODEL_SERIES_REFRESH_ERROR | error=GET /trade-api/v2/series/KXAAAGASD-26MAY01-4.375 failed 404: {"error":{"code":"not_found","message":"not found","service":"market-metadata"}} series=KXAAAGASD-26MAY01-4.375
21:54:50 INFO FEE_MODEL_REFRESHED | series=KXAAAGASD-26MAY01-4.375 fee_type=quadratic fee_multiplier=1.0 maker_fee_factor=0.45 upcoming_changes=0
21:54:51 INFO INCENTIVE_MODEL_REFRESHED | ticker=KXAAAGASD-26MAY01-4.375 active_programs=0
21:55:51 INFO FEE_MODEL_SERIES_REFRESH_ERROR | error=GET /trade-api/v2/series/KXAAAGASD-26MAY01-4.375 failed 404: {"error":{"code":"not_found","message":"not found","service":"market-metadata"}} series=KXAAAGASD-26MAY01-4.375
21:55:51 INFO FEE_MODEL_REFRESHED | series=KXAAAGASD-26MAY01-4.375 fee_type=quadratic fee_multiplier=1.0 maker_fee_factor=0.45 upcoming_changes=0
21:55:51 INFO INCENTIVE_MODEL_REFRESHED | ticker=KXAAAGASD-26MAY01-4.375 active_programs=0
21:56:51 INFO FEE_MODEL_SERIES_REFRESH_ERROR | error=GET /trade-api/v2/series/KXAAAGASD-26MAY01-4.375 failed 404: {"error":{"code":"not_found","message":"not found","service":"market-metadata"}} series=KXAAAGASD-26MAY01-4.375
21:56:51 INFO FEE_MODEL_REFRESHED | series=KXAAAGASD-26MAY01-4.375 fee_type=quadratic fee_multiplier=1.0 maker_fee_factor=0.45 upcoming_changes=0
21:56:51 INFO INCENTIVE_MODEL_REFRESHED | ticker=KXAAAGASD-26MAY01-4.375 active_programs=0
21:57:51 INFO FEE_MODEL_SERIES_REFRESH_ERROR | error=GET /trade-api/v2/series/KXAAAGASD-26MAY01-4.375 failed 404: {"error":{"code":"not_found","message":"not found","service":"market-metadata"}} series=KXAAAGASD-26MAY01-4.375
21:57:51 INFO FEE_MODEL_REFRESHED | series=KXAAAGASD-26MAY01-4.375 fee_type=quadratic fee_multiplier=1.0 maker_fee_factor=0.45 upcoming_changes=0
21:57:51 INFO INCENTIVE_MODEL_REFRESHED | ticker=KXAAAGASD-26MAY01-4.375 active_programs=0
21:58:26 INFO GRACEFUL_SHUTDOWN | ticker=KXAAAGASD-26MAY01-4.375 net_position_contracts=0.00 reason=SIGINT

=== START 2026-04-30 21:58:58 ===
CMD: /home/codespace/.python/current/bin/python3 /workspaces/Kalshi_alg/V1.py --ticker KXAAAGASD-26MAY01-4.375 --yes-budget-cents 400 --no-budget-cents 400 --watchdog-state-file /workspaces/Kalshi_alg/watchdog_state/KXAAAGASD-26MAY01-4.375.json --watchdog-refresh-seconds 3.0 --watchdog-extreme-stale-seconds 120.0
21:58:59 INFO START | environment=PROD ticker=KXAAAGASD-26MAY01-4.375 yes_budget_cents=400 no_budget_cents=400 price_structure=linear_cent fractional_trading=True dry_run=False websocket=wss://api.elections.kalshi.com/trade-api/ws/v2 reprice_ms=100 expiration_seconds=500 same_side_reentry_cooldown_ms=5000 queue_guard=True watchdog_state_file=/workspaces/Kalshi_alg/watchdog_state/KXAAAGASD-26MAY01-4.375.json watchdog_refresh_seconds=3.0
21:58:59 INFO STARTUP_POSITION | contracts=0.00
21:58:59 INFO FEE_MODEL_SERIES_REFRESH_ERROR | error=GET /trade-api/v2/series/KXAAAGASD-26MAY01-4.375 failed 404: {"error":{"code":"not_found","message":"not found","service":"market-metadata"}} series=KXAAAGASD-26MAY01-4.375
21:58:59 INFO FEE_MODEL_REFRESHED | series=KXAAAGASD-26MAY01-4.375 fee_type=quadratic fee_multiplier=1.0 maker_fee_factor=0.45 upcoming_changes=0
21:58:59 INFO INCENTIVE_MODEL_REFRESHED | ticker=KXAAAGASD-26MAY01-4.375 active_programs=0
21:58:59 INFO WATCHDOG_MODE_CHANGE | ticker=KXAAAGASD-26MAY01-4.375 old_mode=none new_mode=normal reason=normal confidence=0.750
21:58:59 INFO FEE_MODEL_SERIES_REFRESH_ERROR | error=GET /trade-api/v2/series/KXAAAGASD-26MAY01-4.375 failed 404: {"error":{"code":"not_found","message":"not found","service":"market-metadata"}} series=KXAAAGASD-26MAY01-4.375
21:58:59 INFO FEE_MODEL_REFRESHED | series=KXAAAGASD-26MAY01-4.375 fee_type=quadratic fee_multiplier=1.0 maker_fee_factor=0.45 upcoming_changes=0
21:58:59 INFO WS_CONNECTED_AND_SUBSCRIBED
21:58:59 INFO MARKET_PROBABILITY_GUARD | active=True best_yes_bid_cents=82 best_no_bid_cents=6 threshold_cents=8
21:58:59 INFO MARKET_QUEUE_COOLDOWN | active=False cooldown_remaining_ms=0
21:58:59 INFO QUOTE_DECISION | side=yes mode=disabled reason=market_probability_guard quote_c=none fair_yes_c=89.00 fair_side_c=89.00 edge_c=0.00 fee_c=0.00 tox_c=1.00 pfill30=0.000 markout_c=1.00 score_hr_c=0.00 bucket=yes|gt4h|bid_heavy|mixed_flow|unknown|wide|normal qpen_c=0.00 live_best_c=82.00 live_best_sz=163.00 exself_best_c=82.00 exself_best_sz=163.00 live_imbalance=0.988 exself_imbalance=0.988 active_order_c=none active_remaining=0.00 queue_ahead=0.00
21:58:59 INFO QUOTE_DECISION | side=no mode=disabled reason=best_bid_floor quote_c=none fair_yes_c=89.00 fair_side_c=11.00 edge_c=0.00 fee_c=0.00 tox_c=1.30 pfill30=0.000 markout_c=1.30 score_hr_c=0.00 bucket=no|gt4h|bid_heavy|mixed_flow|unknown|wide|normal qpen_c=0.00 live_best_c=6.00 live_best_sz=1.00 exself_best_c=6.00 exself_best_sz=1.00 live_imbalance=0.988 exself_imbalance=0.988 active_order_c=none active_remaining=0.00 queue_ahead=0.00
21:58:59 INFO INCENTIVE_MODEL_REFRESHED | ticker=KXAAAGASD-26MAY01-4.375 active_programs=0
21:59:59 INFO FEE_MODEL_SERIES_REFRESH_ERROR | error=GET /trade-api/v2/series/KXAAAGASD-26MAY01-4.375 failed 404: {"error":{"code":"not_found","message":"not found","service":"market-metadata"}} series=KXAAAGASD-26MAY01-4.375
21:59:59 INFO FEE_MODEL_REFRESHED | series=KXAAAGASD-26MAY01-4.375 fee_type=quadratic fee_multiplier=1.0 maker_fee_factor=0.45 upcoming_changes=0
21:59:59 INFO INCENTIVE_MODEL_REFRESHED | ticker=KXAAAGASD-26MAY01-4.375 active_programs=0
22:00:59 INFO FEE_MODEL_SERIES_REFRESH_ERROR | error=GET /trade-api/v2/series/KXAAAGASD-26MAY01-4.375 failed 404: {"error":{"code":"not_found","message":"not found","service":"market-metadata"}} series=KXAAAGASD-26MAY01-4.375
22:00:59 INFO FEE_MODEL_REFRESHED | series=KXAAAGASD-26MAY01-4.375 fee_type=quadratic fee_multiplier=1.0 maker_fee_factor=0.45 upcoming_changes=0
22:01:00 INFO INCENTIVE_MODEL_REFRESHED | ticker=KXAAAGASD-26MAY01-4.375 active_programs=0
22:01:26 INFO QUOTE_DECISION | side=yes mode=disabled reason=market_probability_guard quote_c=none fair_yes_c=89.00 fair_side_c=89.00 edge_c=0.00 fee_c=0.00 tox_c=1.00 pfill30=0.000 markout_c=1.00 score_hr_c=0.00 bucket=yes|gt4h|bid_heavy|mixed_flow|unknown|wide|normal qpen_c=0.00 live_best_c=82.00 live_best_sz=163.00 exself_best_c=82.00 exself_best_sz=163.00 live_imbalance=0.988 exself_imbalance=0.988 active_order_c=none active_remaining=0.00 queue_ahead=0.00
22:01:26 INFO QUOTE_DECISION | side=no mode=disabled reason=best_bid_floor quote_c=none fair_yes_c=89.00 fair_side_c=11.00 edge_c=0.00 fee_c=0.00 tox_c=1.30 pfill30=0.000 markout_c=1.30 score_hr_c=0.00 bucket=no|gt4h|bid_heavy|mixed_flow|unknown|wide|normal qpen_c=0.00 live_best_c=6.00 live_best_sz=1.00 exself_best_c=6.00 exself_best_sz=1.00 live_imbalance=0.988 exself_imbalance=0.988 active_order_c=none active_remaining=0.00 queue_ahead=0.00
22:01:28 INFO QUOTE_DECISION | side=yes mode=disabled reason=market_probability_guard quote_c=none fair_yes_c=89.00 fair_side_c=89.00 edge_c=0.00 fee_c=0.00 tox_c=1.00 pfill30=0.000 markout_c=1.00 score_hr_c=0.00 bucket=yes|gt4h|bid_heavy|mixed_flow|unknown|wide|normal qpen_c=0.00 live_best_c=82.00 live_best_sz=163.00 exself_best_c=82.00 exself_best_sz=163.00 live_imbalance=0.988 exself_imbalance=0.988 active_order_c=none active_remaining=0.00 queue_ahead=0.00
22:01:28 INFO QUOTE_DECISION | side=no mode=disabled reason=best_bid_floor quote_c=none fair_yes_c=89.00 fair_side_c=11.00 edge_c=0.00 fee_c=0.00 tox_c=1.98 pfill30=0.000 markout_c=1.98 score_hr_c=0.00 bucket=no|gt4h|bid_heavy|mixed_flow|unknown|wide|normal qpen_c=0.00 live_best_c=6.00 live_best_sz=1.00 exself_best_c=6.00 exself_best_sz=1.00 live_imbalance=0.988 exself_imbalance=0.988 active_order_c=none active_remaining=0.00 queue_ahead=0.00
22:02:00 INFO FEE_MODEL_SERIES_REFRESH_ERROR | error=GET /trade-api/v2/series/KXAAAGASD-26MAY01-4.375 failed 404: {"error":{"code":"not_found","message":"not found","service":"market-metadata"}} series=KXAAAGASD-26MAY01-4.375
22:02:00 INFO FEE_MODEL_REFRESHED | series=KXAAAGASD-26MAY01-4.375 fee_type=quadratic fee_multiplier=1.0 maker_fee_factor=0.45 upcoming_changes=0
22:02:00 INFO INCENTIVE_MODEL_REFRESHED | ticker=KXAAAGASD-26MAY01-4.375 active_programs=0
22:03:00 INFO FEE_MODEL_SERIES_REFRESH_ERROR | error=GET /trade-api/v2/series/KXAAAGASD-26MAY01-4.375 failed 404: {"error":{"code":"not_found","message":"not found","service":"market-metadata"}} series=KXAAAGASD-26MAY01-4.375
22:03:00 INFO FEE_MODEL_REFRESHED | series=KXAAAGASD-26MAY01-4.375 fee_type=quadratic fee_multiplier=1.0 maker_fee_factor=0.45 upcoming_changes=0
22:03:00 INFO INCENTIVE_MODEL_REFRESHED | ticker=KXAAAGASD-26MAY01-4.375 active_programs=0
22:04:00 INFO FEE_MODEL_SERIES_REFRESH_ERROR | error=GET /trade-api/v2/series/KXAAAGASD-26MAY01-4.375 failed 404: {"error":{"code":"not_found","message":"not found","service":"market-metadata"}} series=KXAAAGASD-26MAY01-4.375
22:04:00 INFO FEE_MODEL_REFRESHED | series=KXAAAGASD-26MAY01-4.375 fee_type=quadratic fee_multiplier=1.0 maker_fee_factor=0.45 upcoming_changes=0
22:04:00 INFO INCENTIVE_MODEL_REFRESHED | ticker=KXAAAGASD-26MAY01-4.375 active_programs=0
22:04:08 INFO QUOTE_DECISION | side=yes mode=disabled reason=market_probability_guard quote_c=none fair_yes_c=89.00 fair_side_c=89.00 edge_c=0.00 fee_c=0.00 tox_c=1.00 pfill30=0.000 markout_c=1.00 score_hr_c=0.00 bucket=yes|gt4h|bid_heavy|mixed_flow|unknown|wide|normal qpen_c=0.00 live_best_c=82.00 live_best_sz=163.00 exself_best_c=82.00 exself_best_sz=163.00 live_imbalance=0.988 exself_imbalance=0.988 active_order_c=none active_remaining=0.00 queue_ahead=0.00
22:04:08 INFO QUOTE_DECISION | side=no mode=disabled reason=best_bid_floor quote_c=none fair_yes_c=89.00 fair_side_c=11.00 edge_c=0.00 fee_c=0.00 tox_c=1.30 pfill30=0.000 markout_c=1.30 score_hr_c=0.00 bucket=no|gt4h|bid_heavy|mixed_flow|unknown|wide|normal qpen_c=0.00 live_best_c=6.00 live_best_sz=1.00 exself_best_c=6.00 exself_best_sz=1.00 live_imbalance=0.988 exself_imbalance=0.988 active_order_c=none active_remaining=0.00 queue_ahead=0.00
22:04:08 INFO QUOTE_DECISION | side=yes mode=disabled reason=market_probability_guard quote_c=none fair_yes_c=89.00 fair_side_c=89.00 edge_c=0.00 fee_c=0.00 tox_c=1.00 pfill30=0.000 markout_c=1.00 score_hr_c=0.00 bucket=yes|gt4h|bid_heavy|mixed_flow|unknown|wide|normal qpen_c=0.00 live_best_c=82.00 live_best_sz=163.00 exself_best_c=82.00 exself_best_sz=163.00 live_imbalance=0.988 exself_imbalance=0.988 active_order_c=none active_remaining=0.00 queue_ahead=0.00
22:04:08 INFO QUOTE_DECISION | side=no mode=disabled reason=best_bid_floor quote_c=none fair_yes_c=89.00 fair_side_c=11.00 edge_c=0.00 fee_c=0.00 tox_c=1.30 pfill30=0.000 markout_c=1.30 score_hr_c=0.00 bucket=no|gt4h|bid_heavy|mixed_flow|unknown|wide|normal qpen_c=0.00 live_best_c=6.00 live_best_sz=1.00 exself_best_c=6.00 exself_best_sz=1.00 live_imbalance=0.988 exself_imbalance=0.988 active_order_c=none active_remaining=0.00 queue_ahead=0.00
22:05:00 INFO FEE_MODEL_SERIES_REFRESH_ERROR | error=GET /trade-api/v2/series/KXAAAGASD-26MAY01-4.375 failed 404: {"error":{"code":"not_found","message":"not found","service":"market-metadata"}} series=KXAAAGASD-26MAY01-4.375
22:05:00 INFO FEE_MODEL_REFRESHED | series=KXAAAGASD-26MAY01-4.375 fee_type=quadratic fee_multiplier=1.0 maker_fee_factor=0.45 upcoming_changes=0
22:05:00 INFO INCENTIVE_MODEL_REFRESHED | ticker=KXAAAGASD-26MAY01-4.375 active_programs=0
22:06:00 INFO FEE_MODEL_SERIES_REFRESH_ERROR | error=GET /trade-api/v2/series/KXAAAGASD-26MAY01-4.375 failed 404: {"error":{"code":"not_found","message":"not found","service":"market-metadata"}} series=KXAAAGASD-26MAY01-4.375
22:06:00 INFO FEE_MODEL_REFRESHED | series=KXAAAGASD-26MAY01-4.375 fee_type=quadratic fee_multiplier=1.0 maker_fee_factor=0.45 upcoming_changes=0
22:06:01 INFO INCENTIVE_MODEL_REFRESHED | ticker=KXAAAGASD-26MAY01-4.375 active_programs=0
22:07:01 INFO FEE_MODEL_SERIES_REFRESH_ERROR | error=GET /trade-api/v2/series/KXAAAGASD-26MAY01-4.375 failed 404: {"error":{"code":"not_found","message":"not found","service":"market-metadata"}} series=KXAAAGASD-26MAY01-4.375
22:07:01 INFO FEE_MODEL_REFRESHED | series=KXAAAGASD-26MAY01-4.375 fee_type=quadratic fee_multiplier=1.0 maker_fee_factor=0.45 upcoming_changes=0
22:07:01 INFO INCENTIVE_MODEL_REFRESHED | ticker=KXAAAGASD-26MAY01-4.375 active_programs=0
22:07:37 INFO QUOTE_DECISION | side=yes mode=disabled reason=market_probability_guard quote_c=none fair_yes_c=87.00 fair_side_c=87.00 edge_c=0.00 fee_c=0.00 tox_c=1.22 pfill30=0.000 markout_c=1.22 score_hr_c=0.00 bucket=yes|gt4h|ask_heavy|mixed_flow|unknown|wide|normal qpen_c=0.00 live_best_c=82.00 live_best_sz=163.00 exself_best_c=82.00 exself_best_sz=163.00 live_imbalance=-0.720 exself_imbalance=-0.720 active_order_c=none active_remaining=0.00 queue_ahead=0.00
22:07:37 INFO QUOTE_DECISION | side=no mode=disabled reason=best_bid_floor quote_c=none fair_yes_c=87.00 fair_side_c=13.00 edge_c=0.00 fee_c=0.00 tox_c=1.03 pfill30=0.000 markout_c=1.03 score_hr_c=0.00 bucket=no|gt4h|ask_heavy|mixed_flow|unknown|wide|normal qpen_c=0.00 live_best_c=5.00 live_best_sz=1000.00 exself_best_c=5.00 exself_best_sz=1000.00 live_imbalance=-0.720 exself_imbalance=-0.720 active_order_c=none active_remaining=0.00 queue_ahead=0.00
22:07:38 INFO QUOTE_DECISION | side=yes mode=disabled reason=market_probability_guard quote_c=none fair_yes_c=88.00 fair_side_c=88.00 edge_c=0.00 fee_c=0.00 tox_c=1.22 pfill30=0.000 markout_c=1.22 score_hr_c=0.00 bucket=yes|gt4h|ask_heavy|mixed_flow|unknown|wide|normal qpen_c=0.00 live_best_c=82.00 live_best_sz=163.00 exself_best_c=82.00 exself_best_sz=163.00 live_imbalance=-0.720 exself_imbalance=-0.720 active_order_c=none active_remaining=0.00 queue_ahead=0.00
22:07:38 INFO QUOTE_DECISION | side=no mode=disabled reason=best_bid_floor quote_c=none fair_yes_c=88.00 fair_side_c=12.00 edge_c=0.00 fee_c=0.00 tox_c=1.03 pfill30=0.000 markout_c=1.03 score_hr_c=0.00 bucket=no|gt4h|ask_heavy|mixed_flow|unknown|wide|normal qpen_c=0.00 live_best_c=5.00 live_best_sz=1000.00 exself_best_c=5.00 exself_best_sz=1000.00 live_imbalance=-0.720 exself_imbalance=-0.720 active_order_c=none active_remaining=0.00 queue_ahead=0.00
22:07:42 INFO QUOTE_DECISION | side=yes mode=disabled reason=market_probability_guard quote_c=none fair_yes_c=89.00 fair_side_c=89.00 edge_c=0.00 fee_c=0.00 tox_c=1.22 pfill30=0.000 markout_c=1.22 score_hr_c=0.00 bucket=yes|gt4h|ask_heavy|mixed_flow|unknown|wide|normal qpen_c=0.00 live_best_c=82.00 live_best_sz=163.00 exself_best_c=82.00 exself_best_sz=163.00 live_imbalance=-0.720 exself_imbalance=-0.720 active_order_c=none active_remaining=0.00 queue_ahead=0.00
22:07:42 INFO QUOTE_DECISION | side=no mode=disabled reason=best_bid_floor quote_c=none fair_yes_c=89.00 fair_side_c=11.00 edge_c=0.00 fee_c=0.00 tox_c=1.00 pfill30=0.000 markout_c=1.00 score_hr_c=0.00 bucket=no|gt4h|ask_heavy|mixed_flow|unknown|wide|normal qpen_c=0.00 live_best_c=6.00 live_best_sz=1.00 exself_best_c=6.00 exself_best_sz=1.00 live_imbalance=-0.720 exself_imbalance=-0.720 active_order_c=none active_remaining=0.00 queue_ahead=0.00
22:07:43 INFO QUOTE_DECISION | side=yes mode=disabled reason=market_probability_guard quote_c=none fair_yes_c=90.00 fair_side_c=90.00 edge_c=0.00 fee_c=0.00 tox_c=1.00 pfill30=0.000 markout_c=1.00 score_hr_c=0.00 bucket=yes|gt4h|bid_heavy|mixed_flow|unknown|wide|normal qpen_c=0.00 live_best_c=82.00 live_best_sz=163.00 exself_best_c=82.00 exself_best_sz=163.00 live_imbalance=0.988 exself_imbalance=0.988 active_order_c=none active_remaining=0.00 queue_ahead=0.00
22:07:43 INFO QUOTE_DECISION | side=no mode=disabled reason=best_bid_floor quote_c=none fair_yes_c=90.00 fair_side_c=10.00 edge_c=0.00 fee_c=0.00 tox_c=1.30 pfill30=0.000 markout_c=1.30 score_hr_c=0.00 bucket=no|gt4h|bid_heavy|mixed_flow|unknown|wide|normal qpen_c=0.00 live_best_c=6.00 live_best_sz=1.00 exself_best_c=6.00 exself_best_sz=1.00 live_imbalance=0.988 exself_imbalance=0.988 active_order_c=none active_remaining=0.00 queue_ahead=0.00
22:08:01 INFO FEE_MODEL_SERIES_REFRESH_ERROR | error=GET /trade-api/v2/series/KXAAAGASD-26MAY01-4.375 failed 404: {"error":{"code":"not_found","message":"not found","service":"market-metadata"}} series=KXAAAGASD-26MAY01-4.375
22:08:01 INFO FEE_MODEL_REFRESHED | series=KXAAAGASD-26MAY01-4.375 fee_type=quadratic fee_multiplier=1.0 maker_fee_factor=0.45 upcoming_changes=0
22:08:01 INFO INCENTIVE_MODEL_REFRESHED | ticker=KXAAAGASD-26MAY01-4.375 active_programs=0
22:09:01 INFO FEE_MODEL_SERIES_REFRESH_ERROR | error=GET /trade-api/v2/series/KXAAAGASD-26MAY01-4.375 failed 404: {"error":{"code":"not_found","message":"not found","service":"market-metadata"}} series=KXAAAGASD-26MAY01-4.375
22:09:01 INFO FEE_MODEL_REFRESHED | series=KXAAAGASD-26MAY01-4.375 fee_type=quadratic fee_multiplier=1.0 maker_fee_factor=0.45 upcoming_changes=0
22:09:01 INFO INCENTIVE_MODEL_REFRESHED | ticker=KXAAAGASD-26MAY01-4.375 active_programs=0
22:09:30 INFO QUOTE_DECISION | side=yes mode=disabled reason=market_probability_guard quote_c=none fair_yes_c=93.00 fair_side_c=93.00 edge_c=0.00 fee_c=0.00 tox_c=1.00 pfill30=0.000 markout_c=1.00 score_hr_c=0.00 bucket=yes|gt4h|bid_heavy|buy_pressure|unknown|tight|normal qpen_c=0.00 live_best_c=94.00 live_best_sz=4.00 exself_best_c=94.00 exself_best_sz=4.00 live_imbalance=0.600 exself_imbalance=0.600 active_order_c=none active_remaining=0.00 queue_ahead=0.00
22:09:30 INFO QUOTE_DECISION | side=no mode=disabled reason=best_bid_floor quote_c=none fair_yes_c=93.00 fair_side_c=7.00 edge_c=0.00 fee_c=0.00 tox_c=1.71 pfill30=0.000 markout_c=1.71 score_hr_c=0.00 bucket=no|gt4h|bid_heavy|buy_pressure|unknown|tight|normal qpen_c=0.00 live_best_c=5.00 live_best_sz=1000.00 exself_best_c=5.00 exself_best_sz=1000.00 live_imbalance=0.600 exself_imbalance=0.600 active_order_c=none active_remaining=0.00 queue_ahead=0.00
22:09:30 INFO QUOTE_DECISION | side=yes mode=disabled reason=market_probability_guard quote_c=none fair_yes_c=94.00 fair_side_c=94.00 edge_c=0.00 fee_c=0.00 tox_c=1.30 pfill30=0.000 markout_c=1.30 score_hr_c=0.00 bucket=yes|gt4h|ask_heavy|buy_pressure|unknown|tight|normal qpen_c=0.00 live_best_c=94.00 live_best_sz=4.00 exself_best_c=94.00 exself_best_sz=4.00 live_imbalance=-0.992 exself_imbalance=-0.992 active_order_c=none active_remaining=0.00 queue_ahead=0.00
22:09:30 INFO QUOTE_DECISION | side=no mode=disabled reason=best_bid_floor quote_c=none fair_yes_c=94.00 fair_side_c=6.00 edge_c=0.00 fee_c=0.00 tox_c=1.53 pfill30=0.000 markout_c=1.53 score_hr_c=0.00 bucket=no|gt4h|ask_heavy|buy_pressure|unknown|tight|normal qpen_c=0.00 live_best_c=5.00 live_best_sz=1000.00 exself_best_c=5.00 exself_best_sz=1000.00 live_imbalance=-0.992 exself_imbalance=-0.992 active_order_c=none active_remaining=0.00 queue_ahead=0.00
22:10:01 INFO FEE_MODEL_SERIES_REFRESH_ERROR | error=GET /trade-api/v2/series/KXAAAGASD-26MAY01-4.375 failed 404: {"error":{"code":"not_found","message":"not found","service":"market-metadata"}} series=KXAAAGASD-26MAY01-4.375
22:10:01 INFO FEE_MODEL_REFRESHED | series=KXAAAGASD-26MAY01-4.375 fee_type=quadratic fee_multiplier=1.0 maker_fee_factor=0.45 upcoming_changes=0
22:10:01 INFO INCENTIVE_MODEL_REFRESHED | ticker=KXAAAGASD-26MAY01-4.375 active_programs=0
22:11:01 INFO FEE_MODEL_SERIES_REFRESH_ERROR | error=GET /trade-api/v2/series/KXAAAGASD-26MAY01-4.375 failed 404: {"error":{"code":"not_found","message":"not found","service":"market-metadata"}} series=KXAAAGASD-26MAY01-4.375
22:11:01 INFO FEE_MODEL_REFRESHED | series=KXAAAGASD-26MAY01-4.375 fee_type=quadratic fee_multiplier=1.0 maker_fee_factor=0.45 upcoming_changes=0
22:11:02 INFO INCENTIVE_MODEL_REFRESHED | ticker=KXAAAGASD-26MAY01-4.375 active_programs=0
22:11:21 INFO QUOTE_DECISION | side=yes mode=disabled reason=market_probability_guard quote_c=none fair_yes_c=92.00 fair_side_c=92.00 edge_c=0.00 fee_c=0.00 tox_c=1.30 pfill30=0.000 markout_c=1.30 score_hr_c=0.00 bucket=yes|gt4h|ask_heavy|mixed_flow|unknown|tight|normal qpen_c=0.00 live_best_c=94.00 live_best_sz=4.00 exself_best_c=94.00 exself_best_sz=4.00 live_imbalance=-0.992 exself_imbalance=-0.992 active_order_c=none active_remaining=0.00 queue_ahead=0.00
22:11:21 INFO QUOTE_DECISION | side=no mode=disabled reason=best_bid_floor quote_c=none fair_yes_c=92.00 fair_side_c=8.00 edge_c=0.00 fee_c=0.00 tox_c=1.03 pfill30=0.000 markout_c=1.03 score_hr_c=0.00 bucket=no|gt4h|ask_heavy|mixed_flow|unknown|tight|normal qpen_c=0.00 live_best_c=5.00 live_best_sz=999.00 exself_best_c=5.00 exself_best_sz=999.00 live_imbalance=-0.992 exself_imbalance=-0.992 active_order_c=none active_remaining=0.00 queue_ahead=0.00
22:11:21 INFO QUOTE_DECISION | side=yes mode=disabled reason=market_probability_guard quote_c=none fair_yes_c=94.00 fair_side_c=94.00 edge_c=0.00 fee_c=0.00 tox_c=1.30 pfill30=0.000 markout_c=1.30 score_hr_c=0.00 bucket=yes|gt4h|ask_heavy|buy_pressure|unknown|tight|normal qpen_c=0.00 live_best_c=94.00 live_best_sz=4.00 exself_best_c=94.00 exself_best_sz=4.00 live_imbalance=-0.992 exself_imbalance=-0.992 active_order_c=none active_remaining=0.00 queue_ahead=0.00
22:11:21 INFO QUOTE_DECISION | side=no mode=disabled reason=best_bid_floor quote_c=none fair_yes_c=94.00 fair_side_c=6.00 edge_c=0.00 fee_c=0.00 tox_c=1.53 pfill30=0.000 markout_c=1.53 score_hr_c=0.00 bucket=no|gt4h|ask_heavy|buy_pressure|unknown|tight|normal qpen_c=0.00 live_best_c=5.00 live_best_sz=999.00 exself_best_c=5.00 exself_best_sz=999.00 live_imbalance=-0.992 exself_imbalance=-0.992 active_order_c=none active_remaining=0.00 queue_ahead=0.00
22:11:21 INFO QUOTE_DECISION | side=yes mode=disabled reason=market_probability_guard quote_c=none fair_yes_c=95.00 fair_side_c=95.00 edge_c=0.00 fee_c=0.00 tox_c=1.30 pfill30=0.000 markout_c=1.30 score_hr_c=0.00 bucket=yes|gt4h|ask_heavy|buy_pressure|unknown|tight|normal qpen_c=0.00 live_best_c=94.00 live_best_sz=4.00 exself_best_c=94.00 exself_best_sz=4.00 live_imbalance=-0.992 exself_imbalance=-0.992 active_order_c=none active_remaining=0.00 queue_ahead=0.00
22:11:21 INFO QUOTE_DECISION | side=no mode=disabled reason=best_bid_floor quote_c=none fair_yes_c=95.00 fair_side_c=5.00 edge_c=0.00 fee_c=0.00 tox_c=1.53 pfill30=0.000 markout_c=1.53 score_hr_c=0.00 bucket=no|gt4h|ask_heavy|buy_pressure|unknown|tight|normal qpen_c=0.00 live_best_c=5.00 live_best_sz=999.00 exself_best_c=5.00 exself_best_sz=999.00 live_imbalance=-0.992 exself_imbalance=-0.992 active_order_c=none active_remaining=0.00 queue_ahead=0.00
22:11:21 INFO QUOTE_DECISION | side=yes mode=disabled reason=market_probability_guard quote_c=none fair_yes_c=95.00 fair_side_c=95.00 edge_c=0.00 fee_c=0.00 tox_c=1.30 pfill30=0.000 markout_c=1.30 score_hr_c=0.00 bucket=yes|gt4h|ask_heavy|buy_pressure|unknown|tight|normal qpen_c=0.00 live_best_c=94.00 live_best_sz=4.00 exself_best_c=94.00 exself_best_sz=4.00 live_imbalance=-0.992 exself_imbalance=-0.992 active_order_c=none active_remaining=0.00 queue_ahead=0.00
22:11:21 INFO QUOTE_DECISION | side=no mode=disabled reason=best_bid_floor quote_c=none fair_yes_c=95.00 fair_side_c=5.00 edge_c=0.00 fee_c=0.00 tox_c=1.53 pfill30=0.000 markout_c=1.53 score_hr_c=0.00 bucket=no|gt4h|ask_heavy|buy_pressure|unknown|tight|normal qpen_c=0.00 live_best_c=5.00 live_best_sz=999.00 exself_best_c=5.00 exself_best_sz=999.00 live_imbalance=-0.992 exself_imbalance=-0.992 active_order_c=none active_remaining=0.00 queue_ahead=0.00
22:11:21 INFO QUOTE_DECISION | side=yes mode=disabled reason=market_probability_guard quote_c=none fair_yes_c=95.00 fair_side_c=95.00 edge_c=0.00 fee_c=0.00 tox_c=1.30 pfill30=0.000 markout_c=1.30 score_hr_c=0.00 bucket=yes|gt4h|ask_heavy|buy_pressure|unknown|tight|normal qpen_c=0.00 live_best_c=94.00 live_best_sz=4.00 exself_best_c=94.00 exself_best_sz=4.00 live_imbalance=-0.992 exself_imbalance=-0.992 active_order_c=none active_remaining=0.00 queue_ahead=0.00
22:11:21 INFO QUOTE_DECISION | side=no mode=disabled reason=best_bid_floor quote_c=none fair_yes_c=95.00 fair_side_c=5.00 edge_c=0.00 fee_c=0.00 tox_c=1.53 pfill30=0.000 markout_c=1.53 score_hr_c=0.00 bucket=no|gt4h|ask_heavy|buy_pressure|unknown|tight|normal qpen_c=0.00 live_best_c=5.00 live_best_sz=999.00 exself_best_c=5.00 exself_best_sz=999.00 live_imbalance=-0.992 exself_imbalance=-0.992 active_order_c=none active_remaining=0.00 queue_ahead=0.00
22:11:22 INFO QUOTE_DECISION | side=yes mode=disabled reason=market_probability_guard quote_c=none fair_yes_c=95.00 fair_side_c=95.00 edge_c=0.00 fee_c=0.00 tox_c=1.30 pfill30=0.000 markout_c=1.30 score_hr_c=0.00 bucket=yes|gt4h|ask_heavy|buy_pressure|unknown|tight|normal qpen_c=0.00 live_best_c=94.00 live_best_sz=4.00 exself_best_c=94.00 exself_best_sz=4.00 live_imbalance=-0.992 exself_imbalance=-0.992 active_order_c=none active_remaining=0.00 queue_ahead=0.00
22:11:22 INFO QUOTE_DECISION | side=no mode=disabled reason=best_bid_floor quote_c=none fair_yes_c=95.00 fair_side_c=5.00 edge_c=0.00 fee_c=0.00 tox_c=1.53 pfill30=0.000 markout_c=1.53 score_hr_c=0.00 bucket=no|gt4h|ask_heavy|buy_pressure|unknown|tight|normal qpen_c=0.00 live_best_c=5.00 live_best_sz=999.00 exself_best_c=5.00 exself_best_sz=999.00 live_imbalance=-0.992 exself_imbalance=-0.992 active_order_c=none active_remaining=0.00 queue_ahead=0.00
22:11:22 INFO QUOTE_DECISION | side=yes mode=disabled reason=market_probability_guard quote_c=none fair_yes_c=95.00 fair_side_c=95.00 edge_c=0.00 fee_c=0.00 tox_c=1.35 pfill30=0.000 markout_c=1.35 score_hr_c=0.00 bucket=yes|gt4h|ask_heavy|buy_pressure|unknown|tight|normal qpen_c=0.00 live_best_c=94.00 live_best_sz=4.00 exself_best_c=94.00 exself_best_sz=4.00 live_imbalance=-0.992 exself_imbalance=-0.992 active_order_c=none active_remaining=0.00 queue_ahead=0.00
22:11:22 INFO QUOTE_DECISION | side=no mode=disabled reason=best_bid_floor quote_c=none fair_yes_c=95.00 fair_side_c=5.00 edge_c=0.00 fee_c=0.00 tox_c=1.53 pfill30=0.000 markout_c=1.53 score_hr_c=0.00 bucket=no|gt4h|ask_heavy|buy_pressure|unknown|tight|normal qpen_c=0.00 live_best_c=5.00 live_best_sz=999.00 exself_best_c=5.00 exself_best_sz=999.00 live_imbalance=-0.992 exself_imbalance=-0.992 active_order_c=none active_remaining=0.00 queue_ahead=0.00
22:11:22 INFO QUOTE_DECISION | side=yes mode=disabled reason=market_probability_guard quote_c=none fair_yes_c=95.00 fair_side_c=95.00 edge_c=0.00 fee_c=0.00 tox_c=1.35 pfill30=0.000 markout_c=1.35 score_hr_c=0.00 bucket=yes|gt4h|ask_heavy|buy_pressure|unknown|tight|normal qpen_c=0.00 live_best_c=94.00 live_best_sz=4.00 exself_best_c=94.00 exself_best_sz=4.00 live_imbalance=-0.992 exself_imbalance=-0.992 active_order_c=none active_remaining=0.00 queue_ahead=0.00
22:11:22 INFO QUOTE_DECISION | side=no mode=disabled reason=best_bid_floor quote_c=none fair_yes_c=95.00 fair_side_c=5.00 edge_c=0.00 fee_c=0.00 tox_c=1.53 pfill30=0.000 markout_c=1.53 score_hr_c=0.00 bucket=no|gt4h|ask_heavy|buy_pressure|unknown|tight|normal qpen_c=0.00 live_best_c=5.00 live_best_sz=999.00 exself_best_c=5.00 exself_best_sz=999.00 live_imbalance=-0.992 exself_imbalance=-0.992 active_order_c=none active_remaining=0.00 queue_ahead=0.00
22:11:22 INFO QUOTE_DECISION | side=yes mode=disabled reason=market_probability_guard quote_c=none fair_yes_c=95.00 fair_side_c=95.00 edge_c=0.00 fee_c=0.00 tox_c=1.35 pfill30=0.000 markout_c=1.35 score_hr_c=0.00 bucket=yes|gt4h|ask_heavy|buy_pressure|unknown|tight|normal qpen_c=0.00 live_best_c=94.00 live_best_sz=4.00 exself_best_c=94.00 exself_best_sz=4.00 live_imbalance=-0.992 exself_imbalance=-0.992 active_order_c=none active_remaining=0.00 queue_ahead=0.00
22:11:22 INFO QUOTE_DECISION | side=no mode=disabled reason=best_bid_floor quote_c=none fair_yes_c=95.00 fair_side_c=5.00 edge_c=0.00 fee_c=0.00 tox_c=1.53 pfill30=0.000 markout_c=1.53 score_hr_c=0.00 bucket=no|gt4h|ask_heavy|buy_pressure|unknown|tight|normal qpen_c=0.00 live_best_c=5.00 live_best_sz=999.00 exself_best_c=5.00 exself_best_sz=999.00 live_imbalance=-0.992 exself_imbalance=-0.992 active_order_c=none active_remaining=0.00 queue_ahead=0.00
22:11:22 INFO QUOTE_DECISION | side=yes mode=disabled reason=market_probability_guard quote_c=none fair_yes_c=95.00 fair_side_c=95.00 edge_c=0.00 fee_c=0.00 tox_c=1.35 pfill30=0.000 markout_c=1.35 score_hr_c=0.00 bucket=yes|gt4h|ask_heavy|buy_pressure|unknown|tight|normal qpen_c=0.00 live_best_c=94.00 live_best_sz=4.00 exself_best_c=94.00 exself_best_sz=4.00 live_imbalance=-0.992 exself_imbalance=-0.992 active_order_c=none active_remaining=0.00 queue_ahead=0.00
22:11:22 INFO QUOTE_DECISION | side=no mode=disabled reason=best_bid_floor quote_c=none fair_yes_c=95.00 fair_side_c=5.00 edge_c=0.00 fee_c=0.00 tox_c=1.53 pfill30=0.000 markout_c=1.53 score_hr_c=0.00 bucket=no|gt4h|ask_heavy|buy_pressure|unknown|tight|normal qpen_c=0.00 live_best_c=5.00 live_best_sz=999.00 exself_best_c=5.00 exself_best_sz=999.00 live_imbalance=-0.992 exself_imbalance=-0.992 active_order_c=none active_remaining=0.00 queue_ahead=0.00
22:12:02 INFO FEE_MODEL_SERIES_REFRESH_ERROR | error=GET /trade-api/v2/series/KXAAAGASD-26MAY01-4.375 failed 404: {"error":{"code":"not_found","message":"not found","service":"market-metadata"}} series=KXAAAGASD-26MAY01-4.375
22:12:02 INFO FEE_MODEL_REFRESHED | series=KXAAAGASD-26MAY01-4.375 fee_type=quadratic fee_multiplier=1.0 maker_fee_factor=0.45 upcoming_changes=0
22:12:02 INFO INCENTIVE_MODEL_REFRESHED | ticker=KXAAAGASD-26MAY01-4.375 active_programs=0
22:13:02 INFO FEE_MODEL_SERIES_REFRESH_ERROR | error=GET /trade-api/v2/series/KXAAAGASD-26MAY01-4.375 failed 404: {"error":{"code":"not_found","message":"not found","service":"market-metadata"}} series=KXAAAGASD-26MAY01-4.375
22:13:02 INFO FEE_MODEL_REFRESHED | series=KXAAAGASD-26MAY01-4.375 fee_type=quadratic fee_multiplier=1.0 maker_fee_factor=0.45 upcoming_changes=0
22:13:02 INFO INCENTIVE_MODEL_REFRESHED | ticker=KXAAAGASD-26MAY01-4.375 active_programs=0
22:13:19 INFO ORDERBOOK_PULL_TOXICITY | side=no removed_contracts=999.00 threshold_contracts=235.20 cooldown_ms=5000 level_distance=0
22:13:19 INFO QUOTE_DECISION | side=yes mode=disabled reason=market_probability_guard quote_c=none fair_yes_c=95.00 fair_side_c=95.00 edge_c=0.00 fee_c=0.00 tox_c=1.30 pfill30=0.000 markout_c=1.30 score_hr_c=0.00 bucket=yes|gt4h|ask_heavy|mixed_flow|unknown|medium|normal qpen_c=0.00 live_best_c=94.00 live_best_sz=4.00 exself_best_c=94.00 exself_best_sz=4.00 live_imbalance=-0.992 exself_imbalance=-0.992 active_order_c=none active_remaining=0.00 queue_ahead=0.00
22:13:19 INFO QUOTE_DECISION | side=no mode=disabled reason=side_pull_cooldown quote_c=none fair_yes_c=95.00 fair_side_c=5.00 edge_c=0.00 fee_c=0.00 tox_c=47.62 pfill30=0.000 markout_c=47.62 score_hr_c=0.00 bucket=no|gt4h|ask_heavy|mixed_flow|unknown|medium|normal qpen_c=0.00 live_best_c=2.00 live_best_sz=3.00 exself_best_c=2.00 exself_best_sz=3.00 live_imbalance=-0.992 exself_imbalance=-0.992 active_order_c=none active_remaining=0.00 queue_ahead=0.00
22:13:19 INFO ORDERBOOK_PULL_TOXICITY | side=no removed_contracts=1081.00 threshold_contracts=150.00 cooldown_ms=5000 level_distance=1
22:13:19 INFO QUOTE_DECISION | side=yes mode=disabled reason=market_probability_guard quote_c=none fair_yes_c=96.00 fair_side_c=96.00 edge_c=0.00 fee_c=0.00 tox_c=1.30 pfill30=0.000 markout_c=1.30 score_hr_c=0.00 bucket=yes|gt4h|ask_heavy|buy_pressure|unknown|medium|normal qpen_c=0.00 live_best_c=94.00 live_best_sz=4.00 exself_best_c=94.00 exself_best_sz=4.00 live_imbalance=-0.992 exself_imbalance=-0.992 active_order_c=none active_remaining=0.00 queue_ahead=0.00
22:13:19 INFO QUOTE_DECISION | side=no mode=disabled reason=side_pull_cooldown quote_c=none fair_yes_c=96.00 fair_side_c=4.00 edge_c=0.00 fee_c=0.00 tox_c=51.95 pfill30=0.000 markout_c=51.95 score_hr_c=0.00 bucket=no|gt4h|ask_heavy|buy_pressure|unknown|medium|normal qpen_c=0.00 live_best_c=2.00 live_best_sz=3.00 exself_best_c=2.00 exself_best_sz=3.00 live_imbalance=-0.992 exself_imbalance=-0.992 active_order_c=none active_remaining=0.00 queue_ahead=0.00
22:13:19 INFO QUOTE_DECISION | side=yes mode=disabled reason=market_probability_guard quote_c=none fair_yes_c=97.00 fair_side_c=97.00 edge_c=0.00 fee_c=0.00 tox_c=1.30 pfill30=0.000 markout_c=1.30 score_hr_c=0.00 bucket=yes|gt4h|ask_heavy|buy_pressure|unknown|medium|normal qpen_c=0.00 live_best_c=94.00 live_best_sz=4.00 exself_best_c=94.00 exself_best_sz=4.00 live_imbalance=-0.992 exself_imbalance=-0.992 active_order_c=none active_remaining=0.00 queue_ahead=0.00
22:13:19 INFO QUOTE_DECISION | side=no mode=disabled reason=side_pull_cooldown quote_c=none fair_yes_c=97.00 fair_side_c=3.00 edge_c=0.00 fee_c=0.00 tox_c=51.95 pfill30=0.000 markout_c=51.95 score_hr_c=0.00 bucket=no|gt4h|ask_heavy|buy_pressure|unknown|medium|normal qpen_c=0.00 live_best_c=2.00 live_best_sz=3.00 exself_best_c=2.00 exself_best_sz=3.00 live_imbalance=-0.992 exself_imbalance=-0.992 active_order_c=none active_remaining=0.00 queue_ahead=0.00
22:13:19 INFO QUOTE_DECISION | side=yes mode=disabled reason=market_probability_guard quote_c=none fair_yes_c=97.00 fair_side_c=97.00 edge_c=0.00 fee_c=0.00 tox_c=1.00 pfill30=0.000 markout_c=1.00 score_hr_c=0.00 bucket=yes|gt4h|balanced|buy_pressure|unknown|medium|normal qpen_c=0.00 live_best_c=94.00 live_best_sz=4.00 exself_best_c=94.00 exself_best_sz=4.00 live_imbalance=0.143 exself_imbalance=0.143 active_order_c=none active_remaining=0.00 queue_ahead=0.00
22:13:19 INFO QUOTE_DECISION | side=no mode=disabled reason=side_pull_cooldown quote_c=none fair_yes_c=97.00 fair_side_c=3.00 edge_c=0.00 fee_c=0.00 tox_c=51.99 pfill30=0.000 markout_c=51.99 score_hr_c=0.00 bucket=no|gt4h|balanced|buy_pressure|unknown|medium|normal qpen_c=0.00 live_best_c=2.00 live_best_sz=3.00 exself_best_c=2.00 exself_best_sz=3.00 live_imbalance=0.143 exself_imbalance=0.143 active_order_c=none active_remaining=0.00 queue_ahead=0.00
22:13:19 INFO QUOTE_DECISION | side=yes mode=disabled reason=market_probability_guard quote_c=none fair_yes_c=97.00 fair_side_c=97.00 edge_c=0.00 fee_c=0.00 tox_c=1.00 pfill30=0.000 markout_c=1.00 score_hr_c=0.00 bucket=yes|gt4h|balanced|buy_pressure|unknown|medium|normal qpen_c=0.00 live_best_c=94.00 live_best_sz=4.00 exself_best_c=94.00 exself_best_sz=4.00 live_imbalance=0.143 exself_imbalance=0.143 active_order_c=none active_remaining=0.00 queue_ahead=0.00
22:13:19 INFO QUOTE_DECISION | side=no mode=disabled reason=side_pull_cooldown quote_c=none fair_yes_c=97.00 fair_side_c=3.00 edge_c=0.00 fee_c=0.00 tox_c=51.99 pfill30=0.000 markout_c=51.99 score_hr_c=0.00 bucket=no|gt4h|balanced|buy_pressure|unknown|medium|normal qpen_c=0.00 live_best_c=2.00 live_best_sz=3.00 exself_best_c=2.00 exself_best_sz=3.00 live_imbalance=0.143 exself_imbalance=0.143 active_order_c=none active_remaining=0.00 queue_ahead=0.00
22:13:19 INFO QUOTE_DECISION | side=yes mode=disabled reason=market_probability_guard quote_c=none fair_yes_c=97.00 fair_side_c=97.00 edge_c=0.00 fee_c=0.00 tox_c=1.15 pfill30=0.000 markout_c=1.15 score_hr_c=0.00 bucket=yes|gt4h|balanced|buy_pressure|unknown|medium|normal qpen_c=0.00 live_best_c=94.00 live_best_sz=4.00 exself_best_c=94.00 exself_best_sz=4.00 live_imbalance=0.143 exself_imbalance=0.143 active_order_c=none active_remaining=0.00 queue_ahead=0.00
22:13:19 INFO QUOTE_DECISION | side=no mode=disabled reason=side_pull_cooldown quote_c=none fair_yes_c=97.00 fair_side_c=3.00 edge_c=0.00 fee_c=0.00 tox_c=51.99 pfill30=0.000 markout_c=51.99 score_hr_c=0.00 bucket=no|gt4h|balanced|buy_pressure|unknown|medium|normal qpen_c=0.00 live_best_c=2.00 live_best_sz=3.00 exself_best_c=2.00 exself_best_sz=3.00 live_imbalance=0.143 exself_imbalance=0.143 active_order_c=none active_remaining=0.00 queue_ahead=0.00
22:13:19 INFO QUOTE_DECISION | side=yes mode=disabled reason=market_probability_guard quote_c=none fair_yes_c=97.00 fair_side_c=97.00 edge_c=0.00 fee_c=0.00 tox_c=1.15 pfill30=0.000 markout_c=1.15 score_hr_c=0.00 bucket=yes|gt4h|balanced|buy_pressure|unknown|medium|normal qpen_c=0.00 live_best_c=94.00 live_best_sz=4.00 exself_best_c=94.00 exself_best_sz=4.00 live_imbalance=0.143 exself_imbalance=0.143 active_order_c=none active_remaining=0.00 queue_ahead=0.00
22:13:19 INFO QUOTE_DECISION | side=no mode=disabled reason=side_pull_cooldown quote_c=none fair_yes_c=97.00 fair_side_c=3.00 edge_c=0.00 fee_c=0.00 tox_c=51.99 pfill30=0.000 markout_c=51.99 score_hr_c=0.00 bucket=no|gt4h|balanced|buy_pressure|unknown|medium|normal qpen_c=0.00 live_best_c=2.00 live_best_sz=3.00 exself_best_c=2.00 exself_best_sz=3.00 live_imbalance=0.143 exself_imbalance=0.143 active_order_c=none active_remaining=0.00 queue_ahead=0.00
22:13:19 INFO QUOTE_DECISION | side=yes mode=disabled reason=market_probability_guard quote_c=none fair_yes_c=97.00 fair_side_c=97.00 edge_c=0.00 fee_c=0.00 tox_c=1.15 pfill30=0.000 markout_c=1.15 score_hr_c=0.00 bucket=yes|gt4h|balanced|buy_pressure|unknown|medium|normal qpen_c=0.00 live_best_c=94.00 live_best_sz=4.00 exself_best_c=94.00 exself_best_sz=4.00 live_imbalance=0.143 exself_imbalance=0.143 active_order_c=none active_remaining=0.00 queue_ahead=0.00
22:13:19 INFO QUOTE_DECISION | side=no mode=disabled reason=side_pull_cooldown quote_c=none fair_yes_c=97.00 fair_side_c=3.00 edge_c=0.00 fee_c=0.00 tox_c=51.99 pfill30=0.000 markout_c=51.99 score_hr_c=0.00 bucket=no|gt4h|balanced|buy_pressure|unknown|medium|normal qpen_c=0.00 live_best_c=2.00 live_best_sz=3.00 exself_best_c=2.00 exself_best_sz=3.00 live_imbalance=0.143 exself_imbalance=0.143 active_order_c=none active_remaining=0.00 queue_ahead=0.00
22:13:20 INFO QUOTE_DECISION | side=yes mode=disabled reason=market_probability_guard quote_c=none fair_yes_c=97.00 fair_side_c=97.00 edge_c=0.00 fee_c=0.00 tox_c=1.15 pfill30=0.000 markout_c=1.15 score_hr_c=0.00 bucket=yes|gt4h|balanced|buy_pressure|unknown|medium|normal qpen_c=0.00 live_best_c=94.00 live_best_sz=4.00 exself_best_c=94.00 exself_best_sz=4.00 live_imbalance=0.143 exself_imbalance=0.143 active_order_c=none active_remaining=0.00 queue_ahead=0.00
22:13:20 INFO QUOTE_DECISION | side=no mode=disabled reason=side_pull_cooldown quote_c=none fair_yes_c=97.00 fair_side_c=3.00 edge_c=0.00 fee_c=0.00 tox_c=51.99 pfill30=0.000 markout_c=51.99 score_hr_c=0.00 bucket=no|gt4h|balanced|buy_pressure|unknown|medium|normal qpen_c=0.00 live_best_c=2.00 live_best_sz=3.00 exself_best_c=2.00 exself_best_sz=3.00 live_imbalance=0.143 exself_imbalance=0.143 active_order_c=none active_remaining=0.00 queue_ahead=0.00
22:13:46 INFO QUOTE_DECISION | side=yes mode=disabled reason=market_probability_guard quote_c=none fair_yes_c=97.00 fair_side_c=97.00 edge_c=0.00 fee_c=0.00 tox_c=1.00 pfill30=0.000 markout_c=1.00 score_hr_c=0.00 bucket=yes|gt4h|balanced|buy_pressure|unknown|medium|normal qpen_c=0.00 live_best_c=94.00 live_best_sz=4.00 exself_best_c=94.00 exself_best_sz=4.00 live_imbalance=0.143 exself_imbalance=0.143 active_order_c=none active_remaining=0.00 queue_ahead=0.00
22:13:46 INFO QUOTE_DECISION | side=no mode=disabled reason=best_bid_floor quote_c=none fair_yes_c=97.00 fair_side_c=3.00 edge_c=0.00 fee_c=0.00 tox_c=2.15 pfill30=0.000 markout_c=2.15 score_hr_c=0.00 bucket=no|gt4h|balanced|buy_pressure|unknown|medium|normal qpen_c=0.00 live_best_c=1.00 live_best_sz=79.94 exself_best_c=1.00 exself_best_sz=79.94 live_imbalance=0.143 exself_imbalance=0.143 active_order_c=none active_remaining=0.00 queue_ahead=0.00
22:14:02 INFO FEE_MODEL_SERIES_REFRESH_ERROR | error=GET /trade-api/v2/series/KXAAAGASD-26MAY01-4.375 failed 404: {"error":{"code":"not_found","message":"not found","service":"market-metadata"}} series=KXAAAGASD-26MAY01-4.375
22:14:02 INFO FEE_MODEL_REFRESHED | series=KXAAAGASD-26MAY01-4.375 fee_type=quadratic fee_multiplier=1.0 maker_fee_factor=0.45 upcoming_changes=0
22:14:02 INFO INCENTIVE_MODEL_REFRESHED | ticker=KXAAAGASD-26MAY01-4.375 active_programs=0
22:14:03 INFO ORDERBOOK_PULL_TOXICITY | side=yes removed_contracts=1000.00 threshold_contracts=972.80 cooldown_ms=5000 level_distance=3
22:14:03 INFO ORDERBOOK_PULL_TOXICITY | side=yes removed_contracts=1081.50 threshold_contracts=198.00 cooldown_ms=5000 level_distance=1
22:15:02 INFO FEE_MODEL_SERIES_REFRESH_ERROR | error=GET /trade-api/v2/series/KXAAAGASD-26MAY01-4.375 failed 404: {"error":{"code":"not_found","message":"not found","service":"market-metadata"}} series=KXAAAGASD-26MAY01-4.375
22:15:02 INFO FEE_MODEL_REFRESHED | series=KXAAAGASD-26MAY01-4.375 fee_type=quadratic fee_multiplier=1.0 maker_fee_factor=0.45 upcoming_changes=0
22:15:02 INFO INCENTIVE_MODEL_REFRESHED | ticker=KXAAAGASD-26MAY01-4.375 active_programs=0
22:16:02 INFO FEE_MODEL_SERIES_REFRESH_ERROR | error=GET /trade-api/v2/series/KXAAAGASD-26MAY01-4.375 failed 404: {"error":{"code":"not_found","message":"not found","service":"market-metadata"}} series=KXAAAGASD-26MAY01-4.375
22:16:02 INFO FEE_MODEL_REFRESHED | series=KXAAAGASD-26MAY01-4.375 fee_type=quadratic fee_multiplier=1.0 maker_fee_factor=0.45 upcoming_changes=0
22:16:03 INFO INCENTIVE_MODEL_REFRESHED | ticker=KXAAAGASD-26MAY01-4.375 active_programs=0
22:17:03 INFO FEE_MODEL_SERIES_REFRESH_ERROR | error=GET /trade-api/v2/series/KXAAAGASD-26MAY01-4.375 failed 404: {"error":{"code":"not_found","message":"not found","service":"market-metadata"}} series=KXAAAGASD-26MAY01-4.375
22:17:03 INFO FEE_MODEL_REFRESHED | series=KXAAAGASD-26MAY01-4.375 fee_type=quadratic fee_multiplier=1.0 maker_fee_factor=0.45 upcoming_changes=0
22:17:03 INFO INCENTIVE_MODEL_REFRESHED | ticker=KXAAAGASD-26MAY01-4.375 active_programs=0
22:18:03 INFO FEE_MODEL_SERIES_REFRESH_ERROR | error=GET /trade-api/v2/series/KXAAAGASD-26MAY01-4.375 failed 404: {"error":{"code":"not_found","message":"not found","service":"market-metadata"}} series=KXAAAGASD-26MAY01-4.375
22:18:03 INFO FEE_MODEL_REFRESHED | series=KXAAAGASD-26MAY01-4.375 fee_type=quadratic fee_multiplier=1.0 maker_fee_factor=0.45 upcoming_changes=0
22:18:03 INFO INCENTIVE_MODEL_REFRESHED | ticker=KXAAAGASD-26MAY01-4.375 active_programs=0
22:19:03 INFO FEE_MODEL_SERIES_REFRESH_ERROR | error=GET /trade-api/v2/series/KXAAAGASD-26MAY01-4.375 failed 404: {"error":{"code":"not_found","message":"not found","service":"market-metadata"}} series=KXAAAGASD-26MAY01-4.375
22:19:03 INFO FEE_MODEL_REFRESHED | series=KXAAAGASD-26MAY01-4.375 fee_type=quadratic fee_multiplier=1.0 maker_fee_factor=0.45 upcoming_changes=0
22:19:03 INFO INCENTIVE_MODEL_REFRESHED | ticker=KXAAAGASD-26MAY01-4.375 active_programs=0
22:20:03 INFO FEE_MODEL_SERIES_REFRESH_ERROR | error=GET /trade-api/v2/series/KXAAAGASD-26MAY01-4.375 failed 404: {"error":{"code":"not_found","message":"not found","service":"market-metadata"}} series=KXAAAGASD-26MAY01-4.375
22:20:03 INFO FEE_MODEL_REFRESHED | series=KXAAAGASD-26MAY01-4.375 fee_type=quadratic fee_multiplier=1.0 maker_fee_factor=0.45 upcoming_changes=0
22:20:04 INFO INCENTIVE_MODEL_REFRESHED | ticker=KXAAAGASD-26MAY01-4.375 active_programs=0
22:21:04 INFO FEE_MODEL_SERIES_REFRESH_ERROR | error=GET /trade-api/v2/series/KXAAAGASD-26MAY01-4.375 failed 404: {"error":{"code":"not_found","message":"not found","service":"market-metadata"}} series=KXAAAGASD-26MAY01-4.375
22:21:04 INFO FEE_MODEL_REFRESHED | series=KXAAAGASD-26MAY01-4.375 fee_type=quadratic fee_multiplier=1.0 maker_fee_factor=0.45 upcoming_changes=0
22:21:04 INFO INCENTIVE_MODEL_REFRESHED | ticker=KXAAAGASD-26MAY01-4.375 active_programs=0
22:22:04 INFO FEE_MODEL_SERIES_REFRESH_ERROR | error=GET /trade-api/v2/series/KXAAAGASD-26MAY01-4.375 failed 404: {"error":{"code":"not_found","message":"not found","service":"market-metadata"}} series=KXAAAGASD-26MAY01-4.375
22:22:04 INFO FEE_MODEL_REFRESHED | series=KXAAAGASD-26MAY01-4.375 fee_type=quadratic fee_multiplier=1.0 maker_fee_factor=0.45 upcoming_changes=0
22:22:04 INFO INCENTIVE_MODEL_REFRESHED | ticker=KXAAAGASD-26MAY01-4.375 active_programs=0
22:23:04 INFO FEE_MODEL_SERIES_REFRESH_ERROR | error=GET /trade-api/v2/series/KXAAAGASD-26MAY01-4.375 failed 404: {"error":{"code":"not_found","message":"not found","service":"market-metadata"}} series=KXAAAGASD-26MAY01-4.375
22:23:04 INFO FEE_MODEL_REFRESHED | series=KXAAAGASD-26MAY01-4.375 fee_type=quadratic fee_multiplier=1.0 maker_fee_factor=0.45 upcoming_changes=0
22:23:04 INFO INCENTIVE_MODEL_REFRESHED | ticker=KXAAAGASD-26MAY01-4.375 active_programs=0
22:24:04 INFO FEE_MODEL_SERIES_REFRESH_ERROR | error=GET /trade-api/v2/series/KXAAAGASD-26MAY01-4.375 failed 404: {"error":{"code":"not_found","message":"not found","service":"market-metadata"}} series=KXAAAGASD-26MAY01-4.375
22:24:04 INFO FEE_MODEL_REFRESHED | series=KXAAAGASD-26MAY01-4.375 fee_type=quadratic fee_multiplier=1.0 maker_fee_factor=0.45 upcoming_changes=0
22:24:04 INFO INCENTIVE_MODEL_REFRESHED | ticker=KXAAAGASD-26MAY01-4.375 active_programs=0
22:25:04 INFO FEE_MODEL_SERIES_REFRESH_ERROR | error=GET /trade-api/v2/series/KXAAAGASD-26MAY01-4.375 failed 404: {"error":{"code":"not_found","message":"not found","service":"market-metadata"}} series=KXAAAGASD-26MAY01-4.375
22:25:04 INFO FEE_MODEL_REFRESHED | series=KXAAAGASD-26MAY01-4.375 fee_type=quadratic fee_multiplier=1.0 maker_fee_factor=0.45 upcoming_changes=0
22:25:05 INFO INCENTIVE_MODEL_REFRESHED | ticker=KXAAAGASD-26MAY01-4.375 active_programs=0
22:26:05 INFO FEE_MODEL_SERIES_REFRESH_ERROR | error=GET /trade-api/v2/series/KXAAAGASD-26MAY01-4.375 failed 404: {"error":{"code":"not_found","message":"not found","service":"market-metadata"}} series=KXAAAGASD-26MAY01-4.375
22:26:05 INFO FEE_MODEL_REFRESHED | series=KXAAAGASD-26MAY01-4.375 fee_type=quadratic fee_multiplier=1.0 maker_fee_factor=0.45 upcoming_changes=0
22:26:05 INFO INCENTIVE_MODEL_REFRESHED | ticker=KXAAAGASD-26MAY01-4.375 active_programs=0
22:27:05 INFO FEE_MODEL_SERIES_REFRESH_ERROR | error=GET /trade-api/v2/series/KXAAAGASD-26MAY01-4.375 failed 404: {"error":{"code":"not_found","message":"not found","service":"market-metadata"}} series=KXAAAGASD-26MAY01-4.375
22:27:05 INFO FEE_MODEL_REFRESHED | series=KXAAAGASD-26MAY01-4.375 fee_type=quadratic fee_multiplier=1.0 maker_fee_factor=0.45 upcoming_changes=0
22:27:05 INFO INCENTIVE_MODEL_REFRESHED | ticker=KXAAAGASD-26MAY01-4.375 active_programs=0
22:28:05 INFO FEE_MODEL_SERIES_REFRESH_ERROR | error=GET /trade-api/v2/series/KXAAAGASD-26MAY01-4.375 failed 404: {"error":{"code":"not_found","message":"not found","service":"market-metadata"}} series=KXAAAGASD-26MAY01-4.375
22:28:05 INFO FEE_MODEL_REFRESHED | series=KXAAAGASD-26MAY01-4.375 fee_type=quadratic fee_multiplier=1.0 maker_fee_factor=0.45 upcoming_changes=0
22:28:05 INFO INCENTIVE_MODEL_REFRESHED | ticker=KXAAAGASD-26MAY01-4.375 active_programs=0
22:29:05 INFO FEE_MODEL_SERIES_REFRESH_ERROR | error=GET /trade-api/v2/series/KXAAAGASD-26MAY01-4.375 failed 404: {"error":{"code":"not_found","message":"not found","service":"market-metadata"}} series=KXAAAGASD-26MAY01-4.375
22:29:05 INFO FEE_MODEL_REFRESHED | series=KXAAAGASD-26MAY01-4.375 fee_type=quadratic fee_multiplier=1.0 maker_fee_factor=0.45 upcoming_changes=0
22:29:05 INFO INCENTIVE_MODEL_REFRESHED | ticker=KXAAAGASD-26MAY01-4.375 active_programs=0
22:30:05 INFO FEE_MODEL_SERIES_REFRESH_ERROR | error=GET /trade-api/v2/series/KXAAAGASD-26MAY01-4.375 failed 404: {"error":{"code":"not_found","message":"not found","service":"market-metadata"}} series=KXAAAGASD-26MAY01-4.375
22:30:05 INFO FEE_MODEL_REFRESHED | series=KXAAAGASD-26MAY01-4.375 fee_type=quadratic fee_multiplier=1.0 maker_fee_factor=0.45 upcoming_changes=0
22:30:06 INFO INCENTIVE_MODEL_REFRESHED | ticker=KXAAAGASD-26MAY01-4.375 active_programs=0
22:31:06 INFO FEE_MODEL_SERIES_REFRESH_ERROR | error=GET /trade-api/v2/series/KXAAAGASD-26MAY01-4.375 failed 404: {"error":{"code":"not_found","message":"not found","service":"market-metadata"}} series=KXAAAGASD-26MAY01-4.375
22:31:06 INFO FEE_MODEL_REFRESHED | series=KXAAAGASD-26MAY01-4.375 fee_type=quadratic fee_multiplier=1.0 maker_fee_factor=0.45 upcoming_changes=0
22:31:06 INFO INCENTIVE_MODEL_REFRESHED | ticker=KXAAAGASD-26MAY01-4.375 active_programs=0
22:32:06 INFO FEE_MODEL_SERIES_REFRESH_ERROR | error=GET /trade-api/v2/series/KXAAAGASD-26MAY01-4.375 failed 404: {"error":{"code":"not_found","message":"not found","service":"market-metadata"}} series=KXAAAGASD-26MAY01-4.375
22:32:06 INFO FEE_MODEL_REFRESHED | series=KXAAAGASD-26MAY01-4.375 fee_type=quadratic fee_multiplier=1.0 maker_fee_factor=0.45 upcoming_changes=0
22:32:06 INFO INCENTIVE_MODEL_REFRESHED | ticker=KXAAAGASD-26MAY01-4.375 active_programs=0
22:32:23 INFO GRACEFUL_SHUTDOWN | ticker=KXAAAGASD-26MAY01-4.375 net_position_contracts=0.00 reason=SIGINT
22:32:23 INFO SHUTDOWN_CANCEL_ERROR | error=GET /trade-api/v2/portfolio/orders failed 429: {"error":{"code":"too_many_requests","message":"too many requests"}}
